<?xml version="1.0" encoding="UTF-8"?>
<testsuites name="Entry Point - Quick Action (1)" time="872.832" tests="5" failures="5" errors="0">
   <testsuite name="Entry Point - Quick Action (1)" tests="5" failures="5" errors="0" time="872.832" skipped="0" timestamp="2024-03-05 15:33:09" hostname="00145409nuralianatasha - 192.168.1.109" id="Test Suites/SOW2/Entry Point - Quick Action (1)">
      <properties>
         <property name="deviceName" value="emulator-5554 (sdk_gphone64_arm64 - Android 13)"/>
         <property name="devicePlatform" value=""/>
         <property name="logFolder" value="/Users/00145409nuralianatasha/Desktop/automation_Retail_FX(public_git)/Reports/20240305_153300/SOW2/Entry Point - Quick Action (1)/20240305_153300"/>
         <property name="logFiles" value="/Users/00145409nuralianatasha/Desktop/automation_Retail_FX(public_git)/Reports/20240305_153300/SOW2/Entry Point - Quick Action (1)/20240305_153300/execution0.log, /Users/00145409nuralianatasha/Desktop/automation_Retail_FX(public_git)/Reports/20240305_153300/SOW2/Entry Point - Quick Action (1)/20240305_153300/appium.log"/>
         <property name="attachments" value="/Users/00145409nuralianatasha/Desktop/automation_Retail_FX(public_git)/Reports/20240305_153300/SOW2/Entry Point - Quick Action (1)/20240305_153300/1709624018063.png, /Users/00145409nuralianatasha/Desktop/automation_Retail_FX(public_git)/Reports/20240305_153300/SOW2/Entry Point - Quick Action (1)/20240305_153300/1709624089133.png, /Users/00145409nuralianatasha/Desktop/automation_Retail_FX(public_git)/Reports/20240305_153300/SOW2/Entry Point - Quick Action (1)/20240305_153300/1709624091704.png, /Users/00145409nuralianatasha/Desktop/automation_Retail_FX(public_git)/Reports/20240305_153300/SOW2/Entry Point - Quick Action (1)/20240305_153300/1709624093265.png, /Users/00145409nuralianatasha/Desktop/automation_Retail_FX(public_git)/Reports/20240305_153300/SOW2/Entry Point - Quick Action (1)/20240305_153300/1709624094486.png, /Users/00145409nuralianatasha/Desktop/automation_Retail_FX(public_git)/Reports/20240305_153300/SOW2/Entry Point - Quick Action (1)/20240305_153300/1709624103922.png, /Users/00145409nuralianatasha/Desktop/automation_Retail_FX(public_git)/Reports/20240305_153300/SOW2/Entry Point - Quick Action (1)/20240305_153300/1709624121006.png, /Users/00145409nuralianatasha/Desktop/automation_Retail_FX(public_git)/Reports/20240305_153300/SOW2/Entry Point - Quick Action (1)/20240305_153300/1709624127535.png, /Users/00145409nuralianatasha/Desktop/automation_Retail_FX(public_git)/Reports/20240305_153300/SOW2/Entry Point - Quick Action (1)/20240305_153300/1709624134143.png, /Users/00145409nuralianatasha/Desktop/automation_Retail_FX(public_git)/Reports/20240305_153300/SOW2/Entry Point - Quick Action (1)/20240305_153300/1709624153128.png, /Users/00145409nuralianatasha/Desktop/automation_Retail_FX(public_git)/Reports/20240305_153300/SOW2/Entry Point - Quick Action (1)/20240305_153300/1709624162329.png, /Users/00145409nuralianatasha/Desktop/automation_Retail_FX(public_git)/Reports/20240305_153300/SOW2/Entry Point - Quick Action (1)/20240305_153300/1709624174658.png, /Users/00145409nuralianatasha/Desktop/automation_Retail_FX(public_git)/Reports/20240305_153300/SOW2/Entry Point - Quick Action (1)/20240305_153300/1709624197504.png, /Users/00145409nuralianatasha/Desktop/automation_Retail_FX(public_git)/Reports/20240305_153300/SOW2/Entry Point - Quick Action (1)/20240305_153300/1709624201669.png, /Users/00145409nuralianatasha/Desktop/automation_Retail_FX(public_git)/Reports/20240305_153300/SOW2/Entry Point - Quick Action (1)/20240305_153300/1709624220002.png, /Users/00145409nuralianatasha/Desktop/automation_Retail_FX(public_git)/Reports/20240305_153300/SOW2/Entry Point - Quick Action (1)/20240305_153300/1709624221798.png, /Users/00145409nuralianatasha/Desktop/automation_Retail_FX(public_git)/Reports/20240305_153300/SOW2/Entry Point - Quick Action (1)/20240305_153300/1709624269820.png, /Users/00145409nuralianatasha/Desktop/automation_Retail_FX(public_git)/Reports/20240305_153300/SOW2/Entry Point - Quick Action (1)/20240305_153300/1709624272117.png, /Users/00145409nuralianatasha/Desktop/automation_Retail_FX(public_git)/Reports/20240305_153300/SOW2/Entry Point - Quick Action (1)/20240305_153300/1709624282122.png, /Users/00145409nuralianatasha/Desktop/automation_Retail_FX(public_git)/Reports/20240305_153300/SOW2/Entry Point - Quick Action (1)/20240305_153300/1709624301378.png, /Users/00145409nuralianatasha/Desktop/automation_Retail_FX(public_git)/Reports/20240305_153300/SOW2/Entry Point - Quick Action (1)/20240305_153300/1709624312389.png, /Users/00145409nuralianatasha/Desktop/automation_Retail_FX(public_git)/Reports/20240305_153300/SOW2/Entry Point - Quick Action (1)/20240305_153300/1709624330542.png, /Users/00145409nuralianatasha/Desktop/automation_Retail_FX(public_git)/Reports/20240305_153300/SOW2/Entry Point - Quick Action (1)/20240305_153300/1709624332344.png, /Users/00145409nuralianatasha/Desktop/automation_Retail_FX(public_git)/Reports/20240305_153300/SOW2/Entry Point - Quick Action (1)/20240305_153300/1709624381016.png, /Users/00145409nuralianatasha/Desktop/automation_Retail_FX(public_git)/Reports/20240305_153300/SOW2/Entry Point - Quick Action (1)/20240305_153300/1709624384282.png, /Users/00145409nuralianatasha/Desktop/automation_Retail_FX(public_git)/Reports/20240305_153300/SOW2/Entry Point - Quick Action (1)/20240305_153300/1709624403530.png, /Users/00145409nuralianatasha/Desktop/automation_Retail_FX(public_git)/Reports/20240305_153300/SOW2/Entry Point - Quick Action (1)/20240305_153300/1709624422229.png, /Users/00145409nuralianatasha/Desktop/automation_Retail_FX(public_git)/Reports/20240305_153300/SOW2/Entry Point - Quick Action (1)/20240305_153300/1709624438254.png, /Users/00145409nuralianatasha/Desktop/automation_Retail_FX(public_git)/Reports/20240305_153300/SOW2/Entry Point - Quick Action (1)/20240305_153300/1709624456223.png, /Users/00145409nuralianatasha/Desktop/automation_Retail_FX(public_git)/Reports/20240305_153300/SOW2/Entry Point - Quick Action (1)/20240305_153300/1709624458077.png, /Users/00145409nuralianatasha/Desktop/automation_Retail_FX(public_git)/Reports/20240305_153300/SOW2/Entry Point - Quick Action (1)/20240305_153300/1709624550069.png, /Users/00145409nuralianatasha/Desktop/automation_Retail_FX(public_git)/Reports/20240305_153300/SOW2/Entry Point - Quick Action (1)/20240305_153300/1709624559598.png, /Users/00145409nuralianatasha/Desktop/automation_Retail_FX(public_git)/Reports/20240305_153300/SOW2/Entry Point - Quick Action (1)/20240305_153300/1709624567081.png, /Users/00145409nuralianatasha/Desktop/automation_Retail_FX(public_git)/Reports/20240305_153300/SOW2/Entry Point - Quick Action (1)/20240305_153300/1709624581468.png, /Users/00145409nuralianatasha/Desktop/automation_Retail_FX(public_git)/Reports/20240305_153300/SOW2/Entry Point - Quick Action (1)/20240305_153300/1709624592362.png, /Users/00145409nuralianatasha/Desktop/automation_Retail_FX(public_git)/Reports/20240305_153300/SOW2/Entry Point - Quick Action (1)/20240305_153300/1709624610113.png, /Users/00145409nuralianatasha/Desktop/automation_Retail_FX(public_git)/Reports/20240305_153300/SOW2/Entry Point - Quick Action (1)/20240305_153300/1709624611795.png, /Users/00145409nuralianatasha/Desktop/automation_Retail_FX(public_git)/Reports/20240305_153300/SOW2/Entry Point - Quick Action (1)/20240305_153300/1709624731454.png, /Users/00145409nuralianatasha/Desktop/automation_Retail_FX(public_git)/Reports/20240305_153300/SOW2/Entry Point - Quick Action (1)/20240305_153300/1709624742025.png, /Users/00145409nuralianatasha/Desktop/automation_Retail_FX(public_git)/Reports/20240305_153300/SOW2/Entry Point - Quick Action (1)/20240305_153300/1709624780666.png, /Users/00145409nuralianatasha/Desktop/automation_Retail_FX(public_git)/Reports/20240305_153300/SOW2/Entry Point - Quick Action (1)/20240305_153300/1709624799783.png, /Users/00145409nuralianatasha/Desktop/automation_Retail_FX(public_git)/Reports/20240305_153300/SOW2/Entry Point - Quick Action (1)/20240305_153300/1709624812988.png, /Users/00145409nuralianatasha/Desktop/automation_Retail_FX(public_git)/Reports/20240305_153300/SOW2/Entry Point - Quick Action (1)/20240305_153300/1709624831045.png, /Users/00145409nuralianatasha/Desktop/automation_Retail_FX(public_git)/Reports/20240305_153300/SOW2/Entry Point - Quick Action (1)/20240305_153300/1709624842009.png, /Users/00145409nuralianatasha/Desktop/automation_Retail_FX(public_git)/Reports/20240305_153300/SOW2/Entry Point - Quick Action (1)/20240305_153300/1709624859708.png, /Users/00145409nuralianatasha/Desktop/automation_Retail_FX(public_git)/Reports/20240305_153300/SOW2/Entry Point - Quick Action (1)/20240305_153300/1709624861383.png"/>
         <property name="hostName" value="00145409nuralianatasha - 192.168.1.109"/>
         <property name="os" value="Mac OS X 64bit"/>
         <property name="appiumServerStatus" value="{&quot;value&quot;:{&quot;build&quot;:{&quot;version&quot;:&quot;1.22.3&quot;}},&quot;sessionId&quot;:null,&quot;status&quot;:0}"/>
         <property name="katalonVersion" value="8.6.0.208"/>
         <property name="deviceOS" value="Android"/>
         <property name="appiumVersion" value="1.22.3"/>
         <property name="deviceModel" value="sdk_gphone64_arm64"/>
         <property name="hostAddress" value="192.168.1.109"/>
         <property name="deviceManufacturer" value="Google"/>
         <property name="deviceId" value="emulator-5554"/>
         <property name="deviceName" value="emulator-5554 (sdk_gphone64_arm64 - Android 13)"/>
         <property name="deviceOSVersion" value="13"/>
      </properties>
      <testcase name="Test Cases/RETAILFX-SOW2 Market Order/Entry Point - Quick Action/SOW2 - G1A Account to G1A Account" time="232.903" classname="Test Cases/RETAILFX-SOW2 Market Order/Entry Point - Quick Action/SOW2 - G1A Account to G1A Account" status="FAILED">
         <failure type="FAILED" message="Test Cases/RETAILFX-SOW2 Market Order/Entry Point - Quick Action/SOW2 - G1A Account to G1A Account FAILED.
Reason:
com.kms.katalon.core.exception.StepFailedException: Element 'Object Repository/Global Account Page/dynamicText' not found
	at com.kms.katalon.core.keyword.internal.KeywordMain.stepFailed(KeywordMain.groovy:39)
	at com.kms.katalon.core.mobile.keyword.internal.MobileKeywordMain.stepFailed(MobileKeywordMain.groovy:40)
	at com.kms.katalon.core.mobile.keyword.builtin.VerifyElementExistKeyword$_verifyElementExist_closure1.doCall(VerifyElementExistKeyword.groovy:77)
	at com.kms.katalon.core.mobile.keyword.builtin.VerifyElementExistKeyword$_verifyElementExist_closure1.call(VerifyElementExistKeyword.groovy)
	at com.kms.katalon.core.mobile.keyword.internal.MobileKeywordMain.runKeyword(MobileKeywordMain.groovy:21)
	at com.kms.katalon.core.mobile.keyword.builtin.VerifyElementExistKeyword.verifyElementExist(VerifyElementExistKeyword.groovy:80)
	at com.kms.katalon.core.mobile.keyword.builtin.VerifyElementExistKeyword.execute(VerifyElementExistKeyword.groovy:64)
	at com.kms.katalon.core.keyword.internal.KeywordExecutor.executeKeywordForPlatform(KeywordExecutor.groovy:74)
	at com.kms.katalon.core.mobile.keyword.MobileBuiltInKeywords.verifyElementExist(MobileBuiltInKeywords.groovy:1739)
	at com.kms.katalon.core.mobile.keyword.MobileBuiltInKeywords$verifyElementExist$4.call(Unknown Source)
	at SOW2 - G1A Account to G1A Account.run(SOW2 - G1A Account to G1A Account:160)
	at com.kms.katalon.core.main.ScriptEngine.run(ScriptEngine.java:194)
	at com.kms.katalon.core.main.ScriptEngine.runScriptAsRawText(ScriptEngine.java:119)
	at com.kms.katalon.core.main.TestCaseExecutor.runScript(TestCaseExecutor.java:448)
	at com.kms.katalon.core.main.TestCaseExecutor.doExecute(TestCaseExecutor.java:439)
	at com.kms.katalon.core.main.TestCaseExecutor.processExecutionPhase(TestCaseExecutor.java:418)
	at com.kms.katalon.core.main.TestCaseExecutor.accessMainPhase(TestCaseExecutor.java:410)
	at com.kms.katalon.core.main.TestCaseExecutor.execute(TestCaseExecutor.java:285)
	at com.kms.katalon.core.common.CommonExecutor.accessTestCaseMainPhase(CommonExecutor.java:65)
	at com.kms.katalon.core.main.TestSuiteExecutor.accessTestSuiteMainPhase(TestSuiteExecutor.java:148)
	at com.kms.katalon.core.main.TestSuiteExecutor.execute(TestSuiteExecutor.java:106)
	at com.kms.katalon.core.main.TestCaseMain.startTestSuite(TestCaseMain.java:187)
	at com.kms.katalon.core.main.TestCaseMain$startTestSuite$0.call(Unknown Source)
	at TempTestSuite1709623980980.run(TempTestSuite1709623980980.groovy:36)
"/>
         <system-out><![CDATA[2024-03-05 15:33:09 - [TEST_CASE][FAILED] - Test Cases/RETAILFX-SOW2 Market Order/Entry Point - Quick Action/SOW2 - G1A Account to G1A Account: Test Cases/RETAILFX-SOW2 Market Order/Entry Point - Quick Action/SOW2 - G1A Account to G1A Account FAILED.
Reason:
com.kms.katalon.core.exception.StepFailedException: Element 'Object Repository/Global Account Page/dynamicText' not found
	at com.kms.katalon.core.keyword.internal.KeywordMain.stepFailed(KeywordMain.groovy:39)
	at com.kms.katalon.core.mobile.keyword.internal.MobileKeywordMain.stepFailed(MobileKeywordMain.groovy:40)
	at com.kms.katalon.core.mobile.keyword.builtin.VerifyElementExistKeyword$_verifyElementExist_closure1.doCall(VerifyElementExistKeyword.groovy:77)
	at com.kms.katalon.core.mobile.keyword.builtin.VerifyElementExistKeyword$_verifyElementExist_closure1.call(VerifyElementExistKeyword.groovy)
	at com.kms.katalon.core.mobile.keyword.internal.MobileKeywordMain.runKeyword(MobileKeywordMain.groovy:21)
	at com.kms.katalon.core.mobile.keyword.builtin.VerifyElementExistKeyword.verifyElementExist(VerifyElementExistKeyword.groovy:80)
	at com.kms.katalon.core.mobile.keyword.builtin.VerifyElementExistKeyword.execute(VerifyElementExistKeyword.groovy:64)
	at com.kms.katalon.core.keyword.internal.KeywordExecutor.executeKeywordForPlatform(KeywordExecutor.groovy:74)
	at com.kms.katalon.core.mobile.keyword.MobileBuiltInKeywords.verifyElementExist(MobileBuiltInKeywords.groovy:1739)
	at com.kms.katalon.core.mobile.keyword.MobileBuiltInKeywords$verifyElementExist$4.call(Unknown Source)
	at SOW2 - G1A Account to G1A Account.run(SOW2 - G1A Account to G1A Account:160)
	at com.kms.katalon.core.main.ScriptEngine.run(ScriptEngine.java:194)
	at com.kms.katalon.core.main.ScriptEngine.runScriptAsRawText(ScriptEngine.java:119)
	at com.kms.katalon.core.main.TestCaseExecutor.runScript(TestCaseExecutor.java:448)
	at com.kms.katalon.core.main.TestCaseExecutor.doExecute(TestCaseExecutor.java:439)
	at com.kms.katalon.core.main.TestCaseExecutor.processExecutionPhase(TestCaseExecutor.java:418)
	at com.kms.katalon.core.main.TestCaseExecutor.accessMainPhase(TestCaseExecutor.java:410)
	at com.kms.katalon.core.main.TestCaseExecutor.execute(TestCaseExecutor.java:285)
	at com.kms.katalon.core.common.CommonExecutor.accessTestCaseMainPhase(CommonExecutor.java:65)
	at com.kms.katalon.core.main.TestSuiteExecutor.accessTestSuiteMainPhase(TestSuiteExecutor.java:148)
	at com.kms.katalon.core.main.TestSuiteExecutor.execute(TestSuiteExecutor.java:106)
	at com.kms.katalon.core.main.TestCaseMain.startTestSuite(TestCaseMain.java:187)
	at com.kms.katalon.core.main.TestCaseMain$startTestSuite$0.call(Unknown Source)
	at TempTestSuite1709623980980.run(TempTestSuite1709623980980.groovy:36)


2024-03-05 15:33:10 - [TEST_STEP][PASSED] - startExistingApplication("com.maybank2u.life.uat"): Starting app with application ID: 'com.maybank2u.life.uat'

2024-03-05 15:33:10 - [MESSAGE][INFO] - User set preference: ['appWaitActivity', '']

2024-03-05 15:33:10 - [MESSAGE][INFO] - User set preference: ['autoGrantPermission', 'true']

2024-03-05 15:33:10 - [MESSAGE][INFO] - User set preference: ['noReset', 'true']

2024-03-05 15:33:10 - [MESSAGE][INFO] - User set preference: ['deviceId', '']

2024-03-05 15:33:10 - [MESSAGE][INFO] - User set preference: ['newCommandTimeout', '10000']

2024-03-05 15:33:10 - [MESSAGE][INFO] - Detected NodeJS location: "/opt/homebrew/Cellar/node/20.2.0/bin/node"

2024-03-05 15:33:11 - [MESSAGE][INFO] - Appium server started on port 60,803

2024-03-05 15:33:27 - [MESSAGE][PASSED] - Starting app with application ID: 'com.maybank2u.life.uat'

2024-03-05 15:33:27 - [TEST_STEP][PASSED] - a = 8: null

2024-03-05 15:33:27 - [TEST_STEP][PASSED] - utilities.Entry_Point.Quick_Action(8): utilities.Entry_Point.Quick_Action is PASSED

2024-03-05 15:33:27 - [MESSAGE][WARNING] - Timeout '0' is invalid. Using default page load timeout: '30'

2024-03-05 15:33:38 - [MESSAGE][PASSED] - Element 'Object Repository/Dashboard_Login/android.widget.TextView - Login' is visible

2024-03-05 15:33:38 - [MESSAGE][PASSED] - Screenshot is taken
[[ATTACHMENT|/Users/00145409nuralianatasha/Desktop/automation_Retail_FX(public_git)/Reports/20240305_153300/SOW2/Entry Point - Quick Action (1)/20240305_153300/1709624018063.png]]

2024-03-05 15:33:38 - [MESSAGE][WARNING] - Timeout '0' is invalid. Using default page load timeout: '30'

2024-03-05 15:33:38 - [MESSAGE][PASSED] - Tapped on element 'Object Repository/Dashboard_Login/android.widget.TextView - Login'

2024-03-05 15:33:48 - [MESSAGE][PASSED] - Delayed 10 second(s)

2024-03-05 15:33:49 - [MESSAGE][PASSED] - Tapped on element 'Object Repository/Calc_Numpad/android.widget.TextView - 1'

2024-03-05 15:33:50 - [MESSAGE][PASSED] - Delayed 1 second(s)

2024-03-05 15:34:00 - [MESSAGE][PASSED] - Delayed 10 second(s)

2024-03-05 15:34:00 - [MESSAGE][PASSED] - Tapped on element 'Object Repository/Calc_Numpad/android.widget.TextView - 1'

2024-03-05 15:34:01 - [MESSAGE][PASSED] - Delayed 1 second(s)

2024-03-05 15:34:11 - [MESSAGE][PASSED] - Delayed 10 second(s)

2024-03-05 15:34:11 - [MESSAGE][PASSED] - Tapped on element 'Object Repository/Calc_Numpad/android.widget.TextView - 1'

2024-03-05 15:34:12 - [MESSAGE][PASSED] - Delayed 1 second(s)

2024-03-05 15:34:22 - [MESSAGE][PASSED] - Delayed 10 second(s)

2024-03-05 15:34:22 - [MESSAGE][PASSED] - Tapped on element 'Object Repository/Calc_Numpad/android.widget.TextView - 1'

2024-03-05 15:34:23 - [MESSAGE][PASSED] - Delayed 1 second(s)

2024-03-05 15:34:33 - [MESSAGE][PASSED] - Delayed 10 second(s)

2024-03-05 15:34:33 - [MESSAGE][PASSED] - Tapped on element 'Object Repository/Calc_Numpad/android.widget.TextView - 1'

2024-03-05 15:34:34 - [MESSAGE][PASSED] - Delayed 1 second(s)

2024-03-05 15:34:44 - [MESSAGE][PASSED] - Delayed 10 second(s)

2024-03-05 15:34:45 - [MESSAGE][PASSED] - Tapped on element 'Object Repository/Calc_Numpad/android.widget.TextView - 1'

2024-03-05 15:34:46 - [MESSAGE][PASSED] - Delayed 1 second(s)

2024-03-05 15:34:47 - [MESSAGE][WARNING] - Timeout '0' is invalid. Using default page load timeout: '30'

2024-03-05 15:34:48 - [MESSAGE][PASSED] - Element 'Object Repository/Dashboard_Login/User_name' is present

2024-03-05 15:34:49 - [MESSAGE][WARNING] - Timeout '0' is invalid. Using default page load timeout: '30'

2024-03-05 15:34:49 - [MESSAGE][PASSED] - Element 'Object Repository/Dashboard_Login/User_name' is exist

2024-03-05 15:34:49 - [MESSAGE][PASSED] - Screenshot is taken
[[ATTACHMENT|/Users/00145409nuralianatasha/Desktop/automation_Retail_FX(public_git)/Reports/20240305_153300/SOW2/Entry Point - Quick Action (1)/20240305_153300/1709624089133.png]]

2024-03-05 15:34:49 - [MESSAGE][WARNING] - Timeout '0' is invalid. Using default page load timeout: '30'

2024-03-05 15:34:49 - [MESSAGE][PASSED] - Tapped on element 'Object Repository/Mange_Quick_Actions/android.widget.TextView - Customise'

2024-03-05 15:34:49 - [MESSAGE][WARNING] - Timeout '0' is invalid. Using default page load timeout: '30'

2024-03-05 15:34:51 - [MESSAGE][PASSED] - Element 'Object Repository/Mange_Quick_Actions/android.widget.TextView - Manage Quick Actions' is present

2024-03-05 15:34:51 - [MESSAGE][WARNING] - Timeout '0' is invalid. Using default page load timeout: '30'

2024-03-05 15:34:51 - [MESSAGE][PASSED] - Element 'Object Repository/Mange_Quick_Actions/android.widget.TextView - Manage Quick Actions' is exist

2024-03-05 15:34:51 - [MESSAGE][WARNING] - Timeout '0' is invalid. Using default page load timeout: '30'

2024-03-05 15:34:51 - [MESSAGE][PASSED] - Element 'Object Repository/Mange_Quick_Actions/android.widget.TextView - Simply hold and drag to rearrange the actions' is exist

2024-03-05 15:34:51 - [MESSAGE][WARNING] - Timeout '0' is invalid. Using default page load timeout: '30'

2024-03-05 15:34:51 - [MESSAGE][PASSED] - Element 'Object Repository/Mange_Quick_Actions/android.widget.TextView - Your current favourite actions' is exist

2024-03-05 15:34:51 - [MESSAGE][WARNING] - Timeout '0' is invalid. Using default page load timeout: '30'

2024-03-05 15:34:51 - [MESSAGE][PASSED] - Object 'Object Repository/Mange_Quick_Actions/android.widget.TextView - Save Changes' has attribute 'clickable' with value 'false'

2024-03-05 15:34:51 - [MESSAGE][PASSED] - Screenshot is taken
[[ATTACHMENT|/Users/00145409nuralianatasha/Desktop/automation_Retail_FX(public_git)/Reports/20240305_153300/SOW2/Entry Point - Quick Action (1)/20240305_153300/1709624091704.png]]

2024-03-05 15:34:51 - [MESSAGE][WARNING] - Timeout '0' is invalid. Using default page load timeout: '30'

2024-03-05 15:34:52 - [MESSAGE][PASSED] - Tapped on element 'Object Repository/Mange_Quick_Actions/android.widget.Remove_Image'

2024-03-05 15:34:53 - [MESSAGE][PASSED] - Swiped from 271,1,756 to 0,0

2024-03-05 15:34:53 - [MESSAGE][PASSED] - Screenshot is taken
[[ATTACHMENT|/Users/00145409nuralianatasha/Desktop/automation_Retail_FX(public_git)/Reports/20240305_153300/SOW2/Entry Point - Quick Action (1)/20240305_153300/1709624093265.png]]

2024-03-05 15:34:53 - [MESSAGE][WARNING] - Timeout '0' is invalid. Using default page load timeout: '30'

2024-03-05 15:34:53 - [MESSAGE][PASSED] - Tapped on element 'Object Repository/Mange_Quick_Actions/android.widget.TextView - Currency Exchange'

2024-03-05 15:34:53 - [MESSAGE][WARNING] - Timeout '0' is invalid. Using default page load timeout: '30'

2024-03-05 15:34:54 - [MESSAGE][PASSED] - Tapped on element 'Object Repository/Mange_Quick_Actions/android.widget.TextView - Save Changes'

2024-03-05 15:34:54 - [MESSAGE][PASSED] - Screenshot is taken
[[ATTACHMENT|/Users/00145409nuralianatasha/Desktop/automation_Retail_FX(public_git)/Reports/20240305_153300/SOW2/Entry Point - Quick Action (1)/20240305_153300/1709624094486.png]]

2024-03-05 15:34:54 - [MESSAGE][WARNING] - Timeout '0' is invalid. Using default page load timeout: '30'

2024-03-05 15:34:55 - [MESSAGE][PASSED] - Element 'Object Repository/Quick_Action/android.widget.TextView - Currency Exchange' is exist

2024-03-05 15:34:55 - [MESSAGE][WARNING] - Timeout '0' is invalid. Using default page load timeout: '30'

2024-03-05 15:34:56 - [MESSAGE][PASSED] - Tapped on element 'Object Repository/Quick_Action/android.widget.TextView - Currency Exchange'

2024-03-05 15:34:56 - [MESSAGE][WARNING] - Timeout '0' is invalid. Using default page load timeout: '30'

2024-03-05 15:34:57 - [MESSAGE][PASSED] - Tapped on element 'Object Repository/Global Account Page/dynamicText'

2024-03-05 15:34:58 - [MESSAGE][WARNING] - Timeout '0' is invalid. Using default page load timeout: '30'

2024-03-05 15:34:58 - [MESSAGE][PASSED] - Tapped on element 'Object Repository/Global Account Page/dynamicText'

2024-03-05 15:34:58 - [MESSAGE][PASSED] - utilities.Entry_Point.Quick_Action is PASSED

2024-03-05 15:34:58 - [TEST_STEP][PASSED] - checkLinkedDevice = Validation.checkElementExists("Object Repository/Market Order Page/android.widget.TextView - Enter your password"): Element 'Object Repository/Market Order Page/android.widget.TextView - Enter your password' is exist

2024-03-05 15:35:00 - [MESSAGE][PASSED] - Element 'Object Repository/Market Order Page/android.widget.TextView - Enter your password' is exist

2024-03-05 15:35:00 - [TEST_STEP][PASSED] - if (checkLinkedDevice == true): Tapped on element 'Object Repository/Global Account Page/dynamicText'

2024-03-05 15:35:00 - [TEST_STEP][PASSED] - setText(findTestObject("Object Repository/Dashboard_Login/Onboarding_Login/Password"), findTestData("Username_Password").getValue("Password", a), 0, CONTINUE_ON_FAILURE): Text 'Maybank@1' has been set to element 'Object Repository/Dashboard_Login/Onboarding_Login/Password'

2024-03-05 15:35:00 - [MESSAGE][WARNING] - Timeout '0' is invalid. Using default page load timeout: '30'

2024-03-05 15:35:02 - [MESSAGE][PASSED] - Text 'Maybank@1' has been set to element 'Object Repository/Dashboard_Login/Onboarding_Login/Password'

2024-03-05 15:35:02 - [TEST_STEP][PASSED] - hideKeyboard(CONTINUE_ON_FAILURE): Keyboard is hidden

2024-03-05 15:35:03 - [MESSAGE][PASSED] - Keyboard is hidden

2024-03-05 15:35:03 - [TEST_STEP][PASSED] - takeScreenshot(): Screenshot is taken

2024-03-05 15:35:04 - [MESSAGE][PASSED] - Screenshot is taken
[[ATTACHMENT|/Users/00145409nuralianatasha/Desktop/automation_Retail_FX(public_git)/Reports/20240305_153300/SOW2/Entry Point - Quick Action (1)/20240305_153300/1709624103922.png]]

2024-03-05 15:35:04 - [TEST_STEP][PASSED] - tap(findTestObject("Global Account Page/dynamicText", ["text":"Continue"]), 10, CONTINUE_ON_FAILURE): Tapped on element 'Object Repository/Global Account Page/dynamicText'

2024-03-05 15:35:04 - [MESSAGE][PASSED] - Tapped on element 'Object Repository/Global Account Page/dynamicText'

2024-03-05 15:35:04 - [TEST_STEP][PASSED] - delay(10): Delayed 10 second(s)

2024-03-05 15:35:14 - [MESSAGE][PASSED] - Delayed 10 second(s)

2024-03-05 15:35:14 - [TEST_STEP][PASSED] - Validation.Terms_Condition(): Tapped on element 'Object Repository/Global Account Page/android.widget.TextView - Agree  Confirm'

2024-03-05 15:35:14 - [MESSAGE][PASSED] - Element 'Object Repository/SOW2-Market Order/Agreement/android.widget.TextView - Terms  Conditions' is exist

2024-03-05 15:35:14 - [MESSAGE][PASSED] - Current device physical height is 2138

2024-03-05 15:35:14 - [MESSAGE][PASSED] - Current device physical width is 1080

2024-03-05 15:35:15 - [MESSAGE][PASSED] - Swiped from 540,1,496 to 540,641

2024-03-05 15:35:20 - [MESSAGE][PASSED] - Delayed 5 second(s)

2024-03-05 15:35:21 - [MESSAGE][PASSED] - Screenshot is taken
[[ATTACHMENT|/Users/00145409nuralianatasha/Desktop/automation_Retail_FX(public_git)/Reports/20240305_153300/SOW2/Entry Point - Quick Action (1)/20240305_153300/1709624121006.png]]

2024-03-05 15:35:21 - [MESSAGE][PASSED] - Current device physical height is 2138

2024-03-05 15:35:21 - [MESSAGE][PASSED] - Current device physical width is 1080

2024-03-05 15:35:22 - [MESSAGE][PASSED] - Swiped from 540,1,496 to 540,641

2024-03-05 15:35:27 - [MESSAGE][PASSED] - Delayed 5 second(s)

2024-03-05 15:35:27 - [MESSAGE][PASSED] - Screenshot is taken
[[ATTACHMENT|/Users/00145409nuralianatasha/Desktop/automation_Retail_FX(public_git)/Reports/20240305_153300/SOW2/Entry Point - Quick Action (1)/20240305_153300/1709624127535.png]]

2024-03-05 15:35:27 - [MESSAGE][PASSED] - Current device physical height is 2138

2024-03-05 15:35:28 - [MESSAGE][PASSED] - Current device physical width is 1080

2024-03-05 15:35:29 - [MESSAGE][PASSED] - Swiped from 540,1,496 to 540,641

2024-03-05 15:35:34 - [MESSAGE][PASSED] - Delayed 5 second(s)

2024-03-05 15:35:34 - [MESSAGE][PASSED] - Screenshot is taken
[[ATTACHMENT|/Users/00145409nuralianatasha/Desktop/automation_Retail_FX(public_git)/Reports/20240305_153300/SOW2/Entry Point - Quick Action (1)/20240305_153300/1709624134143.png]]

2024-03-05 15:35:34 - [MESSAGE][WARNING] - Timeout '0' is invalid. Using default page load timeout: '30'

2024-03-05 15:35:34 - [MESSAGE][PASSED] - Tapped on element 'Object Repository/Global Account Page/android.widget.TextView - Agree  Confirm'

2024-03-05 15:35:34 - [TEST_STEP][PASSED] - tap(findTestObject("SOW2-Market Order/android.widget.TextView _EditText"), 0, CONTINUE_ON_FAILURE): Tapped on element 'Object Repository/SOW2-Market Order/android.widget.TextView _EditText'

2024-03-05 15:35:34 - [MESSAGE][WARNING] - Timeout '0' is invalid. Using default page load timeout: '30'

2024-03-05 15:35:39 - [MESSAGE][PASSED] - Tapped on element 'Object Repository/SOW2-Market Order/android.widget.TextView _EditText'

2024-03-05 15:35:39 - [TEST_STEP][PASSED] - waitForElementPresent(findTestObject("Object Repository/Calc_Pad/android.widget.Image"), 20, OPTIONAL): Element 'Object Repository/Calc_Pad/android.widget.Image' is present

2024-03-05 15:35:39 - [MESSAGE][PASSED] - Element 'Object Repository/Calc_Pad/android.widget.Image' is present

2024-03-05 15:35:39 - [TEST_STEP][PASSED] - digits = "5000": null

2024-03-05 15:35:39 - [TEST_STEP][PASSED] - currency_Numpad(digits): null

2024-03-05 15:35:39 - [TEST_STEP][PASSED] - digit_length = digits.length(): null

2024-03-05 15:35:39 - [TEST_STEP][PASSED] - for ([i = 0, i < digit_length, (i++)]): Tapped on element 'Object Repository/Calc_Pad/android.widget.TextView - 0'

2024-03-05 15:35:39 - [TEST_STEP][PASSED] - if (digits[i] == "1"): null

2024-03-05 15:35:39 - [TEST_STEP][PASSED] - else if (digits[i] == "2"): null

2024-03-05 15:35:39 - [TEST_STEP][PASSED] - else if (digits[i] == "3"): null

2024-03-05 15:35:39 - [TEST_STEP][PASSED] - else if (digits[i] == "4"): null

2024-03-05 15:35:39 - [TEST_STEP][PASSED] - else if (digits[i] == "5"): Tapped on element 'Object Repository/Calc_Pad/android.widget.TextView - 5'

2024-03-05 15:35:39 - [TEST_STEP][PASSED] - tap(findTestObject("Object Repository/Calc_Pad/android.widget.TextView - 5"), 5, OPTIONAL): Tapped on element 'Object Repository/Calc_Pad/android.widget.TextView - 5'

2024-03-05 15:35:39 - [MESSAGE][PASSED] - Tapped on element 'Object Repository/Calc_Pad/android.widget.TextView - 5'

2024-03-05 15:35:39 - [TEST_STEP][PASSED] - if (digits[i] == "1"): null

2024-03-05 15:35:39 - [TEST_STEP][PASSED] - else if (digits[i] == "2"): null

2024-03-05 15:35:39 - [TEST_STEP][PASSED] - else if (digits[i] == "3"): null

2024-03-05 15:35:39 - [TEST_STEP][PASSED] - else if (digits[i] == "4"): null

2024-03-05 15:35:39 - [TEST_STEP][PASSED] - else if (digits[i] == "5"): null

2024-03-05 15:35:39 - [TEST_STEP][PASSED] - else if (digits[i] == "6"): null

2024-03-05 15:35:39 - [TEST_STEP][PASSED] - else if (digits[i] == "7"): null

2024-03-05 15:35:39 - [TEST_STEP][PASSED] - else if (digits[i] == "8"): null

2024-03-05 15:35:39 - [TEST_STEP][PASSED] - else if (digits[i] == "9"): null

2024-03-05 15:35:39 - [TEST_STEP][PASSED] - else if (digits[i] == "0"): Tapped on element 'Object Repository/Calc_Pad/android.widget.TextView - 0'

2024-03-05 15:35:39 - [TEST_STEP][PASSED] - tap(findTestObject("Object Repository/Calc_Pad/android.widget.TextView - 0"), 5, OPTIONAL): Tapped on element 'Object Repository/Calc_Pad/android.widget.TextView - 0'

2024-03-05 15:35:40 - [MESSAGE][PASSED] - Tapped on element 'Object Repository/Calc_Pad/android.widget.TextView - 0'

2024-03-05 15:35:40 - [TEST_STEP][PASSED] - if (digits[i] == "1"): null

2024-03-05 15:35:40 - [TEST_STEP][PASSED] - else if (digits[i] == "2"): null

2024-03-05 15:35:40 - [TEST_STEP][PASSED] - else if (digits[i] == "3"): null

2024-03-05 15:35:40 - [TEST_STEP][PASSED] - else if (digits[i] == "4"): null

2024-03-05 15:35:40 - [TEST_STEP][PASSED] - else if (digits[i] == "5"): null

2024-03-05 15:35:40 - [TEST_STEP][PASSED] - else if (digits[i] == "6"): null

2024-03-05 15:35:40 - [TEST_STEP][PASSED] - else if (digits[i] == "7"): null

2024-03-05 15:35:40 - [TEST_STEP][PASSED] - else if (digits[i] == "8"): null

2024-03-05 15:35:40 - [TEST_STEP][PASSED] - else if (digits[i] == "9"): null

2024-03-05 15:35:40 - [TEST_STEP][PASSED] - else if (digits[i] == "0"): Tapped on element 'Object Repository/Calc_Pad/android.widget.TextView - 0'

2024-03-05 15:35:40 - [TEST_STEP][PASSED] - tap(findTestObject("Object Repository/Calc_Pad/android.widget.TextView - 0"), 5, OPTIONAL): Tapped on element 'Object Repository/Calc_Pad/android.widget.TextView - 0'

2024-03-05 15:35:41 - [MESSAGE][PASSED] - Tapped on element 'Object Repository/Calc_Pad/android.widget.TextView - 0'

2024-03-05 15:35:41 - [TEST_STEP][PASSED] - if (digits[i] == "1"): null

2024-03-05 15:35:41 - [TEST_STEP][PASSED] - else if (digits[i] == "2"): null

2024-03-05 15:35:41 - [TEST_STEP][PASSED] - else if (digits[i] == "3"): null

2024-03-05 15:35:41 - [TEST_STEP][PASSED] - else if (digits[i] == "4"): null

2024-03-05 15:35:41 - [TEST_STEP][PASSED] - else if (digits[i] == "5"): null

2024-03-05 15:35:41 - [TEST_STEP][PASSED] - else if (digits[i] == "6"): null

2024-03-05 15:35:41 - [TEST_STEP][PASSED] - else if (digits[i] == "7"): null

2024-03-05 15:35:41 - [TEST_STEP][PASSED] - else if (digits[i] == "8"): null

2024-03-05 15:35:41 - [TEST_STEP][PASSED] - else if (digits[i] == "9"): null

2024-03-05 15:35:41 - [TEST_STEP][PASSED] - else if (digits[i] == "0"): Tapped on element 'Object Repository/Calc_Pad/android.widget.TextView - 0'

2024-03-05 15:35:41 - [TEST_STEP][PASSED] - tap(findTestObject("Object Repository/Calc_Pad/android.widget.TextView - 0"), 5, OPTIONAL): Tapped on element 'Object Repository/Calc_Pad/android.widget.TextView - 0'

2024-03-05 15:35:41 - [MESSAGE][PASSED] - Tapped on element 'Object Repository/Calc_Pad/android.widget.TextView - 0'

2024-03-05 15:35:41 - [TEST_STEP][PASSED] - tap(findTestObject("Object Repository/Calc_Pad/android.widget.Image"), 5, OPTIONAL): Tapped on element 'Object Repository/Calc_Pad/android.widget.Image'

2024-03-05 15:35:42 - [MESSAGE][PASSED] - Tapped on element 'Object Repository/Calc_Pad/android.widget.Image'

2024-03-05 15:35:42 - [TEST_STEP][PASSED] - delay(5): Delayed 5 second(s)

2024-03-05 15:35:47 - [MESSAGE][PASSED] - Delayed 5 second(s)

2024-03-05 15:35:47 - [TEST_STEP][PASSED] - utilities.Mobile_Keywords.sow2market_orderdropdown("US Dol", "USD - US Dollar"): utilities.Mobile_Keywords.sow2market_orderdropdown is PASSED

2024-03-05 15:35:47 - [MESSAGE][WARNING] - Timeout '0' is invalid. Using default page load timeout: '30'

2024-03-05 15:35:47 - [MESSAGE][PASSED] - Tapped on element 'Object Repository/SOW2-Market Order/Select_Currency Dropdown'

2024-03-05 15:35:48 - [MESSAGE][PASSED] - Element 'Object Repository/SOW2-Market Order/android.view.View - Select Currency' is present

2024-03-05 15:35:48 - [MESSAGE][PASSED] - Element 'Object Repository/SOW2-Market Order/android.view.View - Select Currency' is exist

2024-03-05 15:35:48 - [MESSAGE][PASSED] - Tapped on element 'Object Repository/SOW2-Market Order/android.widget.EditText_SearchCurrency'

2024-03-05 15:35:49 - [MESSAGE][PASSED] - Text 'US Dol' has been set to element 'Object Repository/SOW2-Market Order/android.widget.EditText_SearchCurrency'

2024-03-05 15:35:50 - [MESSAGE][PASSED] - Keyboard is hidden

2024-03-05 15:35:51 - [MESSAGE][PASSED] - Element 'Object Repository/Global Account Page/dynamicText' is exist

2024-03-05 15:35:51 - [MESSAGE][PASSED] - Tapped on element 'Object Repository/Global Account Page/dynamicText'

2024-03-05 15:35:51 - [MESSAGE][PASSED] - utilities.Mobile_Keywords.sow2market_orderdropdown is PASSED

2024-03-05 15:35:51 - [TEST_STEP][PASSED] - verifyElementExist(findTestObject("Global Account Page/dynamicText", ["text":"Exchange rate"]), 5, CONTINUE_ON_FAILURE): Element 'Object Repository/Global Account Page/dynamicText' is exist

2024-03-05 15:35:52 - [MESSAGE][PASSED] - Element 'Object Repository/Global Account Page/dynamicText' is exist

2024-03-05 15:35:52 - [TEST_STEP][PASSED] - currency_TextMsg = getText(findTestObject("General/android.widget.TextView _Conversion"), 0, CONTINUE_ON_FAILURE): Text of element 'Object Repository/General/android.widget.TextView _Conversion' is: 'USD 1 = MYR 4.746'

2024-03-05 15:35:52 - [MESSAGE][WARNING] - Timeout '0' is invalid. Using default page load timeout: '30'

2024-03-05 15:35:52 - [MESSAGE][PASSED] - Text of element 'Object Repository/General/android.widget.TextView _Conversion' is: 'USD 1 = MYR 4.746'

2024-03-05 15:35:52 - [TEST_STEP][PASSED] - comment(currency_TextMsg): USD 1 = MYR 4.746

2024-03-05 15:35:52 - [MESSAGE][INFO] - USD 1 = MYR 4.746

2024-03-05 15:35:52 - [TEST_STEP][PASSED] - roundedNumber = Validation.convertUSDToMYR(currency_TextMsg): null

2024-03-05 15:35:52 - [TEST_STEP][PASSED] - verifyElementExist(findTestObject("Global Account Page/dynamicText", ["text":"Conversion fee"]), 5, CONTINUE_ON_FAILURE): Element 'Object Repository/Global Account Page/dynamicText' is exist

2024-03-05 15:35:52 - [MESSAGE][PASSED] - Element 'Object Repository/Global Account Page/dynamicText' is exist

2024-03-05 15:35:52 - [TEST_STEP][PASSED] - Conversion_Fee = getText(findTestObject("SOW2-Market Order/ConversionFee_Text"), 5, CONTINUE_ON_FAILURE): Text of element 'Object Repository/SOW2-Market Order/ConversionFee_Text' is: 'USD 0.00'

2024-03-05 15:35:52 - [MESSAGE][PASSED] - Text of element 'Object Repository/SOW2-Market Order/ConversionFee_Text' is: 'USD 0.00'

2024-03-05 15:35:52 - [TEST_STEP][PASSED] - verifyElementExist(findTestObject("Global Account Page/dynamicText", ["text":"Total to pay"]), 5, CONTINUE_ON_FAILURE): Element 'Object Repository/Global Account Page/dynamicText' is exist

2024-03-05 15:35:52 - [MESSAGE][PASSED] - Element 'Object Repository/Global Account Page/dynamicText' is exist

2024-03-05 15:35:52 - [TEST_STEP][PASSED] - verifyElementExist(findTestObject("Global Account Page/dynamicText", ["text":"MYR 50.00"]), 5, CONTINUE_ON_FAILURE): Element 'Object Repository/Global Account Page/dynamicText' is exist

2024-03-05 15:35:52 - [MESSAGE][PASSED] - Element 'Object Repository/Global Account Page/dynamicText' is exist

2024-03-05 15:35:52 - [TEST_STEP][PASSED] - verifyElementExist(findTestObject("Global Account Page/dynamicText", ["text":"Amount to receive"]), 5, CONTINUE_ON_FAILURE): Element 'Object Repository/Global Account Page/dynamicText' is exist

2024-03-05 15:35:53 - [MESSAGE][PASSED] - Element 'Object Repository/Global Account Page/dynamicText' is exist

2024-03-05 15:35:53 - [TEST_STEP][PASSED] - verifyElementExist(findTestObject("General/android.widget.EditText _AmountReceived", ["text":roundedNumber]), 5, CONTINUE_ON_FAILURE): Element 'Object Repository/General/android.widget.EditText _AmountReceived' is exist

2024-03-05 15:35:53 - [MESSAGE][PASSED] - Element 'Object Repository/General/android.widget.EditText _AmountReceived' is exist

2024-03-05 15:35:53 - [TEST_STEP][PASSED] - takeScreenshot(): Screenshot is taken

2024-03-05 15:35:53 - [MESSAGE][PASSED] - Screenshot is taken
[[ATTACHMENT|/Users/00145409nuralianatasha/Desktop/automation_Retail_FX(public_git)/Reports/20240305_153300/SOW2/Entry Point - Quick Action (1)/20240305_153300/1709624153128.png]]

2024-03-05 15:35:53 - [TEST_STEP][PASSED] - tap(findTestObject("SOW2-Market Order/android.widget.Dynamic_Button", ["text":"Next"]), 0, CONTINUE_ON_FAILURE): Tapped on element 'Object Repository/SOW2-Market Order/android.widget.Dynamic_Button'

2024-03-05 15:35:53 - [MESSAGE][WARNING] - Timeout '0' is invalid. Using default page load timeout: '30'

2024-03-05 15:35:53 - [MESSAGE][PASSED] - Tapped on element 'Object Repository/SOW2-Market Order/android.widget.Dynamic_Button'

2024-03-05 15:35:53 - [TEST_STEP][PASSED] - waitForElementPresent(findTestObject("Global Account Page/dynamicText", ["text":"Step 2 of 2"]), 5, CONTINUE_ON_FAILURE): Element 'Object Repository/Global Account Page/dynamicText' is present

2024-03-05 15:35:55 - [MESSAGE][PASSED] - Element 'Object Repository/Global Account Page/dynamicText' is present

2024-03-05 15:35:55 - [TEST_STEP][PASSED] - verifyElementExist(findTestObject("Global Account Page/dynamicText", ["text":"Step 2 of 2"]), 5, CONTINUE_ON_FAILURE): Element 'Object Repository/Global Account Page/dynamicText' is exist

2024-03-05 15:35:55 - [MESSAGE][PASSED] - Element 'Object Repository/Global Account Page/dynamicText' is exist

2024-03-05 15:35:55 - [TEST_STEP][PASSED] - verifyElementExist(findTestObject("Global Account Page/dynamicText", ["text":"USD/MYR"]), 5, CONTINUE_ON_FAILURE): Element 'Object Repository/Global Account Page/dynamicText' is exist

2024-03-05 15:35:55 - [MESSAGE][PASSED] - Element 'Object Repository/Global Account Page/dynamicText' is exist

2024-03-05 15:35:55 - [TEST_STEP][PASSED] - verifyElementExist(findTestObject("SOW2-Market Order/android.widget.TextView - Im converting"), 5, CONTINUE_ON_FAILURE): Element 'Object Repository/SOW2-Market Order/android.widget.TextView - Im converting' is exist

2024-03-05 15:35:55 - [MESSAGE][PASSED] - Element 'Object Repository/SOW2-Market Order/android.widget.TextView - Im converting' is exist

2024-03-05 15:35:55 - [TEST_STEP][PASSED] - verifyElementExist(findTestObject("Global Account Page/dynamicText", ["text":"MYR 50.00"]), 5, CONTINUE_ON_FAILURE): Element 'Object Repository/Global Account Page/dynamicText' is exist

2024-03-05 15:35:55 - [MESSAGE][PASSED] - Element 'Object Repository/Global Account Page/dynamicText' is exist

2024-03-05 15:35:55 - [TEST_STEP][PASSED] - verifyElementExist(findTestObject("Global Account Page/dynamicText", ["text":"Transfer from"]), 5, CONTINUE_ON_FAILURE): Element 'Object Repository/Global Account Page/dynamicText' is exist

2024-03-05 15:35:55 - [MESSAGE][PASSED] - Element 'Object Repository/Global Account Page/dynamicText' is exist

2024-03-05 15:35:55 - [TEST_STEP][PASSED] - verifyElementExist(findTestObject("Global Account Page/dynamicText", ["text":"Transfer to"]), 5, CONTINUE_ON_FAILURE): Element 'Object Repository/Global Account Page/dynamicText' is exist

2024-03-05 15:35:55 - [MESSAGE][PASSED] - Element 'Object Repository/Global Account Page/dynamicText' is exist

2024-03-05 15:35:55 - [TEST_STEP][PASSED] - utilities.Mobile_Keywords.scrollFromTopToBottom(): utilities.Mobile_Keywords.scrollFromTopToBottom is PASSED

2024-03-05 15:35:55 - [MESSAGE][PASSED] - Current device physical height is 2138

2024-03-05 15:35:56 - [MESSAGE][PASSED] - Current device physical width is 1080

2024-03-05 15:35:57 - [MESSAGE][PASSED] - Swiped from 540,1,496 to 540,641

2024-03-05 15:36:02 - [MESSAGE][PASSED] - Delayed 5 second(s)

2024-03-05 15:36:02 - [MESSAGE][PASSED] - utilities.Mobile_Keywords.scrollFromTopToBottom is PASSED

2024-03-05 15:36:02 - [TEST_STEP][PASSED] - takeScreenshot(): Screenshot is taken

2024-03-05 15:36:02 - [MESSAGE][PASSED] - Screenshot is taken
[[ATTACHMENT|/Users/00145409nuralianatasha/Desktop/automation_Retail_FX(public_git)/Reports/20240305_153300/SOW2/Entry Point - Quick Action (1)/20240305_153300/1709624162329.png]]

2024-03-05 15:36:02 - [TEST_STEP][PASSED] - tap(findTestObject("SOW2-Market Order/android.widget.Dynamic_Button", ["text":"Get Quote"]), 0, CONTINUE_ON_FAILURE): Tapped on element 'Object Repository/SOW2-Market Order/android.widget.Dynamic_Button'

2024-03-05 15:36:02 - [MESSAGE][WARNING] - Timeout '0' is invalid. Using default page load timeout: '30'

2024-03-05 15:36:02 - [MESSAGE][PASSED] - Tapped on element 'Object Repository/SOW2-Market Order/android.widget.Dynamic_Button'

2024-03-05 15:36:02 - [TEST_STEP][PASSED] - currency_TextMsg1 = getText(findTestObject("General/android.widget.TextView _Conversion"), 0, CONTINUE_ON_FAILURE): Text of element 'Object Repository/General/android.widget.TextView _Conversion' is: 'USD 1 = MYR 4.718'

2024-03-05 15:36:02 - [MESSAGE][WARNING] - Timeout '0' is invalid. Using default page load timeout: '30'

2024-03-05 15:36:06 - [MESSAGE][PASSED] - Text of element 'Object Repository/General/android.widget.TextView _Conversion' is: 'USD 1 = MYR 4.718'

2024-03-05 15:36:06 - [TEST_STEP][PASSED] - roundedNumber1 = Validation.convertUSDToMYR(currency_TextMsg1): null

2024-03-05 15:36:06 - [TEST_STEP][PASSED] - waitForElementPresent(findTestObject("Global Account Page/dynamicText", ["text":"Confirmation"]), 5, CONTINUE_ON_FAILURE): Element 'Object Repository/Global Account Page/dynamicText' is present

2024-03-05 15:36:06 - [MESSAGE][PASSED] - Element 'Object Repository/Global Account Page/dynamicText' is present

2024-03-05 15:36:06 - [TEST_STEP][PASSED] - verifyElementExist(findTestObject("Global Account Page/dynamicText", ["text":"Transfer from"]), 5, CONTINUE_ON_FAILURE): Element 'Object Repository/Global Account Page/dynamicText' is exist

2024-03-05 15:36:06 - [MESSAGE][PASSED] - Element 'Object Repository/Global Account Page/dynamicText' is exist

2024-03-05 15:36:06 - [TEST_STEP][PASSED] - verifyElementExist(findTestObject("Global Account Page/dynamicText", ["text":"Global Access Account-i (MYR)"]), 5, CONTINUE_ON_FAILURE): Element 'Object Repository/Global Account Page/dynamicText' is exist

2024-03-05 15:36:06 - [MESSAGE][PASSED] - Element 'Object Repository/Global Account Page/dynamicText' is exist

2024-03-05 15:36:06 - [TEST_STEP][PASSED] - verifyElementExist(findTestObject("Global Account Page/dynamicText", ["text":"Transfer to"]), 5, CONTINUE_ON_FAILURE): Element 'Object Repository/Global Account Page/dynamicText' is exist

2024-03-05 15:36:07 - [MESSAGE][PASSED] - Element 'Object Repository/Global Account Page/dynamicText' is exist

2024-03-05 15:36:07 - [TEST_STEP][PASSED] - verifyElementExist(findTestObject("Global Account Page/dynamicText", ["text":"Global Access Account-i (USD)"]), 5, CONTINUE_ON_FAILURE): Element 'Object Repository/Global Account Page/dynamicText' is exist

2024-03-05 15:36:07 - [MESSAGE][PASSED] - Element 'Object Repository/Global Account Page/dynamicText' is exist

2024-03-05 15:36:07 - [TEST_STEP][PASSED] - verifyElementExist(findTestObject("Global Account Page/dynamicText", ["text":"Amount to receive"]), 5, CONTINUE_ON_FAILURE): Element 'Object Repository/Global Account Page/dynamicText' is exist

2024-03-05 15:36:08 - [MESSAGE][PASSED] - Element 'Object Repository/Global Account Page/dynamicText' is exist

2024-03-05 15:36:08 - [TEST_STEP][PASSED] - println("below is the rounded number" + roundedNumber1): null

2024-03-05 15:36:08 - [TEST_STEP][PASSED] - verifyElementExist(findTestObject("Global Account Page/dynamicText", ["text":"USD " + roundedNumber1]), 5, CONTINUE_ON_FAILURE): Element 'Object Repository/Global Account Page/dynamicText' is exist

2024-03-05 15:36:08 - [MESSAGE][PASSED] - Element 'Object Repository/Global Account Page/dynamicText' is exist

2024-03-05 15:36:08 - [TEST_STEP][PASSED] - verifyElementExist(findTestObject("Global Account Page/dynamicText", ["text":"Transaction type"]), 5, CONTINUE_ON_FAILURE): Element 'Object Repository/Global Account Page/dynamicText' is exist

2024-03-05 15:36:08 - [MESSAGE][PASSED] - Element 'Object Repository/Global Account Page/dynamicText' is exist

2024-03-05 15:36:08 - [TEST_STEP][PASSED] - verifyElementExist(findTestObject("Global Account Page/dynamicText", ["text":"Currency Conversion"]), 5, CONTINUE_ON_FAILURE): Element 'Object Repository/Global Account Page/dynamicText' is exist

2024-03-05 15:36:09 - [MESSAGE][PASSED] - Element 'Object Repository/Global Account Page/dynamicText' is exist

2024-03-05 15:36:09 - [TEST_STEP][FAILED] - verifyElementExist(findTestObject("Global Account Page/dynamicText", ["text":"I have read and agree to the BNM Foreign Exchange Rules, I accept the declaration as well as the Terms & Conditions for this transfer."]), 5, CONTINUE_ON_FAILURE): Element 'Object Repository/Global Account Page/dynamicText' not found

2024-03-05 15:36:14 - [MESSAGE][FAILED] - Element 'Object Repository/Global Account Page/dynamicText' not found

2024-03-05 15:36:14 - [TEST_STEP][PASSED] - takeScreenshot(CONTINUE_ON_FAILURE): Screenshot is taken

2024-03-05 15:36:15 - [MESSAGE][PASSED] - Screenshot is taken
[[ATTACHMENT|/Users/00145409nuralianatasha/Desktop/automation_Retail_FX(public_git)/Reports/20240305_153300/SOW2/Entry Point - Quick Action (1)/20240305_153300/1709624174658.png]]

2024-03-05 15:36:15 - [TEST_STEP][PASSED] - tap(findTestObject("SOW2-Market Order/android.view.View - I have read and agree to the BNM Foreign Exchange Rules, I accept the declaration as well as the Terms  Conditions for this transfer"), 0, CONTINUE_ON_FAILURE): Tapped on element 'Object Repository/SOW2-Market Order/android.view.View - I have read and agree to the BNM Foreign Exchange Rules, I accept the declaration as well as the Terms  Conditions for this transfer'

2024-03-05 15:36:15 - [MESSAGE][WARNING] - Timeout '0' is invalid. Using default page load timeout: '30'

2024-03-05 15:36:15 - [MESSAGE][PASSED] - Tapped on element 'Object Repository/SOW2-Market Order/android.view.View - I have read and agree to the BNM Foreign Exchange Rules, I accept the declaration as well as the Terms  Conditions for this transfer'

2024-03-05 15:36:15 - [TEST_STEP][PASSED] - utilities.Mobile_Keywords.scrollFromTopToBottom(): utilities.Mobile_Keywords.scrollFromTopToBottom is PASSED

2024-03-05 15:36:15 - [MESSAGE][PASSED] - Current device physical height is 2138

2024-03-05 15:36:16 - [MESSAGE][PASSED] - Current device physical width is 1080

2024-03-05 15:36:17 - [MESSAGE][PASSED] - Swiped from 540,1,496 to 540,641

2024-03-05 15:36:22 - [MESSAGE][PASSED] - Delayed 5 second(s)

2024-03-05 15:36:22 - [MESSAGE][PASSED] - utilities.Mobile_Keywords.scrollFromTopToBottom is PASSED

2024-03-05 15:36:22 - [TEST_STEP][PASSED] - tap(findTestObject("SOW2-Market Order/android.widget.Dynamic_Button", ["text":"Confirm"]), 0, CONTINUE_ON_FAILURE): Tapped on element 'Object Repository/SOW2-Market Order/android.widget.Dynamic_Button'

2024-03-05 15:36:22 - [MESSAGE][WARNING] - Timeout '0' is invalid. Using default page load timeout: '30'

2024-03-05 15:36:22 - [MESSAGE][PASSED] - Tapped on element 'Object Repository/SOW2-Market Order/android.widget.Dynamic_Button'

2024-03-05 15:36:22 - [TEST_STEP][PASSED] - waitForElementPresent(findTestObject("Global Account Page/dynamicText", ["text":"Transaction Successful"]), 5, CONTINUE_ON_FAILURE): Object Object Repository/Global Account Page/dynamicText not found

2024-03-05 15:36:32 - [MESSAGE][WARNING] - Object Object Repository/Global Account Page/dynamicText not found

2024-03-05 15:36:32 - [TEST_STEP][PASSED] - verifyElementExist(findTestObject("Global Account Page/dynamicText", ["text":"Transaction Successful"]), 5, CONTINUE_ON_FAILURE): Element 'Object Repository/Global Account Page/dynamicText' is exist

2024-03-05 15:36:36 - [MESSAGE][PASSED] - Element 'Object Repository/Global Account Page/dynamicText' is exist

2024-03-05 15:36:36 - [TEST_STEP][PASSED] - verifyElementExist(findTestObject("Global Account Page/dynamicText", ["text":"Reference ID"]), 5, CONTINUE_ON_FAILURE): Element 'Object Repository/Global Account Page/dynamicText' is exist

2024-03-05 15:36:36 - [MESSAGE][PASSED] - Element 'Object Repository/Global Account Page/dynamicText' is exist

2024-03-05 15:36:36 - [TEST_STEP][PASSED] - verifyElementExist(findTestObject("Global Account Page/dynamicText", ["text":"Order ID"]), 5, CONTINUE_ON_FAILURE): Element 'Object Repository/Global Account Page/dynamicText' is exist

2024-03-05 15:36:36 - [MESSAGE][PASSED] - Element 'Object Repository/Global Account Page/dynamicText' is exist

2024-03-05 15:36:36 - [TEST_STEP][PASSED] - verifyElementExist(findTestObject("Global Account Page/dynamicText", ["text":"Date & time"]), 5, CONTINUE_ON_FAILURE): Element 'Object Repository/Global Account Page/dynamicText' is exist

2024-03-05 15:36:36 - [MESSAGE][PASSED] - Element 'Object Repository/Global Account Page/dynamicText' is exist

2024-03-05 15:36:36 - [TEST_STEP][PASSED] - verifyElementExist(findTestObject("Global Account Page/dynamicText", ["text":"Converted from"]), 5, CONTINUE_ON_FAILURE): Element 'Object Repository/Global Account Page/dynamicText' is exist

2024-03-05 15:36:36 - [MESSAGE][PASSED] - Element 'Object Repository/Global Account Page/dynamicText' is exist

2024-03-05 15:36:36 - [TEST_STEP][PASSED] - verifyElementExist(findTestObject("Global Account Page/dynamicText", ["text":"Amount received"]), 5, CONTINUE_ON_FAILURE): Element 'Object Repository/Global Account Page/dynamicText' is exist

2024-03-05 15:36:36 - [MESSAGE][PASSED] - Element 'Object Repository/Global Account Page/dynamicText' is exist

2024-03-05 15:36:36 - [TEST_STEP][PASSED] - CurrentDate = Validation.datetime(): null

2024-03-05 15:36:36 - [TEST_STEP][PASSED] - comment("The Current Date is " + CurrentDate): The Current Date is 5 Mar 2024 15:36

2024-03-05 15:36:36 - [MESSAGE][INFO] - The Current Date is 5 Mar 2024 15:36

2024-03-05 15:36:36 - [TEST_STEP][PASSED] - verifyElementExist(findTestObject("Global Account Page/dynamicText", ["text":"USD " + roundedNumber1]), 5, CONTINUE_ON_FAILURE): Element 'Object Repository/Global Account Page/dynamicText' is exist

2024-03-05 15:36:37 - [MESSAGE][PASSED] - Element 'Object Repository/Global Account Page/dynamicText' is exist

2024-03-05 15:36:37 - [TEST_STEP][PASSED] - verifyElementExist(findTestObject("Global Account Page/dynamicText", ["text":"Exchange rate"]), 5, CONTINUE_ON_FAILURE): Element 'Object Repository/Global Account Page/dynamicText' is exist

2024-03-05 15:36:37 - [MESSAGE][PASSED] - Element 'Object Repository/Global Account Page/dynamicText' is exist

2024-03-05 15:36:37 - [TEST_STEP][PASSED] - verifyElementExist(findTestObject("Global Account Page/dynamicText", ["text":"Transaction type"]), 5, CONTINUE_ON_FAILURE): Element 'Object Repository/Global Account Page/dynamicText' is exist

2024-03-05 15:36:37 - [MESSAGE][PASSED] - Element 'Object Repository/Global Account Page/dynamicText' is exist

2024-03-05 15:36:37 - [TEST_STEP][PASSED] - verifyElementExist(findTestObject("Global Account Page/dynamicText", ["text":"Currency Conversion"]), 5, CONTINUE_ON_FAILURE): Element 'Object Repository/Global Account Page/dynamicText' is exist

2024-03-05 15:36:37 - [MESSAGE][PASSED] - Element 'Object Repository/Global Account Page/dynamicText' is exist

2024-03-05 15:36:37 - [TEST_STEP][PASSED] - verifyElementExist(findTestObject("Global Account Page/dynamicText", ["text":"Share Receipt"]), 5, CONTINUE_ON_FAILURE): Element 'Object Repository/Global Account Page/dynamicText' is exist

2024-03-05 15:36:37 - [MESSAGE][PASSED] - Element 'Object Repository/Global Account Page/dynamicText' is exist

2024-03-05 15:36:37 - [TEST_STEP][PASSED] - verifyElementExist(findTestObject("Global Account Page/dynamicText", ["text":"Done"]), 5, CONTINUE_ON_FAILURE): Element 'Object Repository/Global Account Page/dynamicText' is exist

2024-03-05 15:36:37 - [MESSAGE][PASSED] - Element 'Object Repository/Global Account Page/dynamicText' is exist

2024-03-05 15:36:37 - [TEST_STEP][PASSED] - takeScreenshot(CONTINUE_ON_FAILURE): Screenshot is taken

2024-03-05 15:36:37 - [MESSAGE][PASSED] - Screenshot is taken
[[ATTACHMENT|/Users/00145409nuralianatasha/Desktop/automation_Retail_FX(public_git)/Reports/20240305_153300/SOW2/Entry Point - Quick Action (1)/20240305_153300/1709624197504.png]]

2024-03-05 15:36:37 - [TEST_STEP][PASSED] - tap(findTestObject("Global Account Page/dynamicText", ["text":"Share Receipt"]), 0, CONTINUE_ON_FAILURE): Tapped on element 'Object Repository/Global Account Page/dynamicText'

2024-03-05 15:36:38 - [MESSAGE][WARNING] - Timeout '0' is invalid. Using default page load timeout: '30'

2024-03-05 15:36:38 - [MESSAGE][PASSED] - Tapped on element 'Object Repository/Global Account Page/dynamicText'

2024-03-05 15:36:38 - [TEST_STEP][PASSED] - waitForElementPresent(findTestObject("Global Account Page/dynamicText", ["text":"Currency Exchange"]), 5, CONTINUE_ON_FAILURE): Element 'Object Repository/Global Account Page/dynamicText' is present

2024-03-05 15:36:40 - [MESSAGE][PASSED] - Element 'Object Repository/Global Account Page/dynamicText' is present

2024-03-05 15:36:40 - [TEST_STEP][PASSED] - verifyElementExist(findTestObject("Global Account Page/dynamicText", ["text":"Completed"]), 5, CONTINUE_ON_FAILURE): Element 'Object Repository/Global Account Page/dynamicText' is exist

2024-03-05 15:36:40 - [MESSAGE][PASSED] - Element 'Object Repository/Global Account Page/dynamicText' is exist

2024-03-05 15:36:40 - [TEST_STEP][PASSED] - verifyElementExist(findTestObject("Global Account Page/dynamicText", ["text":"Currency Exchange"]), 5, CONTINUE_ON_FAILURE): Element 'Object Repository/Global Account Page/dynamicText' is exist

2024-03-05 15:36:41 - [MESSAGE][PASSED] - Element 'Object Repository/Global Account Page/dynamicText' is exist

2024-03-05 15:36:41 - [TEST_STEP][PASSED] - takeScreenshot(): Screenshot is taken

2024-03-05 15:36:42 - [MESSAGE][PASSED] - Screenshot is taken
[[ATTACHMENT|/Users/00145409nuralianatasha/Desktop/automation_Retail_FX(public_git)/Reports/20240305_153300/SOW2/Entry Point - Quick Action (1)/20240305_153300/1709624201669.png]]

2024-03-05 15:36:42 - [TEST_STEP][PASSED] - verifyElementExist(findTestObject("Global Account Page/dynamicText", ["text":"From account"]), 5, CONTINUE_ON_FAILURE): Element 'Object Repository/Global Account Page/dynamicText' is exist

2024-03-05 15:36:42 - [MESSAGE][PASSED] - Element 'Object Repository/Global Account Page/dynamicText' is exist

2024-03-05 15:36:42 - [TEST_STEP][FAILED] - verifyElementExist(findTestObject("Global Account Page/dynamicText", ["text":"Global Access Account-i (MYR)

9000 0002 1160"]), 5, CONTINUE_ON_FAILURE): Element 'Object Repository/Global Account Page/dynamicText' not found

2024-03-05 15:36:47 - [MESSAGE][FAILED] - Element 'Object Repository/Global Account Page/dynamicText' not found

2024-03-05 15:36:47 - [TEST_STEP][PASSED] - verifyElementExist(findTestObject("Global Account Page/dynamicText", ["text":"To account"]), 5, CONTINUE_ON_FAILURE): Element 'Object Repository/Global Account Page/dynamicText' is exist

2024-03-05 15:36:47 - [MESSAGE][PASSED] - Element 'Object Repository/Global Account Page/dynamicText' is exist

2024-03-05 15:36:47 - [TEST_STEP][FAILED] - verifyElementExist(findTestObject("Global Account Page/dynamicText", ["text":"Global Access Account-i (USD)

9000 0002 1160"]), 5, CONTINUE_ON_FAILURE): Element 'Object Repository/Global Account Page/dynamicText' not found

2024-03-05 15:36:52 - [MESSAGE][FAILED] - Element 'Object Repository/Global Account Page/dynamicText' not found

2024-03-05 15:36:52 - [TEST_STEP][PASSED] - verifyElementExist(findTestObject("Global Account Page/dynamicText", ["text":"Transaction type"]), 5, CONTINUE_ON_FAILURE): Element 'Object Repository/Global Account Page/dynamicText' is exist

2024-03-05 15:36:52 - [MESSAGE][PASSED] - Element 'Object Repository/Global Account Page/dynamicText' is exist

2024-03-05 15:36:52 - [TEST_STEP][PASSED] - utilities.Mobile_Keywords.scrollFromTopToBottom(): utilities.Mobile_Keywords.scrollFromTopToBottom is PASSED

2024-03-05 15:36:52 - [MESSAGE][PASSED] - Current device physical height is 2138

2024-03-05 15:36:53 - [MESSAGE][PASSED] - Current device physical width is 1080

2024-03-05 15:36:54 - [MESSAGE][PASSED] - Swiped from 540,1,496 to 540,641

2024-03-05 15:36:59 - [MESSAGE][PASSED] - Delayed 5 second(s)

2024-03-05 15:36:59 - [MESSAGE][PASSED] - utilities.Mobile_Keywords.scrollFromTopToBottom is PASSED

2024-03-05 15:36:59 - [TEST_STEP][PASSED] - verifyElementExist(findTestObject("Global Account Page/dynamicText", ["text":Conversion_Fee]), 5, CONTINUE_ON_FAILURE): Element 'Object Repository/Global Account Page/dynamicText' is exist

2024-03-05 15:36:59 - [MESSAGE][PASSED] - Element 'Object Repository/Global Account Page/dynamicText' is exist

2024-03-05 15:36:59 - [TEST_STEP][PASSED] - verifyElementExist(findTestObject("Global Account Page/dynamicText", ["text":"Currency Conversion"]), 5, CONTINUE_ON_FAILURE): Element 'Object Repository/Global Account Page/dynamicText' is exist

2024-03-05 15:36:59 - [MESSAGE][PASSED] - Element 'Object Repository/Global Account Page/dynamicText' is exist

2024-03-05 15:36:59 - [TEST_STEP][PASSED] - verifyElementExist(findTestObject("Global Account Page/dynamicText", ["text":"Amount received"]), 5, CONTINUE_ON_FAILURE): Element 'Object Repository/Global Account Page/dynamicText' is exist

2024-03-05 15:36:59 - [MESSAGE][PASSED] - Element 'Object Repository/Global Account Page/dynamicText' is exist

2024-03-05 15:36:59 - [TEST_STEP][PASSED] - verifyElementExist(findTestObject("Global Account Page/dynamicText", ["text":"USD " + roundedNumber1]), 5, CONTINUE_ON_FAILURE): Element 'Object Repository/Global Account Page/dynamicText' is exist

2024-03-05 15:36:59 - [MESSAGE][PASSED] - Element 'Object Repository/Global Account Page/dynamicText' is exist

2024-03-05 15:37:00 - [TEST_STEP][PASSED] - takeScreenshot(): Screenshot is taken

2024-03-05 15:37:00 - [MESSAGE][PASSED] - Screenshot is taken
[[ATTACHMENT|/Users/00145409nuralianatasha/Desktop/automation_Retail_FX(public_git)/Reports/20240305_153300/SOW2/Entry Point - Quick Action (1)/20240305_153300/1709624220002.png]]

2024-03-05 15:37:00 - [TEST_STEP][PASSED] - tap(findTestObject("Market Order Page/android.widget.ImageViewBack_Button"), 0, CONTINUE_ON_FAILURE): Tapped on element 'Object Repository/Market Order Page/android.widget.ImageViewBack_Button'

2024-03-05 15:37:00 - [MESSAGE][WARNING] - Timeout '0' is invalid. Using default page load timeout: '30'

2024-03-05 15:37:00 - [MESSAGE][PASSED] - Tapped on element 'Object Repository/Market Order Page/android.widget.ImageViewBack_Button'

2024-03-05 15:37:00 - [TEST_STEP][PASSED] - waitForElementPresent(findTestObject("Global Account Page/dynamicText", ["text":"Transaction Successful"]), 5, CONTINUE_ON_FAILURE): Element 'Object Repository/Global Account Page/dynamicText' is present

2024-03-05 15:37:01 - [MESSAGE][PASSED] - Element 'Object Repository/Global Account Page/dynamicText' is present

2024-03-05 15:37:01 - [TEST_STEP][PASSED] - verifyElementExist(findTestObject("Global Account Page/dynamicText", ["text":"Transaction Successful"]), 5, CONTINUE_ON_FAILURE): Element 'Object Repository/Global Account Page/dynamicText' is exist

2024-03-05 15:37:01 - [MESSAGE][PASSED] - Element 'Object Repository/Global Account Page/dynamicText' is exist

2024-03-05 15:37:01 - [TEST_STEP][PASSED] - takeScreenshot(): Screenshot is taken

2024-03-05 15:37:02 - [MESSAGE][PASSED] - Screenshot is taken
[[ATTACHMENT|/Users/00145409nuralianatasha/Desktop/automation_Retail_FX(public_git)/Reports/20240305_153300/SOW2/Entry Point - Quick Action (1)/20240305_153300/1709624221798.png]]

2024-03-05 15:37:02 - [TEST_STEP][PASSED] - tap(findTestObject("Global Account Page/dynamicText", ["text":"Done"]), 0, CONTINUE_ON_FAILURE): Tapped on element 'Object Repository/Global Account Page/dynamicText'

2024-03-05 15:37:02 - [MESSAGE][WARNING] - Timeout '0' is invalid. Using default page load timeout: '30'

2024-03-05 15:37:02 - [MESSAGE][PASSED] - Tapped on element 'Object Repository/Global Account Page/dynamicText']]></system-out>
         <system-err><![CDATA[2024-03-05 15:33:09 - [TEST_CASE][FAILED] - Test Cases/RETAILFX-SOW2 Market Order/Entry Point - Quick Action/SOW2 - G1A Account to G1A Account: Test Cases/RETAILFX-SOW2 Market Order/Entry Point - Quick Action/SOW2 - G1A Account to G1A Account FAILED.
Reason:
com.kms.katalon.core.exception.StepFailedException: Element 'Object Repository/Global Account Page/dynamicText' not found
	at com.kms.katalon.core.keyword.internal.KeywordMain.stepFailed(KeywordMain.groovy:39)
	at com.kms.katalon.core.mobile.keyword.internal.MobileKeywordMain.stepFailed(MobileKeywordMain.groovy:40)
	at com.kms.katalon.core.mobile.keyword.builtin.VerifyElementExistKeyword$_verifyElementExist_closure1.doCall(VerifyElementExistKeyword.groovy:77)
	at com.kms.katalon.core.mobile.keyword.builtin.VerifyElementExistKeyword$_verifyElementExist_closure1.call(VerifyElementExistKeyword.groovy)
	at com.kms.katalon.core.mobile.keyword.internal.MobileKeywordMain.runKeyword(MobileKeywordMain.groovy:21)
	at com.kms.katalon.core.mobile.keyword.builtin.VerifyElementExistKeyword.verifyElementExist(VerifyElementExistKeyword.groovy:80)
	at com.kms.katalon.core.mobile.keyword.builtin.VerifyElementExistKeyword.execute(VerifyElementExistKeyword.groovy:64)
	at com.kms.katalon.core.keyword.internal.KeywordExecutor.executeKeywordForPlatform(KeywordExecutor.groovy:74)
	at com.kms.katalon.core.mobile.keyword.MobileBuiltInKeywords.verifyElementExist(MobileBuiltInKeywords.groovy:1739)
	at com.kms.katalon.core.mobile.keyword.MobileBuiltInKeywords$verifyElementExist$4.call(Unknown Source)
	at SOW2 - G1A Account to G1A Account.run(SOW2 - G1A Account to G1A Account:160)
	at com.kms.katalon.core.main.ScriptEngine.run(ScriptEngine.java:194)
	at com.kms.katalon.core.main.ScriptEngine.runScriptAsRawText(ScriptEngine.java:119)
	at com.kms.katalon.core.main.TestCaseExecutor.runScript(TestCaseExecutor.java:448)
	at com.kms.katalon.core.main.TestCaseExecutor.doExecute(TestCaseExecutor.java:439)
	at com.kms.katalon.core.main.TestCaseExecutor.processExecutionPhase(TestCaseExecutor.java:418)
	at com.kms.katalon.core.main.TestCaseExecutor.accessMainPhase(TestCaseExecutor.java:410)
	at com.kms.katalon.core.main.TestCaseExecutor.execute(TestCaseExecutor.java:285)
	at com.kms.katalon.core.common.CommonExecutor.accessTestCaseMainPhase(CommonExecutor.java:65)
	at com.kms.katalon.core.main.TestSuiteExecutor.accessTestSuiteMainPhase(TestSuiteExecutor.java:148)
	at com.kms.katalon.core.main.TestSuiteExecutor.execute(TestSuiteExecutor.java:106)
	at com.kms.katalon.core.main.TestCaseMain.startTestSuite(TestCaseMain.java:187)
	at com.kms.katalon.core.main.TestCaseMain$startTestSuite$0.call(Unknown Source)
	at TempTestSuite1709623980980.run(TempTestSuite1709623980980.groovy:36)]]></system-err>
      </testcase>
      <testcase name="Test Cases/RETAILFX-SOW2 Market Order/Entry Point - Quick Action/SOW2 - Current account to G1A Account" time="110.479" classname="Test Cases/RETAILFX-SOW2 Market Order/Entry Point - Quick Action/SOW2 - Current account to G1A Account" status="FAILED">
         <failure type="FAILED" message="Test Cases/RETAILFX-SOW2 Market Order/Entry Point - Quick Action/SOW2 - Current account to G1A Account FAILED.
Reason:
com.kms.katalon.core.exception.StepFailedException: Element 'Object Repository/Global Account Page/dynamicText' not found
	at com.kms.katalon.core.keyword.internal.KeywordMain.stepFailed(KeywordMain.groovy:39)
	at com.kms.katalon.core.mobile.keyword.internal.MobileKeywordMain.stepFailed(MobileKeywordMain.groovy:40)
	at com.kms.katalon.core.mobile.keyword.builtin.VerifyElementExistKeyword$_verifyElementExist_closure1.doCall(VerifyElementExistKeyword.groovy:77)
	at com.kms.katalon.core.mobile.keyword.builtin.VerifyElementExistKeyword$_verifyElementExist_closure1.call(VerifyElementExistKeyword.groovy)
	at com.kms.katalon.core.mobile.keyword.internal.MobileKeywordMain.runKeyword(MobileKeywordMain.groovy:21)
	at com.kms.katalon.core.mobile.keyword.builtin.VerifyElementExistKeyword.verifyElementExist(VerifyElementExistKeyword.groovy:80)
	at com.kms.katalon.core.mobile.keyword.builtin.VerifyElementExistKeyword.execute(VerifyElementExistKeyword.groovy:64)
	at com.kms.katalon.core.keyword.internal.KeywordExecutor.executeKeywordForPlatform(KeywordExecutor.groovy:74)
	at com.kms.katalon.core.mobile.keyword.MobileBuiltInKeywords.verifyElementExist(MobileBuiltInKeywords.groovy:1739)
	at com.kms.katalon.core.mobile.keyword.MobileBuiltInKeywords$verifyElementExist$4.call(Unknown Source)
	at SOW2 - Current account to G1A Account.run(SOW2 - Current account to G1A Account:134)
	at com.kms.katalon.core.main.ScriptEngine.run(ScriptEngine.java:194)
	at com.kms.katalon.core.main.ScriptEngine.runScriptAsRawText(ScriptEngine.java:119)
	at com.kms.katalon.core.main.TestCaseExecutor.runScript(TestCaseExecutor.java:448)
	at com.kms.katalon.core.main.TestCaseExecutor.doExecute(TestCaseExecutor.java:439)
	at com.kms.katalon.core.main.TestCaseExecutor.processExecutionPhase(TestCaseExecutor.java:418)
	at com.kms.katalon.core.main.TestCaseExecutor.accessMainPhase(TestCaseExecutor.java:410)
	at com.kms.katalon.core.main.TestCaseExecutor.execute(TestCaseExecutor.java:285)
	at com.kms.katalon.core.common.CommonExecutor.accessTestCaseMainPhase(CommonExecutor.java:65)
	at com.kms.katalon.core.main.TestSuiteExecutor.accessTestSuiteMainPhase(TestSuiteExecutor.java:148)
	at com.kms.katalon.core.main.TestSuiteExecutor.execute(TestSuiteExecutor.java:106)
	at com.kms.katalon.core.main.TestCaseMain.startTestSuite(TestCaseMain.java:187)
	at com.kms.katalon.core.main.TestCaseMain$startTestSuite$0.call(Unknown Source)
	at TempTestSuite1709623980980.run(TempTestSuite1709623980980.groovy:36)
"/>
         <system-out><![CDATA[2024-03-05 15:37:02 - [TEST_CASE][FAILED] - Test Cases/RETAILFX-SOW2 Market Order/Entry Point - Quick Action/SOW2 - Current account to G1A Account: Test Cases/RETAILFX-SOW2 Market Order/Entry Point - Quick Action/SOW2 - Current account to G1A Account FAILED.
Reason:
com.kms.katalon.core.exception.StepFailedException: Element 'Object Repository/Global Account Page/dynamicText' not found
	at com.kms.katalon.core.keyword.internal.KeywordMain.stepFailed(KeywordMain.groovy:39)
	at com.kms.katalon.core.mobile.keyword.internal.MobileKeywordMain.stepFailed(MobileKeywordMain.groovy:40)
	at com.kms.katalon.core.mobile.keyword.builtin.VerifyElementExistKeyword$_verifyElementExist_closure1.doCall(VerifyElementExistKeyword.groovy:77)
	at com.kms.katalon.core.mobile.keyword.builtin.VerifyElementExistKeyword$_verifyElementExist_closure1.call(VerifyElementExistKeyword.groovy)
	at com.kms.katalon.core.mobile.keyword.internal.MobileKeywordMain.runKeyword(MobileKeywordMain.groovy:21)
	at com.kms.katalon.core.mobile.keyword.builtin.VerifyElementExistKeyword.verifyElementExist(VerifyElementExistKeyword.groovy:80)
	at com.kms.katalon.core.mobile.keyword.builtin.VerifyElementExistKeyword.execute(VerifyElementExistKeyword.groovy:64)
	at com.kms.katalon.core.keyword.internal.KeywordExecutor.executeKeywordForPlatform(KeywordExecutor.groovy:74)
	at com.kms.katalon.core.mobile.keyword.MobileBuiltInKeywords.verifyElementExist(MobileBuiltInKeywords.groovy:1739)
	at com.kms.katalon.core.mobile.keyword.MobileBuiltInKeywords$verifyElementExist$4.call(Unknown Source)
	at SOW2 - Current account to G1A Account.run(SOW2 - Current account to G1A Account:134)
	at com.kms.katalon.core.main.ScriptEngine.run(ScriptEngine.java:194)
	at com.kms.katalon.core.main.ScriptEngine.runScriptAsRawText(ScriptEngine.java:119)
	at com.kms.katalon.core.main.TestCaseExecutor.runScript(TestCaseExecutor.java:448)
	at com.kms.katalon.core.main.TestCaseExecutor.doExecute(TestCaseExecutor.java:439)
	at com.kms.katalon.core.main.TestCaseExecutor.processExecutionPhase(TestCaseExecutor.java:418)
	at com.kms.katalon.core.main.TestCaseExecutor.accessMainPhase(TestCaseExecutor.java:410)
	at com.kms.katalon.core.main.TestCaseExecutor.execute(TestCaseExecutor.java:285)
	at com.kms.katalon.core.common.CommonExecutor.accessTestCaseMainPhase(CommonExecutor.java:65)
	at com.kms.katalon.core.main.TestSuiteExecutor.accessTestSuiteMainPhase(TestSuiteExecutor.java:148)
	at com.kms.katalon.core.main.TestSuiteExecutor.execute(TestSuiteExecutor.java:106)
	at com.kms.katalon.core.main.TestCaseMain.startTestSuite(TestCaseMain.java:187)
	at com.kms.katalon.core.main.TestCaseMain$startTestSuite$0.call(Unknown Source)
	at TempTestSuite1709623980980.run(TempTestSuite1709623980980.groovy:36)


2024-03-05 15:37:02 - [TEST_STEP][PASSED] - a = 8: null

2024-03-05 15:37:02 - [TEST_STEP][PASSED] - tap(findTestObject("Global Account Page/dynamicText", ["text":findTestData("Username_Password").getValue("G1A_Account_No", a)]), 0, CONTINUE_ON_FAILURE): Tapped on element 'Object Repository/Global Account Page/dynamicText'

2024-03-05 15:37:03 - [MESSAGE][WARNING] - Timeout '0' is invalid. Using default page load timeout: '30'

2024-03-05 15:37:03 - [MESSAGE][PASSED] - Tapped on element 'Object Repository/Global Account Page/dynamicText'

2024-03-05 15:37:03 - [TEST_STEP][PASSED] - tap(findTestObject("Global Account Page/dynamicText", ["text":"Convert Currency"]), 0, CONTINUE_ON_FAILURE): Tapped on element 'Object Repository/Global Account Page/dynamicText'

2024-03-05 15:37:03 - [MESSAGE][WARNING] - Timeout '0' is invalid. Using default page load timeout: '30'

2024-03-05 15:37:03 - [MESSAGE][PASSED] - Tapped on element 'Object Repository/Global Account Page/dynamicText'

2024-03-05 15:37:03 - [TEST_STEP][PASSED] - checkLinkedDevice = Validation.checkElementExists("Object Repository/Market Order Page/android.widget.TextView - Enter your password"): Element 'Object Repository/Market Order Page/android.widget.TextView - Enter your password' not found

2024-03-05 15:37:33 - [MESSAGE][WARNING] - Element 'Object Repository/Market Order Page/android.widget.TextView - Enter your password' not found

2024-03-05 15:37:33 - [TEST_STEP][PASSED] - if (checkLinkedDevice == true): null

2024-03-05 15:37:33 - [TEST_STEP][PASSED] - else: null

2024-03-05 15:37:33 - [TEST_STEP][PASSED] - CONTINUE_ON_FAILURE: null

2024-03-05 15:37:33 - [TEST_STEP][PASSED] - delay(5): Delayed 5 second(s)

2024-03-05 15:37:38 - [MESSAGE][PASSED] - Delayed 5 second(s)

2024-03-05 15:37:38 - [TEST_STEP][PASSED] - tap(findTestObject("SOW2-Market Order/android.widget.TextView _EditText"), 0, CONTINUE_ON_FAILURE): Tapped on element 'Object Repository/SOW2-Market Order/android.widget.TextView _EditText'

2024-03-05 15:37:38 - [MESSAGE][WARNING] - Timeout '0' is invalid. Using default page load timeout: '30'

2024-03-05 15:37:38 - [MESSAGE][PASSED] - Tapped on element 'Object Repository/SOW2-Market Order/android.widget.TextView _EditText'

2024-03-05 15:37:38 - [TEST_STEP][PASSED] - digits = "1000": null

2024-03-05 15:37:38 - [TEST_STEP][PASSED] - currency_Numpad(digits): null

2024-03-05 15:37:38 - [TEST_STEP][PASSED] - digit_length = digits.length(): null

2024-03-05 15:37:38 - [TEST_STEP][PASSED] - for ([i = 0, i < digit_length, (i++)]): Tapped on element 'Object Repository/Calc_Pad/android.widget.TextView - 0'

2024-03-05 15:37:38 - [TEST_STEP][PASSED] - if (digits[i] == "1"): Tapped on element 'Object Repository/Calc_Pad/android.widget.TextView - 1'

2024-03-05 15:37:38 - [TEST_STEP][PASSED] - tap(findTestObject("Object Repository/Calc_Pad/android.widget.TextView - 1"), 5, OPTIONAL): Tapped on element 'Object Repository/Calc_Pad/android.widget.TextView - 1'

2024-03-05 15:37:40 - [MESSAGE][PASSED] - Tapped on element 'Object Repository/Calc_Pad/android.widget.TextView - 1'

2024-03-05 15:37:40 - [TEST_STEP][PASSED] - if (digits[i] == "1"): null

2024-03-05 15:37:40 - [TEST_STEP][PASSED] - else if (digits[i] == "2"): null

2024-03-05 15:37:40 - [TEST_STEP][PASSED] - else if (digits[i] == "3"): null

2024-03-05 15:37:40 - [TEST_STEP][PASSED] - else if (digits[i] == "4"): null

2024-03-05 15:37:40 - [TEST_STEP][PASSED] - else if (digits[i] == "5"): null

2024-03-05 15:37:40 - [TEST_STEP][PASSED] - else if (digits[i] == "6"): null

2024-03-05 15:37:40 - [TEST_STEP][PASSED] - else if (digits[i] == "7"): null

2024-03-05 15:37:40 - [TEST_STEP][PASSED] - else if (digits[i] == "8"): null

2024-03-05 15:37:40 - [TEST_STEP][PASSED] - else if (digits[i] == "9"): null

2024-03-05 15:37:40 - [TEST_STEP][PASSED] - else if (digits[i] == "0"): Tapped on element 'Object Repository/Calc_Pad/android.widget.TextView - 0'

2024-03-05 15:37:40 - [TEST_STEP][PASSED] - tap(findTestObject("Object Repository/Calc_Pad/android.widget.TextView - 0"), 5, OPTIONAL): Tapped on element 'Object Repository/Calc_Pad/android.widget.TextView - 0'

2024-03-05 15:37:41 - [MESSAGE][PASSED] - Tapped on element 'Object Repository/Calc_Pad/android.widget.TextView - 0'

2024-03-05 15:37:41 - [TEST_STEP][PASSED] - if (digits[i] == "1"): null

2024-03-05 15:37:41 - [TEST_STEP][PASSED] - else if (digits[i] == "2"): null

2024-03-05 15:37:41 - [TEST_STEP][PASSED] - else if (digits[i] == "3"): null

2024-03-05 15:37:41 - [TEST_STEP][PASSED] - else if (digits[i] == "4"): null

2024-03-05 15:37:41 - [TEST_STEP][PASSED] - else if (digits[i] == "5"): null

2024-03-05 15:37:41 - [TEST_STEP][PASSED] - else if (digits[i] == "6"): null

2024-03-05 15:37:41 - [TEST_STEP][PASSED] - else if (digits[i] == "7"): null

2024-03-05 15:37:41 - [TEST_STEP][PASSED] - else if (digits[i] == "8"): null

2024-03-05 15:37:41 - [TEST_STEP][PASSED] - else if (digits[i] == "9"): null

2024-03-05 15:37:41 - [TEST_STEP][PASSED] - else if (digits[i] == "0"): Tapped on element 'Object Repository/Calc_Pad/android.widget.TextView - 0'

2024-03-05 15:37:41 - [TEST_STEP][PASSED] - tap(findTestObject("Object Repository/Calc_Pad/android.widget.TextView - 0"), 5, OPTIONAL): Tapped on element 'Object Repository/Calc_Pad/android.widget.TextView - 0'

2024-03-05 15:37:42 - [MESSAGE][PASSED] - Tapped on element 'Object Repository/Calc_Pad/android.widget.TextView - 0'

2024-03-05 15:37:42 - [TEST_STEP][PASSED] - if (digits[i] == "1"): null

2024-03-05 15:37:42 - [TEST_STEP][PASSED] - else if (digits[i] == "2"): null

2024-03-05 15:37:42 - [TEST_STEP][PASSED] - else if (digits[i] == "3"): null

2024-03-05 15:37:42 - [TEST_STEP][PASSED] - else if (digits[i] == "4"): null

2024-03-05 15:37:42 - [TEST_STEP][PASSED] - else if (digits[i] == "5"): null

2024-03-05 15:37:42 - [TEST_STEP][PASSED] - else if (digits[i] == "6"): null

2024-03-05 15:37:42 - [TEST_STEP][PASSED] - else if (digits[i] == "7"): null

2024-03-05 15:37:42 - [TEST_STEP][PASSED] - else if (digits[i] == "8"): null

2024-03-05 15:37:42 - [TEST_STEP][PASSED] - else if (digits[i] == "9"): null

2024-03-05 15:37:42 - [TEST_STEP][PASSED] - else if (digits[i] == "0"): Tapped on element 'Object Repository/Calc_Pad/android.widget.TextView - 0'

2024-03-05 15:37:42 - [TEST_STEP][PASSED] - tap(findTestObject("Object Repository/Calc_Pad/android.widget.TextView - 0"), 5, OPTIONAL): Tapped on element 'Object Repository/Calc_Pad/android.widget.TextView - 0'

2024-03-05 15:37:43 - [MESSAGE][PASSED] - Tapped on element 'Object Repository/Calc_Pad/android.widget.TextView - 0'

2024-03-05 15:37:43 - [TEST_STEP][PASSED] - tap(findTestObject("Object Repository/Calc_Pad/android.widget.Image"), 5, OPTIONAL): Tapped on element 'Object Repository/Calc_Pad/android.widget.Image'

2024-03-05 15:37:43 - [MESSAGE][PASSED] - Tapped on element 'Object Repository/Calc_Pad/android.widget.Image'

2024-03-05 15:37:43 - [TEST_STEP][PASSED] - utilities.Mobile_Keywords.sow2market_orderdropdown("US Dol", "USD - US Dollar"): utilities.Mobile_Keywords.sow2market_orderdropdown is PASSED

2024-03-05 15:37:43 - [MESSAGE][WARNING] - Timeout '0' is invalid. Using default page load timeout: '30'

2024-03-05 15:37:44 - [MESSAGE][PASSED] - Tapped on element 'Object Repository/SOW2-Market Order/Select_Currency Dropdown'

2024-03-05 15:37:45 - [MESSAGE][PASSED] - Element 'Object Repository/SOW2-Market Order/android.view.View - Select Currency' is present

2024-03-05 15:37:45 - [MESSAGE][PASSED] - Element 'Object Repository/SOW2-Market Order/android.view.View - Select Currency' is exist

2024-03-05 15:37:45 - [MESSAGE][PASSED] - Tapped on element 'Object Repository/SOW2-Market Order/android.widget.EditText_SearchCurrency'

2024-03-05 15:37:46 - [MESSAGE][PASSED] - Text 'US Dol' has been set to element 'Object Repository/SOW2-Market Order/android.widget.EditText_SearchCurrency'

2024-03-05 15:37:47 - [MESSAGE][PASSED] - Keyboard is hidden

2024-03-05 15:37:47 - [MESSAGE][PASSED] - Element 'Object Repository/Global Account Page/dynamicText' is exist

2024-03-05 15:37:48 - [MESSAGE][PASSED] - Tapped on element 'Object Repository/Global Account Page/dynamicText'

2024-03-05 15:37:48 - [MESSAGE][PASSED] - utilities.Mobile_Keywords.sow2market_orderdropdown is PASSED

2024-03-05 15:37:48 - [TEST_STEP][PASSED] - waitForElementPresent(findTestObject("Global Account Page/dynamicText", ["text":"Exchange rate"]), 5, CONTINUE_ON_FAILURE): Element 'Object Repository/Global Account Page/dynamicText' is present

2024-03-05 15:37:48 - [MESSAGE][PASSED] - Element 'Object Repository/Global Account Page/dynamicText' is present

2024-03-05 15:37:48 - [TEST_STEP][PASSED] - verifyElementExist(findTestObject("Global Account Page/dynamicText", ["text":"Exchange rate"]), 5, CONTINUE_ON_FAILURE): Element 'Object Repository/Global Account Page/dynamicText' is exist

2024-03-05 15:37:49 - [MESSAGE][PASSED] - Element 'Object Repository/Global Account Page/dynamicText' is exist

2024-03-05 15:37:49 - [TEST_STEP][PASSED] - currency_TextMsg = getText(findTestObject("General/android.widget.TextView _Conversion"), 0, CONTINUE_ON_FAILURE): Text of element 'Object Repository/General/android.widget.TextView _Conversion' is: 'USD 1 = MYR 4.746'

2024-03-05 15:37:49 - [MESSAGE][WARNING] - Timeout '0' is invalid. Using default page load timeout: '30'

2024-03-05 15:37:49 - [MESSAGE][PASSED] - Text of element 'Object Repository/General/android.widget.TextView _Conversion' is: 'USD 1 = MYR 4.746'

2024-03-05 15:37:49 - [TEST_STEP][PASSED] - roundedNumber = Validation.staffConvertUSDToMYR(currency_TextMsg, 10.00): null

2024-03-05 15:37:49 - [TEST_STEP][PASSED] - verifyElementExist(findTestObject("Global Account Page/dynamicText", ["text":"Conversion fee"]), 5, CONTINUE_ON_FAILURE): Element 'Object Repository/Global Account Page/dynamicText' is exist

2024-03-05 15:37:49 - [MESSAGE][PASSED] - Element 'Object Repository/Global Account Page/dynamicText' is exist

2024-03-05 15:37:49 - [TEST_STEP][PASSED] - Conversion_Fee = getText(findTestObject("SOW2-Market Order/ConversionFee_Text"), 5, CONTINUE_ON_FAILURE): Text of element 'Object Repository/SOW2-Market Order/ConversionFee_Text' is: 'USD 0.00'

2024-03-05 15:37:49 - [MESSAGE][PASSED] - Text of element 'Object Repository/SOW2-Market Order/ConversionFee_Text' is: 'USD 0.00'

2024-03-05 15:37:49 - [TEST_STEP][PASSED] - verifyElementExist(findTestObject("Global Account Page/dynamicText", ["text":"Total to pay"]), 5, CONTINUE_ON_FAILURE): Element 'Object Repository/Global Account Page/dynamicText' is exist

2024-03-05 15:37:49 - [MESSAGE][PASSED] - Element 'Object Repository/Global Account Page/dynamicText' is exist

2024-03-05 15:37:49 - [TEST_STEP][PASSED] - verifyElementExist(findTestObject("Global Account Page/dynamicText", ["text":"MYR 10.00"]), 5, CONTINUE_ON_FAILURE): Element 'Object Repository/Global Account Page/dynamicText' is exist

2024-03-05 15:37:49 - [MESSAGE][PASSED] - Element 'Object Repository/Global Account Page/dynamicText' is exist

2024-03-05 15:37:49 - [TEST_STEP][PASSED] - verifyElementExist(findTestObject("Global Account Page/dynamicText", ["text":"Amount to receive"]), 5, CONTINUE_ON_FAILURE): Element 'Object Repository/Global Account Page/dynamicText' is exist

2024-03-05 15:37:49 - [MESSAGE][PASSED] - Element 'Object Repository/Global Account Page/dynamicText' is exist

2024-03-05 15:37:49 - [TEST_STEP][PASSED] - verifyElementExist(findTestObject("General/android.widget.EditText _AmountReceived", ["text":roundedNumber]), 5, CONTINUE_ON_FAILURE): Element 'Object Repository/General/android.widget.EditText _AmountReceived' is exist

2024-03-05 15:37:49 - [MESSAGE][PASSED] - Element 'Object Repository/General/android.widget.EditText _AmountReceived' is exist

2024-03-05 15:37:49 - [TEST_STEP][PASSED] - takeScreenshot(): Screenshot is taken

2024-03-05 15:37:50 - [MESSAGE][PASSED] - Screenshot is taken
[[ATTACHMENT|/Users/00145409nuralianatasha/Desktop/automation_Retail_FX(public_git)/Reports/20240305_153300/SOW2/Entry Point - Quick Action (1)/20240305_153300/1709624269820.png]]

2024-03-05 15:37:50 - [TEST_STEP][PASSED] - tap(findTestObject("SOW2-Market Order/android.widget.Dynamic_Button", ["text":"Next"]), 0, CONTINUE_ON_FAILURE): Tapped on element 'Object Repository/SOW2-Market Order/android.widget.Dynamic_Button'

2024-03-05 15:37:50 - [MESSAGE][WARNING] - Timeout '0' is invalid. Using default page load timeout: '30'

2024-03-05 15:37:50 - [MESSAGE][PASSED] - Tapped on element 'Object Repository/SOW2-Market Order/android.widget.Dynamic_Button'

2024-03-05 15:37:50 - [TEST_STEP][PASSED] - swipe(450, 884, 0, 884, CONTINUE_ON_FAILURE): Swiped from 450,884 to 0,884

2024-03-05 15:37:51 - [MESSAGE][PASSED] - Swiped from 450,884 to 0,884

2024-03-05 15:37:51 - [TEST_STEP][PASSED] - tap(findTestObject("Global Account Page/dynamicText", ["text":"Current Account-i (MYR)"]), 0, CONTINUE_ON_FAILURE): Tapped on element 'Object Repository/Global Account Page/dynamicText'

2024-03-05 15:37:51 - [MESSAGE][WARNING] - Timeout '0' is invalid. Using default page load timeout: '30'

2024-03-05 15:37:52 - [MESSAGE][PASSED] - Tapped on element 'Object Repository/Global Account Page/dynamicText'

2024-03-05 15:37:52 - [TEST_STEP][PASSED] - takeScreenshot(): Screenshot is taken

2024-03-05 15:37:52 - [MESSAGE][PASSED] - Screenshot is taken
[[ATTACHMENT|/Users/00145409nuralianatasha/Desktop/automation_Retail_FX(public_git)/Reports/20240305_153300/SOW2/Entry Point - Quick Action (1)/20240305_153300/1709624272117.png]]

2024-03-05 15:37:52 - [TEST_STEP][PASSED] - tap(findTestObject("SOW2-Market Order/android.widget.Dynamic_Button", ["text":"Get Quote"]), 0, CONTINUE_ON_FAILURE): Tapped on element 'Object Repository/SOW2-Market Order/android.widget.Dynamic_Button'

2024-03-05 15:37:52 - [MESSAGE][WARNING] - Timeout '0' is invalid. Using default page load timeout: '30'

2024-03-05 15:37:52 - [MESSAGE][PASSED] - Tapped on element 'Object Repository/SOW2-Market Order/android.widget.Dynamic_Button'

2024-03-05 15:37:52 - [TEST_STEP][PASSED] - waitForElementPresent(findTestObject("Global Account Page/dynamicText", ["text":"Confirmation"]), 5, CONTINUE_ON_FAILURE): Element 'Object Repository/Global Account Page/dynamicText' is present

2024-03-05 15:37:54 - [MESSAGE][PASSED] - Element 'Object Repository/Global Account Page/dynamicText' is present

2024-03-05 15:37:54 - [TEST_STEP][PASSED] - verifyElementExist(findTestObject("Global Account Page/dynamicText", ["text":"Confirmation"]), 5, CONTINUE_ON_FAILURE): Element 'Object Repository/Global Account Page/dynamicText' is exist

2024-03-05 15:37:54 - [MESSAGE][PASSED] - Element 'Object Repository/Global Account Page/dynamicText' is exist

2024-03-05 15:37:54 - [TEST_STEP][PASSED] - currency_TextMsg1 = getText(findTestObject("General/android.widget.TextView _Conversion"), 0, CONTINUE_ON_FAILURE): Text of element 'Object Repository/General/android.widget.TextView _Conversion' is: 'USD 1 = MYR 4.718'

2024-03-05 15:37:54 - [MESSAGE][WARNING] - Timeout '0' is invalid. Using default page load timeout: '30'

2024-03-05 15:37:54 - [MESSAGE][PASSED] - Text of element 'Object Repository/General/android.widget.TextView _Conversion' is: 'USD 1 = MYR 4.718'

2024-03-05 15:37:54 - [TEST_STEP][PASSED] - roundedNumber1 = Validation.staffConvertUSDToMYR(currency_TextMsg1, 10.00): null

2024-03-05 15:37:54 - [TEST_STEP][PASSED] - verifyElementExist(findTestObject("Global Account Page/dynamicText", ["text":"Transfer from"]), 5, CONTINUE_ON_FAILURE): Element 'Object Repository/Global Account Page/dynamicText' is exist

2024-03-05 15:37:55 - [MESSAGE][PASSED] - Element 'Object Repository/Global Account Page/dynamicText' is exist

2024-03-05 15:37:55 - [TEST_STEP][PASSED] - verifyElementExist(findTestObject("Global Account Page/dynamicText", ["text":"Current Account-i (MYR)"]), 5, CONTINUE_ON_FAILURE): Element 'Object Repository/Global Account Page/dynamicText' is exist

2024-03-05 15:37:55 - [MESSAGE][PASSED] - Element 'Object Repository/Global Account Page/dynamicText' is exist

2024-03-05 15:37:55 - [TEST_STEP][PASSED] - verifyElementExist(findTestObject("Global Account Page/dynamicText", ["text":"Transfer to"]), 5, CONTINUE_ON_FAILURE): Element 'Object Repository/Global Account Page/dynamicText' is exist

2024-03-05 15:37:55 - [MESSAGE][PASSED] - Element 'Object Repository/Global Account Page/dynamicText' is exist

2024-03-05 15:37:55 - [TEST_STEP][PASSED] - verifyElementExist(findTestObject("Global Account Page/dynamicText", ["text":"Global Access Account-i (USD)"]), 5, CONTINUE_ON_FAILURE): Element 'Object Repository/Global Account Page/dynamicText' is exist

2024-03-05 15:37:55 - [MESSAGE][PASSED] - Element 'Object Repository/Global Account Page/dynamicText' is exist

2024-03-05 15:37:55 - [TEST_STEP][PASSED] - verifyElementExist(findTestObject("Global Account Page/dynamicText", ["text":"Amount to receive"]), 5, CONTINUE_ON_FAILURE): Element 'Object Repository/Global Account Page/dynamicText' is exist

2024-03-05 15:37:55 - [MESSAGE][PASSED] - Element 'Object Repository/Global Account Page/dynamicText' is exist

2024-03-05 15:37:55 - [TEST_STEP][PASSED] - verifyElementExist(findTestObject("Global Account Page/dynamicText", ["text":"USD " + roundedNumber1]), 5, CONTINUE_ON_FAILURE): Element 'Object Repository/Global Account Page/dynamicText' is exist

2024-03-05 15:37:56 - [MESSAGE][PASSED] - Element 'Object Repository/Global Account Page/dynamicText' is exist

2024-03-05 15:37:56 - [TEST_STEP][PASSED] - verifyElementExist(findTestObject("Global Account Page/dynamicText", ["text":"Transaction type"]), 5, CONTINUE_ON_FAILURE): Element 'Object Repository/Global Account Page/dynamicText' is exist

2024-03-05 15:37:56 - [MESSAGE][PASSED] - Element 'Object Repository/Global Account Page/dynamicText' is exist

2024-03-05 15:37:56 - [TEST_STEP][PASSED] - verifyElementExist(findTestObject("Global Account Page/dynamicText", ["text":"Currency Conversion"]), 5, CONTINUE_ON_FAILURE): Element 'Object Repository/Global Account Page/dynamicText' is exist

2024-03-05 15:37:56 - [MESSAGE][PASSED] - Element 'Object Repository/Global Account Page/dynamicText' is exist

2024-03-05 15:37:56 - [TEST_STEP][FAILED] - verifyElementExist(findTestObject("Global Account Page/dynamicText", ["text":"I have read and agree to the BNM Foreign Exchange Rules, I accept the declaration as well as the Terms & Conditions for this transfer."]), 5, CONTINUE_ON_FAILURE): Element 'Object Repository/Global Account Page/dynamicText' not found

2024-03-05 15:38:02 - [MESSAGE][FAILED] - Element 'Object Repository/Global Account Page/dynamicText' not found

2024-03-05 15:38:02 - [TEST_STEP][PASSED] - takeScreenshot(CONTINUE_ON_FAILURE): Screenshot is taken

2024-03-05 15:38:02 - [MESSAGE][PASSED] - Screenshot is taken
[[ATTACHMENT|/Users/00145409nuralianatasha/Desktop/automation_Retail_FX(public_git)/Reports/20240305_153300/SOW2/Entry Point - Quick Action (1)/20240305_153300/1709624282122.png]]

2024-03-05 15:38:02 - [TEST_STEP][PASSED] - tap(findTestObject("SOW2-Market Order/android.view.View - I have read and agree to the BNM Foreign Exchange Rules, I accept the declaration as well as the Terms  Conditions for this transfer"), 0, CONTINUE_ON_FAILURE): Tapped on element 'Object Repository/SOW2-Market Order/android.view.View - I have read and agree to the BNM Foreign Exchange Rules, I accept the declaration as well as the Terms  Conditions for this transfer'

2024-03-05 15:38:02 - [MESSAGE][WARNING] - Timeout '0' is invalid. Using default page load timeout: '30'

2024-03-05 15:38:02 - [MESSAGE][PASSED] - Tapped on element 'Object Repository/SOW2-Market Order/android.view.View - I have read and agree to the BNM Foreign Exchange Rules, I accept the declaration as well as the Terms  Conditions for this transfer'

2024-03-05 15:38:02 - [TEST_STEP][PASSED] - utilities.Mobile_Keywords.scrollFromTopToBottom(): utilities.Mobile_Keywords.scrollFromTopToBottom is PASSED

2024-03-05 15:38:03 - [MESSAGE][PASSED] - Current device physical height is 2138

2024-03-05 15:38:03 - [MESSAGE][PASSED] - Current device physical width is 1080

2024-03-05 15:38:04 - [MESSAGE][PASSED] - Swiped from 540,1,496 to 540,641

2024-03-05 15:38:09 - [MESSAGE][PASSED] - Delayed 5 second(s)

2024-03-05 15:38:09 - [MESSAGE][PASSED] - utilities.Mobile_Keywords.scrollFromTopToBottom is PASSED

2024-03-05 15:38:09 - [TEST_STEP][PASSED] - tap(findTestObject("SOW2-Market Order/android.widget.Dynamic_Button", ["text":"Confirm"]), 0, CONTINUE_ON_FAILURE): Tapped on element 'Object Repository/SOW2-Market Order/android.widget.Dynamic_Button'

2024-03-05 15:38:09 - [MESSAGE][WARNING] - Timeout '0' is invalid. Using default page load timeout: '30'

2024-03-05 15:38:09 - [MESSAGE][PASSED] - Tapped on element 'Object Repository/SOW2-Market Order/android.widget.Dynamic_Button'

2024-03-05 15:38:09 - [TEST_STEP][PASSED] - waitForElementPresent(findTestObject("Global Account Page/dynamicText", ["text":"Transaction Successful"]), 5, CONTINUE_ON_FAILURE): Element 'Object Repository/Global Account Page/dynamicText' is present

2024-03-05 15:38:20 - [MESSAGE][PASSED] - Element 'Object Repository/Global Account Page/dynamicText' is present

2024-03-05 15:38:20 - [TEST_STEP][PASSED] - verifyElementExist(findTestObject("Global Account Page/dynamicText", ["text":"Transaction Successful"]), 5, CONTINUE_ON_FAILURE): Element 'Object Repository/Global Account Page/dynamicText' is exist

2024-03-05 15:38:20 - [MESSAGE][PASSED] - Element 'Object Repository/Global Account Page/dynamicText' is exist

2024-03-05 15:38:20 - [TEST_STEP][PASSED] - verifyElementExist(findTestObject("Global Account Page/dynamicText", ["text":"Reference ID"]), 5, CONTINUE_ON_FAILURE): Element 'Object Repository/Global Account Page/dynamicText' is exist

2024-03-05 15:38:20 - [MESSAGE][PASSED] - Element 'Object Repository/Global Account Page/dynamicText' is exist

2024-03-05 15:38:20 - [TEST_STEP][PASSED] - verifyElementExist(findTestObject("Global Account Page/dynamicText", ["text":"Order ID"]), 5, CONTINUE_ON_FAILURE): Element 'Object Repository/Global Account Page/dynamicText' is exist

2024-03-05 15:38:20 - [MESSAGE][PASSED] - Element 'Object Repository/Global Account Page/dynamicText' is exist

2024-03-05 15:38:20 - [TEST_STEP][PASSED] - reference_id = getText(findTestObject("Market Order Page/android.widget.TextView - Reference ID"), 5, CONTINUE_ON_FAILURE): Text of element 'Object Repository/Market Order Page/android.widget.TextView - Reference ID' is: '004137257M'

2024-03-05 15:38:20 - [MESSAGE][PASSED] - Text of element 'Object Repository/Market Order Page/android.widget.TextView - Reference ID' is: '004137257M'

2024-03-05 15:38:20 - [TEST_STEP][PASSED] - verifyElementExist(findTestObject("Global Account Page/dynamicText", ["text":"Order ID"]), 5, CONTINUE_ON_FAILURE): Element 'Object Repository/Global Account Page/dynamicText' is exist

2024-03-05 15:38:20 - [MESSAGE][PASSED] - Element 'Object Repository/Global Account Page/dynamicText' is exist

2024-03-05 15:38:20 - [TEST_STEP][PASSED] - verifyElementExist(findTestObject("Global Account Page/dynamicText", ["text":"Date & time"]), 5, CONTINUE_ON_FAILURE): Element 'Object Repository/Global Account Page/dynamicText' is exist

2024-03-05 15:38:20 - [MESSAGE][PASSED] - Element 'Object Repository/Global Account Page/dynamicText' is exist

2024-03-05 15:38:20 - [TEST_STEP][PASSED] - verifyElementExist(findTestObject("Global Account Page/dynamicText", ["text":"Converted from"]), 5, CONTINUE_ON_FAILURE): Element 'Object Repository/Global Account Page/dynamicText' is exist

2024-03-05 15:38:20 - [MESSAGE][PASSED] - Element 'Object Repository/Global Account Page/dynamicText' is exist

2024-03-05 15:38:20 - [TEST_STEP][PASSED] - verifyElementExist(findTestObject("Global Account Page/dynamicText", ["text":"Amount received"]), 5, CONTINUE_ON_FAILURE): Element 'Object Repository/Global Account Page/dynamicText' is exist

2024-03-05 15:38:20 - [MESSAGE][PASSED] - Element 'Object Repository/Global Account Page/dynamicText' is exist

2024-03-05 15:38:20 - [TEST_STEP][PASSED] - verifyElementExist(findTestObject("Global Account Page/dynamicText", ["text":"USD " + roundedNumber1]), 5, CONTINUE_ON_FAILURE): Element 'Object Repository/Global Account Page/dynamicText' is exist

2024-03-05 15:38:20 - [MESSAGE][PASSED] - Element 'Object Repository/Global Account Page/dynamicText' is exist

2024-03-05 15:38:20 - [TEST_STEP][PASSED] - verifyElementExist(findTestObject("Global Account Page/dynamicText", ["text":"Exchange rate"]), 5, CONTINUE_ON_FAILURE): Element 'Object Repository/Global Account Page/dynamicText' is exist

2024-03-05 15:38:21 - [MESSAGE][PASSED] - Element 'Object Repository/Global Account Page/dynamicText' is exist

2024-03-05 15:38:21 - [TEST_STEP][PASSED] - verifyElementExist(findTestObject("Global Account Page/dynamicText", ["text":"Transaction type"]), 5, CONTINUE_ON_FAILURE): Element 'Object Repository/Global Account Page/dynamicText' is exist

2024-03-05 15:38:21 - [MESSAGE][PASSED] - Element 'Object Repository/Global Account Page/dynamicText' is exist

2024-03-05 15:38:21 - [TEST_STEP][PASSED] - verifyElementExist(findTestObject("Global Account Page/dynamicText", ["text":"Currency Conversion"]), 5, CONTINUE_ON_FAILURE): Element 'Object Repository/Global Account Page/dynamicText' is exist

2024-03-05 15:38:21 - [MESSAGE][PASSED] - Element 'Object Repository/Global Account Page/dynamicText' is exist

2024-03-05 15:38:21 - [TEST_STEP][PASSED] - verifyElementExist(findTestObject("Global Account Page/dynamicText", ["text":"Share Receipt"]), 5, CONTINUE_ON_FAILURE): Element 'Object Repository/Global Account Page/dynamicText' is exist

2024-03-05 15:38:21 - [MESSAGE][PASSED] - Element 'Object Repository/Global Account Page/dynamicText' is exist

2024-03-05 15:38:21 - [TEST_STEP][PASSED] - verifyElementExist(findTestObject("Global Account Page/dynamicText", ["text":"Done"]), 5, CONTINUE_ON_FAILURE): Element 'Object Repository/Global Account Page/dynamicText' is exist

2024-03-05 15:38:21 - [MESSAGE][PASSED] - Element 'Object Repository/Global Account Page/dynamicText' is exist

2024-03-05 15:38:21 - [TEST_STEP][PASSED] - takeScreenshot(CONTINUE_ON_FAILURE): Screenshot is taken

2024-03-05 15:38:21 - [MESSAGE][PASSED] - Screenshot is taken
[[ATTACHMENT|/Users/00145409nuralianatasha/Desktop/automation_Retail_FX(public_git)/Reports/20240305_153300/SOW2/Entry Point - Quick Action (1)/20240305_153300/1709624301378.png]]

2024-03-05 15:38:21 - [TEST_STEP][PASSED] - tap(findTestObject("Global Account Page/dynamicText", ["text":"Share Receipt"]), 0, CONTINUE_ON_FAILURE): Tapped on element 'Object Repository/Global Account Page/dynamicText'

2024-03-05 15:38:21 - [MESSAGE][WARNING] - Timeout '0' is invalid. Using default page load timeout: '30'

2024-03-05 15:38:21 - [MESSAGE][PASSED] - Tapped on element 'Object Repository/Global Account Page/dynamicText'

2024-03-05 15:38:21 - [TEST_STEP][PASSED] - delay(10): Delayed 10 second(s)

2024-03-05 15:38:32 - [MESSAGE][PASSED] - Delayed 10 second(s)

2024-03-05 15:38:32 - [TEST_STEP][PASSED] - waitForElementPresent(findTestObject("Global Account Page/dynamicText", ["text":"Currency Exchange"]), 5, CONTINUE_ON_FAILURE): Element 'Object Repository/Global Account Page/dynamicText' is present

2024-03-05 15:38:32 - [MESSAGE][PASSED] - Element 'Object Repository/Global Account Page/dynamicText' is present

2024-03-05 15:38:32 - [TEST_STEP][PASSED] - verifyElementExist(findTestObject("Global Account Page/dynamicText", ["text":"Completed"]), 5, CONTINUE_ON_FAILURE): Element 'Object Repository/Global Account Page/dynamicText' is exist

2024-03-05 15:38:32 - [MESSAGE][PASSED] - Element 'Object Repository/Global Account Page/dynamicText' is exist

2024-03-05 15:38:32 - [TEST_STEP][PASSED] - takeScreenshot(): Screenshot is taken

2024-03-05 15:38:32 - [MESSAGE][PASSED] - Screenshot is taken
[[ATTACHMENT|/Users/00145409nuralianatasha/Desktop/automation_Retail_FX(public_git)/Reports/20240305_153300/SOW2/Entry Point - Quick Action (1)/20240305_153300/1709624312389.png]]

2024-03-05 15:38:32 - [TEST_STEP][PASSED] - verifyElementExist(findTestObject("Global Account Page/dynamicText", ["text":"From account"]), 5, CONTINUE_ON_FAILURE): Element 'Object Repository/Global Account Page/dynamicText' is exist

2024-03-05 15:38:33 - [MESSAGE][PASSED] - Element 'Object Repository/Global Account Page/dynamicText' is exist

2024-03-05 15:38:33 - [TEST_STEP][FAILED] - verifyElementExist(findTestObject("Global Account Page/dynamicText", ["text":"Current Account-i

5640 1714 8767"]), 5, CONTINUE_ON_FAILURE): Element 'Object Repository/Global Account Page/dynamicText' not found

2024-03-05 15:38:38 - [MESSAGE][FAILED] - Element 'Object Repository/Global Account Page/dynamicText' not found

2024-03-05 15:38:38 - [TEST_STEP][PASSED] - verifyElementExist(findTestObject("Global Account Page/dynamicText", ["text":"To account"]), 5, CONTINUE_ON_FAILURE): Element 'Object Repository/Global Account Page/dynamicText' is exist

2024-03-05 15:38:38 - [MESSAGE][PASSED] - Element 'Object Repository/Global Account Page/dynamicText' is exist

2024-03-05 15:38:38 - [TEST_STEP][FAILED] - verifyElementExist(findTestObject("Global Account Page/dynamicText", ["text":"Global Access Account-i (USD)

9000 0002 1160"]), 5, CONTINUE_ON_FAILURE): Element 'Object Repository/Global Account Page/dynamicText' not found

2024-03-05 15:38:43 - [MESSAGE][FAILED] - Element 'Object Repository/Global Account Page/dynamicText' not found

2024-03-05 15:38:43 - [TEST_STEP][PASSED] - utilities.Mobile_Keywords.scrollFromTopToBottom(): utilities.Mobile_Keywords.scrollFromTopToBottom is PASSED

2024-03-05 15:38:43 - [MESSAGE][PASSED] - Current device physical height is 2138

2024-03-05 15:38:43 - [MESSAGE][PASSED] - Current device physical width is 1080

2024-03-05 15:38:45 - [MESSAGE][PASSED] - Swiped from 540,1,496 to 540,641

2024-03-05 15:38:50 - [MESSAGE][PASSED] - Delayed 5 second(s)

2024-03-05 15:38:50 - [MESSAGE][PASSED] - utilities.Mobile_Keywords.scrollFromTopToBottom is PASSED

2024-03-05 15:38:50 - [TEST_STEP][PASSED] - verifyElementExist(findTestObject("Global Account Page/dynamicText", ["text":Conversion_Fee]), 5, CONTINUE_ON_FAILURE): Element 'Object Repository/Global Account Page/dynamicText' is exist

2024-03-05 15:38:50 - [MESSAGE][PASSED] - Element 'Object Repository/Global Account Page/dynamicText' is exist

2024-03-05 15:38:50 - [TEST_STEP][PASSED] - verifyElementExist(findTestObject("Global Account Page/dynamicText", ["text":"Amount received"]), 5, CONTINUE_ON_FAILURE): Element 'Object Repository/Global Account Page/dynamicText' is exist

2024-03-05 15:38:50 - [MESSAGE][PASSED] - Element 'Object Repository/Global Account Page/dynamicText' is exist

2024-03-05 15:38:50 - [TEST_STEP][PASSED] - verifyElementExist(findTestObject("Global Account Page/dynamicText", ["text":"USD " + roundedNumber1]), 5, CONTINUE_ON_FAILURE): Element 'Object Repository/Global Account Page/dynamicText' is exist

2024-03-05 15:38:50 - [MESSAGE][PASSED] - Element 'Object Repository/Global Account Page/dynamicText' is exist

2024-03-05 15:38:50 - [TEST_STEP][PASSED] - takeScreenshot(): Screenshot is taken

2024-03-05 15:38:51 - [MESSAGE][PASSED] - Screenshot is taken
[[ATTACHMENT|/Users/00145409nuralianatasha/Desktop/automation_Retail_FX(public_git)/Reports/20240305_153300/SOW2/Entry Point - Quick Action (1)/20240305_153300/1709624330542.png]]

2024-03-05 15:38:51 - [TEST_STEP][PASSED] - tap(findTestObject("Market Order Page/android.widget.ImageViewBack_Button"), 0, CONTINUE_ON_FAILURE): Tapped on element 'Object Repository/Market Order Page/android.widget.ImageViewBack_Button'

2024-03-05 15:38:51 - [MESSAGE][WARNING] - Timeout '0' is invalid. Using default page load timeout: '30'

2024-03-05 15:38:51 - [MESSAGE][PASSED] - Tapped on element 'Object Repository/Market Order Page/android.widget.ImageViewBack_Button'

2024-03-05 15:38:51 - [TEST_STEP][PASSED] - waitForElementPresent(findTestObject("Global Account Page/dynamicText", ["text":"Transaction Successful"]), 5, CONTINUE_ON_FAILURE): Element 'Object Repository/Global Account Page/dynamicText' is present

2024-03-05 15:38:52 - [MESSAGE][PASSED] - Element 'Object Repository/Global Account Page/dynamicText' is present

2024-03-05 15:38:52 - [TEST_STEP][PASSED] - verifyElementExist(findTestObject("Global Account Page/dynamicText", ["text":"Transaction Successful"]), 5, CONTINUE_ON_FAILURE): Element 'Object Repository/Global Account Page/dynamicText' is exist

2024-03-05 15:38:52 - [MESSAGE][PASSED] - Element 'Object Repository/Global Account Page/dynamicText' is exist

2024-03-05 15:38:52 - [TEST_STEP][PASSED] - takeScreenshot(): Screenshot is taken

2024-03-05 15:38:52 - [MESSAGE][PASSED] - Screenshot is taken
[[ATTACHMENT|/Users/00145409nuralianatasha/Desktop/automation_Retail_FX(public_git)/Reports/20240305_153300/SOW2/Entry Point - Quick Action (1)/20240305_153300/1709624332344.png]]

2024-03-05 15:38:52 - [TEST_STEP][PASSED] - tap(findTestObject("Global Account Page/dynamicText", ["text":"Done"]), 0, CONTINUE_ON_FAILURE): Tapped on element 'Object Repository/Global Account Page/dynamicText'

2024-03-05 15:38:52 - [MESSAGE][WARNING] - Timeout '0' is invalid. Using default page load timeout: '30'

2024-03-05 15:38:52 - [MESSAGE][PASSED] - Tapped on element 'Object Repository/Global Account Page/dynamicText']]></system-out>
         <system-err><![CDATA[2024-03-05 15:37:02 - [TEST_CASE][FAILED] - Test Cases/RETAILFX-SOW2 Market Order/Entry Point - Quick Action/SOW2 - Current account to G1A Account: Test Cases/RETAILFX-SOW2 Market Order/Entry Point - Quick Action/SOW2 - Current account to G1A Account FAILED.
Reason:
com.kms.katalon.core.exception.StepFailedException: Element 'Object Repository/Global Account Page/dynamicText' not found
	at com.kms.katalon.core.keyword.internal.KeywordMain.stepFailed(KeywordMain.groovy:39)
	at com.kms.katalon.core.mobile.keyword.internal.MobileKeywordMain.stepFailed(MobileKeywordMain.groovy:40)
	at com.kms.katalon.core.mobile.keyword.builtin.VerifyElementExistKeyword$_verifyElementExist_closure1.doCall(VerifyElementExistKeyword.groovy:77)
	at com.kms.katalon.core.mobile.keyword.builtin.VerifyElementExistKeyword$_verifyElementExist_closure1.call(VerifyElementExistKeyword.groovy)
	at com.kms.katalon.core.mobile.keyword.internal.MobileKeywordMain.runKeyword(MobileKeywordMain.groovy:21)
	at com.kms.katalon.core.mobile.keyword.builtin.VerifyElementExistKeyword.verifyElementExist(VerifyElementExistKeyword.groovy:80)
	at com.kms.katalon.core.mobile.keyword.builtin.VerifyElementExistKeyword.execute(VerifyElementExistKeyword.groovy:64)
	at com.kms.katalon.core.keyword.internal.KeywordExecutor.executeKeywordForPlatform(KeywordExecutor.groovy:74)
	at com.kms.katalon.core.mobile.keyword.MobileBuiltInKeywords.verifyElementExist(MobileBuiltInKeywords.groovy:1739)
	at com.kms.katalon.core.mobile.keyword.MobileBuiltInKeywords$verifyElementExist$4.call(Unknown Source)
	at SOW2 - Current account to G1A Account.run(SOW2 - Current account to G1A Account:134)
	at com.kms.katalon.core.main.ScriptEngine.run(ScriptEngine.java:194)
	at com.kms.katalon.core.main.ScriptEngine.runScriptAsRawText(ScriptEngine.java:119)
	at com.kms.katalon.core.main.TestCaseExecutor.runScript(TestCaseExecutor.java:448)
	at com.kms.katalon.core.main.TestCaseExecutor.doExecute(TestCaseExecutor.java:439)
	at com.kms.katalon.core.main.TestCaseExecutor.processExecutionPhase(TestCaseExecutor.java:418)
	at com.kms.katalon.core.main.TestCaseExecutor.accessMainPhase(TestCaseExecutor.java:410)
	at com.kms.katalon.core.main.TestCaseExecutor.execute(TestCaseExecutor.java:285)
	at com.kms.katalon.core.common.CommonExecutor.accessTestCaseMainPhase(CommonExecutor.java:65)
	at com.kms.katalon.core.main.TestSuiteExecutor.accessTestSuiteMainPhase(TestSuiteExecutor.java:148)
	at com.kms.katalon.core.main.TestSuiteExecutor.execute(TestSuiteExecutor.java:106)
	at com.kms.katalon.core.main.TestCaseMain.startTestSuite(TestCaseMain.java:187)
	at com.kms.katalon.core.main.TestCaseMain$startTestSuite$0.call(Unknown Source)
	at TempTestSuite1709623980980.run(TempTestSuite1709623980980.groovy:36)]]></system-err>
      </testcase>
      <testcase name="Test Cases/RETAILFX-SOW2 Market Order/Entry Point - Quick Action/SOW2 - Saving Account to G1A Account" time="125.792" classname="Test Cases/RETAILFX-SOW2 Market Order/Entry Point - Quick Action/SOW2 - Saving Account to G1A Account" status="FAILED">
         <failure type="FAILED" message="Test Cases/RETAILFX-SOW2 Market Order/Entry Point - Quick Action/SOW2 - Saving Account to G1A Account FAILED.
Reason:
com.kms.katalon.core.exception.StepFailedException: Element 'Object Repository/Global Account Page/dynamicText' not found
	at com.kms.katalon.core.keyword.internal.KeywordMain.stepFailed(KeywordMain.groovy:39)
	at com.kms.katalon.core.mobile.keyword.internal.MobileKeywordMain.stepFailed(MobileKeywordMain.groovy:40)
	at com.kms.katalon.core.mobile.keyword.builtin.VerifyElementExistKeyword$_verifyElementExist_closure1.doCall(VerifyElementExistKeyword.groovy:77)
	at com.kms.katalon.core.mobile.keyword.builtin.VerifyElementExistKeyword$_verifyElementExist_closure1.call(VerifyElementExistKeyword.groovy)
	at com.kms.katalon.core.mobile.keyword.internal.MobileKeywordMain.runKeyword(MobileKeywordMain.groovy:21)
	at com.kms.katalon.core.mobile.keyword.builtin.VerifyElementExistKeyword.verifyElementExist(VerifyElementExistKeyword.groovy:80)
	at com.kms.katalon.core.mobile.keyword.builtin.VerifyElementExistKeyword.execute(VerifyElementExistKeyword.groovy:64)
	at com.kms.katalon.core.keyword.internal.KeywordExecutor.executeKeywordForPlatform(KeywordExecutor.groovy:74)
	at com.kms.katalon.core.mobile.keyword.MobileBuiltInKeywords.verifyElementExist(MobileBuiltInKeywords.groovy:1739)
	at com.kms.katalon.core.mobile.keyword.MobileBuiltInKeywords$verifyElementExist$4.call(Unknown Source)
	at SOW2 - Saving Account to G1A Account.run(SOW2 - Saving Account to G1A Account:116)
	at com.kms.katalon.core.main.ScriptEngine.run(ScriptEngine.java:194)
	at com.kms.katalon.core.main.ScriptEngine.runScriptAsRawText(ScriptEngine.java:119)
	at com.kms.katalon.core.main.TestCaseExecutor.runScript(TestCaseExecutor.java:448)
	at com.kms.katalon.core.main.TestCaseExecutor.doExecute(TestCaseExecutor.java:439)
	at com.kms.katalon.core.main.TestCaseExecutor.processExecutionPhase(TestCaseExecutor.java:418)
	at com.kms.katalon.core.main.TestCaseExecutor.accessMainPhase(TestCaseExecutor.java:410)
	at com.kms.katalon.core.main.TestCaseExecutor.execute(TestCaseExecutor.java:285)
	at com.kms.katalon.core.common.CommonExecutor.accessTestCaseMainPhase(CommonExecutor.java:65)
	at com.kms.katalon.core.main.TestSuiteExecutor.accessTestSuiteMainPhase(TestSuiteExecutor.java:148)
	at com.kms.katalon.core.main.TestSuiteExecutor.execute(TestSuiteExecutor.java:106)
	at com.kms.katalon.core.main.TestCaseMain.startTestSuite(TestCaseMain.java:187)
	at com.kms.katalon.core.main.TestCaseMain$startTestSuite$0.call(Unknown Source)
	at TempTestSuite1709623980980.run(TempTestSuite1709623980980.groovy:36)
"/>
         <system-out><![CDATA[2024-03-05 15:38:52 - [TEST_CASE][FAILED] - Test Cases/RETAILFX-SOW2 Market Order/Entry Point - Quick Action/SOW2 - Saving Account to G1A Account: Test Cases/RETAILFX-SOW2 Market Order/Entry Point - Quick Action/SOW2 - Saving Account to G1A Account FAILED.
Reason:
com.kms.katalon.core.exception.StepFailedException: Element 'Object Repository/Global Account Page/dynamicText' not found
	at com.kms.katalon.core.keyword.internal.KeywordMain.stepFailed(KeywordMain.groovy:39)
	at com.kms.katalon.core.mobile.keyword.internal.MobileKeywordMain.stepFailed(MobileKeywordMain.groovy:40)
	at com.kms.katalon.core.mobile.keyword.builtin.VerifyElementExistKeyword$_verifyElementExist_closure1.doCall(VerifyElementExistKeyword.groovy:77)
	at com.kms.katalon.core.mobile.keyword.builtin.VerifyElementExistKeyword$_verifyElementExist_closure1.call(VerifyElementExistKeyword.groovy)
	at com.kms.katalon.core.mobile.keyword.internal.MobileKeywordMain.runKeyword(MobileKeywordMain.groovy:21)
	at com.kms.katalon.core.mobile.keyword.builtin.VerifyElementExistKeyword.verifyElementExist(VerifyElementExistKeyword.groovy:80)
	at com.kms.katalon.core.mobile.keyword.builtin.VerifyElementExistKeyword.execute(VerifyElementExistKeyword.groovy:64)
	at com.kms.katalon.core.keyword.internal.KeywordExecutor.executeKeywordForPlatform(KeywordExecutor.groovy:74)
	at com.kms.katalon.core.mobile.keyword.MobileBuiltInKeywords.verifyElementExist(MobileBuiltInKeywords.groovy:1739)
	at com.kms.katalon.core.mobile.keyword.MobileBuiltInKeywords$verifyElementExist$4.call(Unknown Source)
	at SOW2 - Saving Account to G1A Account.run(SOW2 - Saving Account to G1A Account:116)
	at com.kms.katalon.core.main.ScriptEngine.run(ScriptEngine.java:194)
	at com.kms.katalon.core.main.ScriptEngine.runScriptAsRawText(ScriptEngine.java:119)
	at com.kms.katalon.core.main.TestCaseExecutor.runScript(TestCaseExecutor.java:448)
	at com.kms.katalon.core.main.TestCaseExecutor.doExecute(TestCaseExecutor.java:439)
	at com.kms.katalon.core.main.TestCaseExecutor.processExecutionPhase(TestCaseExecutor.java:418)
	at com.kms.katalon.core.main.TestCaseExecutor.accessMainPhase(TestCaseExecutor.java:410)
	at com.kms.katalon.core.main.TestCaseExecutor.execute(TestCaseExecutor.java:285)
	at com.kms.katalon.core.common.CommonExecutor.accessTestCaseMainPhase(CommonExecutor.java:65)
	at com.kms.katalon.core.main.TestSuiteExecutor.accessTestSuiteMainPhase(TestSuiteExecutor.java:148)
	at com.kms.katalon.core.main.TestSuiteExecutor.execute(TestSuiteExecutor.java:106)
	at com.kms.katalon.core.main.TestCaseMain.startTestSuite(TestCaseMain.java:187)
	at com.kms.katalon.core.main.TestCaseMain$startTestSuite$0.call(Unknown Source)
	at TempTestSuite1709623980980.run(TempTestSuite1709623980980.groovy:36)


2024-03-05 15:38:53 - [TEST_STEP][PASSED] - a = 8: null

2024-03-05 15:38:53 - [TEST_STEP][PASSED] - tap(findTestObject("Global Account Page/dynamicText", ["text":findTestData("Username_Password").getValue("G1A_Account_No", a)]), 0, CONTINUE_ON_FAILURE): Tapped on element 'Object Repository/Global Account Page/dynamicText'

2024-03-05 15:38:53 - [MESSAGE][WARNING] - Timeout '0' is invalid. Using default page load timeout: '30'

2024-03-05 15:38:53 - [MESSAGE][PASSED] - Tapped on element 'Object Repository/Global Account Page/dynamicText'

2024-03-05 15:38:53 - [TEST_STEP][PASSED] - tap(findTestObject("Global Account Page/dynamicText", ["text":"Convert Currency"]), 0, CONTINUE_ON_FAILURE): Tapped on element 'Object Repository/Global Account Page/dynamicText'

2024-03-05 15:38:54 - [MESSAGE][WARNING] - Timeout '0' is invalid. Using default page load timeout: '30'

2024-03-05 15:38:54 - [MESSAGE][PASSED] - Tapped on element 'Object Repository/Global Account Page/dynamicText'

2024-03-05 15:38:54 - [TEST_STEP][PASSED] - checkLinkedDevice = Validation.checkElementExists("Object Repository/Market Order Page/android.widget.TextView - Enter your password"): Element 'Object Repository/Market Order Page/android.widget.TextView - Enter your password' not found

2024-03-05 15:39:24 - [MESSAGE][WARNING] - Element 'Object Repository/Market Order Page/android.widget.TextView - Enter your password' not found

2024-03-05 15:39:24 - [TEST_STEP][PASSED] - if (checkLinkedDevice == true): null

2024-03-05 15:39:24 - [TEST_STEP][PASSED] - else: null

2024-03-05 15:39:24 - [TEST_STEP][PASSED] - CONTINUE_ON_FAILURE: null

2024-03-05 15:39:24 - [TEST_STEP][PASSED] - delay(5): Delayed 5 second(s)

2024-03-05 15:39:29 - [MESSAGE][PASSED] - Delayed 5 second(s)

2024-03-05 15:39:29 - [TEST_STEP][PASSED] - tap(findTestObject("SOW2-Market Order/android.widget.TextView _EditText"), 0, CONTINUE_ON_FAILURE): Tapped on element 'Object Repository/SOW2-Market Order/android.widget.TextView _EditText'

2024-03-05 15:39:29 - [MESSAGE][WARNING] - Timeout '0' is invalid. Using default page load timeout: '30'

2024-03-05 15:39:29 - [MESSAGE][PASSED] - Tapped on element 'Object Repository/SOW2-Market Order/android.widget.TextView _EditText'

2024-03-05 15:39:29 - [TEST_STEP][PASSED] - digits = "1000": null

2024-03-05 15:39:29 - [TEST_STEP][PASSED] - Currency_Calculator.Currency_Numpad(digits): Tapped on element 'Object Repository/Calc_Pad/android.widget.Image'

2024-03-05 15:39:30 - [MESSAGE][PASSED] - Tapped on element 'Object Repository/Calc_Pad/android.widget.TextView - 1'

2024-03-05 15:39:32 - [MESSAGE][PASSED] - Tapped on element 'Object Repository/Calc_Pad/android.widget.TextView - 0'

2024-03-05 15:39:32 - [MESSAGE][PASSED] - Tapped on element 'Object Repository/Calc_Pad/android.widget.TextView - 0'

2024-03-05 15:39:33 - [MESSAGE][PASSED] - Tapped on element 'Object Repository/Calc_Pad/android.widget.TextView - 0'

2024-03-05 15:39:33 - [MESSAGE][PASSED] - Tapped on element 'Object Repository/Calc_Pad/android.widget.Image'

2024-03-05 15:39:33 - [TEST_STEP][PASSED] - utilities.Mobile_Keywords.sow2market_orderdropdown("US Dol", "USD - US Dollar"): utilities.Mobile_Keywords.sow2market_orderdropdown is PASSED

2024-03-05 15:39:33 - [MESSAGE][WARNING] - Timeout '0' is invalid. Using default page load timeout: '30'

2024-03-05 15:39:34 - [MESSAGE][PASSED] - Tapped on element 'Object Repository/SOW2-Market Order/Select_Currency Dropdown'

2024-03-05 15:39:35 - [MESSAGE][PASSED] - Element 'Object Repository/SOW2-Market Order/android.view.View - Select Currency' is present

2024-03-05 15:39:35 - [MESSAGE][PASSED] - Element 'Object Repository/SOW2-Market Order/android.view.View - Select Currency' is exist

2024-03-05 15:39:36 - [MESSAGE][PASSED] - Tapped on element 'Object Repository/SOW2-Market Order/android.widget.EditText_SearchCurrency'

2024-03-05 15:39:37 - [MESSAGE][PASSED] - Text 'US Dol' has been set to element 'Object Repository/SOW2-Market Order/android.widget.EditText_SearchCurrency'

2024-03-05 15:39:38 - [MESSAGE][PASSED] - Keyboard is hidden

2024-03-05 15:39:39 - [MESSAGE][PASSED] - Element 'Object Repository/Global Account Page/dynamicText' is exist

2024-03-05 15:39:39 - [MESSAGE][PASSED] - Tapped on element 'Object Repository/Global Account Page/dynamicText'

2024-03-05 15:39:39 - [MESSAGE][PASSED] - utilities.Mobile_Keywords.sow2market_orderdropdown is PASSED

2024-03-05 15:39:39 - [TEST_STEP][PASSED] - verifyElementExist(findTestObject("Global Account Page/dynamicText", ["text":"Exchange rate"]), 5, CONTINUE_ON_FAILURE): Element 'Object Repository/Global Account Page/dynamicText' is exist

2024-03-05 15:39:40 - [MESSAGE][PASSED] - Element 'Object Repository/Global Account Page/dynamicText' is exist

2024-03-05 15:39:40 - [TEST_STEP][PASSED] - currency_TextMsg = getText(findTestObject("General/android.widget.TextView _Conversion"), 5, CONTINUE_ON_FAILURE): Text of element 'Object Repository/General/android.widget.TextView _Conversion' is: 'USD 1 = MYR 4.746'

2024-03-05 15:39:40 - [MESSAGE][PASSED] - Text of element 'Object Repository/General/android.widget.TextView _Conversion' is: 'USD 1 = MYR 4.746'

2024-03-05 15:39:40 - [TEST_STEP][PASSED] - roundedNumber = Validation.staffConvertUSDToMYR(currency_TextMsg, 10.00): null

2024-03-05 15:39:40 - [TEST_STEP][PASSED] - verifyElementExist(findTestObject("Global Account Page/dynamicText", ["text":"Conversion fee"]), 5, CONTINUE_ON_FAILURE): Element 'Object Repository/Global Account Page/dynamicText' is exist

2024-03-05 15:39:40 - [MESSAGE][PASSED] - Element 'Object Repository/Global Account Page/dynamicText' is exist

2024-03-05 15:39:40 - [TEST_STEP][PASSED] - Conversion_Fee = getText(findTestObject("SOW2-Market Order/ConversionFee_Text"), 5, CONTINUE_ON_FAILURE): Text of element 'Object Repository/SOW2-Market Order/ConversionFee_Text' is: 'USD 0.00'

2024-03-05 15:39:40 - [MESSAGE][PASSED] - Text of element 'Object Repository/SOW2-Market Order/ConversionFee_Text' is: 'USD 0.00'

2024-03-05 15:39:40 - [TEST_STEP][PASSED] - verifyElementExist(findTestObject("Global Account Page/dynamicText", ["text":"Total to pay"]), 5, CONTINUE_ON_FAILURE): Element 'Object Repository/Global Account Page/dynamicText' is exist

2024-03-05 15:39:40 - [MESSAGE][PASSED] - Element 'Object Repository/Global Account Page/dynamicText' is exist

2024-03-05 15:39:40 - [TEST_STEP][PASSED] - verifyElementExist(findTestObject("Global Account Page/dynamicText", ["text":"MYR 10.00"]), 5, CONTINUE_ON_FAILURE): Element 'Object Repository/Global Account Page/dynamicText' is exist

2024-03-05 15:39:40 - [MESSAGE][PASSED] - Element 'Object Repository/Global Account Page/dynamicText' is exist

2024-03-05 15:39:40 - [TEST_STEP][PASSED] - verifyElementExist(findTestObject("Global Account Page/dynamicText", ["text":"Amount to receive"]), 5, CONTINUE_ON_FAILURE): Element 'Object Repository/Global Account Page/dynamicText' is exist

2024-03-05 15:39:40 - [MESSAGE][PASSED] - Element 'Object Repository/Global Account Page/dynamicText' is exist

2024-03-05 15:39:40 - [TEST_STEP][PASSED] - verifyElementExist(findTestObject("General/android.widget.EditText _AmountReceived", ["text":roundedNumber]), 0, CONTINUE_ON_FAILURE): Element 'Object Repository/General/android.widget.EditText _AmountReceived' is exist

2024-03-05 15:39:40 - [MESSAGE][WARNING] - Timeout '0' is invalid. Using default page load timeout: '30'

2024-03-05 15:39:41 - [MESSAGE][PASSED] - Element 'Object Repository/General/android.widget.EditText _AmountReceived' is exist

2024-03-05 15:39:41 - [TEST_STEP][PASSED] - takeScreenshot(): Screenshot is taken

2024-03-05 15:39:41 - [MESSAGE][PASSED] - Screenshot is taken
[[ATTACHMENT|/Users/00145409nuralianatasha/Desktop/automation_Retail_FX(public_git)/Reports/20240305_153300/SOW2/Entry Point - Quick Action (1)/20240305_153300/1709624381016.png]]

2024-03-05 15:39:41 - [TEST_STEP][PASSED] - tap(findTestObject("SOW2-Market Order/android.widget.Dynamic_Button", ["text":"Next"]), 0, CONTINUE_ON_FAILURE): Tapped on element 'Object Repository/SOW2-Market Order/android.widget.Dynamic_Button'

2024-03-05 15:39:41 - [MESSAGE][WARNING] - Timeout '0' is invalid. Using default page load timeout: '30'

2024-03-05 15:39:41 - [MESSAGE][PASSED] - Tapped on element 'Object Repository/SOW2-Market Order/android.widget.Dynamic_Button'

2024-03-05 15:39:41 - [TEST_STEP][PASSED] - swipe(450, 884, 0, 884, CONTINUE_ON_FAILURE): Swiped from 450,884 to 0,884

2024-03-05 15:39:42 - [MESSAGE][PASSED] - Swiped from 450,884 to 0,884

2024-03-05 15:39:43 - [TEST_STEP][PASSED] - swipe(450, 884, 0, 884, CONTINUE_ON_FAILURE): Swiped from 450,884 to 0,884

2024-03-05 15:39:44 - [MESSAGE][PASSED] - Swiped from 450,884 to 0,884

2024-03-05 15:39:44 - [TEST_STEP][PASSED] - takeScreenshot(): Screenshot is taken

2024-03-05 15:39:44 - [MESSAGE][PASSED] - Screenshot is taken
[[ATTACHMENT|/Users/00145409nuralianatasha/Desktop/automation_Retail_FX(public_git)/Reports/20240305_153300/SOW2/Entry Point - Quick Action (1)/20240305_153300/1709624384282.png]]

2024-03-05 15:39:44 - [TEST_STEP][PASSED] - tap(findTestObject("SOW2-Market Order/android.widget.Dynamic_Button", ["text":"Get Quote"]), 0, CONTINUE_ON_FAILURE): Tapped on element 'Object Repository/SOW2-Market Order/android.widget.Dynamic_Button'

2024-03-05 15:39:44 - [MESSAGE][WARNING] - Timeout '0' is invalid. Using default page load timeout: '30'

2024-03-05 15:39:44 - [MESSAGE][PASSED] - Tapped on element 'Object Repository/SOW2-Market Order/android.widget.Dynamic_Button'

2024-03-05 15:39:44 - [TEST_STEP][PASSED] - currency_TextMsg2 = getText(findTestObject("General/android.widget.TextView _Conversion"), 0, CONTINUE_ON_FAILURE): Text of element 'Object Repository/General/android.widget.TextView _Conversion' is: 'USD 1 = MYR 4.718'

2024-03-05 15:39:45 - [MESSAGE][WARNING] - Timeout '0' is invalid. Using default page load timeout: '30'

2024-03-05 15:39:46 - [MESSAGE][PASSED] - Text of element 'Object Repository/General/android.widget.TextView _Conversion' is: 'USD 1 = MYR 4.718'

2024-03-05 15:39:46 - [TEST_STEP][PASSED] - roundedNumber1 = Validation.staffConvertUSDToMYR(currency_TextMsg2, 10.00): null

2024-03-05 15:39:46 - [TEST_STEP][PASSED] - waitForElementPresent(findTestObject("Global Account Page/dynamicText", ["text":"Confirmation"]), 5, CONTINUE_ON_FAILURE): Element 'Object Repository/Global Account Page/dynamicText' is present

2024-03-05 15:39:46 - [MESSAGE][PASSED] - Element 'Object Repository/Global Account Page/dynamicText' is present

2024-03-05 15:39:46 - [TEST_STEP][PASSED] - verifyElementExist(findTestObject("Global Account Page/dynamicText", ["text":"Transfer from"]), 5, CONTINUE_ON_FAILURE): Element 'Object Repository/Global Account Page/dynamicText' is exist

2024-03-05 15:39:46 - [MESSAGE][PASSED] - Element 'Object Repository/Global Account Page/dynamicText' is exist

2024-03-05 15:39:46 - [TEST_STEP][FAILED] - verifyElementExist(findTestObject("Global Account Page/dynamicText", ["text":"Saving Account (MYR)"]), 5, CONTINUE_ON_FAILURE): Element 'Object Repository/Global Account Page/dynamicText' not found

2024-03-05 15:39:51 - [MESSAGE][FAILED] - Element 'Object Repository/Global Account Page/dynamicText' not found

2024-03-05 15:39:51 - [TEST_STEP][PASSED] - verifyElementExist(findTestObject("Global Account Page/dynamicText", ["text":"Transfer to"]), 5, CONTINUE_ON_FAILURE): Element 'Object Repository/Global Account Page/dynamicText' is exist

2024-03-05 15:39:51 - [MESSAGE][PASSED] - Element 'Object Repository/Global Account Page/dynamicText' is exist

2024-03-05 15:39:51 - [TEST_STEP][FAILED] - verifyElementExist(findTestObject("Global Account Page/dynamicText", ["text":"Global Access Account-i/n(USD)"]), 5, CONTINUE_ON_FAILURE): Element 'Object Repository/Global Account Page/dynamicText' not found

2024-03-05 15:39:56 - [MESSAGE][FAILED] - Element 'Object Repository/Global Account Page/dynamicText' not found

2024-03-05 15:39:56 - [TEST_STEP][PASSED] - verifyElementExist(findTestObject("Global Account Page/dynamicText", ["text":"Amount to receive"]), 5, CONTINUE_ON_FAILURE): Element 'Object Repository/Global Account Page/dynamicText' is exist

2024-03-05 15:39:57 - [MESSAGE][PASSED] - Element 'Object Repository/Global Account Page/dynamicText' is exist

2024-03-05 15:39:57 - [TEST_STEP][PASSED] - verifyElementExist(findTestObject("Global Account Page/dynamicText", ["text":"USD " + roundedNumber1]), 5, CONTINUE_ON_FAILURE): Element 'Object Repository/Global Account Page/dynamicText' is exist

2024-03-05 15:39:57 - [MESSAGE][PASSED] - Element 'Object Repository/Global Account Page/dynamicText' is exist

2024-03-05 15:39:57 - [TEST_STEP][PASSED] - verifyElementExist(findTestObject("Global Account Page/dynamicText", ["text":"Transaction type"]), 5, CONTINUE_ON_FAILURE): Element 'Object Repository/Global Account Page/dynamicText' is exist

2024-03-05 15:39:57 - [MESSAGE][PASSED] - Element 'Object Repository/Global Account Page/dynamicText' is exist

2024-03-05 15:39:57 - [TEST_STEP][PASSED] - verifyElementExist(findTestObject("Global Account Page/dynamicText", ["text":"Currency Conversion"]), 5, CONTINUE_ON_FAILURE): Element 'Object Repository/Global Account Page/dynamicText' is exist

2024-03-05 15:39:57 - [MESSAGE][PASSED] - Element 'Object Repository/Global Account Page/dynamicText' is exist

2024-03-05 15:39:57 - [TEST_STEP][FAILED] - verifyElementExist(findTestObject("Global Account Page/dynamicText", ["text":"I have read and agree to the BNM Foreign Exchange Rules, I accept the declaration as well as the Terms & Conditions for this transfer."]), 5, CONTINUE_ON_FAILURE): Element 'Object Repository/Global Account Page/dynamicText' not found

2024-03-05 15:40:03 - [MESSAGE][FAILED] - Element 'Object Repository/Global Account Page/dynamicText' not found

2024-03-05 15:40:03 - [TEST_STEP][PASSED] - takeScreenshot(CONTINUE_ON_FAILURE): Screenshot is taken

2024-03-05 15:40:04 - [MESSAGE][PASSED] - Screenshot is taken
[[ATTACHMENT|/Users/00145409nuralianatasha/Desktop/automation_Retail_FX(public_git)/Reports/20240305_153300/SOW2/Entry Point - Quick Action (1)/20240305_153300/1709624403530.png]]

2024-03-05 15:40:04 - [TEST_STEP][PASSED] - tap(findTestObject("SOW2-Market Order/android.view.View - I have read and agree to the BNM Foreign Exchange Rules, I accept the declaration as well as the Terms  Conditions for this transfer"), 0, CONTINUE_ON_FAILURE): Tapped on element 'Object Repository/SOW2-Market Order/android.view.View - I have read and agree to the BNM Foreign Exchange Rules, I accept the declaration as well as the Terms  Conditions for this transfer'

2024-03-05 15:40:04 - [MESSAGE][WARNING] - Timeout '0' is invalid. Using default page load timeout: '30'

2024-03-05 15:40:04 - [MESSAGE][PASSED] - Tapped on element 'Object Repository/SOW2-Market Order/android.view.View - I have read and agree to the BNM Foreign Exchange Rules, I accept the declaration as well as the Terms  Conditions for this transfer'

2024-03-05 15:40:04 - [TEST_STEP][PASSED] - utilities.Mobile_Keywords.scrollFromTopToBottom(): utilities.Mobile_Keywords.scrollFromTopToBottom is PASSED

2024-03-05 15:40:04 - [MESSAGE][PASSED] - Current device physical height is 2138

2024-03-05 15:40:05 - [MESSAGE][PASSED] - Current device physical width is 1080

2024-03-05 15:40:06 - [MESSAGE][PASSED] - Swiped from 540,1,496 to 540,641

2024-03-05 15:40:11 - [MESSAGE][PASSED] - Delayed 5 second(s)

2024-03-05 15:40:11 - [MESSAGE][PASSED] - utilities.Mobile_Keywords.scrollFromTopToBottom is PASSED

2024-03-05 15:40:11 - [TEST_STEP][PASSED] - tap(findTestObject("SOW2-Market Order/android.widget.Dynamic_Button", ["text":"Confirm"]), 0, CONTINUE_ON_FAILURE): Tapped on element 'Object Repository/SOW2-Market Order/android.widget.Dynamic_Button'

2024-03-05 15:40:11 - [MESSAGE][WARNING] - Timeout '0' is invalid. Using default page load timeout: '30'

2024-03-05 15:40:11 - [MESSAGE][PASSED] - Tapped on element 'Object Repository/SOW2-Market Order/android.widget.Dynamic_Button'

2024-03-05 15:40:11 - [TEST_STEP][PASSED] - waitForElementPresent(findTestObject("Global Account Page/dynamicText", ["text":"Transaction Successful"]), 5, CONTINUE_ON_FAILURE): Element 'Object Repository/Global Account Page/dynamicText' is present

2024-03-05 15:40:21 - [MESSAGE][PASSED] - Element 'Object Repository/Global Account Page/dynamicText' is present

2024-03-05 15:40:21 - [TEST_STEP][PASSED] - verifyElementExist(findTestObject("Global Account Page/dynamicText", ["text":"Transaction Successful"]), 5, CONTINUE_ON_FAILURE): Element 'Object Repository/Global Account Page/dynamicText' is exist

2024-03-05 15:40:21 - [MESSAGE][PASSED] - Element 'Object Repository/Global Account Page/dynamicText' is exist

2024-03-05 15:40:21 - [TEST_STEP][PASSED] - verifyElementExist(findTestObject("Global Account Page/dynamicText", ["text":"Reference ID"]), 5, CONTINUE_ON_FAILURE): Element 'Object Repository/Global Account Page/dynamicText' is exist

2024-03-05 15:40:21 - [MESSAGE][PASSED] - Element 'Object Repository/Global Account Page/dynamicText' is exist

2024-03-05 15:40:21 - [TEST_STEP][PASSED] - reference_id = getText(findTestObject("Market Order Page/android.widget.TextView - Reference ID"), 0, CONTINUE_ON_FAILURE): Text of element 'Object Repository/Market Order Page/android.widget.TextView - Reference ID' is: '004137258M'

2024-03-05 15:40:21 - [MESSAGE][WARNING] - Timeout '0' is invalid. Using default page load timeout: '30'

2024-03-05 15:40:21 - [MESSAGE][PASSED] - Text of element 'Object Repository/Market Order Page/android.widget.TextView - Reference ID' is: '004137258M'

2024-03-05 15:40:21 - [TEST_STEP][PASSED] - verifyElementExist(findTestObject("Global Account Page/dynamicText", ["text":"Order ID"]), 5, CONTINUE_ON_FAILURE): Element 'Object Repository/Global Account Page/dynamicText' is exist

2024-03-05 15:40:21 - [MESSAGE][PASSED] - Element 'Object Repository/Global Account Page/dynamicText' is exist

2024-03-05 15:40:21 - [TEST_STEP][PASSED] - verifyElementExist(findTestObject("Global Account Page/dynamicText", ["text":"Date & time"]), 5, CONTINUE_ON_FAILURE): Element 'Object Repository/Global Account Page/dynamicText' is exist

2024-03-05 15:40:21 - [MESSAGE][PASSED] - Element 'Object Repository/Global Account Page/dynamicText' is exist

2024-03-05 15:40:21 - [TEST_STEP][PASSED] - verifyElementExist(findTestObject("Global Account Page/dynamicText", ["text":"Converted from"]), 5, CONTINUE_ON_FAILURE): Element 'Object Repository/Global Account Page/dynamicText' is exist

2024-03-05 15:40:21 - [MESSAGE][PASSED] - Element 'Object Repository/Global Account Page/dynamicText' is exist

2024-03-05 15:40:21 - [TEST_STEP][PASSED] - verifyElementExist(findTestObject("Global Account Page/dynamicText", ["text":"Amount received"]), 5, CONTINUE_ON_FAILURE): Element 'Object Repository/Global Account Page/dynamicText' is exist

2024-03-05 15:40:21 - [MESSAGE][PASSED] - Element 'Object Repository/Global Account Page/dynamicText' is exist

2024-03-05 15:40:21 - [TEST_STEP][PASSED] - verifyElementExist(findTestObject("Global Account Page/dynamicText", ["text":"USD " + roundedNumber1]), 5, CONTINUE_ON_FAILURE): Element 'Object Repository/Global Account Page/dynamicText' is exist

2024-03-05 15:40:21 - [MESSAGE][PASSED] - Element 'Object Repository/Global Account Page/dynamicText' is exist

2024-03-05 15:40:21 - [TEST_STEP][PASSED] - verifyElementExist(findTestObject("Global Account Page/dynamicText", ["text":"Exchange rate"]), 5, CONTINUE_ON_FAILURE): Element 'Object Repository/Global Account Page/dynamicText' is exist

2024-03-05 15:40:21 - [MESSAGE][PASSED] - Element 'Object Repository/Global Account Page/dynamicText' is exist

2024-03-05 15:40:21 - [TEST_STEP][PASSED] - verifyElementExist(findTestObject("Global Account Page/dynamicText", ["text":"Transaction type"]), 5, CONTINUE_ON_FAILURE): Element 'Object Repository/Global Account Page/dynamicText' is exist

2024-03-05 15:40:22 - [MESSAGE][PASSED] - Element 'Object Repository/Global Account Page/dynamicText' is exist

2024-03-05 15:40:22 - [TEST_STEP][PASSED] - verifyElementExist(findTestObject("Global Account Page/dynamicText", ["text":"Currency Conversion"]), 5, CONTINUE_ON_FAILURE): Element 'Object Repository/Global Account Page/dynamicText' is exist

2024-03-05 15:40:22 - [MESSAGE][PASSED] - Element 'Object Repository/Global Account Page/dynamicText' is exist

2024-03-05 15:40:22 - [TEST_STEP][PASSED] - verifyElementExist(findTestObject("Global Account Page/dynamicText", ["text":"Share Receipt"]), 5, CONTINUE_ON_FAILURE): Element 'Object Repository/Global Account Page/dynamicText' is exist

2024-03-05 15:40:22 - [MESSAGE][PASSED] - Element 'Object Repository/Global Account Page/dynamicText' is exist

2024-03-05 15:40:22 - [TEST_STEP][PASSED] - verifyElementExist(findTestObject("Global Account Page/dynamicText", ["text":"Done"]), 5, CONTINUE_ON_FAILURE): Element 'Object Repository/Global Account Page/dynamicText' is exist

2024-03-05 15:40:22 - [MESSAGE][PASSED] - Element 'Object Repository/Global Account Page/dynamicText' is exist

2024-03-05 15:40:22 - [TEST_STEP][PASSED] - takeScreenshot(CONTINUE_ON_FAILURE): Screenshot is taken

2024-03-05 15:40:22 - [MESSAGE][PASSED] - Screenshot is taken
[[ATTACHMENT|/Users/00145409nuralianatasha/Desktop/automation_Retail_FX(public_git)/Reports/20240305_153300/SOW2/Entry Point - Quick Action (1)/20240305_153300/1709624422229.png]]

2024-03-05 15:40:22 - [TEST_STEP][PASSED] - tap(findTestObject("Global Account Page/dynamicText", ["text":"Share Receipt"]), 0, CONTINUE_ON_FAILURE): Tapped on element 'Object Repository/Global Account Page/dynamicText'

2024-03-05 15:40:22 - [MESSAGE][WARNING] - Timeout '0' is invalid. Using default page load timeout: '30'

2024-03-05 15:40:22 - [MESSAGE][PASSED] - Tapped on element 'Object Repository/Global Account Page/dynamicText'

2024-03-05 15:40:22 - [TEST_STEP][PASSED] - delay(10): Delayed 10 second(s)

2024-03-05 15:40:32 - [MESSAGE][PASSED] - Delayed 10 second(s)

2024-03-05 15:40:32 - [TEST_STEP][PASSED] - waitForElementPresent(findTestObject("Global Account Page/dynamicText", ["text":"Currency Exchange"]), 5, CONTINUE_ON_FAILURE): Element 'Object Repository/Global Account Page/dynamicText' is present

2024-03-05 15:40:33 - [MESSAGE][PASSED] - Element 'Object Repository/Global Account Page/dynamicText' is present

2024-03-05 15:40:33 - [TEST_STEP][PASSED] - delay(5): Delayed 5 second(s)

2024-03-05 15:40:38 - [MESSAGE][PASSED] - Delayed 5 second(s)

2024-03-05 15:40:38 - [TEST_STEP][PASSED] - verifyElementExist(findTestObject("Global Account Page/dynamicText", ["text":"Completed"]), 5, CONTINUE_ON_FAILURE): Element 'Object Repository/Global Account Page/dynamicText' is exist

2024-03-05 15:40:38 - [MESSAGE][PASSED] - Element 'Object Repository/Global Account Page/dynamicText' is exist

2024-03-05 15:40:38 - [TEST_STEP][PASSED] - verifyElementExist(findTestObject("Global Account Page/dynamicText", ["text":"Currency Exchange"]), 5, CONTINUE_ON_FAILURE): Element 'Object Repository/Global Account Page/dynamicText' is exist

2024-03-05 15:40:38 - [MESSAGE][PASSED] - Element 'Object Repository/Global Account Page/dynamicText' is exist

2024-03-05 15:40:38 - [TEST_STEP][PASSED] - takeScreenshot(): Screenshot is taken

2024-03-05 15:40:38 - [MESSAGE][PASSED] - Screenshot is taken
[[ATTACHMENT|/Users/00145409nuralianatasha/Desktop/automation_Retail_FX(public_git)/Reports/20240305_153300/SOW2/Entry Point - Quick Action (1)/20240305_153300/1709624438254.png]]

2024-03-05 15:40:38 - [TEST_STEP][PASSED] - verifyElementExist(findTestObject("Global Account Page/dynamicText", ["text":"From account"]), 5, CONTINUE_ON_FAILURE): Element 'Object Repository/Global Account Page/dynamicText' is exist

2024-03-05 15:40:38 - [MESSAGE][PASSED] - Element 'Object Repository/Global Account Page/dynamicText' is exist

2024-03-05 15:40:38 - [TEST_STEP][FAILED] - verifyElementExist(findTestObject("Global Account Page/dynamicText", ["text":"Saving Account (MYR)

1140 1399 7724"]), 5, CONTINUE_ON_FAILURE): Element 'Object Repository/Global Account Page/dynamicText' not found

2024-03-05 15:40:43 - [MESSAGE][FAILED] - Element 'Object Repository/Global Account Page/dynamicText' not found

2024-03-05 15:40:43 - [TEST_STEP][PASSED] - verifyElementExist(findTestObject("Global Account Page/dynamicText", ["text":"To account"]), 5, CONTINUE_ON_FAILURE): Element 'Object Repository/Global Account Page/dynamicText' is exist

2024-03-05 15:40:43 - [MESSAGE][PASSED] - Element 'Object Repository/Global Account Page/dynamicText' is exist

2024-03-05 15:40:43 - [TEST_STEP][FAILED] - verifyElementExist(findTestObject("Global Account Page/dynamicText", ["text":"Global Access Account-i (USD)

9000 0001 8837"]), 5, CONTINUE_ON_FAILURE): Element 'Object Repository/Global Account Page/dynamicText' not found

2024-03-05 15:40:49 - [MESSAGE][FAILED] - Element 'Object Repository/Global Account Page/dynamicText' not found

2024-03-05 15:40:49 - [TEST_STEP][PASSED] - verifyElementExist(findTestObject("Global Account Page/dynamicText", ["text":"Transaction type"]), 5, CONTINUE_ON_FAILURE): Element 'Object Repository/Global Account Page/dynamicText' is exist

2024-03-05 15:40:49 - [MESSAGE][PASSED] - Element 'Object Repository/Global Account Page/dynamicText' is exist

2024-03-05 15:40:49 - [TEST_STEP][PASSED] - utilities.Mobile_Keywords.scrollFromTopToBottom(): utilities.Mobile_Keywords.scrollFromTopToBottom is PASSED

2024-03-05 15:40:49 - [MESSAGE][PASSED] - Current device physical height is 2138

2024-03-05 15:40:49 - [MESSAGE][PASSED] - Current device physical width is 1080

2024-03-05 15:40:50 - [MESSAGE][PASSED] - Swiped from 540,1,496 to 540,641

2024-03-05 15:40:55 - [MESSAGE][PASSED] - Delayed 5 second(s)

2024-03-05 15:40:55 - [MESSAGE][PASSED] - utilities.Mobile_Keywords.scrollFromTopToBottom is PASSED

2024-03-05 15:40:55 - [TEST_STEP][PASSED] - verifyElementExist(findTestObject("Global Account Page/dynamicText", ["text":"Currency Conversion"]), 5, CONTINUE_ON_FAILURE): Element 'Object Repository/Global Account Page/dynamicText' is exist

2024-03-05 15:40:55 - [MESSAGE][PASSED] - Element 'Object Repository/Global Account Page/dynamicText' is exist

2024-03-05 15:40:55 - [TEST_STEP][PASSED] - verifyElementExist(findTestObject("Global Account Page/dynamicText", ["text":Conversion_Fee]), 5, CONTINUE_ON_FAILURE): Element 'Object Repository/Global Account Page/dynamicText' is exist

2024-03-05 15:40:56 - [MESSAGE][PASSED] - Element 'Object Repository/Global Account Page/dynamicText' is exist

2024-03-05 15:40:56 - [TEST_STEP][PASSED] - verifyElementExist(findTestObject("Global Account Page/dynamicText", ["text":"Amount received"]), 5, CONTINUE_ON_FAILURE): Element 'Object Repository/Global Account Page/dynamicText' is exist

2024-03-05 15:40:56 - [MESSAGE][PASSED] - Element 'Object Repository/Global Account Page/dynamicText' is exist

2024-03-05 15:40:56 - [TEST_STEP][PASSED] - verifyElementExist(findTestObject("Global Account Page/dynamicText", ["text":"USD " + roundedNumber1]), 5, CONTINUE_ON_FAILURE): Element 'Object Repository/Global Account Page/dynamicText' is exist

2024-03-05 15:40:56 - [MESSAGE][PASSED] - Element 'Object Repository/Global Account Page/dynamicText' is exist

2024-03-05 15:40:56 - [TEST_STEP][PASSED] - takeScreenshot(): Screenshot is taken

2024-03-05 15:40:56 - [MESSAGE][PASSED] - Screenshot is taken
[[ATTACHMENT|/Users/00145409nuralianatasha/Desktop/automation_Retail_FX(public_git)/Reports/20240305_153300/SOW2/Entry Point - Quick Action (1)/20240305_153300/1709624456223.png]]

2024-03-05 15:40:56 - [TEST_STEP][PASSED] - tap(findTestObject("Market Order Page/android.widget.ImageViewBack_Button"), 0, CONTINUE_ON_FAILURE): Tapped on element 'Object Repository/Market Order Page/android.widget.ImageViewBack_Button'

2024-03-05 15:40:56 - [MESSAGE][WARNING] - Timeout '0' is invalid. Using default page load timeout: '30'

2024-03-05 15:40:56 - [MESSAGE][PASSED] - Tapped on element 'Object Repository/Market Order Page/android.widget.ImageViewBack_Button'

2024-03-05 15:40:56 - [TEST_STEP][PASSED] - waitForElementPresent(findTestObject("Global Account Page/dynamicText", ["text":"Transaction Successful"]), 0, CONTINUE_ON_FAILURE): Element 'Object Repository/Global Account Page/dynamicText' is present

2024-03-05 15:40:56 - [MESSAGE][WARNING] - Timeout '0' is invalid. Using default page load timeout: '30'

2024-03-05 15:40:57 - [MESSAGE][PASSED] - Element 'Object Repository/Global Account Page/dynamicText' is present

2024-03-05 15:40:57 - [TEST_STEP][PASSED] - verifyElementExist(findTestObject("Global Account Page/dynamicText", ["text":"Transaction Successful"]), 5, CONTINUE_ON_FAILURE): Element 'Object Repository/Global Account Page/dynamicText' is exist

2024-03-05 15:40:58 - [MESSAGE][PASSED] - Element 'Object Repository/Global Account Page/dynamicText' is exist

2024-03-05 15:40:58 - [TEST_STEP][PASSED] - takeScreenshot(): Screenshot is taken

2024-03-05 15:40:58 - [MESSAGE][PASSED] - Screenshot is taken
[[ATTACHMENT|/Users/00145409nuralianatasha/Desktop/automation_Retail_FX(public_git)/Reports/20240305_153300/SOW2/Entry Point - Quick Action (1)/20240305_153300/1709624458077.png]]

2024-03-05 15:40:58 - [TEST_STEP][PASSED] - tap(findTestObject("Global Account Page/dynamicText", ["text":"Done"]), 0, CONTINUE_ON_FAILURE): Tapped on element 'Object Repository/Global Account Page/dynamicText'

2024-03-05 15:40:58 - [MESSAGE][WARNING] - Timeout '0' is invalid. Using default page load timeout: '30'

2024-03-05 15:40:58 - [MESSAGE][PASSED] - Tapped on element 'Object Repository/Global Account Page/dynamicText']]></system-out>
         <system-err><![CDATA[2024-03-05 15:38:52 - [TEST_CASE][FAILED] - Test Cases/RETAILFX-SOW2 Market Order/Entry Point - Quick Action/SOW2 - Saving Account to G1A Account: Test Cases/RETAILFX-SOW2 Market Order/Entry Point - Quick Action/SOW2 - Saving Account to G1A Account FAILED.
Reason:
com.kms.katalon.core.exception.StepFailedException: Element 'Object Repository/Global Account Page/dynamicText' not found
	at com.kms.katalon.core.keyword.internal.KeywordMain.stepFailed(KeywordMain.groovy:39)
	at com.kms.katalon.core.mobile.keyword.internal.MobileKeywordMain.stepFailed(MobileKeywordMain.groovy:40)
	at com.kms.katalon.core.mobile.keyword.builtin.VerifyElementExistKeyword$_verifyElementExist_closure1.doCall(VerifyElementExistKeyword.groovy:77)
	at com.kms.katalon.core.mobile.keyword.builtin.VerifyElementExistKeyword$_verifyElementExist_closure1.call(VerifyElementExistKeyword.groovy)
	at com.kms.katalon.core.mobile.keyword.internal.MobileKeywordMain.runKeyword(MobileKeywordMain.groovy:21)
	at com.kms.katalon.core.mobile.keyword.builtin.VerifyElementExistKeyword.verifyElementExist(VerifyElementExistKeyword.groovy:80)
	at com.kms.katalon.core.mobile.keyword.builtin.VerifyElementExistKeyword.execute(VerifyElementExistKeyword.groovy:64)
	at com.kms.katalon.core.keyword.internal.KeywordExecutor.executeKeywordForPlatform(KeywordExecutor.groovy:74)
	at com.kms.katalon.core.mobile.keyword.MobileBuiltInKeywords.verifyElementExist(MobileBuiltInKeywords.groovy:1739)
	at com.kms.katalon.core.mobile.keyword.MobileBuiltInKeywords$verifyElementExist$4.call(Unknown Source)
	at SOW2 - Saving Account to G1A Account.run(SOW2 - Saving Account to G1A Account:116)
	at com.kms.katalon.core.main.ScriptEngine.run(ScriptEngine.java:194)
	at com.kms.katalon.core.main.ScriptEngine.runScriptAsRawText(ScriptEngine.java:119)
	at com.kms.katalon.core.main.TestCaseExecutor.runScript(TestCaseExecutor.java:448)
	at com.kms.katalon.core.main.TestCaseExecutor.doExecute(TestCaseExecutor.java:439)
	at com.kms.katalon.core.main.TestCaseExecutor.processExecutionPhase(TestCaseExecutor.java:418)
	at com.kms.katalon.core.main.TestCaseExecutor.accessMainPhase(TestCaseExecutor.java:410)
	at com.kms.katalon.core.main.TestCaseExecutor.execute(TestCaseExecutor.java:285)
	at com.kms.katalon.core.common.CommonExecutor.accessTestCaseMainPhase(CommonExecutor.java:65)
	at com.kms.katalon.core.main.TestSuiteExecutor.accessTestSuiteMainPhase(TestSuiteExecutor.java:148)
	at com.kms.katalon.core.main.TestSuiteExecutor.execute(TestSuiteExecutor.java:106)
	at com.kms.katalon.core.main.TestCaseMain.startTestSuite(TestCaseMain.java:187)
	at com.kms.katalon.core.main.TestCaseMain$startTestSuite$0.call(Unknown Source)
	at TempTestSuite1709623980980.run(TempTestSuite1709623980980.groovy:36)]]></system-err>
      </testcase>
      <testcase name="Test Cases/RETAILFX-SOW2 Market Order/Entry Point - Quick Action/SOW2 - Covert from USD to MYR" time="153.637" classname="Test Cases/RETAILFX-SOW2 Market Order/Entry Point - Quick Action/SOW2 - Covert from USD to MYR" status="FAILED">
         <failure type="FAILED" message="Test Cases/RETAILFX-SOW2 Market Order/Entry Point - Quick Action/SOW2 - Covert from USD to MYR FAILED.
Reason:
com.kms.katalon.core.exception.StepFailedException: Element 'Object Repository/Global Account Page/dynamicText' not found
	at com.kms.katalon.core.keyword.internal.KeywordMain.stepFailed(KeywordMain.groovy:39)
	at com.kms.katalon.core.mobile.keyword.internal.MobileKeywordMain.stepFailed(MobileKeywordMain.groovy:40)
	at com.kms.katalon.core.mobile.keyword.builtin.VerifyElementExistKeyword$_verifyElementExist_closure1.doCall(VerifyElementExistKeyword.groovy:77)
	at com.kms.katalon.core.mobile.keyword.builtin.VerifyElementExistKeyword$_verifyElementExist_closure1.call(VerifyElementExistKeyword.groovy)
	at com.kms.katalon.core.mobile.keyword.internal.MobileKeywordMain.runKeyword(MobileKeywordMain.groovy:21)
	at com.kms.katalon.core.mobile.keyword.builtin.VerifyElementExistKeyword.verifyElementExist(VerifyElementExistKeyword.groovy:80)
	at com.kms.katalon.core.mobile.keyword.builtin.VerifyElementExistKeyword.execute(VerifyElementExistKeyword.groovy:64)
	at com.kms.katalon.core.keyword.internal.KeywordExecutor.executeKeywordForPlatform(KeywordExecutor.groovy:74)
	at com.kms.katalon.core.mobile.keyword.MobileBuiltInKeywords.verifyElementExist(MobileBuiltInKeywords.groovy:1739)
	at com.kms.katalon.core.mobile.keyword.MobileBuiltInKeywords$verifyElementExist$4.call(Unknown Source)
	at SOW2 - Covert from USD to MYR.run(SOW2 - Covert from USD to MYR:119)
	at com.kms.katalon.core.main.ScriptEngine.run(ScriptEngine.java:194)
	at com.kms.katalon.core.main.ScriptEngine.runScriptAsRawText(ScriptEngine.java:119)
	at com.kms.katalon.core.main.TestCaseExecutor.runScript(TestCaseExecutor.java:448)
	at com.kms.katalon.core.main.TestCaseExecutor.doExecute(TestCaseExecutor.java:439)
	at com.kms.katalon.core.main.TestCaseExecutor.processExecutionPhase(TestCaseExecutor.java:418)
	at com.kms.katalon.core.main.TestCaseExecutor.accessMainPhase(TestCaseExecutor.java:410)
	at com.kms.katalon.core.main.TestCaseExecutor.execute(TestCaseExecutor.java:285)
	at com.kms.katalon.core.common.CommonExecutor.accessTestCaseMainPhase(CommonExecutor.java:65)
	at com.kms.katalon.core.main.TestSuiteExecutor.accessTestSuiteMainPhase(TestSuiteExecutor.java:148)
	at com.kms.katalon.core.main.TestSuiteExecutor.execute(TestSuiteExecutor.java:106)
	at com.kms.katalon.core.main.TestCaseMain.startTestSuite(TestCaseMain.java:187)
	at com.kms.katalon.core.main.TestCaseMain$startTestSuite$0.call(Unknown Source)
	at TempTestSuite1709623980980.run(TempTestSuite1709623980980.groovy:36)
"/>
         <system-out><![CDATA[2024-03-05 15:40:58 - [TEST_CASE][FAILED] - Test Cases/RETAILFX-SOW2 Market Order/Entry Point - Quick Action/SOW2 - Covert from USD to MYR: Test Cases/RETAILFX-SOW2 Market Order/Entry Point - Quick Action/SOW2 - Covert from USD to MYR FAILED.
Reason:
com.kms.katalon.core.exception.StepFailedException: Element 'Object Repository/Global Account Page/dynamicText' not found
	at com.kms.katalon.core.keyword.internal.KeywordMain.stepFailed(KeywordMain.groovy:39)
	at com.kms.katalon.core.mobile.keyword.internal.MobileKeywordMain.stepFailed(MobileKeywordMain.groovy:40)
	at com.kms.katalon.core.mobile.keyword.builtin.VerifyElementExistKeyword$_verifyElementExist_closure1.doCall(VerifyElementExistKeyword.groovy:77)
	at com.kms.katalon.core.mobile.keyword.builtin.VerifyElementExistKeyword$_verifyElementExist_closure1.call(VerifyElementExistKeyword.groovy)
	at com.kms.katalon.core.mobile.keyword.internal.MobileKeywordMain.runKeyword(MobileKeywordMain.groovy:21)
	at com.kms.katalon.core.mobile.keyword.builtin.VerifyElementExistKeyword.verifyElementExist(VerifyElementExistKeyword.groovy:80)
	at com.kms.katalon.core.mobile.keyword.builtin.VerifyElementExistKeyword.execute(VerifyElementExistKeyword.groovy:64)
	at com.kms.katalon.core.keyword.internal.KeywordExecutor.executeKeywordForPlatform(KeywordExecutor.groovy:74)
	at com.kms.katalon.core.mobile.keyword.MobileBuiltInKeywords.verifyElementExist(MobileBuiltInKeywords.groovy:1739)
	at com.kms.katalon.core.mobile.keyword.MobileBuiltInKeywords$verifyElementExist$4.call(Unknown Source)
	at SOW2 - Covert from USD to MYR.run(SOW2 - Covert from USD to MYR:119)
	at com.kms.katalon.core.main.ScriptEngine.run(ScriptEngine.java:194)
	at com.kms.katalon.core.main.ScriptEngine.runScriptAsRawText(ScriptEngine.java:119)
	at com.kms.katalon.core.main.TestCaseExecutor.runScript(TestCaseExecutor.java:448)
	at com.kms.katalon.core.main.TestCaseExecutor.doExecute(TestCaseExecutor.java:439)
	at com.kms.katalon.core.main.TestCaseExecutor.processExecutionPhase(TestCaseExecutor.java:418)
	at com.kms.katalon.core.main.TestCaseExecutor.accessMainPhase(TestCaseExecutor.java:410)
	at com.kms.katalon.core.main.TestCaseExecutor.execute(TestCaseExecutor.java:285)
	at com.kms.katalon.core.common.CommonExecutor.accessTestCaseMainPhase(CommonExecutor.java:65)
	at com.kms.katalon.core.main.TestSuiteExecutor.accessTestSuiteMainPhase(TestSuiteExecutor.java:148)
	at com.kms.katalon.core.main.TestSuiteExecutor.execute(TestSuiteExecutor.java:106)
	at com.kms.katalon.core.main.TestCaseMain.startTestSuite(TestCaseMain.java:187)
	at com.kms.katalon.core.main.TestCaseMain$startTestSuite$0.call(Unknown Source)
	at TempTestSuite1709623980980.run(TempTestSuite1709623980980.groovy:36)


2024-03-05 15:40:58 - [TEST_STEP][PASSED] - startExistingApplication("com.maybank2u.life.uat"): Starting app with application ID: 'com.maybank2u.life.uat'

2024-03-05 15:40:58 - [MESSAGE][INFO] - User set preference: ['appWaitActivity', '']

2024-03-05 15:40:58 - [MESSAGE][INFO] - User set preference: ['autoGrantPermission', 'true']

2024-03-05 15:40:58 - [MESSAGE][INFO] - User set preference: ['noReset', 'true']

2024-03-05 15:40:58 - [MESSAGE][INFO] - User set preference: ['deviceId', '']

2024-03-05 15:40:58 - [MESSAGE][INFO] - User set preference: ['newCommandTimeout', '10000']

2024-03-05 15:41:06 - [MESSAGE][PASSED] - Starting app with application ID: 'com.maybank2u.life.uat'

2024-03-05 15:41:06 - [TEST_STEP][PASSED] - a = 8: null

2024-03-05 15:41:06 - [TEST_STEP][PASSED] - tap(findTestObject("Global Account Page/dynamicText", ["text":findTestData("Username_Password").getValue("G1A_Account_No", a)]), 0, CONTINUE_ON_FAILURE): Tapped on element 'Object Repository/Global Account Page/dynamicText'

2024-03-05 15:41:06 - [MESSAGE][WARNING] - Timeout '0' is invalid. Using default page load timeout: '30'

2024-03-05 15:41:07 - [MESSAGE][PASSED] - Tapped on element 'Object Repository/Global Account Page/dynamicText'

2024-03-05 15:41:07 - [TEST_STEP][PASSED] - tap(findTestObject("Global Account Page/dynamicText", ["text":"Convert Currency"]), 0, CONTINUE_ON_FAILURE): Tapped on element 'Object Repository/Global Account Page/dynamicText'

2024-03-05 15:41:07 - [MESSAGE][WARNING] - Timeout '0' is invalid. Using default page load timeout: '30'

2024-03-05 15:41:07 - [MESSAGE][PASSED] - Tapped on element 'Object Repository/Global Account Page/dynamicText'

2024-03-05 15:41:07 - [TEST_STEP][PASSED] - checkLinkedDevice = Validation.checkElementExists("Object Repository/Market Order Page/android.widget.TextView - Enter your password"): Element 'Object Repository/Market Order Page/android.widget.TextView - Enter your password' not found

2024-03-05 15:41:37 - [MESSAGE][WARNING] - Element 'Object Repository/Market Order Page/android.widget.TextView - Enter your password' not found

2024-03-05 15:41:37 - [TEST_STEP][PASSED] - if (checkLinkedDevice == true): null

2024-03-05 15:41:37 - [TEST_STEP][PASSED] - else: null

2024-03-05 15:41:37 - [TEST_STEP][PASSED] - CONTINUE_ON_FAILURE: null

2024-03-05 15:41:37 - [TEST_STEP][PASSED] - delay(5): Delayed 5 second(s)

2024-03-05 15:41:42 - [MESSAGE][PASSED] - Delayed 5 second(s)

2024-03-05 15:41:42 - [TEST_STEP][PASSED] - comment("TC039 - Validate user able to search for the currency"): TC039 - Validate user able to search for the currency

2024-03-05 15:41:42 - [MESSAGE][INFO] - TC039 - Validate user able to search for the currency

2024-03-05 15:41:42 - [TEST_STEP][PASSED] - utilities.Market_Order.MarketOrder_FromDropdown("US Dol", "USD - US Dollar"): utilities.Market_Order.MarketOrder_FromDropdown is PASSED

2024-03-05 15:41:42 - [MESSAGE][PASSED] - Tapped on element 'Object Repository/SOW2-Market Order/Convert_Dropdown/android.widget.TextView - Convert_Dropdown'

2024-03-05 15:41:43 - [MESSAGE][PASSED] - Element 'Object Repository/SOW2-Market Order/Convert_Dropdown/android.view.View - Select Currency' is present

2024-03-05 15:41:43 - [MESSAGE][PASSED] - Tapped on element 'Object Repository/SOW2-Market Order/Convert_Dropdown/android.widget.EditText_Select_Currency'

2024-03-05 15:41:45 - [MESSAGE][PASSED] - Text 'US Dol' has been set to element 'Object Repository/SOW2-Market Order/Convert_Dropdown/android.widget.EditText_Select_Currency'

2024-03-05 15:41:45 - [MESSAGE][PASSED] - Keyboard is hidden

2024-03-05 15:41:46 - [MESSAGE][PASSED] - Element 'Object Repository/Global Account Page/dynamicText' is exist

2024-03-05 15:41:46 - [MESSAGE][PASSED] - Tapped on element 'Object Repository/Global Account Page/dynamicText'

2024-03-05 15:41:46 - [MESSAGE][PASSED] - utilities.Market_Order.MarketOrder_FromDropdown is PASSED

2024-03-05 15:41:46 - [TEST_STEP][PASSED] - delay(10): Delayed 10 second(s)

2024-03-05 15:41:56 - [MESSAGE][PASSED] - Delayed 10 second(s)

2024-03-05 15:41:56 - [TEST_STEP][PASSED] - tap(findTestObject("SOW2-Market Order/android.widget.TextView _EditText"), 0, CONTINUE_ON_FAILURE): Tapped on element 'Object Repository/SOW2-Market Order/android.widget.TextView _EditText'

2024-03-05 15:41:56 - [MESSAGE][WARNING] - Timeout '0' is invalid. Using default page load timeout: '30'

2024-03-05 15:41:56 - [MESSAGE][PASSED] - Tapped on element 'Object Repository/SOW2-Market Order/android.widget.TextView _EditText'

2024-03-05 15:41:56 - [TEST_STEP][PASSED] - digits = "1000": null

2024-03-05 15:41:56 - [TEST_STEP][PASSED] - Currency_Calculator.Currency_Numpad(digits): Object Object Repository/Calc_Pad/android.widget.Image not found

2024-03-05 15:42:01 - [MESSAGE][WARNING] - Object Object Repository/Calc_Pad/android.widget.TextView - 1 not found

2024-03-05 15:42:06 - [MESSAGE][WARNING] - Object Object Repository/Calc_Pad/android.widget.TextView - 0 not found

2024-03-05 15:42:12 - [MESSAGE][WARNING] - Object Object Repository/Calc_Pad/android.widget.TextView - 0 not found

2024-03-05 15:42:17 - [MESSAGE][WARNING] - Object Object Repository/Calc_Pad/android.widget.TextView - 0 not found

2024-03-05 15:42:22 - [MESSAGE][WARNING] - Object Object Repository/Calc_Pad/android.widget.Image not found

2024-03-05 15:42:22 - [TEST_STEP][PASSED] - utilities.Mobile_Keywords.sow2market_orderdropdown("MYR", "MYR - Malaysian Ringgit"): utilities.Mobile_Keywords.sow2market_orderdropdown is PASSED

2024-03-05 15:42:22 - [MESSAGE][WARNING] - Timeout '0' is invalid. Using default page load timeout: '30'

2024-03-05 15:42:22 - [MESSAGE][PASSED] - Tapped on element 'Object Repository/SOW2-Market Order/Select_Currency Dropdown'

2024-03-05 15:42:23 - [MESSAGE][PASSED] - Element 'Object Repository/SOW2-Market Order/android.view.View - Select Currency' is present

2024-03-05 15:42:23 - [MESSAGE][PASSED] - Element 'Object Repository/SOW2-Market Order/android.view.View - Select Currency' is exist

2024-03-05 15:42:23 - [MESSAGE][PASSED] - Tapped on element 'Object Repository/SOW2-Market Order/android.widget.EditText_SearchCurrency'

2024-03-05 15:42:24 - [MESSAGE][PASSED] - Text 'MYR' has been set to element 'Object Repository/SOW2-Market Order/android.widget.EditText_SearchCurrency'

2024-03-05 15:42:25 - [MESSAGE][PASSED] - Keyboard is hidden

2024-03-05 15:42:25 - [MESSAGE][PASSED] - Element 'Object Repository/Global Account Page/dynamicText' is exist

2024-03-05 15:42:26 - [MESSAGE][PASSED] - Tapped on element 'Object Repository/Global Account Page/dynamicText'

2024-03-05 15:42:26 - [MESSAGE][PASSED] - utilities.Mobile_Keywords.sow2market_orderdropdown is PASSED

2024-03-05 15:42:26 - [TEST_STEP][PASSED] - verifyElementExist(findTestObject("Global Account Page/dynamicText", ["text":"Exchange rate"]), 5, CONTINUE_ON_FAILURE): Element 'Object Repository/Global Account Page/dynamicText' is exist

2024-03-05 15:42:27 - [MESSAGE][PASSED] - Element 'Object Repository/Global Account Page/dynamicText' is exist

2024-03-05 15:42:27 - [TEST_STEP][PASSED] - currency_TextMsg = getText(findTestObject("General/android.widget.TextView _Conversion"), 5, CONTINUE_ON_FAILURE): Text of element 'Object Repository/General/android.widget.TextView _Conversion' is: 'USD 1 = MYR 4.718'

2024-03-05 15:42:27 - [MESSAGE][PASSED] - Text of element 'Object Repository/General/android.widget.TextView _Conversion' is: 'USD 1 = MYR 4.718'

2024-03-05 15:42:27 - [TEST_STEP][PASSED] - roundedNumber = Validation.convertMYRtoUSD(currency_TextMsg): null

2024-03-05 15:42:27 - [TEST_STEP][PASSED] - verifyElementExist(findTestObject("Global Account Page/dynamicText", ["text":"Conversion fee"]), 5, CONTINUE_ON_FAILURE): Element 'Object Repository/Global Account Page/dynamicText' is exist

2024-03-05 15:42:27 - [MESSAGE][PASSED] - Element 'Object Repository/Global Account Page/dynamicText' is exist

2024-03-05 15:42:27 - [TEST_STEP][PASSED] - Conversion_Fee = getText(findTestObject("SOW2-Market Order/ConversionFee_Text"), 5, CONTINUE_ON_FAILURE): Text of element 'Object Repository/SOW2-Market Order/ConversionFee_Text' is: 'USD 0.00'

2024-03-05 15:42:27 - [MESSAGE][PASSED] - Text of element 'Object Repository/SOW2-Market Order/ConversionFee_Text' is: 'USD 0.00'

2024-03-05 15:42:27 - [TEST_STEP][PASSED] - verifyElementExist(findTestObject("General/android.widget.EditText _AmountReceived", ["text":roundedNumber]), 5, CONTINUE_ON_FAILURE): Element 'Object Repository/General/android.widget.EditText _AmountReceived' is exist

2024-03-05 15:42:30 - [MESSAGE][PASSED] - Element 'Object Repository/General/android.widget.EditText _AmountReceived' is exist

2024-03-05 15:42:30 - [TEST_STEP][PASSED] - takeScreenshot(): Screenshot is taken

2024-03-05 15:42:30 - [MESSAGE][PASSED] - Screenshot is taken
[[ATTACHMENT|/Users/00145409nuralianatasha/Desktop/automation_Retail_FX(public_git)/Reports/20240305_153300/SOW2/Entry Point - Quick Action (1)/20240305_153300/1709624550069.png]]

2024-03-05 15:42:30 - [TEST_STEP][PASSED] - tap(findTestObject("SOW2-Market Order/android.widget.Dynamic_Button", ["text":"Next"]), 0, CONTINUE_ON_FAILURE): Tapped on element 'Object Repository/SOW2-Market Order/android.widget.Dynamic_Button'

2024-03-05 15:42:30 - [MESSAGE][WARNING] - Timeout '0' is invalid. Using default page load timeout: '30'

2024-03-05 15:42:31 - [MESSAGE][PASSED] - Tapped on element 'Object Repository/SOW2-Market Order/android.widget.Dynamic_Button'

2024-03-05 15:42:31 - [TEST_STEP][PASSED] - waitForElementPresent(findTestObject("Global Account Page/dynamicText", ["text":"Step 2 of 2"]), 5, CONTINUE_ON_FAILURE): Element 'Object Repository/Global Account Page/dynamicText' is present

2024-03-05 15:42:32 - [MESSAGE][PASSED] - Element 'Object Repository/Global Account Page/dynamicText' is present

2024-03-05 15:42:32 - [TEST_STEP][PASSED] - verifyElementExist(findTestObject("Global Account Page/dynamicText", ["text":"Step 2 of 2"]), 5, CONTINUE_ON_FAILURE): Element 'Object Repository/Global Account Page/dynamicText' is exist

2024-03-05 15:42:32 - [MESSAGE][PASSED] - Element 'Object Repository/Global Account Page/dynamicText' is exist

2024-03-05 15:42:32 - [TEST_STEP][PASSED] - verifyElementExist(findTestObject("Global Account Page/dynamicText", ["text":"USD/MYR"]), 5, CONTINUE_ON_FAILURE): Element 'Object Repository/Global Account Page/dynamicText' is exist

2024-03-05 15:42:32 - [MESSAGE][PASSED] - Element 'Object Repository/Global Account Page/dynamicText' is exist

2024-03-05 15:42:32 - [TEST_STEP][PASSED] - utilities.Mobile_Keywords.scrollFromTopToBottom(): utilities.Mobile_Keywords.scrollFromTopToBottom is PASSED

2024-03-05 15:42:33 - [MESSAGE][PASSED] - Current device physical height is 2138

2024-03-05 15:42:33 - [MESSAGE][PASSED] - Current device physical width is 1080

2024-03-05 15:42:34 - [MESSAGE][PASSED] - Swiped from 540,1,496 to 540,641

2024-03-05 15:42:39 - [MESSAGE][PASSED] - Delayed 5 second(s)

2024-03-05 15:42:39 - [MESSAGE][PASSED] - utilities.Mobile_Keywords.scrollFromTopToBottom is PASSED

2024-03-05 15:42:39 - [TEST_STEP][PASSED] - takeScreenshot(): Screenshot is taken

2024-03-05 15:42:40 - [MESSAGE][PASSED] - Screenshot is taken
[[ATTACHMENT|/Users/00145409nuralianatasha/Desktop/automation_Retail_FX(public_git)/Reports/20240305_153300/SOW2/Entry Point - Quick Action (1)/20240305_153300/1709624559598.png]]

2024-03-05 15:42:40 - [TEST_STEP][PASSED] - tap(findTestObject("SOW2-Market Order/android.widget.Dynamic_Button", ["text":"Get Quote"]), 0, CONTINUE_ON_FAILURE): Tapped on element 'Object Repository/SOW2-Market Order/android.widget.Dynamic_Button'

2024-03-05 15:42:40 - [MESSAGE][WARNING] - Timeout '0' is invalid. Using default page load timeout: '30'

2024-03-05 15:42:40 - [MESSAGE][PASSED] - Tapped on element 'Object Repository/SOW2-Market Order/android.widget.Dynamic_Button'

2024-03-05 15:42:40 - [TEST_STEP][PASSED] - waitForElementPresent(findTestObject("Global Account Page/dynamicText", ["text":"Confirmation"]), 5, CONTINUE_ON_FAILURE): Element 'Object Repository/Global Account Page/dynamicText' is present

2024-03-05 15:42:41 - [MESSAGE][PASSED] - Element 'Object Repository/Global Account Page/dynamicText' is present

2024-03-05 15:42:41 - [TEST_STEP][PASSED] - comment("Confirmation Page"): Confirmation Page

2024-03-05 15:42:41 - [MESSAGE][INFO] - Confirmation Page

2024-03-05 15:42:41 - [TEST_STEP][PASSED] - currency_TextMsg2 = getText(findTestObject("General/android.widget.TextView _Conversion"), 0, CONTINUE_ON_FAILURE): Text of element 'Object Repository/General/android.widget.TextView _Conversion' is: 'USD 1 = MYR 4.718'

2024-03-05 15:42:41 - [MESSAGE][WARNING] - Timeout '0' is invalid. Using default page load timeout: '30'

2024-03-05 15:42:41 - [MESSAGE][PASSED] - Text of element 'Object Repository/General/android.widget.TextView _Conversion' is: 'USD 1 = MYR 4.718'

2024-03-05 15:42:41 - [TEST_STEP][PASSED] - roundedNumber2 = Validation.convertMYRtoUSD(currency_TextMsg2): null

2024-03-05 15:42:41 - [TEST_STEP][PASSED] - comment("the total amount received" + roundedNumber2): the total amount received47.18

2024-03-05 15:42:41 - [MESSAGE][INFO] - the total amount received47.18

2024-03-05 15:42:41 - [TEST_STEP][PASSED] - verifyElementExist(findTestObject("Global Account Page/dynamicText", ["text":"Amount to receive"]), 5, CONTINUE_ON_FAILURE): Element 'Object Repository/Global Account Page/dynamicText' is exist

2024-03-05 15:42:42 - [MESSAGE][PASSED] - Element 'Object Repository/Global Account Page/dynamicText' is exist

2024-03-05 15:42:42 - [TEST_STEP][FAILED] - verifyElementExist(findTestObject("Global Account Page/dynamicText", ["text":"MYR" + roundedNumber2]), 5, CONTINUE_ON_FAILURE): Element 'Object Repository/Global Account Page/dynamicText' not found

2024-03-05 15:42:47 - [MESSAGE][FAILED] - Element 'Object Repository/Global Account Page/dynamicText' not found

2024-03-05 15:42:47 - [TEST_STEP][PASSED] - takeScreenshot(CONTINUE_ON_FAILURE): Screenshot is taken

2024-03-05 15:42:47 - [MESSAGE][PASSED] - Screenshot is taken
[[ATTACHMENT|/Users/00145409nuralianatasha/Desktop/automation_Retail_FX(public_git)/Reports/20240305_153300/SOW2/Entry Point - Quick Action (1)/20240305_153300/1709624567081.png]]

2024-03-05 15:42:47 - [TEST_STEP][PASSED] - tap(findTestObject("SOW2-Market Order/android.view.View - I have read and agree to the BNM Foreign Exchange Rules, I accept the declaration as well as the Terms  Conditions for this transfer"), 0, CONTINUE_ON_FAILURE): Tapped on element 'Object Repository/SOW2-Market Order/android.view.View - I have read and agree to the BNM Foreign Exchange Rules, I accept the declaration as well as the Terms  Conditions for this transfer'

2024-03-05 15:42:47 - [MESSAGE][WARNING] - Timeout '0' is invalid. Using default page load timeout: '30'

2024-03-05 15:42:48 - [MESSAGE][PASSED] - Tapped on element 'Object Repository/SOW2-Market Order/android.view.View - I have read and agree to the BNM Foreign Exchange Rules, I accept the declaration as well as the Terms  Conditions for this transfer'

2024-03-05 15:42:48 - [TEST_STEP][PASSED] - utilities.Mobile_Keywords.scrollFromTopToBottom(): utilities.Mobile_Keywords.scrollFromTopToBottom is PASSED

2024-03-05 15:42:48 - [MESSAGE][PASSED] - Current device physical height is 2138

2024-03-05 15:42:48 - [MESSAGE][PASSED] - Current device physical width is 1080

2024-03-05 15:42:49 - [MESSAGE][PASSED] - Swiped from 540,1,496 to 540,641

2024-03-05 15:42:54 - [MESSAGE][PASSED] - Delayed 5 second(s)

2024-03-05 15:42:54 - [MESSAGE][PASSED] - utilities.Mobile_Keywords.scrollFromTopToBottom is PASSED

2024-03-05 15:42:54 - [TEST_STEP][PASSED] - tap(findTestObject("SOW2-Market Order/android.widget.Dynamic_Button", ["text":"Confirm"]), 0, CONTINUE_ON_FAILURE): Tapped on element 'Object Repository/SOW2-Market Order/android.widget.Dynamic_Button'

2024-03-05 15:42:54 - [MESSAGE][WARNING] - Timeout '0' is invalid. Using default page load timeout: '30'

2024-03-05 15:42:55 - [MESSAGE][PASSED] - Tapped on element 'Object Repository/SOW2-Market Order/android.widget.Dynamic_Button'

2024-03-05 15:42:55 - [TEST_STEP][PASSED] - waitForElementPresent(findTestObject("Global Account Page/dynamicText", ["text":"Transaction Successful"]), 5, CONTINUE_ON_FAILURE): Element 'Object Repository/Global Account Page/dynamicText' is present

2024-03-05 15:43:00 - [MESSAGE][PASSED] - Element 'Object Repository/Global Account Page/dynamicText' is present

2024-03-05 15:43:00 - [TEST_STEP][PASSED] - verifyElementExist(findTestObject("Global Account Page/dynamicText", ["text":"Transaction Successful"]), 5, CONTINUE_ON_FAILURE): Element 'Object Repository/Global Account Page/dynamicText' is exist

2024-03-05 15:43:01 - [MESSAGE][PASSED] - Element 'Object Repository/Global Account Page/dynamicText' is exist

2024-03-05 15:43:01 - [TEST_STEP][PASSED] - verifyElementExist(findTestObject("Global Account Page/dynamicText", ["text":"Reference ID"]), 0, CONTINUE_ON_FAILURE): Element 'Object Repository/Global Account Page/dynamicText' is exist

2024-03-05 15:43:01 - [MESSAGE][WARNING] - Timeout '0' is invalid. Using default page load timeout: '30'

2024-03-05 15:43:01 - [MESSAGE][PASSED] - Element 'Object Repository/Global Account Page/dynamicText' is exist

2024-03-05 15:43:01 - [TEST_STEP][PASSED] - reference_id = getText(findTestObject("Market Order Page/android.widget.TextView - Reference ID"), 5, CONTINUE_ON_FAILURE): Text of element 'Object Repository/Market Order Page/android.widget.TextView - Reference ID' is: '004137259M'

2024-03-05 15:43:01 - [MESSAGE][PASSED] - Text of element 'Object Repository/Market Order Page/android.widget.TextView - Reference ID' is: '004137259M'

2024-03-05 15:43:01 - [TEST_STEP][PASSED] - verifyElementExist(findTestObject("Global Account Page/dynamicText", ["text":"MYR " + roundedNumber2]), 5, CONTINUE_ON_FAILURE): Element 'Object Repository/Global Account Page/dynamicText' is exist

2024-03-05 15:43:01 - [MESSAGE][PASSED] - Element 'Object Repository/Global Account Page/dynamicText' is exist

2024-03-05 15:43:01 - [TEST_STEP][PASSED] - verifyElementExist(findTestObject("Global Account Page/dynamicText", ["text":"Done"]), 5, CONTINUE_ON_FAILURE): Element 'Object Repository/Global Account Page/dynamicText' is exist

2024-03-05 15:43:01 - [MESSAGE][PASSED] - Element 'Object Repository/Global Account Page/dynamicText' is exist

2024-03-05 15:43:01 - [TEST_STEP][PASSED] - takeScreenshot(CONTINUE_ON_FAILURE): Screenshot is taken

2024-03-05 15:43:01 - [MESSAGE][PASSED] - Screenshot is taken
[[ATTACHMENT|/Users/00145409nuralianatasha/Desktop/automation_Retail_FX(public_git)/Reports/20240305_153300/SOW2/Entry Point - Quick Action (1)/20240305_153300/1709624581468.png]]

2024-03-05 15:43:01 - [TEST_STEP][PASSED] - tap(findTestObject("Global Account Page/dynamicText", ["text":"Share Receipt"]), 0, CONTINUE_ON_FAILURE): Tapped on element 'Object Repository/Global Account Page/dynamicText'

2024-03-05 15:43:01 - [MESSAGE][WARNING] - Timeout '0' is invalid. Using default page load timeout: '30'

2024-03-05 15:43:02 - [MESSAGE][PASSED] - Tapped on element 'Object Repository/Global Account Page/dynamicText'

2024-03-05 15:43:02 - [TEST_STEP][PASSED] - delay(10): Delayed 10 second(s)

2024-03-05 15:43:12 - [MESSAGE][PASSED] - Delayed 10 second(s)

2024-03-05 15:43:12 - [TEST_STEP][PASSED] - waitForElementPresent(findTestObject("Global Account Page/dynamicText", ["text":"Currency Exchange"]), 5, CONTINUE_ON_FAILURE): Element 'Object Repository/Global Account Page/dynamicText' is present

2024-03-05 15:43:12 - [MESSAGE][PASSED] - Element 'Object Repository/Global Account Page/dynamicText' is present

2024-03-05 15:43:12 - [TEST_STEP][PASSED] - verifyElementExist(findTestObject("Global Account Page/dynamicText", ["text":"Completed"]), 5, CONTINUE_ON_FAILURE): Element 'Object Repository/Global Account Page/dynamicText' is exist

2024-03-05 15:43:12 - [MESSAGE][PASSED] - Element 'Object Repository/Global Account Page/dynamicText' is exist

2024-03-05 15:43:12 - [TEST_STEP][PASSED] - takeScreenshot(): Screenshot is taken

2024-03-05 15:43:12 - [MESSAGE][PASSED] - Screenshot is taken
[[ATTACHMENT|/Users/00145409nuralianatasha/Desktop/automation_Retail_FX(public_git)/Reports/20240305_153300/SOW2/Entry Point - Quick Action (1)/20240305_153300/1709624592362.png]]

2024-03-05 15:43:12 - [TEST_STEP][PASSED] - verifyElementExist(findTestObject("Global Account Page/dynamicText", ["text":"From account"]), 5, CONTINUE_ON_FAILURE): Element 'Object Repository/Global Account Page/dynamicText' is exist

2024-03-05 15:43:12 - [MESSAGE][PASSED] - Element 'Object Repository/Global Account Page/dynamicText' is exist

2024-03-05 15:43:12 - [TEST_STEP][FAILED] - verifyElementExist(findTestObject("Global Account Page/dynamicText", ["text":"Global Access Account-i (USD)

9000 0002 1160"]), 5, CONTINUE_ON_FAILURE): Element 'Object Repository/Global Account Page/dynamicText' not found

2024-03-05 15:43:18 - [MESSAGE][FAILED] - Element 'Object Repository/Global Account Page/dynamicText' not found

2024-03-05 15:43:18 - [TEST_STEP][PASSED] - verifyElementExist(findTestObject("Global Account Page/dynamicText", ["text":"To account"]), 5, CONTINUE_ON_FAILURE): Element 'Object Repository/Global Account Page/dynamicText' is exist

2024-03-05 15:43:18 - [MESSAGE][PASSED] - Element 'Object Repository/Global Account Page/dynamicText' is exist

2024-03-05 15:43:18 - [TEST_STEP][FAILED] - verifyElementExist(findTestObject("Global Account Page/dynamicText", ["text":"Global Access Account-i (MYR)

9000 0002 1160"]), 5, CONTINUE_ON_FAILURE): Element 'Object Repository/Global Account Page/dynamicText' not found

2024-03-05 15:43:23 - [MESSAGE][FAILED] - Element 'Object Repository/Global Account Page/dynamicText' not found

2024-03-05 15:43:23 - [TEST_STEP][PASSED] - utilities.Mobile_Keywords.scrollFromTopToBottom(): utilities.Mobile_Keywords.scrollFromTopToBottom is PASSED

2024-03-05 15:43:23 - [MESSAGE][PASSED] - Current device physical height is 2138

2024-03-05 15:43:23 - [MESSAGE][PASSED] - Current device physical width is 1080

2024-03-05 15:43:24 - [MESSAGE][PASSED] - Swiped from 540,1,496 to 540,641

2024-03-05 15:43:29 - [MESSAGE][PASSED] - Delayed 5 second(s)

2024-03-05 15:43:29 - [MESSAGE][PASSED] - utilities.Mobile_Keywords.scrollFromTopToBottom is PASSED

2024-03-05 15:43:29 - [TEST_STEP][PASSED] - verifyElementExist(findTestObject("Global Account Page/dynamicText", ["text":Conversion_Fee]), 5, CONTINUE_ON_FAILURE): Element 'Object Repository/Global Account Page/dynamicText' is exist

2024-03-05 15:43:30 - [MESSAGE][PASSED] - Element 'Object Repository/Global Account Page/dynamicText' is exist

2024-03-05 15:43:30 - [TEST_STEP][PASSED] - verifyElementExist(findTestObject("Global Account Page/dynamicText", ["text":"MYR " + roundedNumber2]), 5, CONTINUE_ON_FAILURE): Element 'Object Repository/Global Account Page/dynamicText' is exist

2024-03-05 15:43:30 - [MESSAGE][PASSED] - Element 'Object Repository/Global Account Page/dynamicText' is exist

2024-03-05 15:43:30 - [TEST_STEP][PASSED] - takeScreenshot(): Screenshot is taken

2024-03-05 15:43:30 - [MESSAGE][PASSED] - Screenshot is taken
[[ATTACHMENT|/Users/00145409nuralianatasha/Desktop/automation_Retail_FX(public_git)/Reports/20240305_153300/SOW2/Entry Point - Quick Action (1)/20240305_153300/1709624610113.png]]

2024-03-05 15:43:30 - [TEST_STEP][PASSED] - tap(findTestObject("Market Order Page/android.widget.ImageViewBack_Button"), 0, CONTINUE_ON_FAILURE): Tapped on element 'Object Repository/Market Order Page/android.widget.ImageViewBack_Button'

2024-03-05 15:43:30 - [MESSAGE][WARNING] - Timeout '0' is invalid. Using default page load timeout: '30'

2024-03-05 15:43:30 - [MESSAGE][PASSED] - Tapped on element 'Object Repository/Market Order Page/android.widget.ImageViewBack_Button'

2024-03-05 15:43:30 - [TEST_STEP][PASSED] - waitForElementPresent(findTestObject("Global Account Page/dynamicText", ["text":"Transaction Successful"]), 0, CONTINUE_ON_FAILURE): Element 'Object Repository/Global Account Page/dynamicText' is present

2024-03-05 15:43:30 - [MESSAGE][WARNING] - Timeout '0' is invalid. Using default page load timeout: '30'

2024-03-05 15:43:31 - [MESSAGE][PASSED] - Element 'Object Repository/Global Account Page/dynamicText' is present

2024-03-05 15:43:31 - [TEST_STEP][PASSED] - verifyElementExist(findTestObject("Global Account Page/dynamicText", ["text":"Transaction Successful"]), 0, CONTINUE_ON_FAILURE): Element 'Object Repository/Global Account Page/dynamicText' is exist

2024-03-05 15:43:31 - [MESSAGE][WARNING] - Timeout '0' is invalid. Using default page load timeout: '30'

2024-03-05 15:43:31 - [MESSAGE][PASSED] - Element 'Object Repository/Global Account Page/dynamicText' is exist

2024-03-05 15:43:31 - [TEST_STEP][PASSED] - takeScreenshot(): Screenshot is taken

2024-03-05 15:43:32 - [MESSAGE][PASSED] - Screenshot is taken
[[ATTACHMENT|/Users/00145409nuralianatasha/Desktop/automation_Retail_FX(public_git)/Reports/20240305_153300/SOW2/Entry Point - Quick Action (1)/20240305_153300/1709624611795.png]]

2024-03-05 15:43:32 - [TEST_STEP][PASSED] - tap(findTestObject("Global Account Page/dynamicText", ["text":"Done"]), 0, CONTINUE_ON_FAILURE): Tapped on element 'Object Repository/Global Account Page/dynamicText'

2024-03-05 15:43:32 - [MESSAGE][WARNING] - Timeout '0' is invalid. Using default page load timeout: '30'

2024-03-05 15:43:32 - [MESSAGE][PASSED] - Tapped on element 'Object Repository/Global Account Page/dynamicText']]></system-out>
         <system-err><![CDATA[2024-03-05 15:40:58 - [TEST_CASE][FAILED] - Test Cases/RETAILFX-SOW2 Market Order/Entry Point - Quick Action/SOW2 - Covert from USD to MYR: Test Cases/RETAILFX-SOW2 Market Order/Entry Point - Quick Action/SOW2 - Covert from USD to MYR FAILED.
Reason:
com.kms.katalon.core.exception.StepFailedException: Element 'Object Repository/Global Account Page/dynamicText' not found
	at com.kms.katalon.core.keyword.internal.KeywordMain.stepFailed(KeywordMain.groovy:39)
	at com.kms.katalon.core.mobile.keyword.internal.MobileKeywordMain.stepFailed(MobileKeywordMain.groovy:40)
	at com.kms.katalon.core.mobile.keyword.builtin.VerifyElementExistKeyword$_verifyElementExist_closure1.doCall(VerifyElementExistKeyword.groovy:77)
	at com.kms.katalon.core.mobile.keyword.builtin.VerifyElementExistKeyword$_verifyElementExist_closure1.call(VerifyElementExistKeyword.groovy)
	at com.kms.katalon.core.mobile.keyword.internal.MobileKeywordMain.runKeyword(MobileKeywordMain.groovy:21)
	at com.kms.katalon.core.mobile.keyword.builtin.VerifyElementExistKeyword.verifyElementExist(VerifyElementExistKeyword.groovy:80)
	at com.kms.katalon.core.mobile.keyword.builtin.VerifyElementExistKeyword.execute(VerifyElementExistKeyword.groovy:64)
	at com.kms.katalon.core.keyword.internal.KeywordExecutor.executeKeywordForPlatform(KeywordExecutor.groovy:74)
	at com.kms.katalon.core.mobile.keyword.MobileBuiltInKeywords.verifyElementExist(MobileBuiltInKeywords.groovy:1739)
	at com.kms.katalon.core.mobile.keyword.MobileBuiltInKeywords$verifyElementExist$4.call(Unknown Source)
	at SOW2 - Covert from USD to MYR.run(SOW2 - Covert from USD to MYR:119)
	at com.kms.katalon.core.main.ScriptEngine.run(ScriptEngine.java:194)
	at com.kms.katalon.core.main.ScriptEngine.runScriptAsRawText(ScriptEngine.java:119)
	at com.kms.katalon.core.main.TestCaseExecutor.runScript(TestCaseExecutor.java:448)
	at com.kms.katalon.core.main.TestCaseExecutor.doExecute(TestCaseExecutor.java:439)
	at com.kms.katalon.core.main.TestCaseExecutor.processExecutionPhase(TestCaseExecutor.java:418)
	at com.kms.katalon.core.main.TestCaseExecutor.accessMainPhase(TestCaseExecutor.java:410)
	at com.kms.katalon.core.main.TestCaseExecutor.execute(TestCaseExecutor.java:285)
	at com.kms.katalon.core.common.CommonExecutor.accessTestCaseMainPhase(CommonExecutor.java:65)
	at com.kms.katalon.core.main.TestSuiteExecutor.accessTestSuiteMainPhase(TestSuiteExecutor.java:148)
	at com.kms.katalon.core.main.TestSuiteExecutor.execute(TestSuiteExecutor.java:106)
	at com.kms.katalon.core.main.TestCaseMain.startTestSuite(TestCaseMain.java:187)
	at com.kms.katalon.core.main.TestCaseMain$startTestSuite$0.call(Unknown Source)
	at TempTestSuite1709623980980.run(TempTestSuite1709623980980.groovy:36)]]></system-err>
      </testcase>
      <testcase name="Test Cases/RETAILFX-SOW2 Market Order/Entry Point - Quick Action/SOW2 - Change Currency Country From and country to in Confirmation page" time="249.548" classname="Test Cases/RETAILFX-SOW2 Market Order/Entry Point - Quick Action/SOW2 - Change Currency Country From and country to in Confirmation page" status="FAILED">
         <failure type="FAILED" message="Test Cases/RETAILFX-SOW2 Market Order/Entry Point - Quick Action/SOW2 - Change Currency Country From and country to in Confirmation page FAILED.
Reason:
com.kms.katalon.core.exception.StepFailedException: Element 'Object Repository/Global Account Page/dynamicText' not found
	at com.kms.katalon.core.keyword.internal.KeywordMain.stepFailed(KeywordMain.groovy:39)
	at com.kms.katalon.core.mobile.keyword.internal.MobileKeywordMain.stepFailed(MobileKeywordMain.groovy:40)
	at com.kms.katalon.core.mobile.keyword.builtin.VerifyElementExistKeyword$_verifyElementExist_closure1.doCall(VerifyElementExistKeyword.groovy:77)
	at com.kms.katalon.core.mobile.keyword.builtin.VerifyElementExistKeyword$_verifyElementExist_closure1.call(VerifyElementExistKeyword.groovy)
	at com.kms.katalon.core.mobile.keyword.internal.MobileKeywordMain.runKeyword(MobileKeywordMain.groovy:21)
	at com.kms.katalon.core.mobile.keyword.builtin.VerifyElementExistKeyword.verifyElementExist(VerifyElementExistKeyword.groovy:80)
	at com.kms.katalon.core.mobile.keyword.builtin.VerifyElementExistKeyword.execute(VerifyElementExistKeyword.groovy:64)
	at com.kms.katalon.core.keyword.internal.KeywordExecutor.executeKeywordForPlatform(KeywordExecutor.groovy:74)
	at com.kms.katalon.core.mobile.keyword.MobileBuiltInKeywords.verifyElementExist(MobileBuiltInKeywords.groovy:1739)
	at com.kms.katalon.core.mobile.keyword.MobileBuiltInKeywords$verifyElementExist$4.call(Unknown Source)
	at SOW2 - Change Currency Country From and country to in Confirmation page.run(SOW2 - Change Currency Country From and country to in Confirmation page:95)
	at com.kms.katalon.core.main.ScriptEngine.run(ScriptEngine.java:194)
	at com.kms.katalon.core.main.ScriptEngine.runScriptAsRawText(ScriptEngine.java:119)
	at com.kms.katalon.core.main.TestCaseExecutor.runScript(TestCaseExecutor.java:448)
	at com.kms.katalon.core.main.TestCaseExecutor.doExecute(TestCaseExecutor.java:439)
	at com.kms.katalon.core.main.TestCaseExecutor.processExecutionPhase(TestCaseExecutor.java:418)
	at com.kms.katalon.core.main.TestCaseExecutor.accessMainPhase(TestCaseExecutor.java:410)
	at com.kms.katalon.core.main.TestCaseExecutor.execute(TestCaseExecutor.java:285)
	at com.kms.katalon.core.common.CommonExecutor.accessTestCaseMainPhase(CommonExecutor.java:65)
	at com.kms.katalon.core.main.TestSuiteExecutor.accessTestSuiteMainPhase(TestSuiteExecutor.java:148)
	at com.kms.katalon.core.main.TestSuiteExecutor.execute(TestSuiteExecutor.java:106)
	at com.kms.katalon.core.main.TestCaseMain.startTestSuite(TestCaseMain.java:187)
	at com.kms.katalon.core.main.TestCaseMain$startTestSuite$0.call(Unknown Source)
	at TempTestSuite1709623980980.run(TempTestSuite1709623980980.groovy:36)
"/>
         <system-out><![CDATA[2024-03-05 15:43:32 - [TEST_CASE][FAILED] - Test Cases/RETAILFX-SOW2 Market Order/Entry Point - Quick Action/SOW2 - Change Currency Country From and country to in Confirmation page: Test Cases/RETAILFX-SOW2 Market Order/Entry Point - Quick Action/SOW2 - Change Currency Country From and country to in Confirmation page FAILED.
Reason:
com.kms.katalon.core.exception.StepFailedException: Element 'Object Repository/Global Account Page/dynamicText' not found
	at com.kms.katalon.core.keyword.internal.KeywordMain.stepFailed(KeywordMain.groovy:39)
	at com.kms.katalon.core.mobile.keyword.internal.MobileKeywordMain.stepFailed(MobileKeywordMain.groovy:40)
	at com.kms.katalon.core.mobile.keyword.builtin.VerifyElementExistKeyword$_verifyElementExist_closure1.doCall(VerifyElementExistKeyword.groovy:77)
	at com.kms.katalon.core.mobile.keyword.builtin.VerifyElementExistKeyword$_verifyElementExist_closure1.call(VerifyElementExistKeyword.groovy)
	at com.kms.katalon.core.mobile.keyword.internal.MobileKeywordMain.runKeyword(MobileKeywordMain.groovy:21)
	at com.kms.katalon.core.mobile.keyword.builtin.VerifyElementExistKeyword.verifyElementExist(VerifyElementExistKeyword.groovy:80)
	at com.kms.katalon.core.mobile.keyword.builtin.VerifyElementExistKeyword.execute(VerifyElementExistKeyword.groovy:64)
	at com.kms.katalon.core.keyword.internal.KeywordExecutor.executeKeywordForPlatform(KeywordExecutor.groovy:74)
	at com.kms.katalon.core.mobile.keyword.MobileBuiltInKeywords.verifyElementExist(MobileBuiltInKeywords.groovy:1739)
	at com.kms.katalon.core.mobile.keyword.MobileBuiltInKeywords$verifyElementExist$4.call(Unknown Source)
	at SOW2 - Change Currency Country From and country to in Confirmation page.run(SOW2 - Change Currency Country From and country to in Confirmation page:95)
	at com.kms.katalon.core.main.ScriptEngine.run(ScriptEngine.java:194)
	at com.kms.katalon.core.main.ScriptEngine.runScriptAsRawText(ScriptEngine.java:119)
	at com.kms.katalon.core.main.TestCaseExecutor.runScript(TestCaseExecutor.java:448)
	at com.kms.katalon.core.main.TestCaseExecutor.doExecute(TestCaseExecutor.java:439)
	at com.kms.katalon.core.main.TestCaseExecutor.processExecutionPhase(TestCaseExecutor.java:418)
	at com.kms.katalon.core.main.TestCaseExecutor.accessMainPhase(TestCaseExecutor.java:410)
	at com.kms.katalon.core.main.TestCaseExecutor.execute(TestCaseExecutor.java:285)
	at com.kms.katalon.core.common.CommonExecutor.accessTestCaseMainPhase(CommonExecutor.java:65)
	at com.kms.katalon.core.main.TestSuiteExecutor.accessTestSuiteMainPhase(TestSuiteExecutor.java:148)
	at com.kms.katalon.core.main.TestSuiteExecutor.execute(TestSuiteExecutor.java:106)
	at com.kms.katalon.core.main.TestCaseMain.startTestSuite(TestCaseMain.java:187)
	at com.kms.katalon.core.main.TestCaseMain$startTestSuite$0.call(Unknown Source)
	at TempTestSuite1709623980980.run(TempTestSuite1709623980980.groovy:36)


2024-03-05 15:43:32 - [TEST_STEP][PASSED] - startExistingApplication("com.maybank2u.life.uat"): Starting app with application ID: 'com.maybank2u.life.uat'

2024-03-05 15:43:32 - [MESSAGE][INFO] - User set preference: ['appWaitActivity', '']

2024-03-05 15:43:32 - [MESSAGE][INFO] - User set preference: ['autoGrantPermission', 'true']

2024-03-05 15:43:32 - [MESSAGE][INFO] - User set preference: ['noReset', 'true']

2024-03-05 15:43:32 - [MESSAGE][INFO] - User set preference: ['deviceId', '']

2024-03-05 15:43:32 - [MESSAGE][INFO] - User set preference: ['newCommandTimeout', '10000']

2024-03-05 15:43:39 - [MESSAGE][PASSED] - Starting app with application ID: 'com.maybank2u.life.uat'

2024-03-05 15:43:39 - [TEST_STEP][PASSED] - delay(15): Delayed 15 second(s)

2024-03-05 15:43:54 - [MESSAGE][PASSED] - Delayed 15 second(s)

2024-03-05 15:43:54 - [TEST_STEP][PASSED] - a = 8: null

2024-03-05 15:43:54 - [TEST_STEP][PASSED] - tap(findTestObject("Global Account Page/dynamicText", ["text":findTestData("Username_Password").getValue("G1A_Account_No", a)]), 0, CONTINUE_ON_FAILURE): Tapped on element 'Object Repository/Global Account Page/dynamicText'

2024-03-05 15:43:54 - [MESSAGE][WARNING] - Timeout '0' is invalid. Using default page load timeout: '30'

2024-03-05 15:43:55 - [MESSAGE][PASSED] - Tapped on element 'Object Repository/Global Account Page/dynamicText'

2024-03-05 15:43:55 - [TEST_STEP][PASSED] - delay(15): Delayed 15 second(s)

2024-03-05 15:44:10 - [MESSAGE][PASSED] - Delayed 15 second(s)

2024-03-05 15:44:10 - [TEST_STEP][PASSED] - tap(findTestObject("Global Account Page/dynamicText", ["text":"Convert Currency"]), 0, CONTINUE_ON_FAILURE): Tapped on element 'Object Repository/Global Account Page/dynamicText'

2024-03-05 15:44:10 - [MESSAGE][WARNING] - Timeout '0' is invalid. Using default page load timeout: '30'

2024-03-05 15:44:10 - [MESSAGE][PASSED] - Tapped on element 'Object Repository/Global Account Page/dynamicText'

2024-03-05 15:44:10 - [TEST_STEP][PASSED] - checkLinkedDevice = Validation.checkElementExists("Object Repository/Market Order Page/android.widget.TextView - Enter your password"): Element 'Object Repository/Market Order Page/android.widget.TextView - Enter your password' not found

2024-03-05 15:44:40 - [MESSAGE][WARNING] - Element 'Object Repository/Market Order Page/android.widget.TextView - Enter your password' not found

2024-03-05 15:44:40 - [TEST_STEP][PASSED] - if (checkLinkedDevice == true): null

2024-03-05 15:44:40 - [TEST_STEP][PASSED] - else: null

2024-03-05 15:44:40 - [TEST_STEP][PASSED] - CONTINUE_ON_FAILURE: null

2024-03-05 15:44:40 - [TEST_STEP][PASSED] - delay(15): Delayed 15 second(s)

2024-03-05 15:44:55 - [MESSAGE][PASSED] - Delayed 15 second(s)

2024-03-05 15:44:55 - [TEST_STEP][PASSED] - tap(findTestObject("SOW2-Market Order/android.widget.TextView _EditText"), 0, CONTINUE_ON_FAILURE): Tapped on element 'Object Repository/SOW2-Market Order/android.widget.TextView _EditText'

2024-03-05 15:44:55 - [MESSAGE][WARNING] - Timeout '0' is invalid. Using default page load timeout: '30'

2024-03-05 15:44:55 - [MESSAGE][PASSED] - Tapped on element 'Object Repository/SOW2-Market Order/android.widget.TextView _EditText'

2024-03-05 15:44:55 - [TEST_STEP][PASSED] - delay(15): Delayed 15 second(s)

2024-03-05 15:45:10 - [MESSAGE][PASSED] - Delayed 15 second(s)

2024-03-05 15:45:10 - [TEST_STEP][PASSED] - digits = "5000": null

2024-03-05 15:45:10 - [TEST_STEP][PASSED] - Currency_Calculator.Currency_Numpad(digits): Tapped on element 'Object Repository/Calc_Pad/android.widget.Image'

2024-03-05 15:45:11 - [MESSAGE][PASSED] - Tapped on element 'Object Repository/Calc_Pad/android.widget.TextView - 5'

2024-03-05 15:45:12 - [MESSAGE][PASSED] - Tapped on element 'Object Repository/Calc_Pad/android.widget.TextView - 0'

2024-03-05 15:45:12 - [MESSAGE][PASSED] - Tapped on element 'Object Repository/Calc_Pad/android.widget.TextView - 0'

2024-03-05 15:45:13 - [MESSAGE][PASSED] - Tapped on element 'Object Repository/Calc_Pad/android.widget.TextView - 0'

2024-03-05 15:45:14 - [MESSAGE][PASSED] - Tapped on element 'Object Repository/Calc_Pad/android.widget.Image'

2024-03-05 15:45:14 - [TEST_STEP][PASSED] - utilities.Mobile_Keywords.sow2market_orderdropdown("USD", "USD - US Dollar"): utilities.Mobile_Keywords.sow2market_orderdropdown is PASSED

2024-03-05 15:45:14 - [MESSAGE][WARNING] - Timeout '0' is invalid. Using default page load timeout: '30'

2024-03-05 15:45:14 - [MESSAGE][PASSED] - Tapped on element 'Object Repository/SOW2-Market Order/Select_Currency Dropdown'

2024-03-05 15:45:15 - [MESSAGE][PASSED] - Element 'Object Repository/SOW2-Market Order/android.view.View - Select Currency' is present

2024-03-05 15:45:15 - [MESSAGE][PASSED] - Element 'Object Repository/SOW2-Market Order/android.view.View - Select Currency' is exist

2024-03-05 15:45:16 - [MESSAGE][PASSED] - Tapped on element 'Object Repository/SOW2-Market Order/android.widget.EditText_SearchCurrency'

2024-03-05 15:45:17 - [MESSAGE][PASSED] - Text 'USD' has been set to element 'Object Repository/SOW2-Market Order/android.widget.EditText_SearchCurrency'

2024-03-05 15:45:17 - [MESSAGE][PASSED] - Keyboard is hidden

2024-03-05 15:45:18 - [MESSAGE][PASSED] - Element 'Object Repository/Global Account Page/dynamicText' is exist

2024-03-05 15:45:18 - [MESSAGE][PASSED] - Tapped on element 'Object Repository/Global Account Page/dynamicText'

2024-03-05 15:45:18 - [MESSAGE][PASSED] - utilities.Mobile_Keywords.sow2market_orderdropdown is PASSED

2024-03-05 15:45:18 - [TEST_STEP][PASSED] - verifyElementExist(findTestObject("Global Account Page/dynamicText", ["text":"Exchange rate"]), 5, CONTINUE_ON_FAILURE): Element 'Object Repository/Global Account Page/dynamicText' is exist

2024-03-05 15:45:19 - [MESSAGE][PASSED] - Element 'Object Repository/Global Account Page/dynamicText' is exist

2024-03-05 15:45:19 - [TEST_STEP][PASSED] - currency_TextMsg = getText(findTestObject("General/android.widget.TextView _Conversion"), 5, CONTINUE_ON_FAILURE): Text of element 'Object Repository/General/android.widget.TextView _Conversion' is: 'USD 1 = MYR 4.746'

2024-03-05 15:45:19 - [MESSAGE][PASSED] - Text of element 'Object Repository/General/android.widget.TextView _Conversion' is: 'USD 1 = MYR 4.746'

2024-03-05 15:45:19 - [TEST_STEP][PASSED] - println("This is" + currency_TextMsg): null

2024-03-05 15:45:19 - [TEST_STEP][PASSED] - currency_TextMsg = currency_TextMsg.replace("USD 1 = MYR ", ""): null

2024-03-05 15:45:19 - [TEST_STEP][PASSED] - forex = Double.valueOf(currency_TextMsg): null

2024-03-05 15:45:19 - [TEST_STEP][PASSED] - forex1 = 50.00 / forex: null

2024-03-05 15:45:19 - [TEST_STEP][PASSED] - decimalFormat = new java.text.DecimalFormat(#0.00): null

2024-03-05 15:45:19 - [TEST_STEP][PASSED] - roundedNumber = decimalFormat.format(forex1): null

2024-03-05 15:45:19 - [TEST_STEP][PASSED] - verifyElementExist(findTestObject("Global Account Page/dynamicText", ["text":"Conversion fee"]), 5, CONTINUE_ON_FAILURE): Element 'Object Repository/Global Account Page/dynamicText' is exist

2024-03-05 15:45:19 - [MESSAGE][PASSED] - Element 'Object Repository/Global Account Page/dynamicText' is exist

2024-03-05 15:45:19 - [TEST_STEP][PASSED] - verifyElementExist(findTestObject("Global Account Page/dynamicText", ["text":"Total to pay"]), 5, CONTINUE_ON_FAILURE): Element 'Object Repository/Global Account Page/dynamicText' is exist

2024-03-05 15:45:19 - [MESSAGE][PASSED] - Element 'Object Repository/Global Account Page/dynamicText' is exist

2024-03-05 15:45:19 - [TEST_STEP][FAILED] - verifyElementExist(findTestObject("Global Account Page/dynamicText", ["text":"MYR 50.00"]), 5, CONTINUE_ON_FAILURE): Element 'Object Repository/Global Account Page/dynamicText' not found

2024-03-05 15:45:25 - [MESSAGE][FAILED] - Element 'Object Repository/Global Account Page/dynamicText' not found

2024-03-05 15:45:25 - [TEST_STEP][PASSED] - verifyElementExist(findTestObject("Global Account Page/dynamicText", ["text":"Amount to receive"]), 5, CONTINUE_ON_FAILURE): Element 'Object Repository/Global Account Page/dynamicText' is exist

2024-03-05 15:45:25 - [MESSAGE][PASSED] - Element 'Object Repository/Global Account Page/dynamicText' is exist

2024-03-05 15:45:25 - [TEST_STEP][FAILED] - verifyElementExist(findTestObject("General/android.widget.EditText _AmountReceived", ["text":roundedNumber]), 5, CONTINUE_ON_FAILURE): Element 'Object Repository/General/android.widget.EditText _AmountReceived' not found

2024-03-05 15:45:31 - [MESSAGE][FAILED] - Element 'Object Repository/General/android.widget.EditText _AmountReceived' not found

2024-03-05 15:45:31 - [TEST_STEP][PASSED] - takeScreenshot(): Screenshot is taken

2024-03-05 15:45:31 - [MESSAGE][PASSED] - Screenshot is taken
[[ATTACHMENT|/Users/00145409nuralianatasha/Desktop/automation_Retail_FX(public_git)/Reports/20240305_153300/SOW2/Entry Point - Quick Action (1)/20240305_153300/1709624731454.png]]

2024-03-05 15:45:31 - [TEST_STEP][PASSED] - tap(findTestObject("SOW2-Market Order/android.widget.Dynamic_Button", ["text":"Next"]), 5, CONTINUE_ON_FAILURE): Tapped on element 'Object Repository/SOW2-Market Order/android.widget.Dynamic_Button'

2024-03-05 15:45:33 - [MESSAGE][PASSED] - Tapped on element 'Object Repository/SOW2-Market Order/android.widget.Dynamic_Button'

2024-03-05 15:45:33 - [TEST_STEP][PASSED] - waitForElementPresent(findTestObject("Global Account Page/dynamicText", ["text":"Step 2 of 2"]), 5, CONTINUE_ON_FAILURE): Element 'Object Repository/Global Account Page/dynamicText' is present

2024-03-05 15:45:34 - [MESSAGE][PASSED] - Element 'Object Repository/Global Account Page/dynamicText' is present

2024-03-05 15:45:34 - [TEST_STEP][PASSED] - verifyElementExist(findTestObject("Global Account Page/dynamicText", ["text":"Step 2 of 2"]), 5, CONTINUE_ON_FAILURE): Element 'Object Repository/Global Account Page/dynamicText' is exist

2024-03-05 15:45:34 - [MESSAGE][PASSED] - Element 'Object Repository/Global Account Page/dynamicText' is exist

2024-03-05 15:45:34 - [TEST_STEP][PASSED] - verifyElementExist(findTestObject("Global Account Page/dynamicText", ["text":"USD/MYR"]), 5, CONTINUE_ON_FAILURE): Element 'Object Repository/Global Account Page/dynamicText' is exist

2024-03-05 15:45:35 - [MESSAGE][PASSED] - Element 'Object Repository/Global Account Page/dynamicText' is exist

2024-03-05 15:45:35 - [TEST_STEP][PASSED] - verifyElementExist(findTestObject("android.widget.TextView - Im converting"), 0, CONTINUE_ON_FAILURE): Element 'Object Repository/android.widget.TextView - Im converting' is exist

2024-03-05 15:45:35 - [MESSAGE][WARNING] - Timeout '0' is invalid. Using default page load timeout: '30'

2024-03-05 15:45:35 - [MESSAGE][PASSED] - Element 'Object Repository/android.widget.TextView - Im converting' is exist

2024-03-05 15:45:35 - [TEST_STEP][PASSED] - verifyElementExist(findTestObject("Global Account Page/dynamicText", ["text":"MYR 50.00"]), 5, CONTINUE_ON_FAILURE): Element 'Object Repository/Global Account Page/dynamicText' is exist

2024-03-05 15:45:35 - [MESSAGE][PASSED] - Element 'Object Repository/Global Account Page/dynamicText' is exist

2024-03-05 15:45:35 - [TEST_STEP][PASSED] - verifyElementExist(findTestObject("Global Account Page/dynamicText", ["text":"Transfer from"]), 5, CONTINUE_ON_FAILURE): Element 'Object Repository/Global Account Page/dynamicText' is exist

2024-03-05 15:45:35 - [MESSAGE][PASSED] - Element 'Object Repository/Global Account Page/dynamicText' is exist

2024-03-05 15:45:35 - [TEST_STEP][PASSED] - verifyElementExist(findTestObject("Global Account Page/dynamicText", ["text":"Transfer to"]), 5, CONTINUE_ON_FAILURE): Element 'Object Repository/Global Account Page/dynamicText' is exist

2024-03-05 15:45:35 - [MESSAGE][PASSED] - Element 'Object Repository/Global Account Page/dynamicText' is exist

2024-03-05 15:45:35 - [TEST_STEP][PASSED] - utilities.Mobile_Keywords.scrollFromTopToBottom(): utilities.Mobile_Keywords.scrollFromTopToBottom is PASSED

2024-03-05 15:45:35 - [MESSAGE][PASSED] - Current device physical height is 2138

2024-03-05 15:45:35 - [MESSAGE][PASSED] - Current device physical width is 1080

2024-03-05 15:45:36 - [MESSAGE][PASSED] - Swiped from 540,1,496 to 540,641

2024-03-05 15:45:42 - [MESSAGE][PASSED] - Delayed 5 second(s)

2024-03-05 15:45:42 - [MESSAGE][PASSED] - utilities.Mobile_Keywords.scrollFromTopToBottom is PASSED

2024-03-05 15:45:42 - [TEST_STEP][PASSED] - takeScreenshot(): Screenshot is taken

2024-03-05 15:45:42 - [MESSAGE][PASSED] - Screenshot is taken
[[ATTACHMENT|/Users/00145409nuralianatasha/Desktop/automation_Retail_FX(public_git)/Reports/20240305_153300/SOW2/Entry Point - Quick Action (1)/20240305_153300/1709624742025.png]]

2024-03-05 15:45:42 - [TEST_STEP][PASSED] - tap(findTestObject("SOW2-Market Order/android.widget.Dynamic_Button", ["text":"Get Quote"]), 5, CONTINUE_ON_FAILURE): Tapped on element 'Object Repository/SOW2-Market Order/android.widget.Dynamic_Button'

2024-03-05 15:45:42 - [MESSAGE][PASSED] - Tapped on element 'Object Repository/SOW2-Market Order/android.widget.Dynamic_Button'

2024-03-05 15:45:42 - [TEST_STEP][PASSED] - waitForElementPresent(findTestObject("Global Account Page/dynamicText", ["text":"Confirmation"]), 5, CONTINUE_ON_FAILURE): Element 'Object Repository/Global Account Page/dynamicText' is present

2024-03-05 15:45:44 - [MESSAGE][PASSED] - Element 'Object Repository/Global Account Page/dynamicText' is present

2024-03-05 15:45:44 - [TEST_STEP][PASSED] - currency_TextMsg2 = getText(findTestObject("General/android.widget.TextView _Conversion"), 5, CONTINUE_ON_FAILURE): Text of element 'Object Repository/General/android.widget.TextView _Conversion' is: 'USD 1 = MYR 4.718'

2024-03-05 15:45:44 - [MESSAGE][PASSED] - Text of element 'Object Repository/General/android.widget.TextView _Conversion' is: 'USD 1 = MYR 4.718'

2024-03-05 15:45:44 - [TEST_STEP][PASSED] - roundedNumber2 = Validation.staffConvertUSDToMYR(currency_TextMsg2, 50.00): null

2024-03-05 15:45:44 - [TEST_STEP][PASSED] - verifyElementExist(findTestObject("Global Account Page/dynamicText", ["text":"Transfer from"]), 5, CONTINUE_ON_FAILURE): Element 'Object Repository/Global Account Page/dynamicText' is exist

2024-03-05 15:45:44 - [MESSAGE][PASSED] - Element 'Object Repository/Global Account Page/dynamicText' is exist

2024-03-05 15:45:44 - [TEST_STEP][PASSED] - verifyElementExist(findTestObject("Global Account Page/dynamicText", ["text":"Global Access Account-i (MYR)"]), 5, CONTINUE_ON_FAILURE): Element 'Object Repository/Global Account Page/dynamicText' is exist

2024-03-05 15:45:44 - [MESSAGE][PASSED] - Element 'Object Repository/Global Account Page/dynamicText' is exist

2024-03-05 15:45:44 - [TEST_STEP][PASSED] - verifyElementExist(findTestObject("Global Account Page/dynamicText", ["text":"Transfer to"]), 5, CONTINUE_ON_FAILURE): Element 'Object Repository/Global Account Page/dynamicText' is exist

2024-03-05 15:45:44 - [MESSAGE][PASSED] - Element 'Object Repository/Global Account Page/dynamicText' is exist

2024-03-05 15:45:44 - [TEST_STEP][PASSED] - verifyElementExist(findTestObject("Global Account Page/dynamicText", ["text":"Global Access Account-i (USD)"]), 5, CONTINUE_ON_FAILURE): Element 'Object Repository/Global Account Page/dynamicText' is exist

2024-03-05 15:45:44 - [MESSAGE][PASSED] - Element 'Object Repository/Global Account Page/dynamicText' is exist

2024-03-05 15:45:44 - [TEST_STEP][PASSED] - verifyElementExist(findTestObject("Global Account Page/dynamicText", ["text":"Amount to receive"]), 5, CONTINUE_ON_FAILURE): Element 'Object Repository/Global Account Page/dynamicText' is exist

2024-03-05 15:45:45 - [MESSAGE][PASSED] - Element 'Object Repository/Global Account Page/dynamicText' is exist

2024-03-05 15:45:45 - [TEST_STEP][PASSED] - verifyElementExist(findTestObject("Global Account Page/dynamicText", ["text":"USD " + roundedNumber2]), 5, CONTINUE_ON_FAILURE): Element 'Object Repository/Global Account Page/dynamicText' is exist

2024-03-05 15:45:45 - [MESSAGE][PASSED] - Element 'Object Repository/Global Account Page/dynamicText' is exist

2024-03-05 15:45:45 - [TEST_STEP][PASSED] - verifyElementExist(findTestObject("Global Account Page/dynamicText", ["text":"Transaction type"]), 5, CONTINUE_ON_FAILURE): Element 'Object Repository/Global Account Page/dynamicText' is exist

2024-03-05 15:45:45 - [MESSAGE][PASSED] - Element 'Object Repository/Global Account Page/dynamicText' is exist

2024-03-05 15:45:45 - [TEST_STEP][PASSED] - verifyElementExist(findTestObject("Global Account Page/dynamicText", ["text":"Currency Conversion"]), 5, CONTINUE_ON_FAILURE): Element 'Object Repository/Global Account Page/dynamicText' is exist

2024-03-05 15:45:45 - [MESSAGE][PASSED] - Element 'Object Repository/Global Account Page/dynamicText' is exist

2024-03-05 15:45:45 - [TEST_STEP][PASSED] - tap(findTestObject("SOW2-Market Order/Confirmation/Currency_Change"), 0, CONTINUE_ON_FAILURE): Tapped on element 'Object Repository/SOW2-Market Order/Confirmation/Currency_Change'

2024-03-05 15:45:45 - [MESSAGE][WARNING] - Timeout '0' is invalid. Using default page load timeout: '30'

2024-03-05 15:45:46 - [MESSAGE][PASSED] - Tapped on element 'Object Repository/SOW2-Market Order/Confirmation/Currency_Change'

2024-03-05 15:45:46 - [TEST_STEP][PASSED] - waitForElementPresent(findTestObject("Global Account Page/dynamicText", ["text":"Step 1 of 2"]), 5, CONTINUE_ON_FAILURE): Element 'Object Repository/Global Account Page/dynamicText' is present

2024-03-05 15:45:47 - [MESSAGE][PASSED] - Element 'Object Repository/Global Account Page/dynamicText' is present

2024-03-05 15:45:47 - [TEST_STEP][PASSED] - verifyElementExist(findTestObject("Global Account Page/dynamicText", ["text":"Step 1 of 2"]), 5, CONTINUE_ON_FAILURE): Element 'Object Repository/Global Account Page/dynamicText' is exist

2024-03-05 15:45:47 - [MESSAGE][PASSED] - Element 'Object Repository/Global Account Page/dynamicText' is exist

2024-03-05 15:45:47 - [TEST_STEP][PASSED] - comment("TC039 - Validate user able to search for the currency"): TC039 - Validate user able to search for the currency

2024-03-05 15:45:47 - [MESSAGE][INFO] - TC039 - Validate user able to search for the currency

2024-03-05 15:45:47 - [TEST_STEP][PASSED] - utilities.Market_Order.MarketOrder_FromDropdown("GBP", "GBP - British Pound Sterling"): utilities.Market_Order.MarketOrder_FromDropdown is PASSED

2024-03-05 15:45:48 - [MESSAGE][PASSED] - Tapped on element 'Object Repository/SOW2-Market Order/Convert_Dropdown/android.widget.TextView - Convert_Dropdown'

2024-03-05 15:45:54 - [MESSAGE][WARNING] - Object Object Repository/SOW2-Market Order/Convert_Dropdown/android.view.View - Select Currency not found

2024-03-05 15:45:54 - [MESSAGE][PASSED] - Tapped on element 'Object Repository/SOW2-Market Order/Convert_Dropdown/android.widget.EditText_Select_Currency'

2024-03-05 15:45:55 - [MESSAGE][PASSED] - Text 'GBP' has been set to element 'Object Repository/SOW2-Market Order/Convert_Dropdown/android.widget.EditText_Select_Currency'

2024-03-05 15:45:55 - [MESSAGE][PASSED] - Keyboard is hidden

2024-03-05 15:45:56 - [MESSAGE][PASSED] - Element 'Object Repository/Global Account Page/dynamicText' is exist

2024-03-05 15:45:56 - [MESSAGE][PASSED] - Tapped on element 'Object Repository/Global Account Page/dynamicText'

2024-03-05 15:45:56 - [MESSAGE][PASSED] - utilities.Market_Order.MarketOrder_FromDropdown is PASSED

2024-03-05 15:45:56 - [TEST_STEP][PASSED] - delay(5): Delayed 5 second(s)

2024-03-05 15:46:01 - [MESSAGE][PASSED] - Delayed 5 second(s)

2024-03-05 15:46:01 - [TEST_STEP][FAILED] - utilities.Mobile_Keywords.sow2market_orderdropdown("MYR", "MYR - Malaysian Ringgit"): com.kms.katalon.core.exception.StepFailedException: Element 'Object Repository/SOW2-Market Order/android.view.View - Select Currency' not found

2024-03-05 15:46:01 - [MESSAGE][WARNING] - Timeout '0' is invalid. Using default page load timeout: '30'

2024-03-05 15:46:01 - [MESSAGE][PASSED] - Tapped on element 'Object Repository/SOW2-Market Order/Select_Currency Dropdown'

2024-03-05 15:46:06 - [MESSAGE][WARNING] - Object Object Repository/SOW2-Market Order/android.view.View - Select Currency not found

2024-03-05 15:46:11 - [MESSAGE][FAILED] - Element 'Object Repository/SOW2-Market Order/android.view.View - Select Currency' not found

2024-03-05 15:46:12 - [MESSAGE][PASSED] - Tapped on element 'Object Repository/SOW2-Market Order/android.widget.EditText_SearchCurrency'

2024-03-05 15:46:13 - [MESSAGE][PASSED] - Text 'MYR' has been set to element 'Object Repository/SOW2-Market Order/android.widget.EditText_SearchCurrency'

2024-03-05 15:46:13 - [MESSAGE][PASSED] - Keyboard is hidden

2024-03-05 15:46:14 - [MESSAGE][PASSED] - Element 'Object Repository/Global Account Page/dynamicText' is exist

2024-03-05 15:46:14 - [MESSAGE][PASSED] - Tapped on element 'Object Repository/Global Account Page/dynamicText'

2024-03-05 15:46:14 - [MESSAGE][FAILED] - com.kms.katalon.core.exception.StepFailedException: Element 'Object Repository/SOW2-Market Order/android.view.View - Select Currency' not found

2024-03-05 15:46:14 - [TEST_STEP][PASSED] - verifyElementExist(findTestObject("Global Account Page/dynamicText", ["text":"Exchange rate"]), 5, CONTINUE_ON_FAILURE): Element 'Object Repository/Global Account Page/dynamicText' is exist

2024-03-05 15:46:15 - [MESSAGE][PASSED] - Element 'Object Repository/Global Account Page/dynamicText' is exist

2024-03-05 15:46:15 - [TEST_STEP][PASSED] - verifyElementExist(findTestObject("Global Account Page/dynamicText", ["text":"Conversion fee"]), 5, CONTINUE_ON_FAILURE): Element 'Object Repository/Global Account Page/dynamicText' is exist

2024-03-05 15:46:15 - [MESSAGE][PASSED] - Element 'Object Repository/Global Account Page/dynamicText' is exist

2024-03-05 15:46:15 - [TEST_STEP][PASSED] - verifyElementExist(findTestObject("Global Account Page/dynamicText", ["text":"Total to pay"]), 5, CONTINUE_ON_FAILURE): Element 'Object Repository/Global Account Page/dynamicText' is exist

2024-03-05 15:46:15 - [MESSAGE][PASSED] - Element 'Object Repository/Global Account Page/dynamicText' is exist

2024-03-05 15:46:15 - [TEST_STEP][FAILED] - verifyElementExist(findTestObject("Global Account Page/dynamicText", ["text":"60.00"]), 5, CONTINUE_ON_FAILURE): Element 'Object Repository/Global Account Page/dynamicText' not found

2024-03-05 15:46:20 - [MESSAGE][FAILED] - Element 'Object Repository/Global Account Page/dynamicText' not found

2024-03-05 15:46:20 - [TEST_STEP][PASSED] - verifyElementExist(findTestObject("Global Account Page/dynamicText", ["text":"Amount to receive"]), 5, CONTINUE_ON_FAILURE): Element 'Object Repository/Global Account Page/dynamicText' is exist

2024-03-05 15:46:20 - [MESSAGE][PASSED] - Element 'Object Repository/Global Account Page/dynamicText' is exist

2024-03-05 15:46:20 - [TEST_STEP][PASSED] - takeScreenshot(): Screenshot is taken

2024-03-05 15:46:21 - [MESSAGE][PASSED] - Screenshot is taken
[[ATTACHMENT|/Users/00145409nuralianatasha/Desktop/automation_Retail_FX(public_git)/Reports/20240305_153300/SOW2/Entry Point - Quick Action (1)/20240305_153300/1709624780666.png]]

2024-03-05 15:46:21 - [TEST_STEP][PASSED] - tap(findTestObject("SOW2-Market Order/android.widget.Dynamic_Button", ["text":"Next"]), 0, CONTINUE_ON_FAILURE): Tapped on element 'Object Repository/SOW2-Market Order/android.widget.Dynamic_Button'

2024-03-05 15:46:21 - [MESSAGE][WARNING] - Timeout '0' is invalid. Using default page load timeout: '30'

2024-03-05 15:46:21 - [MESSAGE][PASSED] - Tapped on element 'Object Repository/SOW2-Market Order/android.widget.Dynamic_Button'

2024-03-05 15:46:21 - [TEST_STEP][PASSED] - waitForElementPresent(findTestObject("Global Account Page/dynamicText", ["text":"Step 2 of 2"]), 5, CONTINUE_ON_FAILURE): Element 'Object Repository/Global Account Page/dynamicText' is present

2024-03-05 15:46:22 - [MESSAGE][PASSED] - Element 'Object Repository/Global Account Page/dynamicText' is present

2024-03-05 15:46:22 - [TEST_STEP][PASSED] - verifyElementExist(findTestObject("Global Account Page/dynamicText", ["text":"Step 2 of 2"]), 5, CONTINUE_ON_FAILURE): Element 'Object Repository/Global Account Page/dynamicText' is exist

2024-03-05 15:46:22 - [MESSAGE][PASSED] - Element 'Object Repository/Global Account Page/dynamicText' is exist

2024-03-05 15:46:22 - [TEST_STEP][PASSED] - verifyElementExist(findTestObject("Global Account Page/dynamicText", ["text":"GBP/MYR"]), 5, CONTINUE_ON_FAILURE): Element 'Object Repository/Global Account Page/dynamicText' is exist

2024-03-05 15:46:22 - [MESSAGE][PASSED] - Element 'Object Repository/Global Account Page/dynamicText' is exist

2024-03-05 15:46:22 - [TEST_STEP][FAILED] - verifyElementExist(findTestObject("Market Order Page/android.widget.TextView - Im converting"), 5, CONTINUE_ON_FAILURE): Element 'Object Repository/Market Order Page/android.widget.TextView - Im converting' not found

2024-03-05 15:46:27 - [MESSAGE][FAILED] - Element 'Object Repository/Market Order Page/android.widget.TextView - Im converting' not found

2024-03-05 15:46:27 - [TEST_STEP][FAILED] - verifyElementExist(findTestObject("Global Account Page/dynamicText", ["text":"MYR 60.00"]), 5, CONTINUE_ON_FAILURE): Element 'Object Repository/Global Account Page/dynamicText' not found

2024-03-05 15:46:32 - [MESSAGE][FAILED] - Element 'Object Repository/Global Account Page/dynamicText' not found

2024-03-05 15:46:32 - [TEST_STEP][PASSED] - verifyElementExist(findTestObject("Global Account Page/dynamicText", ["text":"Transfer from"]), 5, CONTINUE_ON_FAILURE): Element 'Object Repository/Global Account Page/dynamicText' is exist

2024-03-05 15:46:33 - [MESSAGE][PASSED] - Element 'Object Repository/Global Account Page/dynamicText' is exist

2024-03-05 15:46:33 - [TEST_STEP][PASSED] - verifyElementExist(findTestObject("Global Account Page/dynamicText", ["text":"Transfer to"]), 5, CONTINUE_ON_FAILURE): Element 'Object Repository/Global Account Page/dynamicText' is exist

2024-03-05 15:46:33 - [MESSAGE][PASSED] - Element 'Object Repository/Global Account Page/dynamicText' is exist

2024-03-05 15:46:33 - [TEST_STEP][PASSED] - utilities.Mobile_Keywords.scrollFromTopToBottom(): utilities.Mobile_Keywords.scrollFromTopToBottom is PASSED

2024-03-05 15:46:33 - [MESSAGE][PASSED] - Current device physical height is 2138

2024-03-05 15:46:33 - [MESSAGE][PASSED] - Current device physical width is 1080

2024-03-05 15:46:34 - [MESSAGE][PASSED] - Swiped from 540,1,496 to 540,641

2024-03-05 15:46:39 - [MESSAGE][PASSED] - Delayed 5 second(s)

2024-03-05 15:46:39 - [MESSAGE][PASSED] - utilities.Mobile_Keywords.scrollFromTopToBottom is PASSED

2024-03-05 15:46:39 - [TEST_STEP][PASSED] - takeScreenshot(): Screenshot is taken

2024-03-05 15:46:40 - [MESSAGE][PASSED] - Screenshot is taken
[[ATTACHMENT|/Users/00145409nuralianatasha/Desktop/automation_Retail_FX(public_git)/Reports/20240305_153300/SOW2/Entry Point - Quick Action (1)/20240305_153300/1709624799783.png]]

2024-03-05 15:46:40 - [TEST_STEP][PASSED] - tap(findTestObject("SOW2-Market Order/android.widget.Dynamic_Button", ["text":"Get Quote"]), 0, CONTINUE_ON_FAILURE): Tapped on element 'Object Repository/SOW2-Market Order/android.widget.Dynamic_Button'

2024-03-05 15:46:40 - [MESSAGE][WARNING] - Timeout '0' is invalid. Using default page load timeout: '30'

2024-03-05 15:46:40 - [MESSAGE][PASSED] - Tapped on element 'Object Repository/SOW2-Market Order/android.widget.Dynamic_Button'

2024-03-05 15:46:40 - [TEST_STEP][PASSED] - waitForElementPresent(findTestObject("Global Account Page/dynamicText", ["text":"Confirmation"]), 5, CONTINUE_ON_FAILURE): Element 'Object Repository/Global Account Page/dynamicText' is present

2024-03-05 15:46:41 - [MESSAGE][PASSED] - Element 'Object Repository/Global Account Page/dynamicText' is present

2024-03-05 15:46:41 - [TEST_STEP][PASSED] - verifyElementExist(findTestObject("Global Account Page/dynamicText", ["text":"Transfer from"]), 5, CONTINUE_ON_FAILURE): Element 'Object Repository/Global Account Page/dynamicText' is exist

2024-03-05 15:46:41 - [MESSAGE][PASSED] - Element 'Object Repository/Global Account Page/dynamicText' is exist

2024-03-05 15:46:41 - [TEST_STEP][PASSED] - verifyElementExist(findTestObject("Global Account Page/dynamicText", ["text":"Global Access Account-i (MYR)"]), 5, CONTINUE_ON_FAILURE): Element 'Object Repository/Global Account Page/dynamicText' is exist

2024-03-05 15:46:41 - [MESSAGE][PASSED] - Element 'Object Repository/Global Account Page/dynamicText' is exist

2024-03-05 15:46:41 - [TEST_STEP][FAILED] - verifyElementExist(findTestObject("Global Account Page/dynamicText", ["text":"Global Access Account-i (GBP)"]), 5, CONTINUE_ON_FAILURE): Element 'Object Repository/Global Account Page/dynamicText' not found

2024-03-05 15:46:46 - [MESSAGE][FAILED] - Element 'Object Repository/Global Account Page/dynamicText' not found

2024-03-05 15:46:46 - [TEST_STEP][PASSED] - verifyElementExist(findTestObject("Global Account Page/dynamicText", ["text":"Transfer to"]), 5, CONTINUE_ON_FAILURE): Element 'Object Repository/Global Account Page/dynamicText' is exist

2024-03-05 15:46:47 - [MESSAGE][PASSED] - Element 'Object Repository/Global Account Page/dynamicText' is exist

2024-03-05 15:46:47 - [TEST_STEP][PASSED] - verifyElementExist(findTestObject("Global Account Page/dynamicText", ["text":"Amount to receive"]), 5, CONTINUE_ON_FAILURE): Element 'Object Repository/Global Account Page/dynamicText' is exist

2024-03-05 15:46:47 - [MESSAGE][PASSED] - Element 'Object Repository/Global Account Page/dynamicText' is exist

2024-03-05 15:46:47 - [TEST_STEP][PASSED] - verifyElementExist(findTestObject("Global Account Page/dynamicText", ["text":"Transaction type"]), 5, CONTINUE_ON_FAILURE): Element 'Object Repository/Global Account Page/dynamicText' is exist

2024-03-05 15:46:47 - [MESSAGE][PASSED] - Element 'Object Repository/Global Account Page/dynamicText' is exist

2024-03-05 15:46:47 - [TEST_STEP][PASSED] - verifyElementExist(findTestObject("Global Account Page/dynamicText", ["text":"Currency Conversion"]), 5, CONTINUE_ON_FAILURE): Element 'Object Repository/Global Account Page/dynamicText' is exist

2024-03-05 15:46:47 - [MESSAGE][PASSED] - Element 'Object Repository/Global Account Page/dynamicText' is exist

2024-03-05 15:46:47 - [TEST_STEP][FAILED] - verifyElementExist(findTestObject("Global Account Page/dynamicText", ["text":"I have read and agree to the BNM Foreign Exchange Rules, I accept the declaration as well as the Terms & Conditions for this transfer."]), 5, CONTINUE_ON_FAILURE): Element 'Object Repository/Global Account Page/dynamicText' not found

2024-03-05 15:46:52 - [MESSAGE][FAILED] - Element 'Object Repository/Global Account Page/dynamicText' not found

2024-03-05 15:46:52 - [TEST_STEP][PASSED] - takeScreenshot(CONTINUE_ON_FAILURE): Screenshot is taken

2024-03-05 15:46:53 - [MESSAGE][PASSED] - Screenshot is taken
[[ATTACHMENT|/Users/00145409nuralianatasha/Desktop/automation_Retail_FX(public_git)/Reports/20240305_153300/SOW2/Entry Point - Quick Action (1)/20240305_153300/1709624812988.png]]

2024-03-05 15:46:53 - [TEST_STEP][PASSED] - tap(findTestObject("SOW2-Market Order/android.view.View - I have read and agree to the BNM Foreign Exchange Rules, I accept the declaration as well as the Terms  Conditions for this transfer"), 0, CONTINUE_ON_FAILURE): Tapped on element 'Object Repository/SOW2-Market Order/android.view.View - I have read and agree to the BNM Foreign Exchange Rules, I accept the declaration as well as the Terms  Conditions for this transfer'

2024-03-05 15:46:53 - [MESSAGE][WARNING] - Timeout '0' is invalid. Using default page load timeout: '30'

2024-03-05 15:46:53 - [MESSAGE][PASSED] - Tapped on element 'Object Repository/SOW2-Market Order/android.view.View - I have read and agree to the BNM Foreign Exchange Rules, I accept the declaration as well as the Terms  Conditions for this transfer'

2024-03-05 15:46:53 - [TEST_STEP][PASSED] - utilities.Mobile_Keywords.scrollFromTopToBottom(): utilities.Mobile_Keywords.scrollFromTopToBottom is PASSED

2024-03-05 15:46:54 - [MESSAGE][PASSED] - Current device physical height is 2138

2024-03-05 15:46:54 - [MESSAGE][PASSED] - Current device physical width is 1080

2024-03-05 15:46:55 - [MESSAGE][PASSED] - Swiped from 540,1,496 to 540,641

2024-03-05 15:47:00 - [MESSAGE][PASSED] - Delayed 5 second(s)

2024-03-05 15:47:00 - [MESSAGE][PASSED] - utilities.Mobile_Keywords.scrollFromTopToBottom is PASSED

2024-03-05 15:47:00 - [TEST_STEP][PASSED] - tap(findTestObject("SOW2-Market Order/android.widget.Dynamic_Button", ["text":"Confirm"]), 0, CONTINUE_ON_FAILURE): Tapped on element 'Object Repository/SOW2-Market Order/android.widget.Dynamic_Button'

2024-03-05 15:47:00 - [MESSAGE][WARNING] - Timeout '0' is invalid. Using default page load timeout: '30'

2024-03-05 15:47:00 - [MESSAGE][PASSED] - Tapped on element 'Object Repository/SOW2-Market Order/android.widget.Dynamic_Button'

2024-03-05 15:47:00 - [TEST_STEP][PASSED] - waitForElementPresent(findTestObject("Global Account Page/dynamicText", ["text":"Transaction Successful"]), 5, CONTINUE_ON_FAILURE): Element 'Object Repository/Global Account Page/dynamicText' is present

2024-03-05 15:47:10 - [MESSAGE][PASSED] - Element 'Object Repository/Global Account Page/dynamicText' is present

2024-03-05 15:47:10 - [TEST_STEP][PASSED] - verifyElementExist(findTestObject("Global Account Page/dynamicText", ["text":"Transaction Successful"]), 5, CONTINUE_ON_FAILURE): Element 'Object Repository/Global Account Page/dynamicText' is exist

2024-03-05 15:47:10 - [MESSAGE][PASSED] - Element 'Object Repository/Global Account Page/dynamicText' is exist

2024-03-05 15:47:10 - [TEST_STEP][PASSED] - verifyElementExist(findTestObject("Global Account Page/dynamicText", ["text":"Reference ID"]), 5, CONTINUE_ON_FAILURE): Element 'Object Repository/Global Account Page/dynamicText' is exist

2024-03-05 15:47:10 - [MESSAGE][PASSED] - Element 'Object Repository/Global Account Page/dynamicText' is exist

2024-03-05 15:47:10 - [TEST_STEP][PASSED] - reference_id = getText(findTestObject("Market Order Page/android.widget.TextView - Reference ID"), 0, CONTINUE_ON_FAILURE): Text of element 'Object Repository/Market Order Page/android.widget.TextView - Reference ID' is: '004137261M'

2024-03-05 15:47:10 - [MESSAGE][WARNING] - Timeout '0' is invalid. Using default page load timeout: '30'

2024-03-05 15:47:10 - [MESSAGE][PASSED] - Text of element 'Object Repository/Market Order Page/android.widget.TextView - Reference ID' is: '004137261M'

2024-03-05 15:47:10 - [TEST_STEP][PASSED] - verifyElementExist(findTestObject("Global Account Page/dynamicText", ["text":"Order ID"]), 5, CONTINUE_ON_FAILURE): Element 'Object Repository/Global Account Page/dynamicText' is exist

2024-03-05 15:47:10 - [MESSAGE][PASSED] - Element 'Object Repository/Global Account Page/dynamicText' is exist

2024-03-05 15:47:10 - [TEST_STEP][PASSED] - verifyElementExist(findTestObject("Global Account Page/dynamicText", ["text":"Date & time"]), 5, CONTINUE_ON_FAILURE): Element 'Object Repository/Global Account Page/dynamicText' is exist

2024-03-05 15:47:10 - [MESSAGE][PASSED] - Element 'Object Repository/Global Account Page/dynamicText' is exist

2024-03-05 15:47:10 - [TEST_STEP][PASSED] - verifyElementExist(findTestObject("Global Account Page/dynamicText", ["text":"Converted from"]), 5, CONTINUE_ON_FAILURE): Element 'Object Repository/Global Account Page/dynamicText' is exist

2024-03-05 15:47:10 - [MESSAGE][PASSED] - Element 'Object Repository/Global Account Page/dynamicText' is exist

2024-03-05 15:47:10 - [TEST_STEP][PASSED] - verifyElementExist(findTestObject("Global Account Page/dynamicText", ["text":"Amount received"]), 5, CONTINUE_ON_FAILURE): Element 'Object Repository/Global Account Page/dynamicText' is exist

2024-03-05 15:47:10 - [MESSAGE][PASSED] - Element 'Object Repository/Global Account Page/dynamicText' is exist

2024-03-05 15:47:10 - [TEST_STEP][PASSED] - verifyElementExist(findTestObject("Global Account Page/dynamicText", ["text":"Exchange rate"]), 5, CONTINUE_ON_FAILURE): Element 'Object Repository/Global Account Page/dynamicText' is exist

2024-03-05 15:47:10 - [MESSAGE][PASSED] - Element 'Object Repository/Global Account Page/dynamicText' is exist

2024-03-05 15:47:10 - [TEST_STEP][PASSED] - verifyElementExist(findTestObject("Global Account Page/dynamicText", ["text":"Transaction type"]), 5, CONTINUE_ON_FAILURE): Element 'Object Repository/Global Account Page/dynamicText' is exist

2024-03-05 15:47:10 - [MESSAGE][PASSED] - Element 'Object Repository/Global Account Page/dynamicText' is exist

2024-03-05 15:47:10 - [TEST_STEP][PASSED] - verifyElementExist(findTestObject("Global Account Page/dynamicText", ["text":"Currency Conversion"]), 5, CONTINUE_ON_FAILURE): Element 'Object Repository/Global Account Page/dynamicText' is exist

2024-03-05 15:47:10 - [MESSAGE][PASSED] - Element 'Object Repository/Global Account Page/dynamicText' is exist

2024-03-05 15:47:10 - [TEST_STEP][PASSED] - verifyElementExist(findTestObject("Global Account Page/dynamicText", ["text":"Share Receipt"]), 5, CONTINUE_ON_FAILURE): Element 'Object Repository/Global Account Page/dynamicText' is exist

2024-03-05 15:47:10 - [MESSAGE][PASSED] - Element 'Object Repository/Global Account Page/dynamicText' is exist

2024-03-05 15:47:10 - [TEST_STEP][PASSED] - verifyElementExist(findTestObject("Global Account Page/dynamicText", ["text":"Done"]), 5, CONTINUE_ON_FAILURE): Element 'Object Repository/Global Account Page/dynamicText' is exist

2024-03-05 15:47:11 - [MESSAGE][PASSED] - Element 'Object Repository/Global Account Page/dynamicText' is exist

2024-03-05 15:47:11 - [TEST_STEP][PASSED] - takeScreenshot(CONTINUE_ON_FAILURE): Screenshot is taken

2024-03-05 15:47:11 - [MESSAGE][PASSED] - Screenshot is taken
[[ATTACHMENT|/Users/00145409nuralianatasha/Desktop/automation_Retail_FX(public_git)/Reports/20240305_153300/SOW2/Entry Point - Quick Action (1)/20240305_153300/1709624831045.png]]

2024-03-05 15:47:11 - [TEST_STEP][PASSED] - tap(findTestObject("Global Account Page/dynamicText", ["text":"Share Receipt"]), 0, CONTINUE_ON_FAILURE): Tapped on element 'Object Repository/Global Account Page/dynamicText'

2024-03-05 15:47:11 - [MESSAGE][WARNING] - Timeout '0' is invalid. Using default page load timeout: '30'

2024-03-05 15:47:11 - [MESSAGE][PASSED] - Tapped on element 'Object Repository/Global Account Page/dynamicText'

2024-03-05 15:47:11 - [TEST_STEP][PASSED] - delay(5): Delayed 5 second(s)

2024-03-05 15:47:16 - [MESSAGE][PASSED] - Delayed 5 second(s)

2024-03-05 15:47:16 - [TEST_STEP][PASSED] - waitForElementPresent(findTestObject("Global Account Page/dynamicText", ["text":"Currency Exchange"]), 10, CONTINUE_ON_FAILURE): Element 'Object Repository/Global Account Page/dynamicText' is present

2024-03-05 15:47:16 - [MESSAGE][PASSED] - Element 'Object Repository/Global Account Page/dynamicText' is present

2024-03-05 15:47:16 - [TEST_STEP][PASSED] - delay(5): Delayed 5 second(s)

2024-03-05 15:47:21 - [MESSAGE][PASSED] - Delayed 5 second(s)

2024-03-05 15:47:21 - [TEST_STEP][PASSED] - verifyElementExist(findTestObject("Global Account Page/dynamicText", ["text":"Completed"]), 5, CONTINUE_ON_FAILURE): Element 'Object Repository/Global Account Page/dynamicText' is exist

2024-03-05 15:47:21 - [MESSAGE][PASSED] - Element 'Object Repository/Global Account Page/dynamicText' is exist

2024-03-05 15:47:21 - [TEST_STEP][PASSED] - verifyElementExist(findTestObject("Global Account Page/dynamicText", ["text":"Currency Exchange"]), 5, CONTINUE_ON_FAILURE): Element 'Object Repository/Global Account Page/dynamicText' is exist

2024-03-05 15:47:22 - [MESSAGE][PASSED] - Element 'Object Repository/Global Account Page/dynamicText' is exist

2024-03-05 15:47:22 - [TEST_STEP][PASSED] - takeScreenshot(): Screenshot is taken

2024-03-05 15:47:22 - [MESSAGE][PASSED] - Screenshot is taken
[[ATTACHMENT|/Users/00145409nuralianatasha/Desktop/automation_Retail_FX(public_git)/Reports/20240305_153300/SOW2/Entry Point - Quick Action (1)/20240305_153300/1709624842009.png]]

2024-03-05 15:47:22 - [TEST_STEP][PASSED] - verifyElementExist(findTestObject("Global Account Page/dynamicText", ["text":"From account"]), 5, CONTINUE_ON_FAILURE): Element 'Object Repository/Global Account Page/dynamicText' is exist

2024-03-05 15:47:22 - [MESSAGE][PASSED] - Element 'Object Repository/Global Account Page/dynamicText' is exist

2024-03-05 15:47:22 - [TEST_STEP][FAILED] - verifyElementExist(findTestObject("Global Account Page/dynamicText", ["text":"Global Access Account-i (GBP)

9000 0001 8837"]), 5, CONTINUE_ON_FAILURE): Element 'Object Repository/Global Account Page/dynamicText' not found

2024-03-05 15:47:27 - [MESSAGE][FAILED] - Element 'Object Repository/Global Account Page/dynamicText' not found

2024-03-05 15:47:27 - [TEST_STEP][PASSED] - verifyElementExist(findTestObject("Global Account Page/dynamicText", ["text":"To account"]), 5, CONTINUE_ON_FAILURE): Element 'Object Repository/Global Account Page/dynamicText' is exist

2024-03-05 15:47:27 - [MESSAGE][PASSED] - Element 'Object Repository/Global Account Page/dynamicText' is exist

2024-03-05 15:47:27 - [TEST_STEP][FAILED] - verifyElementExist(findTestObject("Global Account Page/dynamicText", ["text":"Global Access Account-i (MYR)

9000 0001 8837"]), 5, CONTINUE_ON_FAILURE): Element 'Object Repository/Global Account Page/dynamicText' not found

2024-03-05 15:47:32 - [MESSAGE][FAILED] - Element 'Object Repository/Global Account Page/dynamicText' not found

2024-03-05 15:47:32 - [TEST_STEP][PASSED] - verifyElementExist(findTestObject("Global Account Page/dynamicText", ["text":"Transaction type"]), 5, CONTINUE_ON_FAILURE): Element 'Object Repository/Global Account Page/dynamicText' is exist

2024-03-05 15:47:32 - [MESSAGE][PASSED] - Element 'Object Repository/Global Account Page/dynamicText' is exist

2024-03-05 15:47:32 - [TEST_STEP][PASSED] - utilities.Mobile_Keywords.scrollFromTopToBottom(): utilities.Mobile_Keywords.scrollFromTopToBottom is PASSED

2024-03-05 15:47:33 - [MESSAGE][PASSED] - Current device physical height is 2138

2024-03-05 15:47:33 - [MESSAGE][PASSED] - Current device physical width is 1080

2024-03-05 15:47:34 - [MESSAGE][PASSED] - Swiped from 540,1,496 to 540,641

2024-03-05 15:47:39 - [MESSAGE][PASSED] - Delayed 5 second(s)

2024-03-05 15:47:39 - [MESSAGE][PASSED] - utilities.Mobile_Keywords.scrollFromTopToBottom is PASSED

2024-03-05 15:47:39 - [TEST_STEP][PASSED] - verifyElementExist(findTestObject("Global Account Page/dynamicText", ["text":"Currency Conversion"]), 5, CONTINUE_ON_FAILURE): Element 'Object Repository/Global Account Page/dynamicText' is exist

2024-03-05 15:47:39 - [MESSAGE][PASSED] - Element 'Object Repository/Global Account Page/dynamicText' is exist

2024-03-05 15:47:39 - [TEST_STEP][PASSED] - verifyElementExist(findTestObject("Global Account Page/dynamicText", ["text":"Amount received"]), 5, CONTINUE_ON_FAILURE): Element 'Object Repository/Global Account Page/dynamicText' is exist

2024-03-05 15:47:39 - [MESSAGE][PASSED] - Element 'Object Repository/Global Account Page/dynamicText' is exist

2024-03-05 15:47:39 - [TEST_STEP][PASSED] - takeScreenshot(): Screenshot is taken

2024-03-05 15:47:40 - [MESSAGE][PASSED] - Screenshot is taken
[[ATTACHMENT|/Users/00145409nuralianatasha/Desktop/automation_Retail_FX(public_git)/Reports/20240305_153300/SOW2/Entry Point - Quick Action (1)/20240305_153300/1709624859708.png]]

2024-03-05 15:47:40 - [TEST_STEP][PASSED] - tap(findTestObject("Market Order Page/android.widget.ImageViewBack_Button"), 0, CONTINUE_ON_FAILURE): Tapped on element 'Object Repository/Market Order Page/android.widget.ImageViewBack_Button'

2024-03-05 15:47:40 - [MESSAGE][WARNING] - Timeout '0' is invalid. Using default page load timeout: '30'

2024-03-05 15:47:40 - [MESSAGE][PASSED] - Tapped on element 'Object Repository/Market Order Page/android.widget.ImageViewBack_Button'

2024-03-05 15:47:40 - [TEST_STEP][PASSED] - waitForElementPresent(findTestObject("Global Account Page/dynamicText", ["text":"Transaction Successful"]), 5, CONTINUE_ON_FAILURE): Element 'Object Repository/Global Account Page/dynamicText' is present

2024-03-05 15:47:41 - [MESSAGE][PASSED] - Element 'Object Repository/Global Account Page/dynamicText' is present

2024-03-05 15:47:41 - [TEST_STEP][PASSED] - verifyElementExist(findTestObject("Global Account Page/dynamicText", ["text":"Transaction Successful"]), 5, CONTINUE_ON_FAILURE): Element 'Object Repository/Global Account Page/dynamicText' is exist

2024-03-05 15:47:41 - [MESSAGE][PASSED] - Element 'Object Repository/Global Account Page/dynamicText' is exist

2024-03-05 15:47:41 - [TEST_STEP][PASSED] - takeScreenshot(): Screenshot is taken

2024-03-05 15:47:41 - [MESSAGE][PASSED] - Screenshot is taken
[[ATTACHMENT|/Users/00145409nuralianatasha/Desktop/automation_Retail_FX(public_git)/Reports/20240305_153300/SOW2/Entry Point - Quick Action (1)/20240305_153300/1709624861383.png]]

2024-03-05 15:47:41 - [TEST_STEP][PASSED] - tap(findTestObject("Global Account Page/dynamicText", ["text":"Done"]), 0, CONTINUE_ON_FAILURE): Tapped on element 'Object Repository/Global Account Page/dynamicText'

2024-03-05 15:47:41 - [MESSAGE][WARNING] - Timeout '0' is invalid. Using default page load timeout: '30'

2024-03-05 15:47:41 - [MESSAGE][PASSED] - Tapped on element 'Object Repository/Global Account Page/dynamicText']]></system-out>
         <system-err><![CDATA[2024-03-05 15:43:32 - [TEST_CASE][FAILED] - Test Cases/RETAILFX-SOW2 Market Order/Entry Point - Quick Action/SOW2 - Change Currency Country From and country to in Confirmation page: Test Cases/RETAILFX-SOW2 Market Order/Entry Point - Quick Action/SOW2 - Change Currency Country From and country to in Confirmation page FAILED.
Reason:
com.kms.katalon.core.exception.StepFailedException: Element 'Object Repository/Global Account Page/dynamicText' not found
	at com.kms.katalon.core.keyword.internal.KeywordMain.stepFailed(KeywordMain.groovy:39)
	at com.kms.katalon.core.mobile.keyword.internal.MobileKeywordMain.stepFailed(MobileKeywordMain.groovy:40)
	at com.kms.katalon.core.mobile.keyword.builtin.VerifyElementExistKeyword$_verifyElementExist_closure1.doCall(VerifyElementExistKeyword.groovy:77)
	at com.kms.katalon.core.mobile.keyword.builtin.VerifyElementExistKeyword$_verifyElementExist_closure1.call(VerifyElementExistKeyword.groovy)
	at com.kms.katalon.core.mobile.keyword.internal.MobileKeywordMain.runKeyword(MobileKeywordMain.groovy:21)
	at com.kms.katalon.core.mobile.keyword.builtin.VerifyElementExistKeyword.verifyElementExist(VerifyElementExistKeyword.groovy:80)
	at com.kms.katalon.core.mobile.keyword.builtin.VerifyElementExistKeyword.execute(VerifyElementExistKeyword.groovy:64)
	at com.kms.katalon.core.keyword.internal.KeywordExecutor.executeKeywordForPlatform(KeywordExecutor.groovy:74)
	at com.kms.katalon.core.mobile.keyword.MobileBuiltInKeywords.verifyElementExist(MobileBuiltInKeywords.groovy:1739)
	at com.kms.katalon.core.mobile.keyword.MobileBuiltInKeywords$verifyElementExist$4.call(Unknown Source)
	at SOW2 - Change Currency Country From and country to in Confirmation page.run(SOW2 - Change Currency Country From and country to in Confirmation page:95)
	at com.kms.katalon.core.main.ScriptEngine.run(ScriptEngine.java:194)
	at com.kms.katalon.core.main.ScriptEngine.runScriptAsRawText(ScriptEngine.java:119)
	at com.kms.katalon.core.main.TestCaseExecutor.runScript(TestCaseExecutor.java:448)
	at com.kms.katalon.core.main.TestCaseExecutor.doExecute(TestCaseExecutor.java:439)
	at com.kms.katalon.core.main.TestCaseExecutor.processExecutionPhase(TestCaseExecutor.java:418)
	at com.kms.katalon.core.main.TestCaseExecutor.accessMainPhase(TestCaseExecutor.java:410)
	at com.kms.katalon.core.main.TestCaseExecutor.execute(TestCaseExecutor.java:285)
	at com.kms.katalon.core.common.CommonExecutor.accessTestCaseMainPhase(CommonExecutor.java:65)
	at com.kms.katalon.core.main.TestSuiteExecutor.accessTestSuiteMainPhase(TestSuiteExecutor.java:148)
	at com.kms.katalon.core.main.TestSuiteExecutor.execute(TestSuiteExecutor.java:106)
	at com.kms.katalon.core.main.TestCaseMain.startTestSuite(TestCaseMain.java:187)
	at com.kms.katalon.core.main.TestCaseMain$startTestSuite$0.call(Unknown Source)
	at TempTestSuite1709623980980.run(TempTestSuite1709623980980.groovy:36)]]></system-err>
      </testcase>
      <system-out><![CDATA[2024-03-05 15:33:09 - [TEST_SUITE][FAILED] - Entry Point - Quick Action (1): Test Cases/RETAILFX-SOW2 Market Order/Entry Point - Quick Action/SOW2 - G1A Account to G1A Account FAILED.
Reason:
com.kms.katalon.core.exception.StepFailedException: Element 'Object Repository/Global Account Page/dynamicText' not found
	at com.kms.katalon.core.keyword.internal.KeywordMain.stepFailed(KeywordMain.groovy:39)
	at com.kms.katalon.core.mobile.keyword.internal.MobileKeywordMain.stepFailed(MobileKeywordMain.groovy:40)
	at com.kms.katalon.core.mobile.keyword.builtin.VerifyElementExistKeyword$_verifyElementExist_closure1.doCall(VerifyElementExistKeyword.groovy:77)
	at com.kms.katalon.core.mobile.keyword.builtin.VerifyElementExistKeyword$_verifyElementExist_closure1.call(VerifyElementExistKeyword.groovy)
	at com.kms.katalon.core.mobile.keyword.internal.MobileKeywordMain.runKeyword(MobileKeywordMain.groovy:21)
	at com.kms.katalon.core.mobile.keyword.builtin.VerifyElementExistKeyword.verifyElementExist(VerifyElementExistKeyword.groovy:80)
	at com.kms.katalon.core.mobile.keyword.builtin.VerifyElementExistKeyword.execute(VerifyElementExistKeyword.groovy:64)
	at com.kms.katalon.core.keyword.internal.KeywordExecutor.executeKeywordForPlatform(KeywordExecutor.groovy:74)
	at com.kms.katalon.core.mobile.keyword.MobileBuiltInKeywords.verifyElementExist(MobileBuiltInKeywords.groovy:1739)
	at com.kms.katalon.core.mobile.keyword.MobileBuiltInKeywords$verifyElementExist$4.call(Unknown Source)
	at SOW2 - G1A Account to G1A Account.run(SOW2 - G1A Account to G1A Account:160)
	at com.kms.katalon.core.main.ScriptEngine.run(ScriptEngine.java:194)
	at com.kms.katalon.core.main.ScriptEngine.runScriptAsRawText(ScriptEngine.java:119)
	at com.kms.katalon.core.main.TestCaseExecutor.runScript(TestCaseExecutor.java:448)
	at com.kms.katalon.core.main.TestCaseExecutor.doExecute(TestCaseExecutor.java:439)
	at com.kms.katalon.core.main.TestCaseExecutor.processExecutionPhase(TestCaseExecutor.java:418)
	at com.kms.katalon.core.main.TestCaseExecutor.accessMainPhase(TestCaseExecutor.java:410)
	at com.kms.katalon.core.main.TestCaseExecutor.execute(TestCaseExecutor.java:285)
	at com.kms.katalon.core.common.CommonExecutor.accessTestCaseMainPhase(CommonExecutor.java:65)
	at com.kms.katalon.core.main.TestSuiteExecutor.accessTestSuiteMainPhase(TestSuiteExecutor.java:148)
	at com.kms.katalon.core.main.TestSuiteExecutor.execute(TestSuiteExecutor.java:106)
	at com.kms.katalon.core.main.TestCaseMain.startTestSuite(TestCaseMain.java:187)
	at com.kms.katalon.core.main.TestCaseMain$startTestSuite$0.call(Unknown Source)
	at TempTestSuite1709623980980.run(TempTestSuite1709623980980.groovy:36)]]></system-out>
      <system-err><![CDATA[2024-03-05 15:33:09 - [TEST_SUITE][FAILED] - Entry Point - Quick Action (1): Test Cases/RETAILFX-SOW2 Market Order/Entry Point - Quick Action/SOW2 - G1A Account to G1A Account FAILED.
Reason:
com.kms.katalon.core.exception.StepFailedException: Element 'Object Repository/Global Account Page/dynamicText' not found
	at com.kms.katalon.core.keyword.internal.KeywordMain.stepFailed(KeywordMain.groovy:39)
	at com.kms.katalon.core.mobile.keyword.internal.MobileKeywordMain.stepFailed(MobileKeywordMain.groovy:40)
	at com.kms.katalon.core.mobile.keyword.builtin.VerifyElementExistKeyword$_verifyElementExist_closure1.doCall(VerifyElementExistKeyword.groovy:77)
	at com.kms.katalon.core.mobile.keyword.builtin.VerifyElementExistKeyword$_verifyElementExist_closure1.call(VerifyElementExistKeyword.groovy)
	at com.kms.katalon.core.mobile.keyword.internal.MobileKeywordMain.runKeyword(MobileKeywordMain.groovy:21)
	at com.kms.katalon.core.mobile.keyword.builtin.VerifyElementExistKeyword.verifyElementExist(VerifyElementExistKeyword.groovy:80)
	at com.kms.katalon.core.mobile.keyword.builtin.VerifyElementExistKeyword.execute(VerifyElementExistKeyword.groovy:64)
	at com.kms.katalon.core.keyword.internal.KeywordExecutor.executeKeywordForPlatform(KeywordExecutor.groovy:74)
	at com.kms.katalon.core.mobile.keyword.MobileBuiltInKeywords.verifyElementExist(MobileBuiltInKeywords.groovy:1739)
	at com.kms.katalon.core.mobile.keyword.MobileBuiltInKeywords$verifyElementExist$4.call(Unknown Source)
	at SOW2 - G1A Account to G1A Account.run(SOW2 - G1A Account to G1A Account:160)
	at com.kms.katalon.core.main.ScriptEngine.run(ScriptEngine.java:194)
	at com.kms.katalon.core.main.ScriptEngine.runScriptAsRawText(ScriptEngine.java:119)
	at com.kms.katalon.core.main.TestCaseExecutor.runScript(TestCaseExecutor.java:448)
	at com.kms.katalon.core.main.TestCaseExecutor.doExecute(TestCaseExecutor.java:439)
	at com.kms.katalon.core.main.TestCaseExecutor.processExecutionPhase(TestCaseExecutor.java:418)
	at com.kms.katalon.core.main.TestCaseExecutor.accessMainPhase(TestCaseExecutor.java:410)
	at com.kms.katalon.core.main.TestCaseExecutor.execute(TestCaseExecutor.java:285)
	at com.kms.katalon.core.common.CommonExecutor.accessTestCaseMainPhase(CommonExecutor.java:65)
	at com.kms.katalon.core.main.TestSuiteExecutor.accessTestSuiteMainPhase(TestSuiteExecutor.java:148)
	at com.kms.katalon.core.main.TestSuiteExecutor.execute(TestSuiteExecutor.java:106)
	at com.kms.katalon.core.main.TestCaseMain.startTestSuite(TestCaseMain.java:187)
	at com.kms.katalon.core.main.TestCaseMain$startTestSuite$0.call(Unknown Source)
	at TempTestSuite1709623980980.run(TempTestSuite1709623980980.groovy:36)]]></system-err>
   </testsuite>
</testsuites>
