<?xml version="1.0" encoding="UTF-8"?>
<testsuites name="Push_Notification" time="256.278" tests="1" failures="1" errors="0">
   <testsuite name="Push_Notification" tests="1" failures="1" errors="0" time="256.278" skipped="0" timestamp="2024-03-07 11:45:56" hostname="00145409nuralianatasha - 169.254.176.206" id="Test Suites/SOW2/Push_Notification">
      <properties>
         <property name="deviceName" value="emulator-5554 (sdk_gphone64_arm64 - Android 13)"/>
         <property name="devicePlatform" value=""/>
         <property name="logFolder" value="/Users/00145409nuralianatasha/Desktop/automation_Retail_FX(public_git)/Reports/20240307_114546/SOW2/Push_Notification/20240307_114546"/>
         <property name="logFiles" value="/Users/00145409nuralianatasha/Desktop/automation_Retail_FX(public_git)/Reports/20240307_114546/SOW2/Push_Notification/20240307_114546/execution0.log, /Users/00145409nuralianatasha/Desktop/automation_Retail_FX(public_git)/Reports/20240307_114546/SOW2/Push_Notification/20240307_114546/appium.log"/>
         <property name="attachments" value="/Users/00145409nuralianatasha/Desktop/automation_Retail_FX(public_git)/Reports/20240307_114546/SOW2/Push_Notification/20240307_114546/1709783183871.png, /Users/00145409nuralianatasha/Desktop/automation_Retail_FX(public_git)/Reports/20240307_114546/SOW2/Push_Notification/20240307_114546/1709783254753.png, /Users/00145409nuralianatasha/Desktop/automation_Retail_FX(public_git)/Reports/20240307_114546/SOW2/Push_Notification/20240307_114546/1709783257210.png, /Users/00145409nuralianatasha/Desktop/automation_Retail_FX(public_git)/Reports/20240307_114546/SOW2/Push_Notification/20240307_114546/1709783258662.png, /Users/00145409nuralianatasha/Desktop/automation_Retail_FX(public_git)/Reports/20240307_114546/SOW2/Push_Notification/20240307_114546/1709783259853.png, /Users/00145409nuralianatasha/Desktop/automation_Retail_FX(public_git)/Reports/20240307_114546/SOW2/Push_Notification/20240307_114546/1709783268620.png, /Users/00145409nuralianatasha/Desktop/automation_Retail_FX(public_git)/Reports/20240307_114546/SOW2/Push_Notification/20240307_114546/1709783285691.png, /Users/00145409nuralianatasha/Desktop/automation_Retail_FX(public_git)/Reports/20240307_114546/SOW2/Push_Notification/20240307_114546/1709783292237.png, /Users/00145409nuralianatasha/Desktop/automation_Retail_FX(public_git)/Reports/20240307_114546/SOW2/Push_Notification/20240307_114546/1709783298801.png, /Users/00145409nuralianatasha/Desktop/automation_Retail_FX(public_git)/Reports/20240307_114546/SOW2/Push_Notification/20240307_114546/1709783319832.png, /Users/00145409nuralianatasha/Desktop/automation_Retail_FX(public_git)/Reports/20240307_114546/SOW2/Push_Notification/20240307_114546/1709783329142.png, /Users/00145409nuralianatasha/Desktop/automation_Retail_FX(public_git)/Reports/20240307_114546/SOW2/Push_Notification/20240307_114546/1709783338525.png, /Users/00145409nuralianatasha/Desktop/automation_Retail_FX(public_git)/Reports/20240307_114546/SOW2/Push_Notification/20240307_114546/1709783354191.png, /Users/00145409nuralianatasha/Desktop/automation_Retail_FX(public_git)/Reports/20240307_114546/SOW2/Push_Notification/20240307_114546/1709783357328.png, /Users/00145409nuralianatasha/Desktop/automation_Retail_FX(public_git)/Reports/20240307_114546/SOW2/Push_Notification/20240307_114546/1709783376482.png, /Users/00145409nuralianatasha/Desktop/automation_Retail_FX(public_git)/Reports/20240307_114546/SOW2/Push_Notification/20240307_114546/1709783378231.png"/>
         <property name="hostName" value="00145409nuralianatasha - 169.254.176.206"/>
         <property name="os" value="Mac OS X 64bit"/>
         <property name="appiumServerStatus" value="{&quot;value&quot;:{&quot;build&quot;:{&quot;version&quot;:&quot;1.22.3&quot;}},&quot;sessionId&quot;:null,&quot;status&quot;:0}"/>
         <property name="katalonVersion" value="8.6.0.208"/>
         <property name="deviceOS" value="Android"/>
         <property name="appiumVersion" value="1.22.3"/>
         <property name="deviceModel" value="sdk_gphone64_arm64"/>
         <property name="hostAddress" value="172.20.10.4"/>
         <property name="deviceManufacturer" value="Google"/>
         <property name="deviceId" value="emulator-5554"/>
         <property name="deviceName" value="emulator-5554 (sdk_gphone64_arm64 - Android 13)"/>
         <property name="deviceOSVersion" value="13"/>
      </properties>
      <testcase name="Test Cases/RETAILFX-SOW2 Market Order/Entry Point - Quick Action/Push Notification" time="255.827" classname="Test Cases/RETAILFX-SOW2 Market Order/Entry Point - Quick Action/Push Notification" status="FAILED">
         <failure type="FAILED" message="Test Cases/RETAILFX-SOW2 Market Order/Entry Point - Quick Action/Push Notification FAILED.
Reason:
com.kms.katalon.core.exception.StepFailedException: Element 'Object Repository/Global Account Page/dynamicText' not found
	at com.kms.katalon.core.keyword.internal.KeywordMain.stepFailed(KeywordMain.groovy:39)
	at com.kms.katalon.core.mobile.keyword.internal.MobileKeywordMain.stepFailed(MobileKeywordMain.groovy:40)
	at com.kms.katalon.core.mobile.keyword.builtin.VerifyElementExistKeyword$_verifyElementExist_closure1.doCall(VerifyElementExistKeyword.groovy:77)
	at com.kms.katalon.core.mobile.keyword.builtin.VerifyElementExistKeyword$_verifyElementExist_closure1.call(VerifyElementExistKeyword.groovy)
	at com.kms.katalon.core.mobile.keyword.internal.MobileKeywordMain.runKeyword(MobileKeywordMain.groovy:21)
	at com.kms.katalon.core.mobile.keyword.builtin.VerifyElementExistKeyword.verifyElementExist(VerifyElementExistKeyword.groovy:80)
	at com.kms.katalon.core.mobile.keyword.builtin.VerifyElementExistKeyword.execute(VerifyElementExistKeyword.groovy:64)
	at com.kms.katalon.core.keyword.internal.KeywordExecutor.executeKeywordForPlatform(KeywordExecutor.groovy:74)
	at com.kms.katalon.core.mobile.keyword.MobileBuiltInKeywords.verifyElementExist(MobileBuiltInKeywords.groovy:1739)
	at com.kms.katalon.core.mobile.keyword.MobileBuiltInKeywords$verifyElementExist$4.call(Unknown Source)
	at Push Notification.run(Push Notification:160)
	at com.kms.katalon.core.main.ScriptEngine.run(ScriptEngine.java:194)
	at com.kms.katalon.core.main.ScriptEngine.runScriptAsRawText(ScriptEngine.java:119)
	at com.kms.katalon.core.main.TestCaseExecutor.runScript(TestCaseExecutor.java:448)
	at com.kms.katalon.core.main.TestCaseExecutor.doExecute(TestCaseExecutor.java:439)
	at com.kms.katalon.core.main.TestCaseExecutor.processExecutionPhase(TestCaseExecutor.java:418)
	at com.kms.katalon.core.main.TestCaseExecutor.accessMainPhase(TestCaseExecutor.java:410)
	at com.kms.katalon.core.main.TestCaseExecutor.execute(TestCaseExecutor.java:285)
	at com.kms.katalon.core.common.CommonExecutor.accessTestCaseMainPhase(CommonExecutor.java:65)
	at com.kms.katalon.core.main.TestSuiteExecutor.accessTestSuiteMainPhase(TestSuiteExecutor.java:148)
	at com.kms.katalon.core.main.TestSuiteExecutor.execute(TestSuiteExecutor.java:106)
	at com.kms.katalon.core.main.TestCaseMain.startTestSuite(TestCaseMain.java:187)
	at com.kms.katalon.core.main.TestCaseMain$startTestSuite$0.call(Unknown Source)
	at TempTestSuite1709783146715.run(TempTestSuite1709783146715.groovy:36)
"/>
         <system-out><![CDATA[2024-03-07 11:45:56 - [TEST_CASE][FAILED] - Test Cases/RETAILFX-SOW2 Market Order/Entry Point - Quick Action/Push Notification: Test Cases/RETAILFX-SOW2 Market Order/Entry Point - Quick Action/Push Notification FAILED.
Reason:
com.kms.katalon.core.exception.StepFailedException: Element 'Object Repository/Global Account Page/dynamicText' not found
	at com.kms.katalon.core.keyword.internal.KeywordMain.stepFailed(KeywordMain.groovy:39)
	at com.kms.katalon.core.mobile.keyword.internal.MobileKeywordMain.stepFailed(MobileKeywordMain.groovy:40)
	at com.kms.katalon.core.mobile.keyword.builtin.VerifyElementExistKeyword$_verifyElementExist_closure1.doCall(VerifyElementExistKeyword.groovy:77)
	at com.kms.katalon.core.mobile.keyword.builtin.VerifyElementExistKeyword$_verifyElementExist_closure1.call(VerifyElementExistKeyword.groovy)
	at com.kms.katalon.core.mobile.keyword.internal.MobileKeywordMain.runKeyword(MobileKeywordMain.groovy:21)
	at com.kms.katalon.core.mobile.keyword.builtin.VerifyElementExistKeyword.verifyElementExist(VerifyElementExistKeyword.groovy:80)
	at com.kms.katalon.core.mobile.keyword.builtin.VerifyElementExistKeyword.execute(VerifyElementExistKeyword.groovy:64)
	at com.kms.katalon.core.keyword.internal.KeywordExecutor.executeKeywordForPlatform(KeywordExecutor.groovy:74)
	at com.kms.katalon.core.mobile.keyword.MobileBuiltInKeywords.verifyElementExist(MobileBuiltInKeywords.groovy:1739)
	at com.kms.katalon.core.mobile.keyword.MobileBuiltInKeywords$verifyElementExist$4.call(Unknown Source)
	at Push Notification.run(Push Notification:160)
	at com.kms.katalon.core.main.ScriptEngine.run(ScriptEngine.java:194)
	at com.kms.katalon.core.main.ScriptEngine.runScriptAsRawText(ScriptEngine.java:119)
	at com.kms.katalon.core.main.TestCaseExecutor.runScript(TestCaseExecutor.java:448)
	at com.kms.katalon.core.main.TestCaseExecutor.doExecute(TestCaseExecutor.java:439)
	at com.kms.katalon.core.main.TestCaseExecutor.processExecutionPhase(TestCaseExecutor.java:418)
	at com.kms.katalon.core.main.TestCaseExecutor.accessMainPhase(TestCaseExecutor.java:410)
	at com.kms.katalon.core.main.TestCaseExecutor.execute(TestCaseExecutor.java:285)
	at com.kms.katalon.core.common.CommonExecutor.accessTestCaseMainPhase(CommonExecutor.java:65)
	at com.kms.katalon.core.main.TestSuiteExecutor.accessTestSuiteMainPhase(TestSuiteExecutor.java:148)
	at com.kms.katalon.core.main.TestSuiteExecutor.execute(TestSuiteExecutor.java:106)
	at com.kms.katalon.core.main.TestCaseMain.startTestSuite(TestCaseMain.java:187)
	at com.kms.katalon.core.main.TestCaseMain$startTestSuite$0.call(Unknown Source)
	at TempTestSuite1709783146715.run(TempTestSuite1709783146715.groovy:36)


2024-03-07 11:45:57 - [TEST_STEP][PASSED] - startExistingApplication("com.maybank2u.life.uat"): Starting app with application ID: 'com.maybank2u.life.uat'

2024-03-07 11:45:58 - [MESSAGE][INFO] - User set preference: ['appWaitActivity', '']

2024-03-07 11:45:58 - [MESSAGE][INFO] - User set preference: ['autoGrantPermission', 'true']

2024-03-07 11:45:58 - [MESSAGE][INFO] - User set preference: ['noReset', 'true']

2024-03-07 11:45:58 - [MESSAGE][INFO] - User set preference: ['deviceId', '']

2024-03-07 11:45:58 - [MESSAGE][INFO] - User set preference: ['newCommandTimeout', '10000']

2024-03-07 11:45:58 - [MESSAGE][INFO] - Detected NodeJS location: "/opt/homebrew/Cellar/node/20.2.0/bin/node"

2024-03-07 11:45:59 - [MESSAGE][INFO] - Appium server started on port 56,317

2024-03-07 11:46:16 - [MESSAGE][PASSED] - Starting app with application ID: 'com.maybank2u.life.uat'

2024-03-07 11:46:16 - [TEST_STEP][PASSED] - a = 8: null

2024-03-07 11:46:16 - [TEST_STEP][PASSED] - utilities.Entry_Point.Quick_Action(8): utilities.Entry_Point.Quick_Action is PASSED

2024-03-07 11:46:16 - [MESSAGE][WARNING] - Timeout '0' is invalid. Using default page load timeout: '30'

2024-03-07 11:46:23 - [MESSAGE][PASSED] - Element 'Object Repository/Dashboard_Login/android.widget.TextView - Login' is visible

2024-03-07 11:46:24 - [MESSAGE][PASSED] - Screenshot is taken
[[ATTACHMENT|/Users/00145409nuralianatasha/Desktop/automation_Retail_FX(public_git)/Reports/20240307_114546/SOW2/Push_Notification/20240307_114546/1709783183871.png]]

2024-03-07 11:46:24 - [MESSAGE][WARNING] - Timeout '0' is invalid. Using default page load timeout: '30'

2024-03-07 11:46:24 - [MESSAGE][PASSED] - Tapped on element 'Object Repository/Dashboard_Login/android.widget.TextView - Login'

2024-03-07 11:46:34 - [MESSAGE][PASSED] - Delayed 10 second(s)

2024-03-07 11:46:34 - [MESSAGE][PASSED] - Tapped on element 'Object Repository/Calc_Numpad/android.widget.TextView - 1'

2024-03-07 11:46:35 - [MESSAGE][PASSED] - Delayed 1 second(s)

2024-03-07 11:46:45 - [MESSAGE][PASSED] - Delayed 10 second(s)

2024-03-07 11:46:46 - [MESSAGE][PASSED] - Tapped on element 'Object Repository/Calc_Numpad/android.widget.TextView - 1'

2024-03-07 11:46:47 - [MESSAGE][PASSED] - Delayed 1 second(s)

2024-03-07 11:46:57 - [MESSAGE][PASSED] - Delayed 10 second(s)

2024-03-07 11:46:57 - [MESSAGE][PASSED] - Tapped on element 'Object Repository/Calc_Numpad/android.widget.TextView - 1'

2024-03-07 11:46:58 - [MESSAGE][PASSED] - Delayed 1 second(s)

2024-03-07 11:47:08 - [MESSAGE][PASSED] - Delayed 10 second(s)

2024-03-07 11:47:08 - [MESSAGE][PASSED] - Tapped on element 'Object Repository/Calc_Numpad/android.widget.TextView - 1'

2024-03-07 11:47:09 - [MESSAGE][PASSED] - Delayed 1 second(s)

2024-03-07 11:47:19 - [MESSAGE][PASSED] - Delayed 10 second(s)

2024-03-07 11:47:19 - [MESSAGE][PASSED] - Tapped on element 'Object Repository/Calc_Numpad/android.widget.TextView - 1'

2024-03-07 11:47:20 - [MESSAGE][PASSED] - Delayed 1 second(s)

2024-03-07 11:47:30 - [MESSAGE][PASSED] - Delayed 10 second(s)

2024-03-07 11:47:30 - [MESSAGE][PASSED] - Tapped on element 'Object Repository/Calc_Numpad/android.widget.TextView - 1'

2024-03-07 11:47:31 - [MESSAGE][PASSED] - Delayed 1 second(s)

2024-03-07 11:47:32 - [MESSAGE][WARNING] - Timeout '0' is invalid. Using default page load timeout: '30'

2024-03-07 11:47:34 - [MESSAGE][PASSED] - Element 'Object Repository/Dashboard_Login/User_name' is present

2024-03-07 11:47:34 - [MESSAGE][WARNING] - Timeout '0' is invalid. Using default page load timeout: '30'

2024-03-07 11:47:34 - [MESSAGE][PASSED] - Element 'Object Repository/Dashboard_Login/User_name' is exist

2024-03-07 11:47:35 - [MESSAGE][PASSED] - Screenshot is taken
[[ATTACHMENT|/Users/00145409nuralianatasha/Desktop/automation_Retail_FX(public_git)/Reports/20240307_114546/SOW2/Push_Notification/20240307_114546/1709783254753.png]]

2024-03-07 11:47:35 - [MESSAGE][WARNING] - Timeout '0' is invalid. Using default page load timeout: '30'

2024-03-07 11:47:35 - [MESSAGE][PASSED] - Tapped on element 'Object Repository/Mange_Quick_Actions/android.widget.TextView - Customise'

2024-03-07 11:47:35 - [MESSAGE][WARNING] - Timeout '0' is invalid. Using default page load timeout: '30'

2024-03-07 11:47:36 - [MESSAGE][PASSED] - Element 'Object Repository/Mange_Quick_Actions/android.widget.TextView - Manage Quick Actions' is present

2024-03-07 11:47:36 - [MESSAGE][WARNING] - Timeout '0' is invalid. Using default page load timeout: '30'

2024-03-07 11:47:36 - [MESSAGE][PASSED] - Element 'Object Repository/Mange_Quick_Actions/android.widget.TextView - Manage Quick Actions' is exist

2024-03-07 11:47:36 - [MESSAGE][WARNING] - Timeout '0' is invalid. Using default page load timeout: '30'

2024-03-07 11:47:36 - [MESSAGE][PASSED] - Element 'Object Repository/Mange_Quick_Actions/android.widget.TextView - Simply hold and drag to rearrange the actions' is exist

2024-03-07 11:47:37 - [MESSAGE][WARNING] - Timeout '0' is invalid. Using default page load timeout: '30'

2024-03-07 11:47:37 - [MESSAGE][PASSED] - Element 'Object Repository/Mange_Quick_Actions/android.widget.TextView - Your current favourite actions' is exist

2024-03-07 11:47:37 - [MESSAGE][WARNING] - Timeout '0' is invalid. Using default page load timeout: '30'

2024-03-07 11:47:37 - [MESSAGE][PASSED] - Object 'Object Repository/Mange_Quick_Actions/android.widget.TextView - Save Changes' has attribute 'clickable' with value 'false'

2024-03-07 11:47:37 - [MESSAGE][PASSED] - Screenshot is taken
[[ATTACHMENT|/Users/00145409nuralianatasha/Desktop/automation_Retail_FX(public_git)/Reports/20240307_114546/SOW2/Push_Notification/20240307_114546/1709783257210.png]]

2024-03-07 11:47:37 - [MESSAGE][WARNING] - Timeout '0' is invalid. Using default page load timeout: '30'

2024-03-07 11:47:37 - [MESSAGE][PASSED] - Tapped on element 'Object Repository/Mange_Quick_Actions/android.widget.Remove_Image'

2024-03-07 11:47:38 - [MESSAGE][PASSED] - Swiped from 271,1,756 to 0,0

2024-03-07 11:47:38 - [MESSAGE][PASSED] - Screenshot is taken
[[ATTACHMENT|/Users/00145409nuralianatasha/Desktop/automation_Retail_FX(public_git)/Reports/20240307_114546/SOW2/Push_Notification/20240307_114546/1709783258662.png]]

2024-03-07 11:47:38 - [MESSAGE][WARNING] - Timeout '0' is invalid. Using default page load timeout: '30'

2024-03-07 11:47:39 - [MESSAGE][PASSED] - Tapped on element 'Object Repository/Mange_Quick_Actions/android.widget.TextView - Currency Exchange'

2024-03-07 11:47:39 - [MESSAGE][WARNING] - Timeout '0' is invalid. Using default page load timeout: '30'

2024-03-07 11:47:39 - [MESSAGE][PASSED] - Tapped on element 'Object Repository/Mange_Quick_Actions/android.widget.TextView - Save Changes'

2024-03-07 11:47:40 - [MESSAGE][PASSED] - Screenshot is taken
[[ATTACHMENT|/Users/00145409nuralianatasha/Desktop/automation_Retail_FX(public_git)/Reports/20240307_114546/SOW2/Push_Notification/20240307_114546/1709783259853.png]]

2024-03-07 11:47:40 - [MESSAGE][WARNING] - Timeout '0' is invalid. Using default page load timeout: '30'

2024-03-07 11:47:41 - [MESSAGE][PASSED] - Element 'Object Repository/Quick_Action/android.widget.TextView - Currency Exchange' is exist

2024-03-07 11:47:41 - [MESSAGE][WARNING] - Timeout '0' is invalid. Using default page load timeout: '30'

2024-03-07 11:47:41 - [MESSAGE][PASSED] - Tapped on element 'Object Repository/Quick_Action/android.widget.TextView - Currency Exchange'

2024-03-07 11:47:41 - [MESSAGE][WARNING] - Timeout '0' is invalid. Using default page load timeout: '30'

2024-03-07 11:47:42 - [MESSAGE][PASSED] - Tapped on element 'Object Repository/Global Account Page/dynamicText'

2024-03-07 11:47:42 - [MESSAGE][WARNING] - Timeout '0' is invalid. Using default page load timeout: '30'

2024-03-07 11:47:42 - [MESSAGE][PASSED] - Tapped on element 'Object Repository/Global Account Page/dynamicText'

2024-03-07 11:47:42 - [MESSAGE][PASSED] - utilities.Entry_Point.Quick_Action is PASSED

2024-03-07 11:47:42 - [TEST_STEP][PASSED] - checkLinkedDevice = Validation.checkElementExists("Object Repository/Market Order Page/android.widget.TextView - Enter your password"): Element 'Object Repository/Market Order Page/android.widget.TextView - Enter your password' is exist

2024-03-07 11:47:45 - [MESSAGE][PASSED] - Element 'Object Repository/Market Order Page/android.widget.TextView - Enter your password' is exist

2024-03-07 11:47:45 - [TEST_STEP][PASSED] - if (checkLinkedDevice == true): Tapped on element 'Object Repository/Global Account Page/dynamicText'

2024-03-07 11:47:45 - [TEST_STEP][PASSED] - setText(findTestObject("Object Repository/Dashboard_Login/Onboarding_Login/Password"), findTestData("Username_Password").getValue("Password", a), 0, CONTINUE_ON_FAILURE): Text 'Maybank@1' has been set to element 'Object Repository/Dashboard_Login/Onboarding_Login/Password'

2024-03-07 11:47:45 - [MESSAGE][WARNING] - Timeout '0' is invalid. Using default page load timeout: '30'

2024-03-07 11:47:46 - [MESSAGE][PASSED] - Text 'Maybank@1' has been set to element 'Object Repository/Dashboard_Login/Onboarding_Login/Password'

2024-03-07 11:47:46 - [TEST_STEP][PASSED] - hideKeyboard(CONTINUE_ON_FAILURE): Keyboard is hidden

2024-03-07 11:47:48 - [MESSAGE][PASSED] - Keyboard is hidden

2024-03-07 11:47:48 - [TEST_STEP][PASSED] - takeScreenshot(): Screenshot is taken

2024-03-07 11:47:49 - [MESSAGE][PASSED] - Screenshot is taken
[[ATTACHMENT|/Users/00145409nuralianatasha/Desktop/automation_Retail_FX(public_git)/Reports/20240307_114546/SOW2/Push_Notification/20240307_114546/1709783268620.png]]

2024-03-07 11:47:49 - [TEST_STEP][PASSED] - tap(findTestObject("Global Account Page/dynamicText", ["text":"Continue"]), 10, CONTINUE_ON_FAILURE): Tapped on element 'Object Repository/Global Account Page/dynamicText'

2024-03-07 11:47:49 - [MESSAGE][PASSED] - Tapped on element 'Object Repository/Global Account Page/dynamicText'

2024-03-07 11:47:49 - [TEST_STEP][PASSED] - delay(10): Delayed 10 second(s)

2024-03-07 11:47:59 - [MESSAGE][PASSED] - Delayed 10 second(s)

2024-03-07 11:47:59 - [TEST_STEP][PASSED] - Validation.Terms_Condition(): Tapped on element 'Object Repository/Global Account Page/android.widget.TextView - Agree  Confirm'

2024-03-07 11:47:59 - [MESSAGE][PASSED] - Element 'Object Repository/SOW2-Market Order/Agreement/android.widget.TextView - Terms  Conditions' is exist

2024-03-07 11:47:59 - [MESSAGE][PASSED] - Current device physical height is 2138

2024-03-07 11:47:59 - [MESSAGE][PASSED] - Current device physical width is 1080

2024-03-07 11:48:00 - [MESSAGE][PASSED] - Swiped from 540,1,496 to 540,641

2024-03-07 11:48:05 - [MESSAGE][PASSED] - Delayed 5 second(s)

2024-03-07 11:48:05 - [MESSAGE][PASSED] - Screenshot is taken
[[ATTACHMENT|/Users/00145409nuralianatasha/Desktop/automation_Retail_FX(public_git)/Reports/20240307_114546/SOW2/Push_Notification/20240307_114546/1709783285691.png]]

2024-03-07 11:48:06 - [MESSAGE][PASSED] - Current device physical height is 2138

2024-03-07 11:48:06 - [MESSAGE][PASSED] - Current device physical width is 1080

2024-03-07 11:48:07 - [MESSAGE][PASSED] - Swiped from 540,1,496 to 540,641

2024-03-07 11:48:12 - [MESSAGE][PASSED] - Delayed 5 second(s)

2024-03-07 11:48:12 - [MESSAGE][PASSED] - Screenshot is taken
[[ATTACHMENT|/Users/00145409nuralianatasha/Desktop/automation_Retail_FX(public_git)/Reports/20240307_114546/SOW2/Push_Notification/20240307_114546/1709783292237.png]]

2024-03-07 11:48:12 - [MESSAGE][PASSED] - Current device physical height is 2138

2024-03-07 11:48:12 - [MESSAGE][PASSED] - Current device physical width is 1080

2024-03-07 11:48:13 - [MESSAGE][PASSED] - Swiped from 540,1,496 to 540,641

2024-03-07 11:48:18 - [MESSAGE][PASSED] - Delayed 5 second(s)

2024-03-07 11:48:19 - [MESSAGE][PASSED] - Screenshot is taken
[[ATTACHMENT|/Users/00145409nuralianatasha/Desktop/automation_Retail_FX(public_git)/Reports/20240307_114546/SOW2/Push_Notification/20240307_114546/1709783298801.png]]

2024-03-07 11:48:19 - [MESSAGE][WARNING] - Timeout '0' is invalid. Using default page load timeout: '30'

2024-03-07 11:48:19 - [MESSAGE][PASSED] - Tapped on element 'Object Repository/Global Account Page/android.widget.TextView - Agree  Confirm'

2024-03-07 11:48:19 - [TEST_STEP][PASSED] - tap(findTestObject("SOW2-Market Order/android.widget.TextView _EditText"), 0, CONTINUE_ON_FAILURE): Tapped on element 'Object Repository/SOW2-Market Order/android.widget.TextView _EditText'

2024-03-07 11:48:19 - [MESSAGE][WARNING] - Timeout '0' is invalid. Using default page load timeout: '30'

2024-03-07 11:48:24 - [MESSAGE][PASSED] - Tapped on element 'Object Repository/SOW2-Market Order/android.widget.TextView _EditText'

2024-03-07 11:48:24 - [TEST_STEP][PASSED] - waitForElementPresent(findTestObject("Object Repository/Calc_Pad/android.widget.Image"), 20, OPTIONAL): Element 'Object Repository/Calc_Pad/android.widget.Image' is present

2024-03-07 11:48:25 - [MESSAGE][PASSED] - Element 'Object Repository/Calc_Pad/android.widget.Image' is present

2024-03-07 11:48:25 - [TEST_STEP][PASSED] - digits = "5000": null

2024-03-07 11:48:25 - [TEST_STEP][PASSED] - currency_Numpad(digits): null

2024-03-07 11:48:25 - [TEST_STEP][PASSED] - digit_length = digits.length(): null

2024-03-07 11:48:25 - [TEST_STEP][PASSED] - for ([i = 0, i < digit_length, (i++)]): Tapped on element 'Object Repository/Calc_Pad/android.widget.TextView - 0'

2024-03-07 11:48:25 - [TEST_STEP][PASSED] - if (digits[i] == "1"): null

2024-03-07 11:48:25 - [TEST_STEP][PASSED] - else if (digits[i] == "2"): null

2024-03-07 11:48:25 - [TEST_STEP][PASSED] - else if (digits[i] == "3"): null

2024-03-07 11:48:25 - [TEST_STEP][PASSED] - else if (digits[i] == "4"): null

2024-03-07 11:48:25 - [TEST_STEP][PASSED] - else if (digits[i] == "5"): Tapped on element 'Object Repository/Calc_Pad/android.widget.TextView - 5'

2024-03-07 11:48:25 - [TEST_STEP][PASSED] - tap(findTestObject("Object Repository/Calc_Pad/android.widget.TextView - 5"), 5, OPTIONAL): Tapped on element 'Object Repository/Calc_Pad/android.widget.TextView - 5'

2024-03-07 11:48:26 - [MESSAGE][PASSED] - Tapped on element 'Object Repository/Calc_Pad/android.widget.TextView - 5'

2024-03-07 11:48:26 - [TEST_STEP][PASSED] - if (digits[i] == "1"): null

2024-03-07 11:48:26 - [TEST_STEP][PASSED] - else if (digits[i] == "2"): null

2024-03-07 11:48:26 - [TEST_STEP][PASSED] - else if (digits[i] == "3"): null

2024-03-07 11:48:26 - [TEST_STEP][PASSED] - else if (digits[i] == "4"): null

2024-03-07 11:48:26 - [TEST_STEP][PASSED] - else if (digits[i] == "5"): null

2024-03-07 11:48:26 - [TEST_STEP][PASSED] - else if (digits[i] == "6"): null

2024-03-07 11:48:26 - [TEST_STEP][PASSED] - else if (digits[i] == "7"): null

2024-03-07 11:48:26 - [TEST_STEP][PASSED] - else if (digits[i] == "8"): null

2024-03-07 11:48:26 - [TEST_STEP][PASSED] - else if (digits[i] == "9"): null

2024-03-07 11:48:26 - [TEST_STEP][PASSED] - else if (digits[i] == "0"): Tapped on element 'Object Repository/Calc_Pad/android.widget.TextView - 0'

2024-03-07 11:48:26 - [TEST_STEP][PASSED] - tap(findTestObject("Object Repository/Calc_Pad/android.widget.TextView - 0"), 5, OPTIONAL): Tapped on element 'Object Repository/Calc_Pad/android.widget.TextView - 0'

2024-03-07 11:48:26 - [MESSAGE][PASSED] - Tapped on element 'Object Repository/Calc_Pad/android.widget.TextView - 0'

2024-03-07 11:48:26 - [TEST_STEP][PASSED] - if (digits[i] == "1"): null

2024-03-07 11:48:26 - [TEST_STEP][PASSED] - else if (digits[i] == "2"): null

2024-03-07 11:48:26 - [TEST_STEP][PASSED] - else if (digits[i] == "3"): null

2024-03-07 11:48:26 - [TEST_STEP][PASSED] - else if (digits[i] == "4"): null

2024-03-07 11:48:26 - [TEST_STEP][PASSED] - else if (digits[i] == "5"): null

2024-03-07 11:48:26 - [TEST_STEP][PASSED] - else if (digits[i] == "6"): null

2024-03-07 11:48:26 - [TEST_STEP][PASSED] - else if (digits[i] == "7"): null

2024-03-07 11:48:26 - [TEST_STEP][PASSED] - else if (digits[i] == "8"): null

2024-03-07 11:48:26 - [TEST_STEP][PASSED] - else if (digits[i] == "9"): null

2024-03-07 11:48:26 - [TEST_STEP][PASSED] - else if (digits[i] == "0"): Tapped on element 'Object Repository/Calc_Pad/android.widget.TextView - 0'

2024-03-07 11:48:26 - [TEST_STEP][PASSED] - tap(findTestObject("Object Repository/Calc_Pad/android.widget.TextView - 0"), 5, OPTIONAL): Tapped on element 'Object Repository/Calc_Pad/android.widget.TextView - 0'

2024-03-07 11:48:28 - [MESSAGE][PASSED] - Tapped on element 'Object Repository/Calc_Pad/android.widget.TextView - 0'

2024-03-07 11:48:28 - [TEST_STEP][PASSED] - if (digits[i] == "1"): null

2024-03-07 11:48:28 - [TEST_STEP][PASSED] - else if (digits[i] == "2"): null

2024-03-07 11:48:28 - [TEST_STEP][PASSED] - else if (digits[i] == "3"): null

2024-03-07 11:48:28 - [TEST_STEP][PASSED] - else if (digits[i] == "4"): null

2024-03-07 11:48:28 - [TEST_STEP][PASSED] - else if (digits[i] == "5"): null

2024-03-07 11:48:28 - [TEST_STEP][PASSED] - else if (digits[i] == "6"): null

2024-03-07 11:48:28 - [TEST_STEP][PASSED] - else if (digits[i] == "7"): null

2024-03-07 11:48:28 - [TEST_STEP][PASSED] - else if (digits[i] == "8"): null

2024-03-07 11:48:28 - [TEST_STEP][PASSED] - else if (digits[i] == "9"): null

2024-03-07 11:48:28 - [TEST_STEP][PASSED] - else if (digits[i] == "0"): Tapped on element 'Object Repository/Calc_Pad/android.widget.TextView - 0'

2024-03-07 11:48:28 - [TEST_STEP][PASSED] - tap(findTestObject("Object Repository/Calc_Pad/android.widget.TextView - 0"), 5, OPTIONAL): Tapped on element 'Object Repository/Calc_Pad/android.widget.TextView - 0'

2024-03-07 11:48:28 - [MESSAGE][PASSED] - Tapped on element 'Object Repository/Calc_Pad/android.widget.TextView - 0'

2024-03-07 11:48:28 - [TEST_STEP][PASSED] - tap(findTestObject("Object Repository/Calc_Pad/android.widget.Image"), 5, OPTIONAL): Tapped on element 'Object Repository/Calc_Pad/android.widget.Image'

2024-03-07 11:48:28 - [MESSAGE][PASSED] - Tapped on element 'Object Repository/Calc_Pad/android.widget.Image'

2024-03-07 11:48:28 - [TEST_STEP][PASSED] - delay(5): Delayed 5 second(s)

2024-03-07 11:48:33 - [MESSAGE][PASSED] - Delayed 5 second(s)

2024-03-07 11:48:33 - [TEST_STEP][PASSED] - utilities.Mobile_Keywords.sow2market_orderdropdown("US Dol", "USD - US Dollar"): utilities.Mobile_Keywords.sow2market_orderdropdown is PASSED

2024-03-07 11:48:34 - [MESSAGE][WARNING] - Timeout '0' is invalid. Using default page load timeout: '30'

2024-03-07 11:48:34 - [MESSAGE][PASSED] - Tapped on element 'Object Repository/SOW2-Market Order/Select_Currency Dropdown'

2024-03-07 11:48:34 - [MESSAGE][PASSED] - Element 'Object Repository/SOW2-Market Order/android.view.View - Select Currency' is present

2024-03-07 11:48:35 - [MESSAGE][PASSED] - Element 'Object Repository/SOW2-Market Order/android.view.View - Select Currency' is exist

2024-03-07 11:48:35 - [MESSAGE][PASSED] - Tapped on element 'Object Repository/SOW2-Market Order/android.widget.EditText_SearchCurrency'

2024-03-07 11:48:36 - [MESSAGE][PASSED] - Text 'US Dol' has been set to element 'Object Repository/SOW2-Market Order/android.widget.EditText_SearchCurrency'

2024-03-07 11:48:37 - [MESSAGE][PASSED] - Keyboard is hidden

2024-03-07 11:48:37 - [MESSAGE][PASSED] - Element 'Object Repository/Global Account Page/dynamicText' is exist

2024-03-07 11:48:38 - [MESSAGE][PASSED] - Tapped on element 'Object Repository/Global Account Page/dynamicText'

2024-03-07 11:48:38 - [MESSAGE][PASSED] - utilities.Mobile_Keywords.sow2market_orderdropdown is PASSED

2024-03-07 11:48:38 - [TEST_STEP][PASSED] - verifyElementExist(findTestObject("Global Account Page/dynamicText", ["text":"Exchange rate"]), 5, CONTINUE_ON_FAILURE): Element 'Object Repository/Global Account Page/dynamicText' is exist

2024-03-07 11:48:39 - [MESSAGE][PASSED] - Element 'Object Repository/Global Account Page/dynamicText' is exist

2024-03-07 11:48:39 - [TEST_STEP][PASSED] - currency_TextMsg = getText(findTestObject("General/android.widget.TextView _Conversion"), 0, CONTINUE_ON_FAILURE): Text of element 'Object Repository/General/android.widget.TextView _Conversion' is: 'USD 1 = MYR 4.7265'

2024-03-07 11:48:39 - [MESSAGE][WARNING] - Timeout '0' is invalid. Using default page load timeout: '30'

2024-03-07 11:48:39 - [MESSAGE][PASSED] - Text of element 'Object Repository/General/android.widget.TextView _Conversion' is: 'USD 1 = MYR 4.7265'

2024-03-07 11:48:39 - [TEST_STEP][PASSED] - comment(currency_TextMsg): USD 1 = MYR 4.7265

2024-03-07 11:48:39 - [MESSAGE][INFO] - USD 1 = MYR 4.7265

2024-03-07 11:48:39 - [TEST_STEP][PASSED] - roundedNumber = Validation.convertUSDToMYR(currency_TextMsg): null

2024-03-07 11:48:39 - [TEST_STEP][PASSED] - verifyElementExist(findTestObject("Global Account Page/dynamicText", ["text":"Conversion fee"]), 5, CONTINUE_ON_FAILURE): Element 'Object Repository/Global Account Page/dynamicText' is exist

2024-03-07 11:48:39 - [MESSAGE][PASSED] - Element 'Object Repository/Global Account Page/dynamicText' is exist

2024-03-07 11:48:39 - [TEST_STEP][PASSED] - Conversion_Fee = getText(findTestObject("SOW2-Market Order/ConversionFee_Text"), 5, CONTINUE_ON_FAILURE): Text of element 'Object Repository/SOW2-Market Order/ConversionFee_Text' is: 'USD 0.00'

2024-03-07 11:48:39 - [MESSAGE][PASSED] - Text of element 'Object Repository/SOW2-Market Order/ConversionFee_Text' is: 'USD 0.00'

2024-03-07 11:48:39 - [TEST_STEP][PASSED] - verifyElementExist(findTestObject("Global Account Page/dynamicText", ["text":"Total to pay"]), 5, CONTINUE_ON_FAILURE): Element 'Object Repository/Global Account Page/dynamicText' is exist

2024-03-07 11:48:39 - [MESSAGE][PASSED] - Element 'Object Repository/Global Account Page/dynamicText' is exist

2024-03-07 11:48:39 - [TEST_STEP][PASSED] - verifyElementExist(findTestObject("Global Account Page/dynamicText", ["text":"MYR 50.00"]), 5, CONTINUE_ON_FAILURE): Element 'Object Repository/Global Account Page/dynamicText' is exist

2024-03-07 11:48:39 - [MESSAGE][PASSED] - Element 'Object Repository/Global Account Page/dynamicText' is exist

2024-03-07 11:48:39 - [TEST_STEP][PASSED] - verifyElementExist(findTestObject("Global Account Page/dynamicText", ["text":"Amount to receive"]), 5, CONTINUE_ON_FAILURE): Element 'Object Repository/Global Account Page/dynamicText' is exist

2024-03-07 11:48:39 - [MESSAGE][PASSED] - Element 'Object Repository/Global Account Page/dynamicText' is exist

2024-03-07 11:48:39 - [TEST_STEP][PASSED] - verifyElementExist(findTestObject("General/android.widget.EditText _AmountReceived", ["text":roundedNumber]), 5, CONTINUE_ON_FAILURE): Element 'Object Repository/General/android.widget.EditText _AmountReceived' is exist

2024-03-07 11:48:39 - [MESSAGE][PASSED] - Element 'Object Repository/General/android.widget.EditText _AmountReceived' is exist

2024-03-07 11:48:39 - [TEST_STEP][PASSED] - takeScreenshot(): Screenshot is taken

2024-03-07 11:48:40 - [MESSAGE][PASSED] - Screenshot is taken
[[ATTACHMENT|/Users/00145409nuralianatasha/Desktop/automation_Retail_FX(public_git)/Reports/20240307_114546/SOW2/Push_Notification/20240307_114546/1709783319832.png]]

2024-03-07 11:48:40 - [TEST_STEP][PASSED] - tap(findTestObject("SOW2-Market Order/android.widget.Dynamic_Button", ["text":"Next"]), 0, CONTINUE_ON_FAILURE): Tapped on element 'Object Repository/SOW2-Market Order/android.widget.Dynamic_Button'

2024-03-07 11:48:40 - [MESSAGE][WARNING] - Timeout '0' is invalid. Using default page load timeout: '30'

2024-03-07 11:48:40 - [MESSAGE][PASSED] - Tapped on element 'Object Repository/SOW2-Market Order/android.widget.Dynamic_Button'

2024-03-07 11:48:40 - [TEST_STEP][PASSED] - waitForElementPresent(findTestObject("Global Account Page/dynamicText", ["text":"Step 2 of 2"]), 5, CONTINUE_ON_FAILURE): Element 'Object Repository/Global Account Page/dynamicText' is present

2024-03-07 11:48:41 - [MESSAGE][PASSED] - Element 'Object Repository/Global Account Page/dynamicText' is present

2024-03-07 11:48:41 - [TEST_STEP][PASSED] - verifyElementExist(findTestObject("Global Account Page/dynamicText", ["text":"Step 2 of 2"]), 5, CONTINUE_ON_FAILURE): Element 'Object Repository/Global Account Page/dynamicText' is exist

2024-03-07 11:48:41 - [MESSAGE][PASSED] - Element 'Object Repository/Global Account Page/dynamicText' is exist

2024-03-07 11:48:41 - [TEST_STEP][PASSED] - verifyElementExist(findTestObject("Global Account Page/dynamicText", ["text":"USD/MYR"]), 5, CONTINUE_ON_FAILURE): Element 'Object Repository/Global Account Page/dynamicText' is exist

2024-03-07 11:48:41 - [MESSAGE][PASSED] - Element 'Object Repository/Global Account Page/dynamicText' is exist

2024-03-07 11:48:41 - [TEST_STEP][PASSED] - verifyElementExist(findTestObject("SOW2-Market Order/android.widget.TextView - Im converting"), 5, CONTINUE_ON_FAILURE): Element 'Object Repository/SOW2-Market Order/android.widget.TextView - Im converting' is exist

2024-03-07 11:48:42 - [MESSAGE][PASSED] - Element 'Object Repository/SOW2-Market Order/android.widget.TextView - Im converting' is exist

2024-03-07 11:48:42 - [TEST_STEP][PASSED] - verifyElementExist(findTestObject("Global Account Page/dynamicText", ["text":"MYR 50.00"]), 5, CONTINUE_ON_FAILURE): Element 'Object Repository/Global Account Page/dynamicText' is exist

2024-03-07 11:48:42 - [MESSAGE][PASSED] - Element 'Object Repository/Global Account Page/dynamicText' is exist

2024-03-07 11:48:42 - [TEST_STEP][PASSED] - verifyElementExist(findTestObject("Global Account Page/dynamicText", ["text":"Transfer from"]), 5, CONTINUE_ON_FAILURE): Element 'Object Repository/Global Account Page/dynamicText' is exist

2024-03-07 11:48:42 - [MESSAGE][PASSED] - Element 'Object Repository/Global Account Page/dynamicText' is exist

2024-03-07 11:48:42 - [TEST_STEP][PASSED] - verifyElementExist(findTestObject("Global Account Page/dynamicText", ["text":"Transfer to"]), 5, CONTINUE_ON_FAILURE): Element 'Object Repository/Global Account Page/dynamicText' is exist

2024-03-07 11:48:42 - [MESSAGE][PASSED] - Element 'Object Repository/Global Account Page/dynamicText' is exist

2024-03-07 11:48:42 - [TEST_STEP][PASSED] - utilities.Mobile_Keywords.scrollFromTopToBottom(): utilities.Mobile_Keywords.scrollFromTopToBottom is PASSED

2024-03-07 11:48:42 - [MESSAGE][PASSED] - Current device physical height is 2138

2024-03-07 11:48:42 - [MESSAGE][PASSED] - Current device physical width is 1080

2024-03-07 11:48:44 - [MESSAGE][PASSED] - Swiped from 540,1,496 to 540,641

2024-03-07 11:48:49 - [MESSAGE][PASSED] - Delayed 5 second(s)

2024-03-07 11:48:49 - [MESSAGE][PASSED] - utilities.Mobile_Keywords.scrollFromTopToBottom is PASSED

2024-03-07 11:48:49 - [TEST_STEP][PASSED] - takeScreenshot(): Screenshot is taken

2024-03-07 11:48:49 - [MESSAGE][PASSED] - Screenshot is taken
[[ATTACHMENT|/Users/00145409nuralianatasha/Desktop/automation_Retail_FX(public_git)/Reports/20240307_114546/SOW2/Push_Notification/20240307_114546/1709783329142.png]]

2024-03-07 11:48:49 - [TEST_STEP][PASSED] - tap(findTestObject("SOW2-Market Order/android.widget.Dynamic_Button", ["text":"Get Quote"]), 0, CONTINUE_ON_FAILURE): Tapped on element 'Object Repository/SOW2-Market Order/android.widget.Dynamic_Button'

2024-03-07 11:48:49 - [MESSAGE][WARNING] - Timeout '0' is invalid. Using default page load timeout: '30'

2024-03-07 11:48:49 - [MESSAGE][PASSED] - Tapped on element 'Object Repository/SOW2-Market Order/android.widget.Dynamic_Button'

2024-03-07 11:48:49 - [TEST_STEP][PASSED] - currency_TextMsg1 = getText(findTestObject("General/android.widget.TextView _Conversion"), 0, CONTINUE_ON_FAILURE): Text of element 'Object Repository/General/android.widget.TextView _Conversion' is: 'USD 1 = MYR 4.6985'

2024-03-07 11:48:49 - [MESSAGE][WARNING] - Timeout '0' is invalid. Using default page load timeout: '30'

2024-03-07 11:48:51 - [MESSAGE][PASSED] - Text of element 'Object Repository/General/android.widget.TextView _Conversion' is: 'USD 1 = MYR 4.6985'

2024-03-07 11:48:51 - [TEST_STEP][PASSED] - roundedNumber1 = Validation.convertUSDToMYR(currency_TextMsg1): null

2024-03-07 11:48:51 - [TEST_STEP][PASSED] - waitForElementPresent(findTestObject("Global Account Page/dynamicText", ["text":"Confirmation"]), 5, CONTINUE_ON_FAILURE): Element 'Object Repository/Global Account Page/dynamicText' is present

2024-03-07 11:48:51 - [MESSAGE][PASSED] - Element 'Object Repository/Global Account Page/dynamicText' is present

2024-03-07 11:48:51 - [TEST_STEP][PASSED] - verifyElementExist(findTestObject("Global Account Page/dynamicText", ["text":"Transfer from"]), 5, CONTINUE_ON_FAILURE): Element 'Object Repository/Global Account Page/dynamicText' is exist

2024-03-07 11:48:51 - [MESSAGE][PASSED] - Element 'Object Repository/Global Account Page/dynamicText' is exist

2024-03-07 11:48:51 - [TEST_STEP][PASSED] - verifyElementExist(findTestObject("Global Account Page/dynamicText", ["text":"Global Access Account-i (MYR)"]), 5, CONTINUE_ON_FAILURE): Element 'Object Repository/Global Account Page/dynamicText' is exist

2024-03-07 11:48:51 - [MESSAGE][PASSED] - Element 'Object Repository/Global Account Page/dynamicText' is exist

2024-03-07 11:48:51 - [TEST_STEP][PASSED] - verifyElementExist(findTestObject("Global Account Page/dynamicText", ["text":"Transfer to"]), 5, CONTINUE_ON_FAILURE): Element 'Object Repository/Global Account Page/dynamicText' is exist

2024-03-07 11:48:52 - [MESSAGE][PASSED] - Element 'Object Repository/Global Account Page/dynamicText' is exist

2024-03-07 11:48:52 - [TEST_STEP][PASSED] - verifyElementExist(findTestObject("Global Account Page/dynamicText", ["text":"Global Access Account-i (USD)"]), 5, CONTINUE_ON_FAILURE): Element 'Object Repository/Global Account Page/dynamicText' is exist

2024-03-07 11:48:52 - [MESSAGE][PASSED] - Element 'Object Repository/Global Account Page/dynamicText' is exist

2024-03-07 11:48:52 - [TEST_STEP][PASSED] - verifyElementExist(findTestObject("Global Account Page/dynamicText", ["text":"Amount to receive"]), 5, CONTINUE_ON_FAILURE): Element 'Object Repository/Global Account Page/dynamicText' is exist

2024-03-07 11:48:52 - [MESSAGE][PASSED] - Element 'Object Repository/Global Account Page/dynamicText' is exist

2024-03-07 11:48:52 - [TEST_STEP][PASSED] - println("below is the rounded number" + roundedNumber1): null

2024-03-07 11:48:52 - [TEST_STEP][PASSED] - verifyElementExist(findTestObject("Global Account Page/dynamicText", ["text":"USD " + roundedNumber1]), 5, CONTINUE_ON_FAILURE): Element 'Object Repository/Global Account Page/dynamicText' is exist

2024-03-07 11:48:52 - [MESSAGE][PASSED] - Element 'Object Repository/Global Account Page/dynamicText' is exist

2024-03-07 11:48:52 - [TEST_STEP][PASSED] - verifyElementExist(findTestObject("Global Account Page/dynamicText", ["text":"Transaction type"]), 5, CONTINUE_ON_FAILURE): Element 'Object Repository/Global Account Page/dynamicText' is exist

2024-03-07 11:48:53 - [MESSAGE][PASSED] - Element 'Object Repository/Global Account Page/dynamicText' is exist

2024-03-07 11:48:53 - [TEST_STEP][PASSED] - verifyElementExist(findTestObject("Global Account Page/dynamicText", ["text":"Currency Conversion"]), 5, CONTINUE_ON_FAILURE): Element 'Object Repository/Global Account Page/dynamicText' is exist

2024-03-07 11:48:53 - [MESSAGE][PASSED] - Element 'Object Repository/Global Account Page/dynamicText' is exist

2024-03-07 11:48:53 - [TEST_STEP][FAILED] - verifyElementExist(findTestObject("Global Account Page/dynamicText", ["text":"I have read and agree to the BNM Foreign Exchange Rules, I accept the declaration as well as the Terms & Conditions for this transfer."]), 5, CONTINUE_ON_FAILURE): Element 'Object Repository/Global Account Page/dynamicText' not found

2024-03-07 11:48:58 - [MESSAGE][FAILED] - Element 'Object Repository/Global Account Page/dynamicText' not found

2024-03-07 11:48:58 - [TEST_STEP][PASSED] - takeScreenshot(CONTINUE_ON_FAILURE): Screenshot is taken

2024-03-07 11:48:58 - [MESSAGE][PASSED] - Screenshot is taken
[[ATTACHMENT|/Users/00145409nuralianatasha/Desktop/automation_Retail_FX(public_git)/Reports/20240307_114546/SOW2/Push_Notification/20240307_114546/1709783338525.png]]

2024-03-07 11:48:58 - [TEST_STEP][PASSED] - tap(findTestObject("SOW2-Market Order/android.view.View - I have read and agree to the BNM Foreign Exchange Rules, I accept the declaration as well as the Terms  Conditions for this transfer"), 0, CONTINUE_ON_FAILURE): Tapped on element 'Object Repository/SOW2-Market Order/android.view.View - I have read and agree to the BNM Foreign Exchange Rules, I accept the declaration as well as the Terms  Conditions for this transfer'

2024-03-07 11:48:58 - [MESSAGE][WARNING] - Timeout '0' is invalid. Using default page load timeout: '30'

2024-03-07 11:48:59 - [MESSAGE][PASSED] - Tapped on element 'Object Repository/SOW2-Market Order/android.view.View - I have read and agree to the BNM Foreign Exchange Rules, I accept the declaration as well as the Terms  Conditions for this transfer'

2024-03-07 11:48:59 - [TEST_STEP][PASSED] - utilities.Mobile_Keywords.scrollFromTopToBottom(): utilities.Mobile_Keywords.scrollFromTopToBottom is PASSED

2024-03-07 11:48:59 - [MESSAGE][PASSED] - Current device physical height is 2138

2024-03-07 11:48:59 - [MESSAGE][PASSED] - Current device physical width is 1080

2024-03-07 11:49:00 - [MESSAGE][PASSED] - Swiped from 540,1,496 to 540,641

2024-03-07 11:49:05 - [MESSAGE][PASSED] - Delayed 5 second(s)

2024-03-07 11:49:05 - [MESSAGE][PASSED] - utilities.Mobile_Keywords.scrollFromTopToBottom is PASSED

2024-03-07 11:49:05 - [TEST_STEP][PASSED] - tap(findTestObject("SOW2-Market Order/android.widget.Dynamic_Button", ["text":"Confirm"]), 0, CONTINUE_ON_FAILURE): Tapped on element 'Object Repository/SOW2-Market Order/android.widget.Dynamic_Button'

2024-03-07 11:49:06 - [MESSAGE][WARNING] - Timeout '0' is invalid. Using default page load timeout: '30'

2024-03-07 11:49:06 - [MESSAGE][PASSED] - Tapped on element 'Object Repository/SOW2-Market Order/android.widget.Dynamic_Button'

2024-03-07 11:49:06 - [TEST_STEP][PASSED] - waitForElementPresent(findTestObject("Global Account Page/dynamicText", ["text":"Transaction Successful"]), 5, CONTINUE_ON_FAILURE): Element 'Object Repository/Global Account Page/dynamicText' is present

2024-03-07 11:49:13 - [MESSAGE][PASSED] - Element 'Object Repository/Global Account Page/dynamicText' is present

2024-03-07 11:49:13 - [TEST_STEP][PASSED] - verifyElementExist(findTestObject("Global Account Page/dynamicText", ["text":"Transaction Successful"]), 5, CONTINUE_ON_FAILURE): Element 'Object Repository/Global Account Page/dynamicText' is exist

2024-03-07 11:49:13 - [MESSAGE][PASSED] - Element 'Object Repository/Global Account Page/dynamicText' is exist

2024-03-07 11:49:13 - [TEST_STEP][PASSED] - verifyElementExist(findTestObject("Global Account Page/dynamicText", ["text":"Reference ID"]), 5, CONTINUE_ON_FAILURE): Element 'Object Repository/Global Account Page/dynamicText' is exist

2024-03-07 11:49:13 - [MESSAGE][PASSED] - Element 'Object Repository/Global Account Page/dynamicText' is exist

2024-03-07 11:49:13 - [TEST_STEP][PASSED] - verifyElementExist(findTestObject("Global Account Page/dynamicText", ["text":"Order ID"]), 5, CONTINUE_ON_FAILURE): Element 'Object Repository/Global Account Page/dynamicText' is exist

2024-03-07 11:49:13 - [MESSAGE][PASSED] - Element 'Object Repository/Global Account Page/dynamicText' is exist

2024-03-07 11:49:13 - [TEST_STEP][PASSED] - verifyElementExist(findTestObject("Global Account Page/dynamicText", ["text":"Date & time"]), 5, CONTINUE_ON_FAILURE): Element 'Object Repository/Global Account Page/dynamicText' is exist

2024-03-07 11:49:13 - [MESSAGE][PASSED] - Element 'Object Repository/Global Account Page/dynamicText' is exist

2024-03-07 11:49:13 - [TEST_STEP][PASSED] - verifyElementExist(findTestObject("Global Account Page/dynamicText", ["text":"Converted from"]), 5, CONTINUE_ON_FAILURE): Element 'Object Repository/Global Account Page/dynamicText' is exist

2024-03-07 11:49:13 - [MESSAGE][PASSED] - Element 'Object Repository/Global Account Page/dynamicText' is exist

2024-03-07 11:49:13 - [TEST_STEP][PASSED] - verifyElementExist(findTestObject("Global Account Page/dynamicText", ["text":"Amount received"]), 5, CONTINUE_ON_FAILURE): Element 'Object Repository/Global Account Page/dynamicText' is exist

2024-03-07 11:49:13 - [MESSAGE][PASSED] - Element 'Object Repository/Global Account Page/dynamicText' is exist

2024-03-07 11:49:13 - [TEST_STEP][PASSED] - CurrentDate = Validation.datetime(): null

2024-03-07 11:49:13 - [TEST_STEP][PASSED] - comment("The Current Date is " + CurrentDate): The Current Date is 7 Mar 2024 11:49

2024-03-07 11:49:13 - [MESSAGE][INFO] - The Current Date is 7 Mar 2024 11:49

2024-03-07 11:49:13 - [TEST_STEP][PASSED] - verifyElementExist(findTestObject("Global Account Page/dynamicText", ["text":"USD " + roundedNumber1]), 5, CONTINUE_ON_FAILURE): Element 'Object Repository/Global Account Page/dynamicText' is exist

2024-03-07 11:49:13 - [MESSAGE][PASSED] - Element 'Object Repository/Global Account Page/dynamicText' is exist

2024-03-07 11:49:13 - [TEST_STEP][PASSED] - verifyElementExist(findTestObject("Global Account Page/dynamicText", ["text":"Exchange rate"]), 5, CONTINUE_ON_FAILURE): Element 'Object Repository/Global Account Page/dynamicText' is exist

2024-03-07 11:49:13 - [MESSAGE][PASSED] - Element 'Object Repository/Global Account Page/dynamicText' is exist

2024-03-07 11:49:13 - [TEST_STEP][PASSED] - verifyElementExist(findTestObject("Global Account Page/dynamicText", ["text":"Transaction type"]), 5, CONTINUE_ON_FAILURE): Element 'Object Repository/Global Account Page/dynamicText' is exist

2024-03-07 11:49:13 - [MESSAGE][PASSED] - Element 'Object Repository/Global Account Page/dynamicText' is exist

2024-03-07 11:49:13 - [TEST_STEP][PASSED] - verifyElementExist(findTestObject("Global Account Page/dynamicText", ["text":"Currency Conversion"]), 5, CONTINUE_ON_FAILURE): Element 'Object Repository/Global Account Page/dynamicText' is exist

2024-03-07 11:49:14 - [MESSAGE][PASSED] - Element 'Object Repository/Global Account Page/dynamicText' is exist

2024-03-07 11:49:14 - [TEST_STEP][PASSED] - verifyElementExist(findTestObject("Global Account Page/dynamicText", ["text":"Share Receipt"]), 5, CONTINUE_ON_FAILURE): Element 'Object Repository/Global Account Page/dynamicText' is exist

2024-03-07 11:49:14 - [MESSAGE][PASSED] - Element 'Object Repository/Global Account Page/dynamicText' is exist

2024-03-07 11:49:14 - [TEST_STEP][PASSED] - verifyElementExist(findTestObject("Global Account Page/dynamicText", ["text":"Done"]), 5, CONTINUE_ON_FAILURE): Element 'Object Repository/Global Account Page/dynamicText' is exist

2024-03-07 11:49:14 - [MESSAGE][PASSED] - Element 'Object Repository/Global Account Page/dynamicText' is exist

2024-03-07 11:49:14 - [TEST_STEP][PASSED] - takeScreenshot(CONTINUE_ON_FAILURE): Screenshot is taken

2024-03-07 11:49:14 - [MESSAGE][PASSED] - Screenshot is taken
[[ATTACHMENT|/Users/00145409nuralianatasha/Desktop/automation_Retail_FX(public_git)/Reports/20240307_114546/SOW2/Push_Notification/20240307_114546/1709783354191.png]]

2024-03-07 11:49:14 - [TEST_STEP][PASSED] - tap(findTestObject("Global Account Page/dynamicText", ["text":"Share Receipt"]), 0, CONTINUE_ON_FAILURE): Tapped on element 'Object Repository/Global Account Page/dynamicText'

2024-03-07 11:49:14 - [MESSAGE][WARNING] - Timeout '0' is invalid. Using default page load timeout: '30'

2024-03-07 11:49:14 - [MESSAGE][PASSED] - Tapped on element 'Object Repository/Global Account Page/dynamicText'

2024-03-07 11:49:14 - [TEST_STEP][PASSED] - waitForElementPresent(findTestObject("Global Account Page/dynamicText", ["text":"Currency Exchange"]), 5, CONTINUE_ON_FAILURE): Element 'Object Repository/Global Account Page/dynamicText' is present

2024-03-07 11:49:17 - [MESSAGE][PASSED] - Element 'Object Repository/Global Account Page/dynamicText' is present

2024-03-07 11:49:17 - [TEST_STEP][PASSED] - verifyElementExist(findTestObject("Global Account Page/dynamicText", ["text":"Completed"]), 5, CONTINUE_ON_FAILURE): Element 'Object Repository/Global Account Page/dynamicText' is exist

2024-03-07 11:49:17 - [MESSAGE][PASSED] - Element 'Object Repository/Global Account Page/dynamicText' is exist

2024-03-07 11:49:17 - [TEST_STEP][PASSED] - verifyElementExist(findTestObject("Global Account Page/dynamicText", ["text":"Currency Exchange"]), 5, CONTINUE_ON_FAILURE): Element 'Object Repository/Global Account Page/dynamicText' is exist

2024-03-07 11:49:17 - [MESSAGE][PASSED] - Element 'Object Repository/Global Account Page/dynamicText' is exist

2024-03-07 11:49:17 - [TEST_STEP][PASSED] - takeScreenshot(): Screenshot is taken

2024-03-07 11:49:17 - [MESSAGE][PASSED] - Screenshot is taken
[[ATTACHMENT|/Users/00145409nuralianatasha/Desktop/automation_Retail_FX(public_git)/Reports/20240307_114546/SOW2/Push_Notification/20240307_114546/1709783357328.png]]

2024-03-07 11:49:17 - [TEST_STEP][PASSED] - verifyElementExist(findTestObject("Global Account Page/dynamicText", ["text":"From account"]), 5, CONTINUE_ON_FAILURE): Element 'Object Repository/Global Account Page/dynamicText' is exist

2024-03-07 11:49:18 - [MESSAGE][PASSED] - Element 'Object Repository/Global Account Page/dynamicText' is exist

2024-03-07 11:49:18 - [TEST_STEP][FAILED] - verifyElementExist(findTestObject("Global Account Page/dynamicText", ["text":"Global Access Account-i (MYR)

9000 0002 1160"]), 5, CONTINUE_ON_FAILURE): Element 'Object Repository/Global Account Page/dynamicText' not found

2024-03-07 11:49:23 - [MESSAGE][FAILED] - Element 'Object Repository/Global Account Page/dynamicText' not found

2024-03-07 11:49:23 - [TEST_STEP][PASSED] - verifyElementExist(findTestObject("Global Account Page/dynamicText", ["text":"To account"]), 5, CONTINUE_ON_FAILURE): Element 'Object Repository/Global Account Page/dynamicText' is exist

2024-03-07 11:49:24 - [MESSAGE][PASSED] - Element 'Object Repository/Global Account Page/dynamicText' is exist

2024-03-07 11:49:24 - [TEST_STEP][FAILED] - verifyElementExist(findTestObject("Global Account Page/dynamicText", ["text":"Global Access Account-i (USD)

9000 0002 1160"]), 5, CONTINUE_ON_FAILURE): Element 'Object Repository/Global Account Page/dynamicText' not found

2024-03-07 11:49:29 - [MESSAGE][FAILED] - Element 'Object Repository/Global Account Page/dynamicText' not found

2024-03-07 11:49:29 - [TEST_STEP][PASSED] - verifyElementExist(findTestObject("Global Account Page/dynamicText", ["text":"Transaction type"]), 5, CONTINUE_ON_FAILURE): Element 'Object Repository/Global Account Page/dynamicText' is exist

2024-03-07 11:49:29 - [MESSAGE][PASSED] - Element 'Object Repository/Global Account Page/dynamicText' is exist

2024-03-07 11:49:29 - [TEST_STEP][PASSED] - utilities.Mobile_Keywords.scrollFromTopToBottom(): utilities.Mobile_Keywords.scrollFromTopToBottom is PASSED

2024-03-07 11:49:29 - [MESSAGE][PASSED] - Current device physical height is 2138

2024-03-07 11:49:29 - [MESSAGE][PASSED] - Current device physical width is 1080

2024-03-07 11:49:30 - [MESSAGE][PASSED] - Swiped from 540,1,496 to 540,641

2024-03-07 11:49:35 - [MESSAGE][PASSED] - Delayed 5 second(s)

2024-03-07 11:49:35 - [MESSAGE][PASSED] - utilities.Mobile_Keywords.scrollFromTopToBottom is PASSED

2024-03-07 11:49:35 - [TEST_STEP][PASSED] - verifyElementExist(findTestObject("Global Account Page/dynamicText", ["text":Conversion_Fee]), 5, CONTINUE_ON_FAILURE): Element 'Object Repository/Global Account Page/dynamicText' is exist

2024-03-07 11:49:36 - [MESSAGE][PASSED] - Element 'Object Repository/Global Account Page/dynamicText' is exist

2024-03-07 11:49:36 - [TEST_STEP][PASSED] - verifyElementExist(findTestObject("Global Account Page/dynamicText", ["text":"Currency Conversion"]), 5, CONTINUE_ON_FAILURE): Element 'Object Repository/Global Account Page/dynamicText' is exist

2024-03-07 11:49:36 - [MESSAGE][PASSED] - Element 'Object Repository/Global Account Page/dynamicText' is exist

2024-03-07 11:49:36 - [TEST_STEP][PASSED] - verifyElementExist(findTestObject("Global Account Page/dynamicText", ["text":"Amount received"]), 5, CONTINUE_ON_FAILURE): Element 'Object Repository/Global Account Page/dynamicText' is exist

2024-03-07 11:49:36 - [MESSAGE][PASSED] - Element 'Object Repository/Global Account Page/dynamicText' is exist

2024-03-07 11:49:36 - [TEST_STEP][PASSED] - verifyElementExist(findTestObject("Global Account Page/dynamicText", ["text":"USD " + roundedNumber1]), 5, CONTINUE_ON_FAILURE): Element 'Object Repository/Global Account Page/dynamicText' is exist

2024-03-07 11:49:36 - [MESSAGE][PASSED] - Element 'Object Repository/Global Account Page/dynamicText' is exist

2024-03-07 11:49:36 - [TEST_STEP][PASSED] - takeScreenshot(): Screenshot is taken

2024-03-07 11:49:36 - [MESSAGE][PASSED] - Screenshot is taken
[[ATTACHMENT|/Users/00145409nuralianatasha/Desktop/automation_Retail_FX(public_git)/Reports/20240307_114546/SOW2/Push_Notification/20240307_114546/1709783376482.png]]

2024-03-07 11:49:36 - [TEST_STEP][PASSED] - tap(findTestObject("Market Order Page/android.widget.ImageViewBack_Button"), 0, CONTINUE_ON_FAILURE): Tapped on element 'Object Repository/Market Order Page/android.widget.ImageViewBack_Button'

2024-03-07 11:49:36 - [MESSAGE][WARNING] - Timeout '0' is invalid. Using default page load timeout: '30'

2024-03-07 11:49:37 - [MESSAGE][PASSED] - Tapped on element 'Object Repository/Market Order Page/android.widget.ImageViewBack_Button'

2024-03-07 11:49:37 - [TEST_STEP][PASSED] - waitForElementPresent(findTestObject("Global Account Page/dynamicText", ["text":"Transaction Successful"]), 5, CONTINUE_ON_FAILURE): Element 'Object Repository/Global Account Page/dynamicText' is present

2024-03-07 11:49:38 - [MESSAGE][PASSED] - Element 'Object Repository/Global Account Page/dynamicText' is present

2024-03-07 11:49:38 - [TEST_STEP][PASSED] - verifyElementExist(findTestObject("Global Account Page/dynamicText", ["text":"Transaction Successful"]), 5, CONTINUE_ON_FAILURE): Element 'Object Repository/Global Account Page/dynamicText' is exist

2024-03-07 11:49:38 - [MESSAGE][PASSED] - Element 'Object Repository/Global Account Page/dynamicText' is exist

2024-03-07 11:49:38 - [TEST_STEP][PASSED] - takeScreenshot(): Screenshot is taken

2024-03-07 11:49:38 - [MESSAGE][PASSED] - Screenshot is taken
[[ATTACHMENT|/Users/00145409nuralianatasha/Desktop/automation_Retail_FX(public_git)/Reports/20240307_114546/SOW2/Push_Notification/20240307_114546/1709783378231.png]]

2024-03-07 11:49:38 - [TEST_STEP][FAILED] - Validation.push_notification(): Element 'Object Repository/Global Account Page/dynamicText' not found

2024-03-07 11:49:39 - [MESSAGE][PASSED] - Open notifications successfully

2024-03-07 11:49:40 - [MESSAGE][WARNING] - Timeout '0' is invalid. Using default page load timeout: '30'

2024-03-07 11:49:40 - [MESSAGE][PASSED] - Element 'Object Repository/Global Account Page/dynamicText' is exist

2024-03-07 11:49:40 - [MESSAGE][WARNING] - Timeout '0' is invalid. Using default page load timeout: '30'

2024-03-07 11:49:42 - [MESSAGE][PASSED] - Tapped on element 'Object Repository/Global Account Page/dynamicText'

2024-03-07 11:50:12 - [MESSAGE][FAILED] - Element 'Object Repository/Global Account Page/dynamicText' not found

2024-03-07 11:50:12 - [TEST_STEP][PASSED] - tap(findTestObject("Global Account Page/dynamicText", ["text":"Done"]), 0, CONTINUE_ON_FAILURE): Tapped on element 'Object Repository/Global Account Page/dynamicText'

2024-03-07 11:50:12 - [MESSAGE][WARNING] - Timeout '0' is invalid. Using default page load timeout: '30'

2024-03-07 11:50:12 - [MESSAGE][PASSED] - Tapped on element 'Object Repository/Global Account Page/dynamicText']]></system-out>
         <system-err><![CDATA[2024-03-07 11:45:56 - [TEST_CASE][FAILED] - Test Cases/RETAILFX-SOW2 Market Order/Entry Point - Quick Action/Push Notification: Test Cases/RETAILFX-SOW2 Market Order/Entry Point - Quick Action/Push Notification FAILED.
Reason:
com.kms.katalon.core.exception.StepFailedException: Element 'Object Repository/Global Account Page/dynamicText' not found
	at com.kms.katalon.core.keyword.internal.KeywordMain.stepFailed(KeywordMain.groovy:39)
	at com.kms.katalon.core.mobile.keyword.internal.MobileKeywordMain.stepFailed(MobileKeywordMain.groovy:40)
	at com.kms.katalon.core.mobile.keyword.builtin.VerifyElementExistKeyword$_verifyElementExist_closure1.doCall(VerifyElementExistKeyword.groovy:77)
	at com.kms.katalon.core.mobile.keyword.builtin.VerifyElementExistKeyword$_verifyElementExist_closure1.call(VerifyElementExistKeyword.groovy)
	at com.kms.katalon.core.mobile.keyword.internal.MobileKeywordMain.runKeyword(MobileKeywordMain.groovy:21)
	at com.kms.katalon.core.mobile.keyword.builtin.VerifyElementExistKeyword.verifyElementExist(VerifyElementExistKeyword.groovy:80)
	at com.kms.katalon.core.mobile.keyword.builtin.VerifyElementExistKeyword.execute(VerifyElementExistKeyword.groovy:64)
	at com.kms.katalon.core.keyword.internal.KeywordExecutor.executeKeywordForPlatform(KeywordExecutor.groovy:74)
	at com.kms.katalon.core.mobile.keyword.MobileBuiltInKeywords.verifyElementExist(MobileBuiltInKeywords.groovy:1739)
	at com.kms.katalon.core.mobile.keyword.MobileBuiltInKeywords$verifyElementExist$4.call(Unknown Source)
	at Push Notification.run(Push Notification:160)
	at com.kms.katalon.core.main.ScriptEngine.run(ScriptEngine.java:194)
	at com.kms.katalon.core.main.ScriptEngine.runScriptAsRawText(ScriptEngine.java:119)
	at com.kms.katalon.core.main.TestCaseExecutor.runScript(TestCaseExecutor.java:448)
	at com.kms.katalon.core.main.TestCaseExecutor.doExecute(TestCaseExecutor.java:439)
	at com.kms.katalon.core.main.TestCaseExecutor.processExecutionPhase(TestCaseExecutor.java:418)
	at com.kms.katalon.core.main.TestCaseExecutor.accessMainPhase(TestCaseExecutor.java:410)
	at com.kms.katalon.core.main.TestCaseExecutor.execute(TestCaseExecutor.java:285)
	at com.kms.katalon.core.common.CommonExecutor.accessTestCaseMainPhase(CommonExecutor.java:65)
	at com.kms.katalon.core.main.TestSuiteExecutor.accessTestSuiteMainPhase(TestSuiteExecutor.java:148)
	at com.kms.katalon.core.main.TestSuiteExecutor.execute(TestSuiteExecutor.java:106)
	at com.kms.katalon.core.main.TestCaseMain.startTestSuite(TestCaseMain.java:187)
	at com.kms.katalon.core.main.TestCaseMain$startTestSuite$0.call(Unknown Source)
	at TempTestSuite1709783146715.run(TempTestSuite1709783146715.groovy:36)]]></system-err>
      </testcase>
      <system-out><![CDATA[2024-03-07 11:45:56 - [TEST_SUITE][FAILED] - Push_Notification: Test Cases/RETAILFX-SOW2 Market Order/Entry Point - Quick Action/Push Notification FAILED.
Reason:
com.kms.katalon.core.exception.StepFailedException: Element 'Object Repository/Global Account Page/dynamicText' not found
	at com.kms.katalon.core.keyword.internal.KeywordMain.stepFailed(KeywordMain.groovy:39)
	at com.kms.katalon.core.mobile.keyword.internal.MobileKeywordMain.stepFailed(MobileKeywordMain.groovy:40)
	at com.kms.katalon.core.mobile.keyword.builtin.VerifyElementExistKeyword$_verifyElementExist_closure1.doCall(VerifyElementExistKeyword.groovy:77)
	at com.kms.katalon.core.mobile.keyword.builtin.VerifyElementExistKeyword$_verifyElementExist_closure1.call(VerifyElementExistKeyword.groovy)
	at com.kms.katalon.core.mobile.keyword.internal.MobileKeywordMain.runKeyword(MobileKeywordMain.groovy:21)
	at com.kms.katalon.core.mobile.keyword.builtin.VerifyElementExistKeyword.verifyElementExist(VerifyElementExistKeyword.groovy:80)
	at com.kms.katalon.core.mobile.keyword.builtin.VerifyElementExistKeyword.execute(VerifyElementExistKeyword.groovy:64)
	at com.kms.katalon.core.keyword.internal.KeywordExecutor.executeKeywordForPlatform(KeywordExecutor.groovy:74)
	at com.kms.katalon.core.mobile.keyword.MobileBuiltInKeywords.verifyElementExist(MobileBuiltInKeywords.groovy:1739)
	at com.kms.katalon.core.mobile.keyword.MobileBuiltInKeywords$verifyElementExist$4.call(Unknown Source)
	at Push Notification.run(Push Notification:160)
	at com.kms.katalon.core.main.ScriptEngine.run(ScriptEngine.java:194)
	at com.kms.katalon.core.main.ScriptEngine.runScriptAsRawText(ScriptEngine.java:119)
	at com.kms.katalon.core.main.TestCaseExecutor.runScript(TestCaseExecutor.java:448)
	at com.kms.katalon.core.main.TestCaseExecutor.doExecute(TestCaseExecutor.java:439)
	at com.kms.katalon.core.main.TestCaseExecutor.processExecutionPhase(TestCaseExecutor.java:418)
	at com.kms.katalon.core.main.TestCaseExecutor.accessMainPhase(TestCaseExecutor.java:410)
	at com.kms.katalon.core.main.TestCaseExecutor.execute(TestCaseExecutor.java:285)
	at com.kms.katalon.core.common.CommonExecutor.accessTestCaseMainPhase(CommonExecutor.java:65)
	at com.kms.katalon.core.main.TestSuiteExecutor.accessTestSuiteMainPhase(TestSuiteExecutor.java:148)
	at com.kms.katalon.core.main.TestSuiteExecutor.execute(TestSuiteExecutor.java:106)
	at com.kms.katalon.core.main.TestCaseMain.startTestSuite(TestCaseMain.java:187)
	at com.kms.katalon.core.main.TestCaseMain$startTestSuite$0.call(Unknown Source)
	at TempTestSuite1709783146715.run(TempTestSuite1709783146715.groovy:36)]]></system-out>
      <system-err><![CDATA[2024-03-07 11:45:56 - [TEST_SUITE][FAILED] - Push_Notification: Test Cases/RETAILFX-SOW2 Market Order/Entry Point - Quick Action/Push Notification FAILED.
Reason:
com.kms.katalon.core.exception.StepFailedException: Element 'Object Repository/Global Account Page/dynamicText' not found
	at com.kms.katalon.core.keyword.internal.KeywordMain.stepFailed(KeywordMain.groovy:39)
	at com.kms.katalon.core.mobile.keyword.internal.MobileKeywordMain.stepFailed(MobileKeywordMain.groovy:40)
	at com.kms.katalon.core.mobile.keyword.builtin.VerifyElementExistKeyword$_verifyElementExist_closure1.doCall(VerifyElementExistKeyword.groovy:77)
	at com.kms.katalon.core.mobile.keyword.builtin.VerifyElementExistKeyword$_verifyElementExist_closure1.call(VerifyElementExistKeyword.groovy)
	at com.kms.katalon.core.mobile.keyword.internal.MobileKeywordMain.runKeyword(MobileKeywordMain.groovy:21)
	at com.kms.katalon.core.mobile.keyword.builtin.VerifyElementExistKeyword.verifyElementExist(VerifyElementExistKeyword.groovy:80)
	at com.kms.katalon.core.mobile.keyword.builtin.VerifyElementExistKeyword.execute(VerifyElementExistKeyword.groovy:64)
	at com.kms.katalon.core.keyword.internal.KeywordExecutor.executeKeywordForPlatform(KeywordExecutor.groovy:74)
	at com.kms.katalon.core.mobile.keyword.MobileBuiltInKeywords.verifyElementExist(MobileBuiltInKeywords.groovy:1739)
	at com.kms.katalon.core.mobile.keyword.MobileBuiltInKeywords$verifyElementExist$4.call(Unknown Source)
	at Push Notification.run(Push Notification:160)
	at com.kms.katalon.core.main.ScriptEngine.run(ScriptEngine.java:194)
	at com.kms.katalon.core.main.ScriptEngine.runScriptAsRawText(ScriptEngine.java:119)
	at com.kms.katalon.core.main.TestCaseExecutor.runScript(TestCaseExecutor.java:448)
	at com.kms.katalon.core.main.TestCaseExecutor.doExecute(TestCaseExecutor.java:439)
	at com.kms.katalon.core.main.TestCaseExecutor.processExecutionPhase(TestCaseExecutor.java:418)
	at com.kms.katalon.core.main.TestCaseExecutor.accessMainPhase(TestCaseExecutor.java:410)
	at com.kms.katalon.core.main.TestCaseExecutor.execute(TestCaseExecutor.java:285)
	at com.kms.katalon.core.common.CommonExecutor.accessTestCaseMainPhase(CommonExecutor.java:65)
	at com.kms.katalon.core.main.TestSuiteExecutor.accessTestSuiteMainPhase(TestSuiteExecutor.java:148)
	at com.kms.katalon.core.main.TestSuiteExecutor.execute(TestSuiteExecutor.java:106)
	at com.kms.katalon.core.main.TestCaseMain.startTestSuite(TestCaseMain.java:187)
	at com.kms.katalon.core.main.TestCaseMain$startTestSuite$0.call(Unknown Source)
	at TempTestSuite1709783146715.run(TempTestSuite1709783146715.groovy:36)]]></system-err>
   </testsuite>
</testsuites>
