<?xml version="1.0" encoding="UTF-8"?>
<testsuites name="RETAILFX-1699 - Stuff (1)" time="746.258" tests="4" failures="3" errors="0">
   <testsuite name="RETAILFX-1699 - Stuff (1)" tests="4" failures="3" errors="0" time="746.258" skipped="0" timestamp="2024-03-05 13:45:44" hostname="00145409nuralianatasha - 192.168.1.109" id="Test Suites/SOW2/RETAILFX-1699 - Stuff (1)">
      <properties>
         <property name="deviceName" value="emulator-5554 (sdk_gphone64_arm64 - Android 13)"/>
         <property name="devicePlatform" value=""/>
         <property name="logFolder" value="/Users/00145409nuralianatasha/Desktop/automation_Retail_FX(public_git)/Reports/20240305_134535/SOW2/RETAILFX-1699 - Stuff (1)/20240305_134535"/>
         <property name="logFiles" value="/Users/00145409nuralianatasha/Desktop/automation_Retail_FX(public_git)/Reports/20240305_134535/SOW2/RETAILFX-1699 - Stuff (1)/20240305_134535/execution0.log, /Users/00145409nuralianatasha/Desktop/automation_Retail_FX(public_git)/Reports/20240305_134535/SOW2/RETAILFX-1699 - Stuff (1)/20240305_134535/appium.log"/>
         <property name="attachments" value="/Users/00145409nuralianatasha/Desktop/automation_Retail_FX(public_git)/Reports/20240305_134535/SOW2/RETAILFX-1699 - Stuff (1)/20240305_134535/1709617569006.png, /Users/00145409nuralianatasha/Desktop/automation_Retail_FX(public_git)/Reports/20240305_134535/SOW2/RETAILFX-1699 - Stuff (1)/20240305_134535/1709617639893.png, /Users/00145409nuralianatasha/Desktop/automation_Retail_FX(public_git)/Reports/20240305_134535/SOW2/RETAILFX-1699 - Stuff (1)/20240305_134535/1709617642446.png, /Users/00145409nuralianatasha/Desktop/automation_Retail_FX(public_git)/Reports/20240305_134535/SOW2/RETAILFX-1699 - Stuff (1)/20240305_134535/1709617644050.png, /Users/00145409nuralianatasha/Desktop/automation_Retail_FX(public_git)/Reports/20240305_134535/SOW2/RETAILFX-1699 - Stuff (1)/20240305_134535/1709617645503.png, /Users/00145409nuralianatasha/Desktop/automation_Retail_FX(public_git)/Reports/20240305_134535/SOW2/RETAILFX-1699 - Stuff (1)/20240305_134535/1709617691074.png, /Users/00145409nuralianatasha/Desktop/automation_Retail_FX(public_git)/Reports/20240305_134535/SOW2/RETAILFX-1699 - Stuff (1)/20240305_134535/1709617721592.png, /Users/00145409nuralianatasha/Desktop/automation_Retail_FX(public_git)/Reports/20240305_134535/SOW2/RETAILFX-1699 - Stuff (1)/20240305_134535/1709617723793.png, /Users/00145409nuralianatasha/Desktop/automation_Retail_FX(public_git)/Reports/20240305_134535/SOW2/RETAILFX-1699 - Stuff (1)/20240305_134535/1709617725382.png, /Users/00145409nuralianatasha/Desktop/automation_Retail_FX(public_git)/Reports/20240305_134535/SOW2/RETAILFX-1699 - Stuff (1)/20240305_134535/1709617740085.png, /Users/00145409nuralianatasha/Desktop/automation_Retail_FX(public_git)/Reports/20240305_134535/SOW2/RETAILFX-1699 - Stuff (1)/20240305_134535/1709617751448.png, /Users/00145409nuralianatasha/Desktop/automation_Retail_FX(public_git)/Reports/20240305_134535/SOW2/RETAILFX-1699 - Stuff (1)/20240305_134535/1709617758619.png, /Users/00145409nuralianatasha/Desktop/automation_Retail_FX(public_git)/Reports/20240305_134535/SOW2/RETAILFX-1699 - Stuff (1)/20240305_134535/1709617760520.png, /Users/00145409nuralianatasha/Desktop/automation_Retail_FX(public_git)/Reports/20240305_134535/SOW2/RETAILFX-1699 - Stuff (1)/20240305_134535/1709617817562.png, /Users/00145409nuralianatasha/Desktop/automation_Retail_FX(public_git)/Reports/20240305_134535/SOW2/RETAILFX-1699 - Stuff (1)/20240305_134535/1709617826171.png, /Users/00145409nuralianatasha/Desktop/automation_Retail_FX(public_git)/Reports/20240305_134535/SOW2/RETAILFX-1699 - Stuff (1)/20240305_134535/1709617829222.png, /Users/00145409nuralianatasha/Desktop/automation_Retail_FX(public_git)/Reports/20240305_134535/SOW2/RETAILFX-1699 - Stuff (1)/20240305_134535/1709617836908.png, /Users/00145409nuralianatasha/Desktop/automation_Retail_FX(public_git)/Reports/20240305_134535/SOW2/RETAILFX-1699 - Stuff (1)/20240305_134535/1709617842859.png, /Users/00145409nuralianatasha/Desktop/automation_Retail_FX(public_git)/Reports/20240305_134535/SOW2/RETAILFX-1699 - Stuff (1)/20240305_134535/1709617853872.png, /Users/00145409nuralianatasha/Desktop/automation_Retail_FX(public_git)/Reports/20240305_134535/SOW2/RETAILFX-1699 - Stuff (1)/20240305_134535/1709617860956.png, /Users/00145409nuralianatasha/Desktop/automation_Retail_FX(public_git)/Reports/20240305_134535/SOW2/RETAILFX-1699 - Stuff (1)/20240305_134535/1709617862763.png, /Users/00145409nuralianatasha/Desktop/automation_Retail_FX(public_git)/Reports/20240305_134535/SOW2/RETAILFX-1699 - Stuff (1)/20240305_134535/1709617924678.png, /Users/00145409nuralianatasha/Desktop/automation_Retail_FX(public_git)/Reports/20240305_134535/SOW2/RETAILFX-1699 - Stuff (1)/20240305_134535/1709618036520.png, /Users/00145409nuralianatasha/Desktop/automation_Retail_FX(public_git)/Reports/20240305_134535/SOW2/RETAILFX-1699 - Stuff (1)/20240305_134535/1709618038113.png, /Users/00145409nuralianatasha/Desktop/automation_Retail_FX(public_git)/Reports/20240305_134535/SOW2/RETAILFX-1699 - Stuff (1)/20240305_134535/1709618045258.png, /Users/00145409nuralianatasha/Desktop/automation_Retail_FX(public_git)/Reports/20240305_134535/SOW2/RETAILFX-1699 - Stuff (1)/20240305_134535/1709618058875.png, /Users/00145409nuralianatasha/Desktop/automation_Retail_FX(public_git)/Reports/20240305_134535/SOW2/RETAILFX-1699 - Stuff (1)/20240305_134535/1709618069803.png, /Users/00145409nuralianatasha/Desktop/automation_Retail_FX(public_git)/Reports/20240305_134535/SOW2/RETAILFX-1699 - Stuff (1)/20240305_134535/1709618071646.png, /Users/00145409nuralianatasha/Desktop/automation_Retail_FX(public_git)/Reports/20240305_134535/SOW2/RETAILFX-1699 - Stuff (1)/20240305_134535/1709618133707.png, /Users/00145409nuralianatasha/Desktop/automation_Retail_FX(public_git)/Reports/20240305_134535/SOW2/RETAILFX-1699 - Stuff (1)/20240305_134535/1709618249950.png, /Users/00145409nuralianatasha/Desktop/automation_Retail_FX(public_git)/Reports/20240305_134535/SOW2/RETAILFX-1699 - Stuff (1)/20240305_134535/1709618252115.png, /Users/00145409nuralianatasha/Desktop/automation_Retail_FX(public_git)/Reports/20240305_134535/SOW2/RETAILFX-1699 - Stuff (1)/20240305_134535/1709618259268.png, /Users/00145409nuralianatasha/Desktop/automation_Retail_FX(public_git)/Reports/20240305_134535/SOW2/RETAILFX-1699 - Stuff (1)/20240305_134535/1709618273144.png, /Users/00145409nuralianatasha/Desktop/automation_Retail_FX(public_git)/Reports/20240305_134535/SOW2/RETAILFX-1699 - Stuff (1)/20240305_134535/1709618288670.png, /Users/00145409nuralianatasha/Desktop/automation_Retail_FX(public_git)/Reports/20240305_134535/SOW2/RETAILFX-1699 - Stuff (1)/20240305_134535/1709618290461.png"/>
         <property name="hostName" value="00145409nuralianatasha - 192.168.1.109"/>
         <property name="os" value="Mac OS X 64bit"/>
         <property name="appiumServerStatus" value="{&quot;value&quot;:{&quot;build&quot;:{&quot;version&quot;:&quot;1.22.3&quot;}},&quot;sessionId&quot;:null,&quot;status&quot;:0}"/>
         <property name="katalonVersion" value="8.6.0.208"/>
         <property name="deviceOS" value="Android"/>
         <property name="appiumVersion" value="1.22.3"/>
         <property name="deviceModel" value="sdk_gphone64_arm64"/>
         <property name="hostAddress" value="192.168.1.109"/>
         <property name="deviceManufacturer" value="Google"/>
         <property name="deviceId" value="emulator-5554"/>
         <property name="deviceName" value="emulator-5554 (sdk_gphone64_arm64 - Android 13)"/>
         <property name="deviceOSVersion" value="13"/>
      </properties>
      <testcase name="Test Cases/RETAILFX-SOW2 Market Order/SOW2- RETAILFX-1699 Stuff/SOW2 Staff - Less than 10k MYR to USD" time="215.911" classname="Test Cases/RETAILFX-SOW2 Market Order/SOW2- RETAILFX-1699 Stuff/SOW2 Staff - Less than 10k MYR to USD" status="FAILED">
         <failure type="FAILED" message="Test Cases/RETAILFX-SOW2 Market Order/SOW2- RETAILFX-1699 Stuff/SOW2 Staff - Less than 10k MYR to USD FAILED.
Reason:
com.kms.katalon.core.exception.StepFailedException: Object Object Repository/Global Account Page/dynamicText not found
	at com.kms.katalon.core.keyword.internal.KeywordMain.stepFailed(KeywordMain.groovy:39)
	at com.kms.katalon.core.mobile.keyword.internal.MobileKeywordMain.stepFailed(MobileKeywordMain.groovy:40)
	at com.kms.katalon.core.mobile.keyword.builtin.TapKeyword$_tap_closure1.doCall(TapKeyword.groovy:79)
	at com.kms.katalon.core.mobile.keyword.builtin.TapKeyword$_tap_closure1.call(TapKeyword.groovy)
	at com.kms.katalon.core.mobile.keyword.internal.MobileKeywordMain.runKeyword(MobileKeywordMain.groovy:21)
	at com.kms.katalon.core.mobile.keyword.builtin.TapKeyword.tap(TapKeyword.groovy:84)
	at com.kms.katalon.core.mobile.keyword.builtin.TapKeyword.execute(TapKeyword.groovy:68)
	at com.kms.katalon.core.keyword.internal.KeywordExecutor.executeKeywordForPlatform(KeywordExecutor.groovy:74)
	at com.kms.katalon.core.mobile.keyword.MobileBuiltInKeywords.tap(MobileBuiltInKeywords.groovy:1476)
	at com.kms.katalon.core.mobile.keyword.MobileBuiltInKeywords$tap$2.call(Unknown Source)
	at utilities.Entry_Point.Quick_Action(Entry_Point.groovy:135)
	at utilities.Entry_Point.invokeMethod(Entry_Point.groovy)
	at com.kms.katalon.core.main.CustomKeywordDelegatingMetaClass.invokeStaticMethod(CustomKeywordDelegatingMetaClass.java:55)
	at SOW2 Staff - Less than 10k MYR to USD.run(SOW2 Staff - Less than 10k MYR to USD:30)
	at com.kms.katalon.core.main.ScriptEngine.run(ScriptEngine.java:194)
	at com.kms.katalon.core.main.ScriptEngine.runScriptAsRawText(ScriptEngine.java:119)
	at com.kms.katalon.core.main.TestCaseExecutor.runScript(TestCaseExecutor.java:448)
	at com.kms.katalon.core.main.TestCaseExecutor.doExecute(TestCaseExecutor.java:439)
	at com.kms.katalon.core.main.TestCaseExecutor.processExecutionPhase(TestCaseExecutor.java:418)
	at com.kms.katalon.core.main.TestCaseExecutor.accessMainPhase(TestCaseExecutor.java:410)
	at com.kms.katalon.core.main.TestCaseExecutor.execute(TestCaseExecutor.java:285)
	at com.kms.katalon.core.common.CommonExecutor.accessTestCaseMainPhase(CommonExecutor.java:65)
	at com.kms.katalon.core.main.TestSuiteExecutor.accessTestSuiteMainPhase(TestSuiteExecutor.java:148)
	at com.kms.katalon.core.main.TestSuiteExecutor.execute(TestSuiteExecutor.java:106)
	at com.kms.katalon.core.main.TestCaseMain.startTestSuite(TestCaseMain.java:187)
	at com.kms.katalon.core.main.TestCaseMain$startTestSuite$0.call(Unknown Source)
	at TempTestSuite1709617535782.run(TempTestSuite1709617535782.groovy:36)
"/>
         <system-out><![CDATA[2024-03-05 13:45:45 - [TEST_CASE][FAILED] - Test Cases/RETAILFX-SOW2 Market Order/SOW2- RETAILFX-1699 Stuff/SOW2 Staff - Less than 10k MYR to USD: Test Cases/RETAILFX-SOW2 Market Order/SOW2- RETAILFX-1699 Stuff/SOW2 Staff - Less than 10k MYR to USD FAILED.
Reason:
com.kms.katalon.core.exception.StepFailedException: Object Object Repository/Global Account Page/dynamicText not found
	at com.kms.katalon.core.keyword.internal.KeywordMain.stepFailed(KeywordMain.groovy:39)
	at com.kms.katalon.core.mobile.keyword.internal.MobileKeywordMain.stepFailed(MobileKeywordMain.groovy:40)
	at com.kms.katalon.core.mobile.keyword.builtin.TapKeyword$_tap_closure1.doCall(TapKeyword.groovy:79)
	at com.kms.katalon.core.mobile.keyword.builtin.TapKeyword$_tap_closure1.call(TapKeyword.groovy)
	at com.kms.katalon.core.mobile.keyword.internal.MobileKeywordMain.runKeyword(MobileKeywordMain.groovy:21)
	at com.kms.katalon.core.mobile.keyword.builtin.TapKeyword.tap(TapKeyword.groovy:84)
	at com.kms.katalon.core.mobile.keyword.builtin.TapKeyword.execute(TapKeyword.groovy:68)
	at com.kms.katalon.core.keyword.internal.KeywordExecutor.executeKeywordForPlatform(KeywordExecutor.groovy:74)
	at com.kms.katalon.core.mobile.keyword.MobileBuiltInKeywords.tap(MobileBuiltInKeywords.groovy:1476)
	at com.kms.katalon.core.mobile.keyword.MobileBuiltInKeywords$tap$2.call(Unknown Source)
	at utilities.Entry_Point.Quick_Action(Entry_Point.groovy:135)
	at utilities.Entry_Point.invokeMethod(Entry_Point.groovy)
	at com.kms.katalon.core.main.CustomKeywordDelegatingMetaClass.invokeStaticMethod(CustomKeywordDelegatingMetaClass.java:55)
	at SOW2 Staff - Less than 10k MYR to USD.run(SOW2 Staff - Less than 10k MYR to USD:30)
	at com.kms.katalon.core.main.ScriptEngine.run(ScriptEngine.java:194)
	at com.kms.katalon.core.main.ScriptEngine.runScriptAsRawText(ScriptEngine.java:119)
	at com.kms.katalon.core.main.TestCaseExecutor.runScript(TestCaseExecutor.java:448)
	at com.kms.katalon.core.main.TestCaseExecutor.doExecute(TestCaseExecutor.java:439)
	at com.kms.katalon.core.main.TestCaseExecutor.processExecutionPhase(TestCaseExecutor.java:418)
	at com.kms.katalon.core.main.TestCaseExecutor.accessMainPhase(TestCaseExecutor.java:410)
	at com.kms.katalon.core.main.TestCaseExecutor.execute(TestCaseExecutor.java:285)
	at com.kms.katalon.core.common.CommonExecutor.accessTestCaseMainPhase(CommonExecutor.java:65)
	at com.kms.katalon.core.main.TestSuiteExecutor.accessTestSuiteMainPhase(TestSuiteExecutor.java:148)
	at com.kms.katalon.core.main.TestSuiteExecutor.execute(TestSuiteExecutor.java:106)
	at com.kms.katalon.core.main.TestCaseMain.startTestSuite(TestCaseMain.java:187)
	at com.kms.katalon.core.main.TestCaseMain$startTestSuite$0.call(Unknown Source)
	at TempTestSuite1709617535782.run(TempTestSuite1709617535782.groovy:36)


2024-03-05 13:45:46 - [TEST_STEP][PASSED] - startExistingApplication("com.maybank2u.life.uat"): Starting app with application ID: 'com.maybank2u.life.uat'

2024-03-05 13:45:46 - [MESSAGE][INFO] - User set preference: ['appWaitActivity', '']

2024-03-05 13:45:46 - [MESSAGE][INFO] - User set preference: ['autoGrantPermission', 'true']

2024-03-05 13:45:46 - [MESSAGE][INFO] - User set preference: ['noReset', 'true']

2024-03-05 13:45:46 - [MESSAGE][INFO] - User set preference: ['deviceId', '']

2024-03-05 13:45:46 - [MESSAGE][INFO] - User set preference: ['newCommandTimeout', '10000']

2024-03-05 13:45:46 - [MESSAGE][INFO] - Detected NodeJS location: "/opt/homebrew/Cellar/node/20.2.0/bin/node"

2024-03-05 13:45:47 - [MESSAGE][INFO] - Appium server started on port 64,078

2024-03-05 13:46:02 - [MESSAGE][PASSED] - Starting app with application ID: 'com.maybank2u.life.uat'

2024-03-05 13:46:02 - [TEST_STEP][PASSED] - convertAmount = 5000.00: null

2024-03-05 13:46:02 - [TEST_STEP][FAILED] - utilities.Entry_Point.Quick_Action(5): com.kms.katalon.core.exception.StepFailedException: Object Object Repository/Global Account Page/dynamicText not found

2024-03-05 13:46:02 - [MESSAGE][WARNING] - Timeout '0' is invalid. Using default page load timeout: '30'

2024-03-05 13:46:08 - [MESSAGE][PASSED] - Element 'Object Repository/Dashboard_Login/android.widget.TextView - Login' is visible

2024-03-05 13:46:09 - [MESSAGE][PASSED] - Screenshot is taken
[[ATTACHMENT|/Users/00145409nuralianatasha/Desktop/automation_Retail_FX(public_git)/Reports/20240305_134535/SOW2/RETAILFX-1699 - Stuff (1)/20240305_134535/1709617569006.png]]

2024-03-05 13:46:09 - [MESSAGE][WARNING] - Timeout '0' is invalid. Using default page load timeout: '30'

2024-03-05 13:46:09 - [MESSAGE][PASSED] - Tapped on element 'Object Repository/Dashboard_Login/android.widget.TextView - Login'

2024-03-05 13:46:19 - [MESSAGE][PASSED] - Delayed 10 second(s)

2024-03-05 13:46:20 - [MESSAGE][PASSED] - Tapped on element 'Object Repository/Calc_Numpad/android.widget.TextView - 1'

2024-03-05 13:46:21 - [MESSAGE][PASSED] - Delayed 1 second(s)

2024-03-05 13:46:31 - [MESSAGE][PASSED] - Delayed 10 second(s)

2024-03-05 13:46:31 - [MESSAGE][PASSED] - Tapped on element 'Object Repository/Calc_Numpad/android.widget.TextView - 1'

2024-03-05 13:46:32 - [MESSAGE][PASSED] - Delayed 1 second(s)

2024-03-05 13:46:42 - [MESSAGE][PASSED] - Delayed 10 second(s)

2024-03-05 13:46:42 - [MESSAGE][PASSED] - Tapped on element 'Object Repository/Calc_Numpad/android.widget.TextView - 1'

2024-03-05 13:46:43 - [MESSAGE][PASSED] - Delayed 1 second(s)

2024-03-05 13:46:53 - [MESSAGE][PASSED] - Delayed 10 second(s)

2024-03-05 13:46:53 - [MESSAGE][PASSED] - Tapped on element 'Object Repository/Calc_Numpad/android.widget.TextView - 1'

2024-03-05 13:46:55 - [MESSAGE][PASSED] - Delayed 1 second(s)

2024-03-05 13:47:05 - [MESSAGE][PASSED] - Delayed 10 second(s)

2024-03-05 13:47:05 - [MESSAGE][PASSED] - Tapped on element 'Object Repository/Calc_Numpad/android.widget.TextView - 1'

2024-03-05 13:47:06 - [MESSAGE][PASSED] - Delayed 1 second(s)

2024-03-05 13:47:16 - [MESSAGE][PASSED] - Delayed 10 second(s)

2024-03-05 13:47:17 - [MESSAGE][PASSED] - Tapped on element 'Object Repository/Calc_Numpad/android.widget.TextView - 1'

2024-03-05 13:47:18 - [MESSAGE][PASSED] - Delayed 1 second(s)

2024-03-05 13:47:19 - [MESSAGE][WARNING] - Timeout '0' is invalid. Using default page load timeout: '30'

2024-03-05 13:47:19 - [MESSAGE][PASSED] - Element 'Object Repository/Dashboard_Login/User_name' is present

2024-03-05 13:47:19 - [MESSAGE][WARNING] - Timeout '0' is invalid. Using default page load timeout: '30'

2024-03-05 13:47:19 - [MESSAGE][PASSED] - Element 'Object Repository/Dashboard_Login/User_name' is exist

2024-03-05 13:47:20 - [MESSAGE][PASSED] - Screenshot is taken
[[ATTACHMENT|/Users/00145409nuralianatasha/Desktop/automation_Retail_FX(public_git)/Reports/20240305_134535/SOW2/RETAILFX-1699 - Stuff (1)/20240305_134535/1709617639893.png]]

2024-03-05 13:47:20 - [MESSAGE][WARNING] - Timeout '0' is invalid. Using default page load timeout: '30'

2024-03-05 13:47:20 - [MESSAGE][PASSED] - Tapped on element 'Object Repository/Mange_Quick_Actions/android.widget.TextView - Customise'

2024-03-05 13:47:20 - [MESSAGE][WARNING] - Timeout '0' is invalid. Using default page load timeout: '30'

2024-03-05 13:47:21 - [MESSAGE][PASSED] - Element 'Object Repository/Mange_Quick_Actions/android.widget.TextView - Manage Quick Actions' is present

2024-03-05 13:47:21 - [MESSAGE][WARNING] - Timeout '0' is invalid. Using default page load timeout: '30'

2024-03-05 13:47:22 - [MESSAGE][PASSED] - Element 'Object Repository/Mange_Quick_Actions/android.widget.TextView - Manage Quick Actions' is exist

2024-03-05 13:47:22 - [MESSAGE][WARNING] - Timeout '0' is invalid. Using default page load timeout: '30'

2024-03-05 13:47:22 - [MESSAGE][PASSED] - Element 'Object Repository/Mange_Quick_Actions/android.widget.TextView - Simply hold and drag to rearrange the actions' is exist

2024-03-05 13:47:22 - [MESSAGE][WARNING] - Timeout '0' is invalid. Using default page load timeout: '30'

2024-03-05 13:47:22 - [MESSAGE][PASSED] - Element 'Object Repository/Mange_Quick_Actions/android.widget.TextView - Your current favourite actions' is exist

2024-03-05 13:47:22 - [MESSAGE][WARNING] - Timeout '0' is invalid. Using default page load timeout: '30'

2024-03-05 13:47:22 - [MESSAGE][PASSED] - Object 'Object Repository/Mange_Quick_Actions/android.widget.TextView - Save Changes' has attribute 'clickable' with value 'false'

2024-03-05 13:47:22 - [MESSAGE][PASSED] - Screenshot is taken
[[ATTACHMENT|/Users/00145409nuralianatasha/Desktop/automation_Retail_FX(public_git)/Reports/20240305_134535/SOW2/RETAILFX-1699 - Stuff (1)/20240305_134535/1709617642446.png]]

2024-03-05 13:47:22 - [MESSAGE][WARNING] - Timeout '0' is invalid. Using default page load timeout: '30'

2024-03-05 13:47:22 - [MESSAGE][PASSED] - Tapped on element 'Object Repository/Mange_Quick_Actions/android.widget.Remove_Image'

2024-03-05 13:47:24 - [MESSAGE][PASSED] - Swiped from 271,1,756 to 0,0

2024-03-05 13:47:24 - [MESSAGE][PASSED] - Screenshot is taken
[[ATTACHMENT|/Users/00145409nuralianatasha/Desktop/automation_Retail_FX(public_git)/Reports/20240305_134535/SOW2/RETAILFX-1699 - Stuff (1)/20240305_134535/1709617644050.png]]

2024-03-05 13:47:24 - [MESSAGE][WARNING] - Timeout '0' is invalid. Using default page load timeout: '30'

2024-03-05 13:47:24 - [MESSAGE][PASSED] - Tapped on element 'Object Repository/Mange_Quick_Actions/android.widget.TextView - Currency Exchange'

2024-03-05 13:47:24 - [MESSAGE][WARNING] - Timeout '0' is invalid. Using default page load timeout: '30'

2024-03-05 13:47:25 - [MESSAGE][PASSED] - Tapped on element 'Object Repository/Mange_Quick_Actions/android.widget.TextView - Save Changes'

2024-03-05 13:47:25 - [MESSAGE][PASSED] - Screenshot is taken
[[ATTACHMENT|/Users/00145409nuralianatasha/Desktop/automation_Retail_FX(public_git)/Reports/20240305_134535/SOW2/RETAILFX-1699 - Stuff (1)/20240305_134535/1709617645503.png]]

2024-03-05 13:47:25 - [MESSAGE][WARNING] - Timeout '0' is invalid. Using default page load timeout: '30'

2024-03-05 13:47:26 - [MESSAGE][PASSED] - Element 'Object Repository/Quick_Action/android.widget.TextView - Currency Exchange' is exist

2024-03-05 13:47:27 - [MESSAGE][WARNING] - Timeout '0' is invalid. Using default page load timeout: '30'

2024-03-05 13:47:27 - [MESSAGE][PASSED] - Tapped on element 'Object Repository/Quick_Action/android.widget.TextView - Currency Exchange'

2024-03-05 13:47:27 - [MESSAGE][WARNING] - Timeout '0' is invalid. Using default page load timeout: '30'

2024-03-05 13:47:57 - [MESSAGE][FAILED] - Object Object Repository/Global Account Page/dynamicText not found

2024-03-05 13:47:57 - [MESSAGE][WARNING] - Timeout '0' is invalid. Using default page load timeout: '30'

2024-03-05 13:48:02 - [MESSAGE][PASSED] - Tapped on element 'Object Repository/Global Account Page/dynamicText'

2024-03-05 13:48:02 - [MESSAGE][FAILED] - com.kms.katalon.core.exception.StepFailedException: Object Object Repository/Global Account Page/dynamicText not found

2024-03-05 13:48:02 - [TEST_STEP][PASSED] - delay(5): Delayed 5 second(s)

2024-03-05 13:48:07 - [MESSAGE][PASSED] - Delayed 5 second(s)

2024-03-05 13:48:07 - [TEST_STEP][PASSED] - checkLinkedDevice = Validation.checkElementExists("Object Repository/Market Order Page/android.widget.TextView - Enter your password"): Element 'Object Repository/Market Order Page/android.widget.TextView - Enter your password' is exist

2024-03-05 13:48:07 - [MESSAGE][PASSED] - Element 'Object Repository/Market Order Page/android.widget.TextView - Enter your password' is exist

2024-03-05 13:48:07 - [TEST_STEP][PASSED] - if (checkLinkedDevice == true): Tapped on element 'Object Repository/Global Account Page/dynamicText'

2024-03-05 13:48:07 - [TEST_STEP][PASSED] - setText(findTestObject("Object Repository/Dashboard_Login/Onboarding_Login/Password"), findTestData("Username_Password").getValue("Password", 5), 0, CONTINUE_ON_FAILURE): Text 'Maybank@1' has been set to element 'Object Repository/Dashboard_Login/Onboarding_Login/Password'

2024-03-05 13:48:08 - [MESSAGE][WARNING] - Timeout '0' is invalid. Using default page load timeout: '30'

2024-03-05 13:48:09 - [MESSAGE][PASSED] - Text 'Maybank@1' has been set to element 'Object Repository/Dashboard_Login/Onboarding_Login/Password'

2024-03-05 13:48:09 - [TEST_STEP][PASSED] - hideKeyboard(CONTINUE_ON_FAILURE): Keyboard is hidden

2024-03-05 13:48:11 - [MESSAGE][PASSED] - Keyboard is hidden

2024-03-05 13:48:11 - [TEST_STEP][PASSED] - takeScreenshot(): Screenshot is taken

2024-03-05 13:48:11 - [MESSAGE][PASSED] - Screenshot is taken
[[ATTACHMENT|/Users/00145409nuralianatasha/Desktop/automation_Retail_FX(public_git)/Reports/20240305_134535/SOW2/RETAILFX-1699 - Stuff (1)/20240305_134535/1709617691074.png]]

2024-03-05 13:48:11 - [TEST_STEP][PASSED] - tap(findTestObject("Global Account Page/dynamicText", ["text":"Continue"]), 10, CONTINUE_ON_FAILURE): Tapped on element 'Object Repository/Global Account Page/dynamicText'

2024-03-05 13:48:11 - [MESSAGE][PASSED] - Tapped on element 'Object Repository/Global Account Page/dynamicText'

2024-03-05 13:48:11 - [TEST_STEP][PASSED] - delay(10): Delayed 10 second(s)

2024-03-05 13:48:21 - [MESSAGE][PASSED] - Delayed 10 second(s)

2024-03-05 13:48:21 - [TEST_STEP][PASSED] - tap(findTestObject("SOW2-Market Order/android.widget.TextView _EditText"), 0, CONTINUE_ON_FAILURE): Tapped on element 'Object Repository/SOW2-Market Order/android.widget.TextView _EditText'

2024-03-05 13:48:21 - [MESSAGE][WARNING] - Timeout '0' is invalid. Using default page load timeout: '30'

2024-03-05 13:48:25 - [MESSAGE][PASSED] - Tapped on element 'Object Repository/SOW2-Market Order/android.widget.TextView _EditText'

2024-03-05 13:48:25 - [TEST_STEP][PASSED] - waitForElementPresent(findTestObject("Object Repository/Calc_Pad/android.widget.Image"), 20, OPTIONAL): Element 'Object Repository/Calc_Pad/android.widget.Image' is present

2024-03-05 13:48:26 - [MESSAGE][PASSED] - Element 'Object Repository/Calc_Pad/android.widget.Image' is present

2024-03-05 13:48:26 - [TEST_STEP][PASSED] - digits = "50000": null

2024-03-05 13:48:26 - [TEST_STEP][PASSED] - currency_Numpad(digits): null

2024-03-05 13:48:26 - [TEST_STEP][PASSED] - digit_length = digits.length(): null

2024-03-05 13:48:26 - [TEST_STEP][PASSED] - for ([i = 0, i < digit_length, (i++)]): Tapped on element 'Object Repository/Calc_Pad/android.widget.TextView - 0'

2024-03-05 13:48:26 - [TEST_STEP][PASSED] - if (digits[i] == "1"): null

2024-03-05 13:48:26 - [TEST_STEP][PASSED] - else if (digits[i] == "2"): null

2024-03-05 13:48:26 - [TEST_STEP][PASSED] - else if (digits[i] == "3"): null

2024-03-05 13:48:26 - [TEST_STEP][PASSED] - else if (digits[i] == "4"): null

2024-03-05 13:48:26 - [TEST_STEP][PASSED] - else if (digits[i] == "5"): Tapped on element 'Object Repository/Calc_Pad/android.widget.TextView - 5'

2024-03-05 13:48:26 - [TEST_STEP][PASSED] - tap(findTestObject("Object Repository/Calc_Pad/android.widget.TextView - 5"), 5, OPTIONAL): Tapped on element 'Object Repository/Calc_Pad/android.widget.TextView - 5'

2024-03-05 13:48:27 - [MESSAGE][PASSED] - Tapped on element 'Object Repository/Calc_Pad/android.widget.TextView - 5'

2024-03-05 13:48:27 - [TEST_STEP][PASSED] - if (digits[i] == "1"): null

2024-03-05 13:48:27 - [TEST_STEP][PASSED] - else if (digits[i] == "2"): null

2024-03-05 13:48:27 - [TEST_STEP][PASSED] - else if (digits[i] == "3"): null

2024-03-05 13:48:27 - [TEST_STEP][PASSED] - else if (digits[i] == "4"): null

2024-03-05 13:48:27 - [TEST_STEP][PASSED] - else if (digits[i] == "5"): null

2024-03-05 13:48:27 - [TEST_STEP][PASSED] - else if (digits[i] == "6"): null

2024-03-05 13:48:27 - [TEST_STEP][PASSED] - else if (digits[i] == "7"): null

2024-03-05 13:48:27 - [TEST_STEP][PASSED] - else if (digits[i] == "8"): null

2024-03-05 13:48:27 - [TEST_STEP][PASSED] - else if (digits[i] == "9"): null

2024-03-05 13:48:27 - [TEST_STEP][PASSED] - else if (digits[i] == "0"): Tapped on element 'Object Repository/Calc_Pad/android.widget.TextView - 0'

2024-03-05 13:48:27 - [TEST_STEP][PASSED] - tap(findTestObject("Object Repository/Calc_Pad/android.widget.TextView - 0"), 5, OPTIONAL): Tapped on element 'Object Repository/Calc_Pad/android.widget.TextView - 0'

2024-03-05 13:48:28 - [MESSAGE][PASSED] - Tapped on element 'Object Repository/Calc_Pad/android.widget.TextView - 0'

2024-03-05 13:48:28 - [TEST_STEP][PASSED] - if (digits[i] == "1"): null

2024-03-05 13:48:28 - [TEST_STEP][PASSED] - else if (digits[i] == "2"): null

2024-03-05 13:48:28 - [TEST_STEP][PASSED] - else if (digits[i] == "3"): null

2024-03-05 13:48:28 - [TEST_STEP][PASSED] - else if (digits[i] == "4"): null

2024-03-05 13:48:28 - [TEST_STEP][PASSED] - else if (digits[i] == "5"): null

2024-03-05 13:48:28 - [TEST_STEP][PASSED] - else if (digits[i] == "6"): null

2024-03-05 13:48:28 - [TEST_STEP][PASSED] - else if (digits[i] == "7"): null

2024-03-05 13:48:28 - [TEST_STEP][PASSED] - else if (digits[i] == "8"): null

2024-03-05 13:48:28 - [TEST_STEP][PASSED] - else if (digits[i] == "9"): null

2024-03-05 13:48:28 - [TEST_STEP][PASSED] - else if (digits[i] == "0"): Tapped on element 'Object Repository/Calc_Pad/android.widget.TextView - 0'

2024-03-05 13:48:28 - [TEST_STEP][PASSED] - tap(findTestObject("Object Repository/Calc_Pad/android.widget.TextView - 0"), 5, OPTIONAL): Tapped on element 'Object Repository/Calc_Pad/android.widget.TextView - 0'

2024-03-05 13:48:28 - [MESSAGE][PASSED] - Tapped on element 'Object Repository/Calc_Pad/android.widget.TextView - 0'

2024-03-05 13:48:28 - [TEST_STEP][PASSED] - if (digits[i] == "1"): null

2024-03-05 13:48:28 - [TEST_STEP][PASSED] - else if (digits[i] == "2"): null

2024-03-05 13:48:28 - [TEST_STEP][PASSED] - else if (digits[i] == "3"): null

2024-03-05 13:48:28 - [TEST_STEP][PASSED] - else if (digits[i] == "4"): null

2024-03-05 13:48:28 - [TEST_STEP][PASSED] - else if (digits[i] == "5"): null

2024-03-05 13:48:28 - [TEST_STEP][PASSED] - else if (digits[i] == "6"): null

2024-03-05 13:48:28 - [TEST_STEP][PASSED] - else if (digits[i] == "7"): null

2024-03-05 13:48:28 - [TEST_STEP][PASSED] - else if (digits[i] == "8"): null

2024-03-05 13:48:28 - [TEST_STEP][PASSED] - else if (digits[i] == "9"): null

2024-03-05 13:48:28 - [TEST_STEP][PASSED] - else if (digits[i] == "0"): Tapped on element 'Object Repository/Calc_Pad/android.widget.TextView - 0'

2024-03-05 13:48:28 - [TEST_STEP][PASSED] - tap(findTestObject("Object Repository/Calc_Pad/android.widget.TextView - 0"), 5, OPTIONAL): Tapped on element 'Object Repository/Calc_Pad/android.widget.TextView - 0'

2024-03-05 13:48:29 - [MESSAGE][PASSED] - Tapped on element 'Object Repository/Calc_Pad/android.widget.TextView - 0'

2024-03-05 13:48:29 - [TEST_STEP][PASSED] - if (digits[i] == "1"): null

2024-03-05 13:48:29 - [TEST_STEP][PASSED] - else if (digits[i] == "2"): null

2024-03-05 13:48:29 - [TEST_STEP][PASSED] - else if (digits[i] == "3"): null

2024-03-05 13:48:29 - [TEST_STEP][PASSED] - else if (digits[i] == "4"): null

2024-03-05 13:48:29 - [TEST_STEP][PASSED] - else if (digits[i] == "5"): null

2024-03-05 13:48:29 - [TEST_STEP][PASSED] - else if (digits[i] == "6"): null

2024-03-05 13:48:29 - [TEST_STEP][PASSED] - else if (digits[i] == "7"): null

2024-03-05 13:48:29 - [TEST_STEP][PASSED] - else if (digits[i] == "8"): null

2024-03-05 13:48:29 - [TEST_STEP][PASSED] - else if (digits[i] == "9"): null

2024-03-05 13:48:29 - [TEST_STEP][PASSED] - else if (digits[i] == "0"): Tapped on element 'Object Repository/Calc_Pad/android.widget.TextView - 0'

2024-03-05 13:48:29 - [TEST_STEP][PASSED] - tap(findTestObject("Object Repository/Calc_Pad/android.widget.TextView - 0"), 5, OPTIONAL): Tapped on element 'Object Repository/Calc_Pad/android.widget.TextView - 0'

2024-03-05 13:48:30 - [MESSAGE][PASSED] - Tapped on element 'Object Repository/Calc_Pad/android.widget.TextView - 0'

2024-03-05 13:48:30 - [TEST_STEP][PASSED] - tap(findTestObject("Object Repository/Calc_Pad/android.widget.Image"), 5, OPTIONAL): Tapped on element 'Object Repository/Calc_Pad/android.widget.Image'

2024-03-05 13:48:30 - [MESSAGE][PASSED] - Tapped on element 'Object Repository/Calc_Pad/android.widget.Image'

2024-03-05 13:48:30 - [TEST_STEP][PASSED] - delay(5): Delayed 5 second(s)

2024-03-05 13:48:35 - [MESSAGE][PASSED] - Delayed 5 second(s)

2024-03-05 13:48:35 - [TEST_STEP][PASSED] - utilities.Mobile_Keywords.sow2market_orderdropdown("US Dol", "USD - US Dollar"): utilities.Mobile_Keywords.sow2market_orderdropdown is PASSED

2024-03-05 13:48:35 - [MESSAGE][WARNING] - Timeout '0' is invalid. Using default page load timeout: '30'

2024-03-05 13:48:36 - [MESSAGE][PASSED] - Tapped on element 'Object Repository/SOW2-Market Order/Select_Currency Dropdown'

2024-03-05 13:48:36 - [MESSAGE][PASSED] - Element 'Object Repository/SOW2-Market Order/android.view.View - Select Currency' is present

2024-03-05 13:48:37 - [MESSAGE][PASSED] - Element 'Object Repository/SOW2-Market Order/android.view.View - Select Currency' is exist

2024-03-05 13:48:37 - [MESSAGE][PASSED] - Tapped on element 'Object Repository/SOW2-Market Order/android.widget.EditText_SearchCurrency'

2024-03-05 13:48:38 - [MESSAGE][PASSED] - Text 'US Dol' has been set to element 'Object Repository/SOW2-Market Order/android.widget.EditText_SearchCurrency'

2024-03-05 13:48:39 - [MESSAGE][PASSED] - Keyboard is hidden

2024-03-05 13:48:40 - [MESSAGE][PASSED] - Element 'Object Repository/Global Account Page/dynamicText' is exist

2024-03-05 13:48:40 - [MESSAGE][PASSED] - Tapped on element 'Object Repository/Global Account Page/dynamicText'

2024-03-05 13:48:40 - [MESSAGE][PASSED] - utilities.Mobile_Keywords.sow2market_orderdropdown is PASSED

2024-03-05 13:48:40 - [TEST_STEP][PASSED] - verifyElementExist(findTestObject("Global Account Page/dynamicText", ["text":"Exchange rate"]), 0, CONTINUE_ON_FAILURE): Element 'Object Repository/Global Account Page/dynamicText' is exist

2024-03-05 13:48:40 - [MESSAGE][WARNING] - Timeout '0' is invalid. Using default page load timeout: '30'

2024-03-05 13:48:41 - [MESSAGE][PASSED] - Element 'Object Repository/Global Account Page/dynamicText' is exist

2024-03-05 13:48:41 - [TEST_STEP][PASSED] - currency_TextMsg = getText(findTestObject("General/android.widget.TextView _Conversion"), 0, CONTINUE_ON_FAILURE): Text of element 'Object Repository/General/android.widget.TextView _Conversion' is: 'USD 1 = MYR 4.7405'

2024-03-05 13:48:41 - [MESSAGE][WARNING] - Timeout '0' is invalid. Using default page load timeout: '30'

2024-03-05 13:48:41 - [MESSAGE][PASSED] - Text of element 'Object Repository/General/android.widget.TextView _Conversion' is: 'USD 1 = MYR 4.7405'

2024-03-05 13:48:41 - [TEST_STEP][PASSED] - roundedNumber = Validation.staffConvertUSDToMYR(currency_TextMsg, convertAmount): null

2024-03-05 13:48:41 - [TEST_STEP][PASSED] - verifyElementExist(findTestObject("Global Account Page/dynamicText", ["text":"Conversion fee"]), 0, CONTINUE_ON_FAILURE): Element 'Object Repository/Global Account Page/dynamicText' is exist

2024-03-05 13:48:41 - [MESSAGE][WARNING] - Timeout '0' is invalid. Using default page load timeout: '30'

2024-03-05 13:48:41 - [MESSAGE][PASSED] - Element 'Object Repository/Global Account Page/dynamicText' is exist

2024-03-05 13:48:41 - [TEST_STEP][PASSED] - verifyElementExist(findTestObject("Global Account Page/dynamicText", ["text":"Amount to receive"]), 0, CONTINUE_ON_FAILURE): Element 'Object Repository/Global Account Page/dynamicText' is exist

2024-03-05 13:48:41 - [MESSAGE][WARNING] - Timeout '0' is invalid. Using default page load timeout: '30'

2024-03-05 13:48:41 - [MESSAGE][PASSED] - Element 'Object Repository/Global Account Page/dynamicText' is exist

2024-03-05 13:48:41 - [TEST_STEP][PASSED] - takeScreenshot(): Screenshot is taken

2024-03-05 13:48:42 - [MESSAGE][PASSED] - Screenshot is taken
[[ATTACHMENT|/Users/00145409nuralianatasha/Desktop/automation_Retail_FX(public_git)/Reports/20240305_134535/SOW2/RETAILFX-1699 - Stuff (1)/20240305_134535/1709617721592.png]]

2024-03-05 13:48:42 - [TEST_STEP][PASSED] - tap(findTestObject("SOW2-Market Order/android.widget.Dynamic_Button", ["text":"Next"]), 0, CONTINUE_ON_FAILURE): Tapped on element 'Object Repository/SOW2-Market Order/android.widget.Dynamic_Button'

2024-03-05 13:48:42 - [MESSAGE][WARNING] - Timeout '0' is invalid. Using default page load timeout: '30'

2024-03-05 13:48:42 - [MESSAGE][PASSED] - Tapped on element 'Object Repository/SOW2-Market Order/android.widget.Dynamic_Button'

2024-03-05 13:48:42 - [TEST_STEP][PASSED] - waitForElementPresent(findTestObject("Global Account Page/dynamicText", ["text":"Step 2 of 2"]), 0, CONTINUE_ON_FAILURE): Element 'Object Repository/Global Account Page/dynamicText' is present

2024-03-05 13:48:42 - [MESSAGE][WARNING] - Timeout '0' is invalid. Using default page load timeout: '30'

2024-03-05 13:48:43 - [MESSAGE][PASSED] - Element 'Object Repository/Global Account Page/dynamicText' is present

2024-03-05 13:48:43 - [TEST_STEP][PASSED] - comment("Account Selection Page"): Account Selection Page

2024-03-05 13:48:43 - [MESSAGE][INFO] - Account Selection Page

2024-03-05 13:48:43 - [TEST_STEP][PASSED] - verifyElementExist(findTestObject("Global Account Page/dynamicText", ["text":"Step 2 of 2"]), 0, CONTINUE_ON_FAILURE): Element 'Object Repository/Global Account Page/dynamicText' is exist

2024-03-05 13:48:43 - [MESSAGE][WARNING] - Timeout '0' is invalid. Using default page load timeout: '30'

2024-03-05 13:48:43 - [MESSAGE][PASSED] - Element 'Object Repository/Global Account Page/dynamicText' is exist

2024-03-05 13:48:43 - [TEST_STEP][PASSED] - takeScreenshot(): Screenshot is taken

2024-03-05 13:48:44 - [MESSAGE][PASSED] - Screenshot is taken
[[ATTACHMENT|/Users/00145409nuralianatasha/Desktop/automation_Retail_FX(public_git)/Reports/20240305_134535/SOW2/RETAILFX-1699 - Stuff (1)/20240305_134535/1709617723793.png]]

2024-03-05 13:48:44 - [TEST_STEP][PASSED] - tap(findTestObject("SOW2-Market Order/android.widget.Dynamic_Button", ["text":"Get Quote"]), 0, CONTINUE_ON_FAILURE): Tapped on element 'Object Repository/SOW2-Market Order/android.widget.Dynamic_Button'

2024-03-05 13:48:44 - [MESSAGE][WARNING] - Timeout '0' is invalid. Using default page load timeout: '30'

2024-03-05 13:48:44 - [MESSAGE][PASSED] - Tapped on element 'Object Repository/SOW2-Market Order/android.widget.Dynamic_Button'

2024-03-05 13:48:44 - [TEST_STEP][PASSED] - waitForElementPresent(findTestObject("Global Account Page/dynamicText", ["text":"Confirmation"]), 0, CONTINUE_ON_FAILURE): Element 'Object Repository/Global Account Page/dynamicText' is present

2024-03-05 13:48:44 - [MESSAGE][WARNING] - Timeout '0' is invalid. Using default page load timeout: '30'

2024-03-05 13:48:45 - [MESSAGE][PASSED] - Element 'Object Repository/Global Account Page/dynamicText' is present

2024-03-05 13:48:45 - [TEST_STEP][PASSED] - takeScreenshot(CONTINUE_ON_FAILURE): Screenshot is taken

2024-03-05 13:48:45 - [MESSAGE][PASSED] - Screenshot is taken
[[ATTACHMENT|/Users/00145409nuralianatasha/Desktop/automation_Retail_FX(public_git)/Reports/20240305_134535/SOW2/RETAILFX-1699 - Stuff (1)/20240305_134535/1709617725382.png]]

2024-03-05 13:48:45 - [TEST_STEP][PASSED] - tap(findTestObject("SOW2-Market Order/android.view.View - I have read and agree to the BNM Foreign Exchange Rules, I accept the declaration as well as the Terms  Conditions for this transfer"), 0, CONTINUE_ON_FAILURE): Tapped on element 'Object Repository/SOW2-Market Order/android.view.View - I have read and agree to the BNM Foreign Exchange Rules, I accept the declaration as well as the Terms  Conditions for this transfer'

2024-03-05 13:48:45 - [MESSAGE][WARNING] - Timeout '0' is invalid. Using default page load timeout: '30'

2024-03-05 13:48:46 - [MESSAGE][PASSED] - Tapped on element 'Object Repository/SOW2-Market Order/android.view.View - I have read and agree to the BNM Foreign Exchange Rules, I accept the declaration as well as the Terms  Conditions for this transfer'

2024-03-05 13:48:46 - [TEST_STEP][PASSED] - utilities.Mobile_Keywords.scrollFromTopToBottom(): utilities.Mobile_Keywords.scrollFromTopToBottom is PASSED

2024-03-05 13:48:46 - [MESSAGE][PASSED] - Current device physical height is 2138

2024-03-05 13:48:46 - [MESSAGE][PASSED] - Current device physical width is 1080

2024-03-05 13:48:47 - [MESSAGE][PASSED] - Swiped from 540,1,496 to 540,641

2024-03-05 13:48:53 - [MESSAGE][PASSED] - Delayed 5 second(s)

2024-03-05 13:48:53 - [MESSAGE][PASSED] - utilities.Mobile_Keywords.scrollFromTopToBottom is PASSED

2024-03-05 13:48:53 - [TEST_STEP][PASSED] - tap(findTestObject("SOW2-Market Order/android.widget.Dynamic_Button", ["text":"Confirm"]), 0, CONTINUE_ON_FAILURE): Tapped on element 'Object Repository/SOW2-Market Order/android.widget.Dynamic_Button'

2024-03-05 13:48:53 - [MESSAGE][WARNING] - Timeout '0' is invalid. Using default page load timeout: '30'

2024-03-05 13:48:53 - [MESSAGE][PASSED] - Tapped on element 'Object Repository/SOW2-Market Order/android.widget.Dynamic_Button'

2024-03-05 13:48:53 - [TEST_STEP][PASSED] - waitForElementPresent(findTestObject("Global Account Page/dynamicText", ["text":"Transaction Successful"]), 0, CONTINUE_ON_FAILURE): Element 'Object Repository/Global Account Page/dynamicText' is present

2024-03-05 13:48:53 - [MESSAGE][WARNING] - Timeout '0' is invalid. Using default page load timeout: '30'

2024-03-05 13:48:59 - [MESSAGE][PASSED] - Element 'Object Repository/Global Account Page/dynamicText' is present

2024-03-05 13:48:59 - [TEST_STEP][PASSED] - verifyElementExist(findTestObject("Global Account Page/dynamicText", ["text":"Transaction Successful"]), 0, CONTINUE_ON_FAILURE): Element 'Object Repository/Global Account Page/dynamicText' is exist

2024-03-05 13:48:59 - [MESSAGE][WARNING] - Timeout '0' is invalid. Using default page load timeout: '30'

2024-03-05 13:48:59 - [MESSAGE][PASSED] - Element 'Object Repository/Global Account Page/dynamicText' is exist

2024-03-05 13:48:59 - [TEST_STEP][PASSED] - verifyElementExist(findTestObject("Global Account Page/dynamicText", ["text":"Reference ID"]), 0, CONTINUE_ON_FAILURE): Element 'Object Repository/Global Account Page/dynamicText' is exist

2024-03-05 13:48:59 - [MESSAGE][WARNING] - Timeout '0' is invalid. Using default page load timeout: '30'

2024-03-05 13:48:59 - [MESSAGE][PASSED] - Element 'Object Repository/Global Account Page/dynamicText' is exist

2024-03-05 13:48:59 - [TEST_STEP][PASSED] - reference_id = getText(findTestObject("Market Order Page/android.widget.TextView - Reference ID"), 0, CONTINUE_ON_FAILURE): Text of element 'Object Repository/Market Order Page/android.widget.TextView - Reference ID' is: '004137252M'

2024-03-05 13:48:59 - [MESSAGE][WARNING] - Timeout '0' is invalid. Using default page load timeout: '30'

2024-03-05 13:48:59 - [MESSAGE][PASSED] - Text of element 'Object Repository/Market Order Page/android.widget.TextView - Reference ID' is: '004137252M'

2024-03-05 13:48:59 - [TEST_STEP][PASSED] - comment("The Reference Number" + reference_id): The Reference Number004137252M

2024-03-05 13:48:59 - [MESSAGE][INFO] - The Reference Number004137252M

2024-03-05 13:48:59 - [TEST_STEP][PASSED] - verifyElementExist(findTestObject("Global Account Page/dynamicText", ["text":"Done"]), 0, CONTINUE_ON_FAILURE): Element 'Object Repository/Global Account Page/dynamicText' is exist

2024-03-05 13:49:00 - [MESSAGE][WARNING] - Timeout '0' is invalid. Using default page load timeout: '30'

2024-03-05 13:49:00 - [MESSAGE][PASSED] - Element 'Object Repository/Global Account Page/dynamicText' is exist

2024-03-05 13:49:00 - [TEST_STEP][PASSED] - takeScreenshot(CONTINUE_ON_FAILURE): Screenshot is taken

2024-03-05 13:49:00 - [MESSAGE][PASSED] - Screenshot is taken
[[ATTACHMENT|/Users/00145409nuralianatasha/Desktop/automation_Retail_FX(public_git)/Reports/20240305_134535/SOW2/RETAILFX-1699 - Stuff (1)/20240305_134535/1709617740085.png]]

2024-03-05 13:49:00 - [TEST_STEP][PASSED] - tap(findTestObject("Global Account Page/dynamicText", ["text":"Share Receipt"]), 0, CONTINUE_ON_FAILURE): Tapped on element 'Object Repository/Global Account Page/dynamicText'

2024-03-05 13:49:00 - [MESSAGE][WARNING] - Timeout '0' is invalid. Using default page load timeout: '30'

2024-03-05 13:49:00 - [MESSAGE][PASSED] - Tapped on element 'Object Repository/Global Account Page/dynamicText'

2024-03-05 13:49:00 - [TEST_STEP][PASSED] - delay(5): Delayed 5 second(s)

2024-03-05 13:49:05 - [MESSAGE][PASSED] - Delayed 5 second(s)

2024-03-05 13:49:05 - [TEST_STEP][PASSED] - waitForElementPresent(findTestObject("Global Account Page/dynamicText", ["text":"Currency Exchange"]), 5, CONTINUE_ON_FAILURE): Element 'Object Repository/Global Account Page/dynamicText' is present

2024-03-05 13:49:05 - [MESSAGE][PASSED] - Element 'Object Repository/Global Account Page/dynamicText' is present

2024-03-05 13:49:05 - [TEST_STEP][PASSED] - delay(5): Delayed 5 second(s)

2024-03-05 13:49:10 - [MESSAGE][PASSED] - Delayed 5 second(s)

2024-03-05 13:49:10 - [TEST_STEP][PASSED] - verifyElementExist(findTestObject("Global Account Page/dynamicText", ["text":"Completed"]), 5, CONTINUE_ON_FAILURE): Element 'Object Repository/Global Account Page/dynamicText' is exist

2024-03-05 13:49:11 - [MESSAGE][PASSED] - Element 'Object Repository/Global Account Page/dynamicText' is exist

2024-03-05 13:49:11 - [TEST_STEP][PASSED] - verifyElementExist(findTestObject("Global Account Page/dynamicText", ["text":"Currency Exchange"]), 5, CONTINUE_ON_FAILURE): Element 'Object Repository/Global Account Page/dynamicText' is exist

2024-03-05 13:49:11 - [MESSAGE][PASSED] - Element 'Object Repository/Global Account Page/dynamicText' is exist

2024-03-05 13:49:11 - [TEST_STEP][PASSED] - takeScreenshot(): Screenshot is taken

2024-03-05 13:49:11 - [MESSAGE][PASSED] - Screenshot is taken
[[ATTACHMENT|/Users/00145409nuralianatasha/Desktop/automation_Retail_FX(public_git)/Reports/20240305_134535/SOW2/RETAILFX-1699 - Stuff (1)/20240305_134535/1709617751448.png]]

2024-03-05 13:49:11 - [TEST_STEP][PASSED] - utilities.Mobile_Keywords.scrollFromTopToBottom(): utilities.Mobile_Keywords.scrollFromTopToBottom is PASSED

2024-03-05 13:49:12 - [MESSAGE][PASSED] - Current device physical height is 2138

2024-03-05 13:49:12 - [MESSAGE][PASSED] - Current device physical width is 1080

2024-03-05 13:49:13 - [MESSAGE][PASSED] - Swiped from 540,1,496 to 540,641

2024-03-05 13:49:18 - [MESSAGE][PASSED] - Delayed 5 second(s)

2024-03-05 13:49:18 - [MESSAGE][PASSED] - utilities.Mobile_Keywords.scrollFromTopToBottom is PASSED

2024-03-05 13:49:18 - [TEST_STEP][PASSED] - takeScreenshot(): Screenshot is taken

2024-03-05 13:49:19 - [MESSAGE][PASSED] - Screenshot is taken
[[ATTACHMENT|/Users/00145409nuralianatasha/Desktop/automation_Retail_FX(public_git)/Reports/20240305_134535/SOW2/RETAILFX-1699 - Stuff (1)/20240305_134535/1709617758619.png]]

2024-03-05 13:49:19 - [TEST_STEP][PASSED] - tap(findTestObject("Market Order Page/android.widget.ImageViewBack_Button"), 0, CONTINUE_ON_FAILURE): Tapped on element 'Object Repository/Market Order Page/android.widget.ImageViewBack_Button'

2024-03-05 13:49:19 - [MESSAGE][WARNING] - Timeout '0' is invalid. Using default page load timeout: '30'

2024-03-05 13:49:19 - [MESSAGE][PASSED] - Tapped on element 'Object Repository/Market Order Page/android.widget.ImageViewBack_Button'

2024-03-05 13:49:19 - [TEST_STEP][PASSED] - waitForElementPresent(findTestObject("Global Account Page/dynamicText", ["text":"Transaction Successful"]), 5, CONTINUE_ON_FAILURE): Element 'Object Repository/Global Account Page/dynamicText' is present

2024-03-05 13:49:20 - [MESSAGE][PASSED] - Element 'Object Repository/Global Account Page/dynamicText' is present

2024-03-05 13:49:20 - [TEST_STEP][PASSED] - verifyElementExist(findTestObject("Global Account Page/dynamicText", ["text":"Transaction Successful"]), 5, CONTINUE_ON_FAILURE): Element 'Object Repository/Global Account Page/dynamicText' is exist

2024-03-05 13:49:20 - [MESSAGE][PASSED] - Element 'Object Repository/Global Account Page/dynamicText' is exist

2024-03-05 13:49:20 - [TEST_STEP][PASSED] - takeScreenshot(): Screenshot is taken

2024-03-05 13:49:20 - [MESSAGE][PASSED] - Screenshot is taken
[[ATTACHMENT|/Users/00145409nuralianatasha/Desktop/automation_Retail_FX(public_git)/Reports/20240305_134535/SOW2/RETAILFX-1699 - Stuff (1)/20240305_134535/1709617760520.png]]

2024-03-05 13:49:20 - [TEST_STEP][PASSED] - tap(findTestObject("Global Account Page/dynamicText", ["text":"Done"]), 0, CONTINUE_ON_FAILURE): Tapped on element 'Object Repository/Global Account Page/dynamicText'

2024-03-05 13:49:21 - [MESSAGE][WARNING] - Timeout '0' is invalid. Using default page load timeout: '30'

2024-03-05 13:49:21 - [MESSAGE][PASSED] - Tapped on element 'Object Repository/Global Account Page/dynamicText']]></system-out>
         <system-err><![CDATA[2024-03-05 13:45:45 - [TEST_CASE][FAILED] - Test Cases/RETAILFX-SOW2 Market Order/SOW2- RETAILFX-1699 Stuff/SOW2 Staff - Less than 10k MYR to USD: Test Cases/RETAILFX-SOW2 Market Order/SOW2- RETAILFX-1699 Stuff/SOW2 Staff - Less than 10k MYR to USD FAILED.
Reason:
com.kms.katalon.core.exception.StepFailedException: Object Object Repository/Global Account Page/dynamicText not found
	at com.kms.katalon.core.keyword.internal.KeywordMain.stepFailed(KeywordMain.groovy:39)
	at com.kms.katalon.core.mobile.keyword.internal.MobileKeywordMain.stepFailed(MobileKeywordMain.groovy:40)
	at com.kms.katalon.core.mobile.keyword.builtin.TapKeyword$_tap_closure1.doCall(TapKeyword.groovy:79)
	at com.kms.katalon.core.mobile.keyword.builtin.TapKeyword$_tap_closure1.call(TapKeyword.groovy)
	at com.kms.katalon.core.mobile.keyword.internal.MobileKeywordMain.runKeyword(MobileKeywordMain.groovy:21)
	at com.kms.katalon.core.mobile.keyword.builtin.TapKeyword.tap(TapKeyword.groovy:84)
	at com.kms.katalon.core.mobile.keyword.builtin.TapKeyword.execute(TapKeyword.groovy:68)
	at com.kms.katalon.core.keyword.internal.KeywordExecutor.executeKeywordForPlatform(KeywordExecutor.groovy:74)
	at com.kms.katalon.core.mobile.keyword.MobileBuiltInKeywords.tap(MobileBuiltInKeywords.groovy:1476)
	at com.kms.katalon.core.mobile.keyword.MobileBuiltInKeywords$tap$2.call(Unknown Source)
	at utilities.Entry_Point.Quick_Action(Entry_Point.groovy:135)
	at utilities.Entry_Point.invokeMethod(Entry_Point.groovy)
	at com.kms.katalon.core.main.CustomKeywordDelegatingMetaClass.invokeStaticMethod(CustomKeywordDelegatingMetaClass.java:55)
	at SOW2 Staff - Less than 10k MYR to USD.run(SOW2 Staff - Less than 10k MYR to USD:30)
	at com.kms.katalon.core.main.ScriptEngine.run(ScriptEngine.java:194)
	at com.kms.katalon.core.main.ScriptEngine.runScriptAsRawText(ScriptEngine.java:119)
	at com.kms.katalon.core.main.TestCaseExecutor.runScript(TestCaseExecutor.java:448)
	at com.kms.katalon.core.main.TestCaseExecutor.doExecute(TestCaseExecutor.java:439)
	at com.kms.katalon.core.main.TestCaseExecutor.processExecutionPhase(TestCaseExecutor.java:418)
	at com.kms.katalon.core.main.TestCaseExecutor.accessMainPhase(TestCaseExecutor.java:410)
	at com.kms.katalon.core.main.TestCaseExecutor.execute(TestCaseExecutor.java:285)
	at com.kms.katalon.core.common.CommonExecutor.accessTestCaseMainPhase(CommonExecutor.java:65)
	at com.kms.katalon.core.main.TestSuiteExecutor.accessTestSuiteMainPhase(TestSuiteExecutor.java:148)
	at com.kms.katalon.core.main.TestSuiteExecutor.execute(TestSuiteExecutor.java:106)
	at com.kms.katalon.core.main.TestCaseMain.startTestSuite(TestCaseMain.java:187)
	at com.kms.katalon.core.main.TestCaseMain$startTestSuite$0.call(Unknown Source)
	at TempTestSuite1709617535782.run(TempTestSuite1709617535782.groovy:36)]]></system-err>
      </testcase>
      <testcase name="Test Cases/RETAILFX-SOW2 Market Order/SOW2- RETAILFX-1699 Stuff/SOW 2 Staff - More then 10k MYR to USD" time="102.153" classname="Test Cases/RETAILFX-SOW2 Market Order/SOW2- RETAILFX-1699 Stuff/SOW 2 Staff - More then 10k MYR to USD" status="PASSED">
         <system-out><![CDATA[2024-03-05 13:49:21 - [TEST_CASE][PASSED] - Test Cases/RETAILFX-SOW2 Market Order/SOW2- RETAILFX-1699 Stuff/SOW 2 Staff - More then 10k MYR to USD: Test Cases/RETAILFX-SOW2 Market Order/SOW2- RETAILFX-1699 Stuff/SOW 2 Staff - More then 10k MYR to USD

2024-03-05 13:49:21 - [TEST_STEP][PASSED] - startExistingApplication("com.maybank2u.life.uat"): Starting app with application ID: 'com.maybank2u.life.uat'

2024-03-05 13:49:21 - [MESSAGE][INFO] - User set preference: ['appWaitActivity', '']

2024-03-05 13:49:21 - [MESSAGE][INFO] - User set preference: ['autoGrantPermission', 'true']

2024-03-05 13:49:21 - [MESSAGE][INFO] - User set preference: ['noReset', 'true']

2024-03-05 13:49:21 - [MESSAGE][INFO] - User set preference: ['deviceId', '']

2024-03-05 13:49:21 - [MESSAGE][INFO] - User set preference: ['newCommandTimeout', '10000']

2024-03-05 13:49:28 - [MESSAGE][PASSED] - Starting app with application ID: 'com.maybank2u.life.uat'

2024-03-05 13:49:28 - [TEST_STEP][PASSED] - a = 5: null

2024-03-05 13:49:28 - [TEST_STEP][PASSED] - tap(findTestObject("Global Account Page/dynamicText", ["text":"Convert Currency"]), 0, CONTINUE_ON_FAILURE): Tapped on element 'Object Repository/Global Account Page/dynamicText'

2024-03-05 13:49:28 - [MESSAGE][WARNING] - Timeout '0' is invalid. Using default page load timeout: '30'

2024-03-05 13:49:29 - [MESSAGE][PASSED] - Tapped on element 'Object Repository/Global Account Page/dynamicText'

2024-03-05 13:49:29 - [TEST_STEP][PASSED] - checkLinkedDevice = Validation.checkElementExists("Object Repository/Market Order Page/android.widget.TextView - Enter your password"): Element 'Object Repository/Market Order Page/android.widget.TextView - Enter your password' not found

2024-03-05 13:49:59 - [MESSAGE][WARNING] - Element 'Object Repository/Market Order Page/android.widget.TextView - Enter your password' not found

2024-03-05 13:49:59 - [TEST_STEP][PASSED] - if (checkLinkedDevice == true): null

2024-03-05 13:49:59 - [TEST_STEP][PASSED] - else: null

2024-03-05 13:49:59 - [TEST_STEP][PASSED] - CONTINUE_ON_FAILURE: null

2024-03-05 13:49:59 - [TEST_STEP][PASSED] - delay(5): Delayed 5 second(s)

2024-03-05 13:50:04 - [MESSAGE][PASSED] - Delayed 5 second(s)

2024-03-05 13:50:04 - [TEST_STEP][PASSED] - tap(findTestObject("SOW2-Market Order/android.widget.TextView _EditText"), 0, CONTINUE_ON_FAILURE): Tapped on element 'Object Repository/SOW2-Market Order/android.widget.TextView _EditText'

2024-03-05 13:50:05 - [MESSAGE][WARNING] - Timeout '0' is invalid. Using default page load timeout: '30'

2024-03-05 13:50:05 - [MESSAGE][PASSED] - Tapped on element 'Object Repository/SOW2-Market Order/android.widget.TextView _EditText'

2024-03-05 13:50:05 - [TEST_STEP][PASSED] - digits = "1100000": null

2024-03-05 13:50:05 - [TEST_STEP][PASSED] - currency_Numpad(digits): null

2024-03-05 13:50:05 - [TEST_STEP][PASSED] - digit_length = digits.length(): null

2024-03-05 13:50:05 - [TEST_STEP][PASSED] - for ([i = 0, i < digit_length, (i++)]): Tapped on element 'Object Repository/Calc_Pad/android.widget.TextView - 0'

2024-03-05 13:50:05 - [TEST_STEP][PASSED] - if (digits[i] == "1"): Tapped on element 'Object Repository/Calc_Pad/android.widget.TextView - 1'

2024-03-05 13:50:05 - [TEST_STEP][PASSED] - tap(findTestObject("Object Repository/Calc_Pad/android.widget.TextView - 1"), 5, OPTIONAL): Tapped on element 'Object Repository/Calc_Pad/android.widget.TextView - 1'

2024-03-05 13:50:06 - [MESSAGE][PASSED] - Tapped on element 'Object Repository/Calc_Pad/android.widget.TextView - 1'

2024-03-05 13:50:06 - [TEST_STEP][PASSED] - if (digits[i] == "1"): Tapped on element 'Object Repository/Calc_Pad/android.widget.TextView - 1'

2024-03-05 13:50:06 - [TEST_STEP][PASSED] - tap(findTestObject("Object Repository/Calc_Pad/android.widget.TextView - 1"), 5, OPTIONAL): Tapped on element 'Object Repository/Calc_Pad/android.widget.TextView - 1'

2024-03-05 13:50:07 - [MESSAGE][PASSED] - Tapped on element 'Object Repository/Calc_Pad/android.widget.TextView - 1'

2024-03-05 13:50:07 - [TEST_STEP][PASSED] - if (digits[i] == "1"): null

2024-03-05 13:50:07 - [TEST_STEP][PASSED] - else if (digits[i] == "2"): null

2024-03-05 13:50:07 - [TEST_STEP][PASSED] - else if (digits[i] == "3"): null

2024-03-05 13:50:07 - [TEST_STEP][PASSED] - else if (digits[i] == "4"): null

2024-03-05 13:50:07 - [TEST_STEP][PASSED] - else if (digits[i] == "5"): null

2024-03-05 13:50:07 - [TEST_STEP][PASSED] - else if (digits[i] == "6"): null

2024-03-05 13:50:07 - [TEST_STEP][PASSED] - else if (digits[i] == "7"): null

2024-03-05 13:50:07 - [TEST_STEP][PASSED] - else if (digits[i] == "8"): null

2024-03-05 13:50:07 - [TEST_STEP][PASSED] - else if (digits[i] == "9"): null

2024-03-05 13:50:07 - [TEST_STEP][PASSED] - else if (digits[i] == "0"): Tapped on element 'Object Repository/Calc_Pad/android.widget.TextView - 0'

2024-03-05 13:50:07 - [TEST_STEP][PASSED] - tap(findTestObject("Object Repository/Calc_Pad/android.widget.TextView - 0"), 5, OPTIONAL): Tapped on element 'Object Repository/Calc_Pad/android.widget.TextView - 0'

2024-03-05 13:50:07 - [MESSAGE][PASSED] - Tapped on element 'Object Repository/Calc_Pad/android.widget.TextView - 0'

2024-03-05 13:50:07 - [TEST_STEP][PASSED] - if (digits[i] == "1"): null

2024-03-05 13:50:07 - [TEST_STEP][PASSED] - else if (digits[i] == "2"): null

2024-03-05 13:50:07 - [TEST_STEP][PASSED] - else if (digits[i] == "3"): null

2024-03-05 13:50:07 - [TEST_STEP][PASSED] - else if (digits[i] == "4"): null

2024-03-05 13:50:07 - [TEST_STEP][PASSED] - else if (digits[i] == "5"): null

2024-03-05 13:50:07 - [TEST_STEP][PASSED] - else if (digits[i] == "6"): null

2024-03-05 13:50:07 - [TEST_STEP][PASSED] - else if (digits[i] == "7"): null

2024-03-05 13:50:07 - [TEST_STEP][PASSED] - else if (digits[i] == "8"): null

2024-03-05 13:50:07 - [TEST_STEP][PASSED] - else if (digits[i] == "9"): null

2024-03-05 13:50:07 - [TEST_STEP][PASSED] - else if (digits[i] == "0"): Tapped on element 'Object Repository/Calc_Pad/android.widget.TextView - 0'

2024-03-05 13:50:07 - [TEST_STEP][PASSED] - tap(findTestObject("Object Repository/Calc_Pad/android.widget.TextView - 0"), 5, OPTIONAL): Tapped on element 'Object Repository/Calc_Pad/android.widget.TextView - 0'

2024-03-05 13:50:09 - [MESSAGE][PASSED] - Tapped on element 'Object Repository/Calc_Pad/android.widget.TextView - 0'

2024-03-05 13:50:09 - [TEST_STEP][PASSED] - if (digits[i] == "1"): null

2024-03-05 13:50:09 - [TEST_STEP][PASSED] - else if (digits[i] == "2"): null

2024-03-05 13:50:09 - [TEST_STEP][PASSED] - else if (digits[i] == "3"): null

2024-03-05 13:50:09 - [TEST_STEP][PASSED] - else if (digits[i] == "4"): null

2024-03-05 13:50:09 - [TEST_STEP][PASSED] - else if (digits[i] == "5"): null

2024-03-05 13:50:09 - [TEST_STEP][PASSED] - else if (digits[i] == "6"): null

2024-03-05 13:50:09 - [TEST_STEP][PASSED] - else if (digits[i] == "7"): null

2024-03-05 13:50:09 - [TEST_STEP][PASSED] - else if (digits[i] == "8"): null

2024-03-05 13:50:09 - [TEST_STEP][PASSED] - else if (digits[i] == "9"): null

2024-03-05 13:50:09 - [TEST_STEP][PASSED] - else if (digits[i] == "0"): Tapped on element 'Object Repository/Calc_Pad/android.widget.TextView - 0'

2024-03-05 13:50:09 - [TEST_STEP][PASSED] - tap(findTestObject("Object Repository/Calc_Pad/android.widget.TextView - 0"), 5, OPTIONAL): Tapped on element 'Object Repository/Calc_Pad/android.widget.TextView - 0'

2024-03-05 13:50:10 - [MESSAGE][PASSED] - Tapped on element 'Object Repository/Calc_Pad/android.widget.TextView - 0'

2024-03-05 13:50:10 - [TEST_STEP][PASSED] - if (digits[i] == "1"): null

2024-03-05 13:50:10 - [TEST_STEP][PASSED] - else if (digits[i] == "2"): null

2024-03-05 13:50:10 - [TEST_STEP][PASSED] - else if (digits[i] == "3"): null

2024-03-05 13:50:10 - [TEST_STEP][PASSED] - else if (digits[i] == "4"): null

2024-03-05 13:50:10 - [TEST_STEP][PASSED] - else if (digits[i] == "5"): null

2024-03-05 13:50:10 - [TEST_STEP][PASSED] - else if (digits[i] == "6"): null

2024-03-05 13:50:10 - [TEST_STEP][PASSED] - else if (digits[i] == "7"): null

2024-03-05 13:50:10 - [TEST_STEP][PASSED] - else if (digits[i] == "8"): null

2024-03-05 13:50:10 - [TEST_STEP][PASSED] - else if (digits[i] == "9"): null

2024-03-05 13:50:10 - [TEST_STEP][PASSED] - else if (digits[i] == "0"): Tapped on element 'Object Repository/Calc_Pad/android.widget.TextView - 0'

2024-03-05 13:50:10 - [TEST_STEP][PASSED] - tap(findTestObject("Object Repository/Calc_Pad/android.widget.TextView - 0"), 5, OPTIONAL): Tapped on element 'Object Repository/Calc_Pad/android.widget.TextView - 0'

2024-03-05 13:50:10 - [MESSAGE][PASSED] - Tapped on element 'Object Repository/Calc_Pad/android.widget.TextView - 0'

2024-03-05 13:50:10 - [TEST_STEP][PASSED] - if (digits[i] == "1"): null

2024-03-05 13:50:10 - [TEST_STEP][PASSED] - else if (digits[i] == "2"): null

2024-03-05 13:50:10 - [TEST_STEP][PASSED] - else if (digits[i] == "3"): null

2024-03-05 13:50:10 - [TEST_STEP][PASSED] - else if (digits[i] == "4"): null

2024-03-05 13:50:10 - [TEST_STEP][PASSED] - else if (digits[i] == "5"): null

2024-03-05 13:50:10 - [TEST_STEP][PASSED] - else if (digits[i] == "6"): null

2024-03-05 13:50:10 - [TEST_STEP][PASSED] - else if (digits[i] == "7"): null

2024-03-05 13:50:10 - [TEST_STEP][PASSED] - else if (digits[i] == "8"): null

2024-03-05 13:50:10 - [TEST_STEP][PASSED] - else if (digits[i] == "9"): null

2024-03-05 13:50:10 - [TEST_STEP][PASSED] - else if (digits[i] == "0"): Tapped on element 'Object Repository/Calc_Pad/android.widget.TextView - 0'

2024-03-05 13:50:10 - [TEST_STEP][PASSED] - tap(findTestObject("Object Repository/Calc_Pad/android.widget.TextView - 0"), 5, OPTIONAL): Tapped on element 'Object Repository/Calc_Pad/android.widget.TextView - 0'

2024-03-05 13:50:11 - [MESSAGE][PASSED] - Tapped on element 'Object Repository/Calc_Pad/android.widget.TextView - 0'

2024-03-05 13:50:11 - [TEST_STEP][PASSED] - tap(findTestObject("Object Repository/Calc_Pad/android.widget.Image"), 5, OPTIONAL): Tapped on element 'Object Repository/Calc_Pad/android.widget.Image'

2024-03-05 13:50:11 - [MESSAGE][PASSED] - Tapped on element 'Object Repository/Calc_Pad/android.widget.Image'

2024-03-05 13:50:11 - [TEST_STEP][PASSED] - utilities.Mobile_Keywords.sow2market_orderdropdown("US Dol", "USD - US Dollar"): utilities.Mobile_Keywords.sow2market_orderdropdown is PASSED

2024-03-05 13:50:11 - [MESSAGE][WARNING] - Timeout '0' is invalid. Using default page load timeout: '30'

2024-03-05 13:50:12 - [MESSAGE][PASSED] - Tapped on element 'Object Repository/SOW2-Market Order/Select_Currency Dropdown'

2024-03-05 13:50:13 - [MESSAGE][PASSED] - Element 'Object Repository/SOW2-Market Order/android.view.View - Select Currency' is present

2024-03-05 13:50:13 - [MESSAGE][PASSED] - Element 'Object Repository/SOW2-Market Order/android.view.View - Select Currency' is exist

2024-03-05 13:50:13 - [MESSAGE][PASSED] - Tapped on element 'Object Repository/SOW2-Market Order/android.widget.EditText_SearchCurrency'

2024-03-05 13:50:15 - [MESSAGE][PASSED] - Text 'US Dol' has been set to element 'Object Repository/SOW2-Market Order/android.widget.EditText_SearchCurrency'

2024-03-05 13:50:15 - [MESSAGE][PASSED] - Keyboard is hidden

2024-03-05 13:50:16 - [MESSAGE][PASSED] - Element 'Object Repository/Global Account Page/dynamicText' is exist

2024-03-05 13:50:16 - [MESSAGE][PASSED] - Tapped on element 'Object Repository/Global Account Page/dynamicText'

2024-03-05 13:50:16 - [MESSAGE][PASSED] - utilities.Mobile_Keywords.sow2market_orderdropdown is PASSED

2024-03-05 13:50:16 - [TEST_STEP][PASSED] - verifyElementExist(findTestObject("Global Account Page/dynamicText", ["text":"Exchange rate"]), 0, CONTINUE_ON_FAILURE): Element 'Object Repository/Global Account Page/dynamicText' is exist

2024-03-05 13:50:16 - [MESSAGE][WARNING] - Timeout '0' is invalid. Using default page load timeout: '30'

2024-03-05 13:50:17 - [MESSAGE][PASSED] - Element 'Object Repository/Global Account Page/dynamicText' is exist

2024-03-05 13:50:17 - [TEST_STEP][PASSED] - takeScreenshot(): Screenshot is taken

2024-03-05 13:50:18 - [MESSAGE][PASSED] - Screenshot is taken
[[ATTACHMENT|/Users/00145409nuralianatasha/Desktop/automation_Retail_FX(public_git)/Reports/20240305_134535/SOW2/RETAILFX-1699 - Stuff (1)/20240305_134535/1709617817562.png]]

2024-03-05 13:50:18 - [TEST_STEP][PASSED] - tap(findTestObject("SOW2-Market Order/android.widget.Dynamic_Button", ["text":"Next"]), 0, CONTINUE_ON_FAILURE): Tapped on element 'Object Repository/SOW2-Market Order/android.widget.Dynamic_Button'

2024-03-05 13:50:18 - [MESSAGE][WARNING] - Timeout '0' is invalid. Using default page load timeout: '30'

2024-03-05 13:50:18 - [MESSAGE][PASSED] - Tapped on element 'Object Repository/SOW2-Market Order/android.widget.Dynamic_Button'

2024-03-05 13:50:18 - [TEST_STEP][PASSED] - waitForElementPresent(findTestObject("Global Account Page/dynamicText", ["text":"Step 2 of 2"]), 0, CONTINUE_ON_FAILURE): Element 'Object Repository/Global Account Page/dynamicText' is present

2024-03-05 13:50:18 - [MESSAGE][WARNING] - Timeout '0' is invalid. Using default page load timeout: '30'

2024-03-05 13:50:18 - [MESSAGE][PASSED] - Element 'Object Repository/Global Account Page/dynamicText' is present

2024-03-05 13:50:18 - [TEST_STEP][PASSED] - comment("Account Selection Page"): Account Selection Page

2024-03-05 13:50:18 - [MESSAGE][INFO] - Account Selection Page

2024-03-05 13:50:18 - [TEST_STEP][PASSED] - verifyElementExist(findTestObject("Global Account Page/dynamicText", ["text":"Step 2 of 2"]), 0, CONTINUE_ON_FAILURE): Element 'Object Repository/Global Account Page/dynamicText' is exist

2024-03-05 13:50:19 - [MESSAGE][WARNING] - Timeout '0' is invalid. Using default page load timeout: '30'

2024-03-05 13:50:19 - [MESSAGE][PASSED] - Element 'Object Repository/Global Account Page/dynamicText' is exist

2024-03-05 13:50:19 - [TEST_STEP][PASSED] - utilities.Mobile_Keywords.scrollFromTopToBottom(): utilities.Mobile_Keywords.scrollFromTopToBottom is PASSED

2024-03-05 13:50:19 - [MESSAGE][PASSED] - Current device physical height is 2138

2024-03-05 13:50:19 - [MESSAGE][PASSED] - Current device physical width is 1080

2024-03-05 13:50:21 - [MESSAGE][PASSED] - Swiped from 540,1,496 to 540,641

2024-03-05 13:50:26 - [MESSAGE][PASSED] - Delayed 5 second(s)

2024-03-05 13:50:26 - [MESSAGE][PASSED] - utilities.Mobile_Keywords.scrollFromTopToBottom is PASSED

2024-03-05 13:50:26 - [TEST_STEP][PASSED] - takeScreenshot(): Screenshot is taken

2024-03-05 13:50:26 - [MESSAGE][PASSED] - Screenshot is taken
[[ATTACHMENT|/Users/00145409nuralianatasha/Desktop/automation_Retail_FX(public_git)/Reports/20240305_134535/SOW2/RETAILFX-1699 - Stuff (1)/20240305_134535/1709617826171.png]]

2024-03-05 13:50:26 - [TEST_STEP][PASSED] - tap(findTestObject("SOW2-Market Order/android.widget.Dynamic_Button", ["text":"Get Quote"]), 0, CONTINUE_ON_FAILURE): Tapped on element 'Object Repository/SOW2-Market Order/android.widget.Dynamic_Button'

2024-03-05 13:50:26 - [MESSAGE][WARNING] - Timeout '0' is invalid. Using default page load timeout: '30'

2024-03-05 13:50:26 - [MESSAGE][PASSED] - Tapped on element 'Object Repository/SOW2-Market Order/android.widget.Dynamic_Button'

2024-03-05 13:50:26 - [TEST_STEP][PASSED] - comment("Confirmation Page"): Confirmation Page

2024-03-05 13:50:26 - [MESSAGE][INFO] - Confirmation Page

2024-03-05 13:50:26 - [TEST_STEP][PASSED] - waitForElementPresent(findTestObject("Global Account Page/dynamicText", ["text":"Confirmation"]), 0, CONTINUE_ON_FAILURE): Element 'Object Repository/Global Account Page/dynamicText' is present

2024-03-05 13:50:26 - [MESSAGE][WARNING] - Timeout '0' is invalid. Using default page load timeout: '30'

2024-03-05 13:50:28 - [MESSAGE][PASSED] - Element 'Object Repository/Global Account Page/dynamicText' is present

2024-03-05 13:50:28 - [TEST_STEP][PASSED] - verifyElementExist(findTestObject("Global Account Page/dynamicText", ["text":"Transfer from"]), 0, CONTINUE_ON_FAILURE): Element 'Object Repository/Global Account Page/dynamicText' is exist

2024-03-05 13:50:28 - [MESSAGE][WARNING] - Timeout '0' is invalid. Using default page load timeout: '30'

2024-03-05 13:50:29 - [MESSAGE][PASSED] - Element 'Object Repository/Global Account Page/dynamicText' is exist

2024-03-05 13:50:29 - [TEST_STEP][PASSED] - takeScreenshot(CONTINUE_ON_FAILURE): Screenshot is taken

2024-03-05 13:50:29 - [MESSAGE][PASSED] - Screenshot is taken
[[ATTACHMENT|/Users/00145409nuralianatasha/Desktop/automation_Retail_FX(public_git)/Reports/20240305_134535/SOW2/RETAILFX-1699 - Stuff (1)/20240305_134535/1709617829222.png]]

2024-03-05 13:50:29 - [TEST_STEP][PASSED] - tap(findTestObject("SOW2-Market Order/android.view.View - I have read and agree to the BNM Foreign Exchange Rules, I accept the declaration as well as the Terms  Conditions for this transfer"), 0, CONTINUE_ON_FAILURE): Tapped on element 'Object Repository/SOW2-Market Order/android.view.View - I have read and agree to the BNM Foreign Exchange Rules, I accept the declaration as well as the Terms  Conditions for this transfer'

2024-03-05 13:50:29 - [MESSAGE][WARNING] - Timeout '0' is invalid. Using default page load timeout: '30'

2024-03-05 13:50:30 - [MESSAGE][PASSED] - Tapped on element 'Object Repository/SOW2-Market Order/android.view.View - I have read and agree to the BNM Foreign Exchange Rules, I accept the declaration as well as the Terms  Conditions for this transfer'

2024-03-05 13:50:30 - [TEST_STEP][PASSED] - utilities.Mobile_Keywords.scrollFromTopToBottom(): utilities.Mobile_Keywords.scrollFromTopToBottom is PASSED

2024-03-05 13:50:30 - [MESSAGE][PASSED] - Current device physical height is 2138

2024-03-05 13:50:30 - [MESSAGE][PASSED] - Current device physical width is 1080

2024-03-05 13:50:31 - [MESSAGE][PASSED] - Swiped from 540,1,496 to 540,641

2024-03-05 13:50:36 - [MESSAGE][PASSED] - Delayed 5 second(s)

2024-03-05 13:50:36 - [MESSAGE][PASSED] - utilities.Mobile_Keywords.scrollFromTopToBottom is PASSED

2024-03-05 13:50:36 - [TEST_STEP][PASSED] - takeScreenshot(CONTINUE_ON_FAILURE): Screenshot is taken

2024-03-05 13:50:37 - [MESSAGE][PASSED] - Screenshot is taken
[[ATTACHMENT|/Users/00145409nuralianatasha/Desktop/automation_Retail_FX(public_git)/Reports/20240305_134535/SOW2/RETAILFX-1699 - Stuff (1)/20240305_134535/1709617836908.png]]

2024-03-05 13:50:37 - [TEST_STEP][PASSED] - tap(findTestObject("SOW2-Market Order/android.widget.Dynamic_Button", ["text":"Confirm"]), 0, CONTINUE_ON_FAILURE): Tapped on element 'Object Repository/SOW2-Market Order/android.widget.Dynamic_Button'

2024-03-05 13:50:37 - [MESSAGE][WARNING] - Timeout '0' is invalid. Using default page load timeout: '30'

2024-03-05 13:50:37 - [MESSAGE][PASSED] - Tapped on element 'Object Repository/SOW2-Market Order/android.widget.Dynamic_Button'

2024-03-05 13:50:37 - [TEST_STEP][PASSED] - comment("Transaction Successful Page"): Transaction Successful Page

2024-03-05 13:50:37 - [MESSAGE][INFO] - Transaction Successful Page

2024-03-05 13:50:37 - [TEST_STEP][PASSED] - waitForElementPresent(findTestObject("Global Account Page/dynamicText", ["text":"Transaction Successful"]), 0, CONTINUE_ON_FAILURE): Element 'Object Repository/Global Account Page/dynamicText' is present

2024-03-05 13:50:37 - [MESSAGE][WARNING] - Timeout '0' is invalid. Using default page load timeout: '30'

2024-03-05 13:50:42 - [MESSAGE][PASSED] - Element 'Object Repository/Global Account Page/dynamicText' is present

2024-03-05 13:50:42 - [TEST_STEP][PASSED] - verifyElementExist(findTestObject("Global Account Page/dynamicText", ["text":"Transaction Successful"]), 0, CONTINUE_ON_FAILURE): Element 'Object Repository/Global Account Page/dynamicText' is exist

2024-03-05 13:50:42 - [MESSAGE][WARNING] - Timeout '0' is invalid. Using default page load timeout: '30'

2024-03-05 13:50:42 - [MESSAGE][PASSED] - Element 'Object Repository/Global Account Page/dynamicText' is exist

2024-03-05 13:50:42 - [TEST_STEP][PASSED] - verifyElementExist(findTestObject("Global Account Page/dynamicText", ["text":"Reference ID"]), 0, CONTINUE_ON_FAILURE): Element 'Object Repository/Global Account Page/dynamicText' is exist

2024-03-05 13:50:42 - [MESSAGE][WARNING] - Timeout '0' is invalid. Using default page load timeout: '30'

2024-03-05 13:50:42 - [MESSAGE][PASSED] - Element 'Object Repository/Global Account Page/dynamicText' is exist

2024-03-05 13:50:42 - [TEST_STEP][PASSED] - reference_id = getText(findTestObject("Market Order Page/android.widget.TextView - Reference ID"), 0, CONTINUE_ON_FAILURE): Text of element 'Object Repository/Market Order Page/android.widget.TextView - Reference ID' is: '004137253M'

2024-03-05 13:50:42 - [MESSAGE][WARNING] - Timeout '0' is invalid. Using default page load timeout: '30'

2024-03-05 13:50:42 - [MESSAGE][PASSED] - Text of element 'Object Repository/Market Order Page/android.widget.TextView - Reference ID' is: '004137253M'

2024-03-05 13:50:42 - [TEST_STEP][PASSED] - comment("The Reference Number" + reference_id): The Reference Number004137253M

2024-03-05 13:50:42 - [MESSAGE][INFO] - The Reference Number004137253M

2024-03-05 13:50:42 - [TEST_STEP][PASSED] - verifyElementExist(findTestObject("Global Account Page/dynamicText", ["text":"Done"]), 0, CONTINUE_ON_FAILURE): Element 'Object Repository/Global Account Page/dynamicText' is exist

2024-03-05 13:50:42 - [MESSAGE][WARNING] - Timeout '0' is invalid. Using default page load timeout: '30'

2024-03-05 13:50:42 - [MESSAGE][PASSED] - Element 'Object Repository/Global Account Page/dynamicText' is exist

2024-03-05 13:50:42 - [TEST_STEP][PASSED] - takeScreenshot(CONTINUE_ON_FAILURE): Screenshot is taken

2024-03-05 13:50:43 - [MESSAGE][PASSED] - Screenshot is taken
[[ATTACHMENT|/Users/00145409nuralianatasha/Desktop/automation_Retail_FX(public_git)/Reports/20240305_134535/SOW2/RETAILFX-1699 - Stuff (1)/20240305_134535/1709617842859.png]]

2024-03-05 13:50:43 - [TEST_STEP][PASSED] - tap(findTestObject("Global Account Page/dynamicText", ["text":"Share Receipt"]), 0, CONTINUE_ON_FAILURE): Tapped on element 'Object Repository/Global Account Page/dynamicText'

2024-03-05 13:50:43 - [MESSAGE][WARNING] - Timeout '0' is invalid. Using default page load timeout: '30'

2024-03-05 13:50:43 - [MESSAGE][PASSED] - Tapped on element 'Object Repository/Global Account Page/dynamicText'

2024-03-05 13:50:43 - [TEST_STEP][PASSED] - delay(5): Delayed 5 second(s)

2024-03-05 13:50:48 - [MESSAGE][PASSED] - Delayed 5 second(s)

2024-03-05 13:50:48 - [TEST_STEP][PASSED] - waitForElementPresent(findTestObject("Global Account Page/dynamicText", ["text":"Currency Exchange"]), 5, CONTINUE_ON_FAILURE): Element 'Object Repository/Global Account Page/dynamicText' is present

2024-03-05 13:50:48 - [MESSAGE][PASSED] - Element 'Object Repository/Global Account Page/dynamicText' is present

2024-03-05 13:50:48 - [TEST_STEP][PASSED] - delay(5): Delayed 5 second(s)

2024-03-05 13:50:53 - [MESSAGE][PASSED] - Delayed 5 second(s)

2024-03-05 13:50:53 - [TEST_STEP][PASSED] - verifyElementExist(findTestObject("Global Account Page/dynamicText", ["text":"Completed"]), 5, CONTINUE_ON_FAILURE): Element 'Object Repository/Global Account Page/dynamicText' is exist

2024-03-05 13:50:53 - [MESSAGE][PASSED] - Element 'Object Repository/Global Account Page/dynamicText' is exist

2024-03-05 13:50:53 - [TEST_STEP][PASSED] - verifyElementExist(findTestObject("Global Account Page/dynamicText", ["text":"Currency Exchange"]), 5, CONTINUE_ON_FAILURE): Element 'Object Repository/Global Account Page/dynamicText' is exist

2024-03-05 13:50:53 - [MESSAGE][PASSED] - Element 'Object Repository/Global Account Page/dynamicText' is exist

2024-03-05 13:50:53 - [TEST_STEP][PASSED] - takeScreenshot(): Screenshot is taken

2024-03-05 13:50:54 - [MESSAGE][PASSED] - Screenshot is taken
[[ATTACHMENT|/Users/00145409nuralianatasha/Desktop/automation_Retail_FX(public_git)/Reports/20240305_134535/SOW2/RETAILFX-1699 - Stuff (1)/20240305_134535/1709617853872.png]]

2024-03-05 13:50:54 - [TEST_STEP][PASSED] - utilities.Mobile_Keywords.scrollFromTopToBottom(): utilities.Mobile_Keywords.scrollFromTopToBottom is PASSED

2024-03-05 13:50:54 - [MESSAGE][PASSED] - Current device physical height is 2138

2024-03-05 13:50:54 - [MESSAGE][PASSED] - Current device physical width is 1080

2024-03-05 13:50:55 - [MESSAGE][PASSED] - Swiped from 540,1,496 to 540,641

2024-03-05 13:51:00 - [MESSAGE][PASSED] - Delayed 5 second(s)

2024-03-05 13:51:00 - [MESSAGE][PASSED] - utilities.Mobile_Keywords.scrollFromTopToBottom is PASSED

2024-03-05 13:51:00 - [TEST_STEP][PASSED] - takeScreenshot(): Screenshot is taken

2024-03-05 13:51:01 - [MESSAGE][PASSED] - Screenshot is taken
[[ATTACHMENT|/Users/00145409nuralianatasha/Desktop/automation_Retail_FX(public_git)/Reports/20240305_134535/SOW2/RETAILFX-1699 - Stuff (1)/20240305_134535/1709617860956.png]]

2024-03-05 13:51:01 - [TEST_STEP][PASSED] - tap(findTestObject("Market Order Page/android.widget.ImageViewBack_Button"), 0, CONTINUE_ON_FAILURE): Tapped on element 'Object Repository/Market Order Page/android.widget.ImageViewBack_Button'

2024-03-05 13:51:01 - [MESSAGE][WARNING] - Timeout '0' is invalid. Using default page load timeout: '30'

2024-03-05 13:51:01 - [MESSAGE][PASSED] - Tapped on element 'Object Repository/Market Order Page/android.widget.ImageViewBack_Button'

2024-03-05 13:51:01 - [TEST_STEP][PASSED] - waitForElementPresent(findTestObject("Global Account Page/dynamicText", ["text":"Transaction Successful"]), 5, CONTINUE_ON_FAILURE): Element 'Object Repository/Global Account Page/dynamicText' is present

2024-03-05 13:51:02 - [MESSAGE][PASSED] - Element 'Object Repository/Global Account Page/dynamicText' is present

2024-03-05 13:51:02 - [TEST_STEP][PASSED] - verifyElementExist(findTestObject("Global Account Page/dynamicText", ["text":"Transaction Successful"]), 5, CONTINUE_ON_FAILURE): Element 'Object Repository/Global Account Page/dynamicText' is exist

2024-03-05 13:51:02 - [MESSAGE][PASSED] - Element 'Object Repository/Global Account Page/dynamicText' is exist

2024-03-05 13:51:02 - [TEST_STEP][PASSED] - takeScreenshot(): Screenshot is taken

2024-03-05 13:51:03 - [MESSAGE][PASSED] - Screenshot is taken
[[ATTACHMENT|/Users/00145409nuralianatasha/Desktop/automation_Retail_FX(public_git)/Reports/20240305_134535/SOW2/RETAILFX-1699 - Stuff (1)/20240305_134535/1709617862763.png]]

2024-03-05 13:51:03 - [TEST_STEP][PASSED] - tap(findTestObject("Global Account Page/dynamicText", ["text":"Done"]), 0, CONTINUE_ON_FAILURE): Tapped on element 'Object Repository/Global Account Page/dynamicText'

2024-03-05 13:51:03 - [MESSAGE][WARNING] - Timeout '0' is invalid. Using default page load timeout: '30'

2024-03-05 13:51:03 - [MESSAGE][PASSED] - Tapped on element 'Object Repository/Global Account Page/dynamicText']]></system-out>
         <system-err><![CDATA[]]></system-err>
      </testcase>
      <testcase name="Test Cases/RETAILFX-SOW2 Market Order/SOW2- RETAILFX-1699 Stuff/SOW2 Staff- Dealt Amount 2 Less Than 10k" time="208.866" classname="Test Cases/RETAILFX-SOW2 Market Order/SOW2- RETAILFX-1699 Stuff/SOW2 Staff- Dealt Amount 2 Less Than 10k" status="FAILED">
         <failure type="FAILED" message="Test Cases/RETAILFX-SOW2 Market Order/SOW2- RETAILFX-1699 Stuff/SOW2 Staff- Dealt Amount 2 Less Than 10k FAILED.
Reason:
com.kms.katalon.core.exception.StepFailedException: Element 'Object Repository/General/android.widget.EditText _AmountReceived' not found
	at com.kms.katalon.core.keyword.internal.KeywordMain.stepFailed(KeywordMain.groovy:39)
	at com.kms.katalon.core.mobile.keyword.internal.MobileKeywordMain.stepFailed(MobileKeywordMain.groovy:40)
	at com.kms.katalon.core.mobile.keyword.builtin.VerifyElementExistKeyword$_verifyElementExist_closure1.doCall(VerifyElementExistKeyword.groovy:77)
	at com.kms.katalon.core.mobile.keyword.builtin.VerifyElementExistKeyword$_verifyElementExist_closure1.call(VerifyElementExistKeyword.groovy)
	at com.kms.katalon.core.mobile.keyword.internal.MobileKeywordMain.runKeyword(MobileKeywordMain.groovy:21)
	at com.kms.katalon.core.mobile.keyword.builtin.VerifyElementExistKeyword.verifyElementExist(VerifyElementExistKeyword.groovy:80)
	at com.kms.katalon.core.mobile.keyword.builtin.VerifyElementExistKeyword.execute(VerifyElementExistKeyword.groovy:64)
	at com.kms.katalon.core.keyword.internal.KeywordExecutor.executeKeywordForPlatform(KeywordExecutor.groovy:74)
	at com.kms.katalon.core.mobile.keyword.MobileBuiltInKeywords.verifyElementExist(MobileBuiltInKeywords.groovy:1739)
	at com.kms.katalon.core.mobile.keyword.MobileBuiltInKeywords$verifyElementExist$4.call(Unknown Source)
	at SOW2 Staff- Dealt Amount 2 Less Than 10k.run(SOW2 Staff- Dealt Amount 2 Less Than 10k:98)
	at com.kms.katalon.core.main.ScriptEngine.run(ScriptEngine.java:194)
	at com.kms.katalon.core.main.ScriptEngine.runScriptAsRawText(ScriptEngine.java:119)
	at com.kms.katalon.core.main.TestCaseExecutor.runScript(TestCaseExecutor.java:448)
	at com.kms.katalon.core.main.TestCaseExecutor.doExecute(TestCaseExecutor.java:439)
	at com.kms.katalon.core.main.TestCaseExecutor.processExecutionPhase(TestCaseExecutor.java:418)
	at com.kms.katalon.core.main.TestCaseExecutor.accessMainPhase(TestCaseExecutor.java:410)
	at com.kms.katalon.core.main.TestCaseExecutor.execute(TestCaseExecutor.java:285)
	at com.kms.katalon.core.common.CommonExecutor.accessTestCaseMainPhase(CommonExecutor.java:65)
	at com.kms.katalon.core.main.TestSuiteExecutor.accessTestSuiteMainPhase(TestSuiteExecutor.java:148)
	at com.kms.katalon.core.main.TestSuiteExecutor.execute(TestSuiteExecutor.java:106)
	at com.kms.katalon.core.main.TestCaseMain.startTestSuite(TestCaseMain.java:187)
	at com.kms.katalon.core.main.TestCaseMain$startTestSuite$0.call(Unknown Source)
	at TempTestSuite1709617535782.run(TempTestSuite1709617535782.groovy:36)
"/>
         <system-out><![CDATA[2024-03-05 13:51:03 - [TEST_CASE][FAILED] - Test Cases/RETAILFX-SOW2 Market Order/SOW2- RETAILFX-1699 Stuff/SOW2 Staff- Dealt Amount 2 Less Than 10k: Test Cases/RETAILFX-SOW2 Market Order/SOW2- RETAILFX-1699 Stuff/SOW2 Staff- Dealt Amount 2 Less Than 10k FAILED.
Reason:
com.kms.katalon.core.exception.StepFailedException: Element 'Object Repository/General/android.widget.EditText _AmountReceived' not found
	at com.kms.katalon.core.keyword.internal.KeywordMain.stepFailed(KeywordMain.groovy:39)
	at com.kms.katalon.core.mobile.keyword.internal.MobileKeywordMain.stepFailed(MobileKeywordMain.groovy:40)
	at com.kms.katalon.core.mobile.keyword.builtin.VerifyElementExistKeyword$_verifyElementExist_closure1.doCall(VerifyElementExistKeyword.groovy:77)
	at com.kms.katalon.core.mobile.keyword.builtin.VerifyElementExistKeyword$_verifyElementExist_closure1.call(VerifyElementExistKeyword.groovy)
	at com.kms.katalon.core.mobile.keyword.internal.MobileKeywordMain.runKeyword(MobileKeywordMain.groovy:21)
	at com.kms.katalon.core.mobile.keyword.builtin.VerifyElementExistKeyword.verifyElementExist(VerifyElementExistKeyword.groovy:80)
	at com.kms.katalon.core.mobile.keyword.builtin.VerifyElementExistKeyword.execute(VerifyElementExistKeyword.groovy:64)
	at com.kms.katalon.core.keyword.internal.KeywordExecutor.executeKeywordForPlatform(KeywordExecutor.groovy:74)
	at com.kms.katalon.core.mobile.keyword.MobileBuiltInKeywords.verifyElementExist(MobileBuiltInKeywords.groovy:1739)
	at com.kms.katalon.core.mobile.keyword.MobileBuiltInKeywords$verifyElementExist$4.call(Unknown Source)
	at SOW2 Staff- Dealt Amount 2 Less Than 10k.run(SOW2 Staff- Dealt Amount 2 Less Than 10k:98)
	at com.kms.katalon.core.main.ScriptEngine.run(ScriptEngine.java:194)
	at com.kms.katalon.core.main.ScriptEngine.runScriptAsRawText(ScriptEngine.java:119)
	at com.kms.katalon.core.main.TestCaseExecutor.runScript(TestCaseExecutor.java:448)
	at com.kms.katalon.core.main.TestCaseExecutor.doExecute(TestCaseExecutor.java:439)
	at com.kms.katalon.core.main.TestCaseExecutor.processExecutionPhase(TestCaseExecutor.java:418)
	at com.kms.katalon.core.main.TestCaseExecutor.accessMainPhase(TestCaseExecutor.java:410)
	at com.kms.katalon.core.main.TestCaseExecutor.execute(TestCaseExecutor.java:285)
	at com.kms.katalon.core.common.CommonExecutor.accessTestCaseMainPhase(CommonExecutor.java:65)
	at com.kms.katalon.core.main.TestSuiteExecutor.accessTestSuiteMainPhase(TestSuiteExecutor.java:148)
	at com.kms.katalon.core.main.TestSuiteExecutor.execute(TestSuiteExecutor.java:106)
	at com.kms.katalon.core.main.TestCaseMain.startTestSuite(TestCaseMain.java:187)
	at com.kms.katalon.core.main.TestCaseMain$startTestSuite$0.call(Unknown Source)
	at TempTestSuite1709617535782.run(TempTestSuite1709617535782.groovy:36)


2024-03-05 13:51:03 - [TEST_STEP][PASSED] - startExistingApplication("com.maybank2u.life.uat"): Starting app with application ID: 'com.maybank2u.life.uat'

2024-03-05 13:51:03 - [MESSAGE][INFO] - User set preference: ['appWaitActivity', '']

2024-03-05 13:51:03 - [MESSAGE][INFO] - User set preference: ['autoGrantPermission', 'true']

2024-03-05 13:51:03 - [MESSAGE][INFO] - User set preference: ['noReset', 'true']

2024-03-05 13:51:03 - [MESSAGE][INFO] - User set preference: ['deviceId', '']

2024-03-05 13:51:03 - [MESSAGE][INFO] - User set preference: ['newCommandTimeout', '10000']

2024-03-05 13:51:10 - [MESSAGE][PASSED] - Starting app with application ID: 'com.maybank2u.life.uat'

2024-03-05 13:51:10 - [TEST_STEP][PASSED] - a = 5: null

2024-03-05 13:51:10 - [TEST_STEP][PASSED] - "Select G1A Account": null

2024-03-05 13:51:10 - [TEST_STEP][PASSED] - tap(findTestObject("Global Account Page/dynamicText", ["text":"Convert Currency"]), 0, CONTINUE_ON_FAILURE): Tapped on element 'Object Repository/Global Account Page/dynamicText'

2024-03-05 13:51:10 - [MESSAGE][WARNING] - Timeout '0' is invalid. Using default page load timeout: '30'

2024-03-05 13:51:12 - [MESSAGE][PASSED] - Tapped on element 'Object Repository/Global Account Page/dynamicText'

2024-03-05 13:51:12 - [TEST_STEP][PASSED] - checkLinkedDevice = Validation.checkElementExists("Object Repository/Market Order Page/android.widget.TextView - Enter your password"): Element 'Object Repository/Market Order Page/android.widget.TextView - Enter your password' not found

2024-03-05 13:51:42 - [MESSAGE][WARNING] - Element 'Object Repository/Market Order Page/android.widget.TextView - Enter your password' not found

2024-03-05 13:51:42 - [TEST_STEP][PASSED] - if (checkLinkedDevice == true): null

2024-03-05 13:51:42 - [TEST_STEP][PASSED] - else: null

2024-03-05 13:51:42 - [TEST_STEP][PASSED] - CONTINUE_ON_FAILURE: null

2024-03-05 13:51:42 - [TEST_STEP][PASSED] - delay(10): Delayed 10 second(s)

2024-03-05 13:51:52 - [MESSAGE][PASSED] - Delayed 10 second(s)

2024-03-05 13:51:52 - [TEST_STEP][PASSED] - tap(findTestObject("SOW2-Market Order/android.widget.TextView _EditText"), 0, CONTINUE_ON_FAILURE): Tapped on element 'Object Repository/SOW2-Market Order/android.widget.TextView _EditText'

2024-03-05 13:51:52 - [MESSAGE][WARNING] - Timeout '0' is invalid. Using default page load timeout: '30'

2024-03-05 13:51:52 - [MESSAGE][PASSED] - Tapped on element 'Object Repository/SOW2-Market Order/android.widget.TextView _EditText'

2024-03-05 13:51:52 - [TEST_STEP][PASSED] - digits = "500000": null

2024-03-05 13:51:52 - [TEST_STEP][PASSED] - Currency_Calculator.Currency_Numpad(digits): Tapped on element 'Object Repository/Calc_Pad/android.widget.Image'

2024-03-05 13:51:53 - [MESSAGE][PASSED] - Tapped on element 'Object Repository/Calc_Pad/android.widget.TextView - 5'

2024-03-05 13:51:54 - [MESSAGE][PASSED] - Tapped on element 'Object Repository/Calc_Pad/android.widget.TextView - 0'

2024-03-05 13:51:55 - [MESSAGE][PASSED] - Tapped on element 'Object Repository/Calc_Pad/android.widget.TextView - 0'

2024-03-05 13:51:56 - [MESSAGE][PASSED] - Tapped on element 'Object Repository/Calc_Pad/android.widget.TextView - 0'

2024-03-05 13:51:57 - [MESSAGE][PASSED] - Tapped on element 'Object Repository/Calc_Pad/android.widget.TextView - 0'

2024-03-05 13:51:57 - [MESSAGE][PASSED] - Tapped on element 'Object Repository/Calc_Pad/android.widget.TextView - 0'

2024-03-05 13:51:58 - [MESSAGE][PASSED] - Tapped on element 'Object Repository/Calc_Pad/android.widget.Image'

2024-03-05 13:51:58 - [TEST_STEP][PASSED] - utilities.Mobile_Keywords.sow2market_orderdropdown("USD", "USD - US Dollar"): utilities.Mobile_Keywords.sow2market_orderdropdown is PASSED

2024-03-05 13:51:58 - [MESSAGE][WARNING] - Timeout '0' is invalid. Using default page load timeout: '30'

2024-03-05 13:51:59 - [MESSAGE][PASSED] - Tapped on element 'Object Repository/SOW2-Market Order/Select_Currency Dropdown'

2024-03-05 13:51:59 - [MESSAGE][PASSED] - Element 'Object Repository/SOW2-Market Order/android.view.View - Select Currency' is present

2024-03-05 13:51:59 - [MESSAGE][PASSED] - Element 'Object Repository/SOW2-Market Order/android.view.View - Select Currency' is exist

2024-03-05 13:52:00 - [MESSAGE][PASSED] - Tapped on element 'Object Repository/SOW2-Market Order/android.widget.EditText_SearchCurrency'

2024-03-05 13:52:01 - [MESSAGE][PASSED] - Text 'USD' has been set to element 'Object Repository/SOW2-Market Order/android.widget.EditText_SearchCurrency'

2024-03-05 13:52:02 - [MESSAGE][PASSED] - Keyboard is hidden

2024-03-05 13:52:02 - [MESSAGE][PASSED] - Element 'Object Repository/Global Account Page/dynamicText' is exist

2024-03-05 13:52:02 - [MESSAGE][PASSED] - Tapped on element 'Object Repository/Global Account Page/dynamicText'

2024-03-05 13:52:02 - [MESSAGE][PASSED] - utilities.Mobile_Keywords.sow2market_orderdropdown is PASSED

2024-03-05 13:52:02 - [TEST_STEP][PASSED] - verifyElementExist(findTestObject("Global Account Page/dynamicText", ["text":"Exchange rate"]), 5, CONTINUE_ON_FAILURE): Element 'Object Repository/Global Account Page/dynamicText' is exist

2024-03-05 13:52:03 - [MESSAGE][PASSED] - Element 'Object Repository/Global Account Page/dynamicText' is exist

2024-03-05 13:52:03 - [TEST_STEP][PASSED] - currency_TextMsg = getText(findTestObject("General/android.widget.TextView _Conversion"), 5, CONTINUE_ON_FAILURE): Text of element 'Object Repository/General/android.widget.TextView _Conversion' is: 'USD 1 = MYR 4.7405'

2024-03-05 13:52:04 - [MESSAGE][PASSED] - Text of element 'Object Repository/General/android.widget.TextView _Conversion' is: 'USD 1 = MYR 4.7405'

2024-03-05 13:52:04 - [TEST_STEP][PASSED] - roundedNumber = Validation.staffConvertUSDToMYR(currency_TextMsg, 5000.00): null

2024-03-05 13:52:04 - [TEST_STEP][PASSED] - comment(roundedNumber): 1,054.74

2024-03-05 13:52:04 - [MESSAGE][INFO] - 1,054.74

2024-03-05 13:52:04 - [TEST_STEP][PASSED] - get_amount = getText(findTestObject("SOW2-Market Order/Amount_To_Received"), 0, CONTINUE_ON_FAILURE): Text of element 'Object Repository/SOW2-Market Order/Amount_To_Received' is: '1,054.74'

2024-03-05 13:52:04 - [MESSAGE][WARNING] - Timeout '0' is invalid. Using default page load timeout: '30'

2024-03-05 13:52:04 - [MESSAGE][PASSED] - Text of element 'Object Repository/SOW2-Market Order/Amount_To_Received' is: '1,054.74'

2024-03-05 13:52:04 - [TEST_STEP][PASSED] - takeScreenshot(): Screenshot is taken

2024-03-05 13:52:05 - [MESSAGE][PASSED] - Screenshot is taken
[[ATTACHMENT|/Users/00145409nuralianatasha/Desktop/automation_Retail_FX(public_git)/Reports/20240305_134535/SOW2/RETAILFX-1699 - Stuff (1)/20240305_134535/1709617924678.png]]

2024-03-05 13:52:05 - [TEST_STEP][PASSED] - tap(findTestObject("SOW2-Market Order/android.widget.EditText _Amount to Received"), 0, CONTINUE_ON_FAILURE): Tapped on element 'Object Repository/SOW2-Market Order/android.widget.EditText _Amount to Received'

2024-03-05 13:52:05 - [MESSAGE][WARNING] - Timeout '0' is invalid. Using default page load timeout: '30'

2024-03-05 13:52:05 - [MESSAGE][PASSED] - Tapped on element 'Object Repository/SOW2-Market Order/android.widget.EditText _Amount to Received'

2024-03-05 13:52:05 - [TEST_STEP][PASSED] - delay(10): Delayed 10 second(s)

2024-03-05 13:52:15 - [MESSAGE][PASSED] - Delayed 10 second(s)

2024-03-05 13:52:15 - [TEST_STEP][PASSED] - digits2 = "500000": null

2024-03-05 13:52:15 - [TEST_STEP][PASSED] - Currency_Calculator.remove_Amount(get_amount): Delayed 1 second(s)

2024-03-05 13:52:20 - [MESSAGE][WARNING] - Object Object Repository/SOW2-Market Order/Remove_amount not found

2024-03-05 13:52:21 - [MESSAGE][PASSED] - Delayed 1 second(s)

2024-03-05 13:52:26 - [MESSAGE][WARNING] - Object Object Repository/SOW2-Market Order/Remove_amount not found

2024-03-05 13:52:27 - [MESSAGE][PASSED] - Delayed 1 second(s)

2024-03-05 13:52:32 - [MESSAGE][WARNING] - Object Object Repository/SOW2-Market Order/Remove_amount not found

2024-03-05 13:52:33 - [MESSAGE][PASSED] - Delayed 1 second(s)

2024-03-05 13:52:38 - [MESSAGE][WARNING] - Object Object Repository/SOW2-Market Order/Remove_amount not found

2024-03-05 13:52:39 - [MESSAGE][PASSED] - Delayed 1 second(s)

2024-03-05 13:52:45 - [MESSAGE][WARNING] - Object Object Repository/SOW2-Market Order/Remove_amount not found

2024-03-05 13:52:46 - [MESSAGE][PASSED] - Delayed 1 second(s)

2024-03-05 13:52:51 - [MESSAGE][WARNING] - Object Object Repository/SOW2-Market Order/Remove_amount not found

2024-03-05 13:52:52 - [MESSAGE][PASSED] - Delayed 1 second(s)

2024-03-05 13:52:58 - [MESSAGE][WARNING] - Object Object Repository/SOW2-Market Order/Remove_amount not found

2024-03-05 13:52:59 - [MESSAGE][PASSED] - Delayed 1 second(s)

2024-03-05 13:53:04 - [MESSAGE][WARNING] - Object Object Repository/SOW2-Market Order/Remove_amount not found

2024-03-05 13:53:05 - [MESSAGE][PASSED] - Delayed 1 second(s)

2024-03-05 13:53:05 - [TEST_STEP][PASSED] - delay(10): Delayed 10 second(s)

2024-03-05 13:53:15 - [MESSAGE][PASSED] - Delayed 10 second(s)

2024-03-05 13:53:15 - [TEST_STEP][PASSED] - Currency_Calculator.Currency_Numpad(digits2): Object Object Repository/Calc_Pad/android.widget.Image not found

2024-03-05 13:53:20 - [MESSAGE][WARNING] - Object Object Repository/Calc_Pad/android.widget.TextView - 5 not found

2024-03-05 13:53:25 - [MESSAGE][WARNING] - Object Object Repository/Calc_Pad/android.widget.TextView - 0 not found

2024-03-05 13:53:30 - [MESSAGE][WARNING] - Object Object Repository/Calc_Pad/android.widget.TextView - 0 not found

2024-03-05 13:53:35 - [MESSAGE][WARNING] - Object Object Repository/Calc_Pad/android.widget.TextView - 0 not found

2024-03-05 13:53:40 - [MESSAGE][WARNING] - Object Object Repository/Calc_Pad/android.widget.TextView - 0 not found

2024-03-05 13:53:46 - [MESSAGE][WARNING] - Object Object Repository/Calc_Pad/android.widget.TextView - 0 not found

2024-03-05 13:53:51 - [MESSAGE][WARNING] - Object Object Repository/Calc_Pad/android.widget.Image not found

2024-03-05 13:53:51 - [TEST_STEP][PASSED] - currency_TextMsg2 = getText(findTestObject("General/android.widget.TextView _Conversion"), 5, CONTINUE_ON_FAILURE): Text of element 'Object Repository/General/android.widget.TextView _Conversion' is: 'USD 1 = MYR 4.7405'

2024-03-05 13:53:51 - [MESSAGE][PASSED] - Text of element 'Object Repository/General/android.widget.TextView _Conversion' is: 'USD 1 = MYR 4.7405'

2024-03-05 13:53:51 - [TEST_STEP][PASSED] - roundedNumber2 = Validation.staffConvertMYRtoUSD(currency_TextMsg2, 10.00): null

2024-03-05 13:53:51 - [TEST_STEP][PASSED] - println("Print out roundedNumber2" + roundedNumber2): null

2024-03-05 13:53:51 - [TEST_STEP][FAILED] - verifyElementExist(findTestObject("General/android.widget.EditText _AmountReceived", ["text":roundedNumber2]), 5, CONTINUE_ON_FAILURE): Element 'Object Repository/General/android.widget.EditText _AmountReceived' not found

2024-03-05 13:53:56 - [MESSAGE][FAILED] - Element 'Object Repository/General/android.widget.EditText _AmountReceived' not found

2024-03-05 13:53:56 - [TEST_STEP][PASSED] - takeScreenshot(): Screenshot is taken

2024-03-05 13:53:56 - [MESSAGE][PASSED] - Screenshot is taken
[[ATTACHMENT|/Users/00145409nuralianatasha/Desktop/automation_Retail_FX(public_git)/Reports/20240305_134535/SOW2/RETAILFX-1699 - Stuff (1)/20240305_134535/1709618036520.png]]

2024-03-05 13:53:57 - [TEST_STEP][PASSED] - tap(findTestObject("SOW2-Market Order/android.widget.Dynamic_Button", ["text":"Next"]), 5, CONTINUE_ON_FAILURE): Tapped on element 'Object Repository/SOW2-Market Order/android.widget.Dynamic_Button'

2024-03-05 13:53:57 - [MESSAGE][PASSED] - Tapped on element 'Object Repository/SOW2-Market Order/android.widget.Dynamic_Button'

2024-03-05 13:53:57 - [TEST_STEP][PASSED] - waitForElementPresent(findTestObject("Global Account Page/dynamicText", ["text":"Step 2 of 2"]), 5, CONTINUE_ON_FAILURE): Element 'Object Repository/Global Account Page/dynamicText' is present

2024-03-05 13:53:58 - [MESSAGE][PASSED] - Element 'Object Repository/Global Account Page/dynamicText' is present

2024-03-05 13:53:58 - [TEST_STEP][PASSED] - takeScreenshot(): Screenshot is taken

2024-03-05 13:53:58 - [MESSAGE][PASSED] - Screenshot is taken
[[ATTACHMENT|/Users/00145409nuralianatasha/Desktop/automation_Retail_FX(public_git)/Reports/20240305_134535/SOW2/RETAILFX-1699 - Stuff (1)/20240305_134535/1709618038113.png]]

2024-03-05 13:53:58 - [TEST_STEP][PASSED] - tap(findTestObject("SOW2-Market Order/android.widget.Dynamic_Button", ["text":"Get Quote"]), 5, CONTINUE_ON_FAILURE): Tapped on element 'Object Repository/SOW2-Market Order/android.widget.Dynamic_Button'

2024-03-05 13:53:58 - [MESSAGE][PASSED] - Tapped on element 'Object Repository/SOW2-Market Order/android.widget.Dynamic_Button'

2024-03-05 13:53:58 - [TEST_STEP][PASSED] - waitForElementPresent(findTestObject("Global Account Page/dynamicText", ["text":"Confirmation"]), 5, CONTINUE_ON_FAILURE): Element 'Object Repository/Global Account Page/dynamicText' is present

2024-03-05 13:54:00 - [MESSAGE][PASSED] - Element 'Object Repository/Global Account Page/dynamicText' is present

2024-03-05 13:54:00 - [TEST_STEP][PASSED] - currency_TextMsg3 = getText(findTestObject("General/android.widget.TextView _Conversion"), 0, CONTINUE_ON_FAILURE): Text of element 'Object Repository/General/android.widget.TextView _Conversion' is: 'USD 1 = MYR 4.7405'

2024-03-05 13:54:00 - [MESSAGE][WARNING] - Timeout '0' is invalid. Using default page load timeout: '30'

2024-03-05 13:54:00 - [MESSAGE][PASSED] - Text of element 'Object Repository/General/android.widget.TextView _Conversion' is: 'USD 1 = MYR 4.7405'

2024-03-05 13:54:00 - [TEST_STEP][PASSED] - roundedNumber3 = Validation.staffConvertMYRtoUSD(currency_TextMsg3, 10.00): null

2024-03-05 13:54:00 - [TEST_STEP][PASSED] - comment(roundedNumber3): 47.41

2024-03-05 13:54:00 - [MESSAGE][INFO] - 47.41

2024-03-05 13:54:00 - [TEST_STEP][FAILED] - verifyElementExist(findTestObject("Global Account Page/dynamicText", ["text":"I have read and agree to the BNM Foreign Exchange Rules, I accept the declaration as well as the Terms & Conditions for this transfer."]), 5, CONTINUE_ON_FAILURE): Element 'Object Repository/Global Account Page/dynamicText' not found

2024-03-05 13:54:05 - [MESSAGE][FAILED] - Element 'Object Repository/Global Account Page/dynamicText' not found

2024-03-05 13:54:05 - [TEST_STEP][PASSED] - takeScreenshot(CONTINUE_ON_FAILURE): Screenshot is taken

2024-03-05 13:54:05 - [MESSAGE][PASSED] - Screenshot is taken
[[ATTACHMENT|/Users/00145409nuralianatasha/Desktop/automation_Retail_FX(public_git)/Reports/20240305_134535/SOW2/RETAILFX-1699 - Stuff (1)/20240305_134535/1709618045258.png]]

2024-03-05 13:54:05 - [TEST_STEP][PASSED] - tap(findTestObject("SOW2-Market Order/android.view.View - I have read and agree to the BNM Foreign Exchange Rules, I accept the declaration as well as the Terms  Conditions for this transfer"), 0, CONTINUE_ON_FAILURE): Tapped on element 'Object Repository/SOW2-Market Order/android.view.View - I have read and agree to the BNM Foreign Exchange Rules, I accept the declaration as well as the Terms  Conditions for this transfer'

2024-03-05 13:54:05 - [MESSAGE][WARNING] - Timeout '0' is invalid. Using default page load timeout: '30'

2024-03-05 13:54:06 - [MESSAGE][PASSED] - Tapped on element 'Object Repository/SOW2-Market Order/android.view.View - I have read and agree to the BNM Foreign Exchange Rules, I accept the declaration as well as the Terms  Conditions for this transfer'

2024-03-05 13:54:06 - [TEST_STEP][PASSED] - utilities.Mobile_Keywords.scrollFromTopToBottom(): utilities.Mobile_Keywords.scrollFromTopToBottom is PASSED

2024-03-05 13:54:07 - [MESSAGE][PASSED] - Current device physical height is 2138

2024-03-05 13:54:07 - [MESSAGE][PASSED] - Current device physical width is 1080

2024-03-05 13:54:08 - [MESSAGE][PASSED] - Swiped from 540,1,496 to 540,641

2024-03-05 13:54:13 - [MESSAGE][PASSED] - Delayed 5 second(s)

2024-03-05 13:54:13 - [MESSAGE][PASSED] - utilities.Mobile_Keywords.scrollFromTopToBottom is PASSED

2024-03-05 13:54:13 - [TEST_STEP][PASSED] - tap(findTestObject("SOW2-Market Order/android.widget.Dynamic_Button", ["text":"Confirm"]), 0, CONTINUE_ON_FAILURE): Tapped on element 'Object Repository/SOW2-Market Order/android.widget.Dynamic_Button'

2024-03-05 13:54:13 - [MESSAGE][WARNING] - Timeout '0' is invalid. Using default page load timeout: '30'

2024-03-05 13:54:14 - [MESSAGE][PASSED] - Tapped on element 'Object Repository/SOW2-Market Order/android.widget.Dynamic_Button'

2024-03-05 13:54:14 - [TEST_STEP][PASSED] - waitForElementPresent(findTestObject("Global Account Page/dynamicText", ["text":"Transaction Successful"]), 5, CONTINUE_ON_FAILURE): Element 'Object Repository/Global Account Page/dynamicText' is present

2024-03-05 13:54:18 - [MESSAGE][PASSED] - Element 'Object Repository/Global Account Page/dynamicText' is present

2024-03-05 13:54:18 - [TEST_STEP][PASSED] - verifyElementExist(findTestObject("Global Account Page/dynamicText", ["text":"Transaction Successful"]), 5, CONTINUE_ON_FAILURE): Element 'Object Repository/Global Account Page/dynamicText' is exist

2024-03-05 13:54:18 - [MESSAGE][PASSED] - Element 'Object Repository/Global Account Page/dynamicText' is exist

2024-03-05 13:54:18 - [TEST_STEP][PASSED] - reference_id = getText(findTestObject("Market Order Page/android.widget.TextView - Reference ID"), 5, CONTINUE_ON_FAILURE): Text of element 'Object Repository/Market Order Page/android.widget.TextView - Reference ID' is: '004137254M'

2024-03-05 13:54:18 - [MESSAGE][PASSED] - Text of element 'Object Repository/Market Order Page/android.widget.TextView - Reference ID' is: '004137254M'

2024-03-05 13:54:18 - [TEST_STEP][PASSED] - verifyElementExist(findTestObject("Global Account Page/dynamicText", ["text":"Order ID"]), 5, CONTINUE_ON_FAILURE): Element 'Object Repository/Global Account Page/dynamicText' is exist

2024-03-05 13:54:18 - [MESSAGE][PASSED] - Element 'Object Repository/Global Account Page/dynamicText' is exist

2024-03-05 13:54:18 - [TEST_STEP][PASSED] - comment(reference_id): 004137254M

2024-03-05 13:54:18 - [MESSAGE][INFO] - 004137254M

2024-03-05 13:54:18 - [TEST_STEP][PASSED] - takeScreenshot(CONTINUE_ON_FAILURE): Screenshot is taken

2024-03-05 13:54:19 - [MESSAGE][PASSED] - Screenshot is taken
[[ATTACHMENT|/Users/00145409nuralianatasha/Desktop/automation_Retail_FX(public_git)/Reports/20240305_134535/SOW2/RETAILFX-1699 - Stuff (1)/20240305_134535/1709618058875.png]]

2024-03-05 13:54:19 - [TEST_STEP][PASSED] - tap(findTestObject("Global Account Page/dynamicText", ["text":"Share Receipt"]), 0, CONTINUE_ON_FAILURE): Tapped on element 'Object Repository/Global Account Page/dynamicText'

2024-03-05 13:54:19 - [MESSAGE][WARNING] - Timeout '0' is invalid. Using default page load timeout: '30'

2024-03-05 13:54:19 - [MESSAGE][PASSED] - Tapped on element 'Object Repository/Global Account Page/dynamicText'

2024-03-05 13:54:19 - [TEST_STEP][PASSED] - delay(5): Delayed 5 second(s)

2024-03-05 13:54:24 - [MESSAGE][PASSED] - Delayed 5 second(s)

2024-03-05 13:54:24 - [TEST_STEP][PASSED] - waitForElementPresent(findTestObject("Global Account Page/dynamicText", ["text":"Currency Exchange"]), 10, CONTINUE_ON_FAILURE): Element 'Object Repository/Global Account Page/dynamicText' is present

2024-03-05 13:54:24 - [MESSAGE][PASSED] - Element 'Object Repository/Global Account Page/dynamicText' is present

2024-03-05 13:54:24 - [TEST_STEP][PASSED] - delay(5): Delayed 5 second(s)

2024-03-05 13:54:29 - [MESSAGE][PASSED] - Delayed 5 second(s)

2024-03-05 13:54:29 - [TEST_STEP][PASSED] - verifyElementExist(findTestObject("Global Account Page/dynamicText", ["text":"Completed"]), 5, CONTINUE_ON_FAILURE): Element 'Object Repository/Global Account Page/dynamicText' is exist

2024-03-05 13:54:29 - [MESSAGE][PASSED] - Element 'Object Repository/Global Account Page/dynamicText' is exist

2024-03-05 13:54:29 - [TEST_STEP][PASSED] - takeScreenshot(): Screenshot is taken

2024-03-05 13:54:30 - [MESSAGE][PASSED] - Screenshot is taken
[[ATTACHMENT|/Users/00145409nuralianatasha/Desktop/automation_Retail_FX(public_git)/Reports/20240305_134535/SOW2/RETAILFX-1699 - Stuff (1)/20240305_134535/1709618069803.png]]

2024-03-05 13:54:30 - [TEST_STEP][PASSED] - tap(findTestObject("Market Order Page/android.widget.ImageViewBack_Button"), 0, CONTINUE_ON_FAILURE): Tapped on element 'Object Repository/Market Order Page/android.widget.ImageViewBack_Button'

2024-03-05 13:54:30 - [MESSAGE][WARNING] - Timeout '0' is invalid. Using default page load timeout: '30'

2024-03-05 13:54:30 - [MESSAGE][PASSED] - Tapped on element 'Object Repository/Market Order Page/android.widget.ImageViewBack_Button'

2024-03-05 13:54:30 - [TEST_STEP][PASSED] - waitForElementPresent(findTestObject("Global Account Page/dynamicText", ["text":"Transaction Successful"]), 5, CONTINUE_ON_FAILURE): Element 'Object Repository/Global Account Page/dynamicText' is present

2024-03-05 13:54:31 - [MESSAGE][PASSED] - Element 'Object Repository/Global Account Page/dynamicText' is present

2024-03-05 13:54:31 - [TEST_STEP][PASSED] - verifyElementExist(findTestObject("Global Account Page/dynamicText", ["text":"Transaction Successful"]), 5, CONTINUE_ON_FAILURE): Element 'Object Repository/Global Account Page/dynamicText' is exist

2024-03-05 13:54:31 - [MESSAGE][PASSED] - Element 'Object Repository/Global Account Page/dynamicText' is exist

2024-03-05 13:54:31 - [TEST_STEP][PASSED] - takeScreenshot(): Screenshot is taken

2024-03-05 13:54:32 - [MESSAGE][PASSED] - Screenshot is taken
[[ATTACHMENT|/Users/00145409nuralianatasha/Desktop/automation_Retail_FX(public_git)/Reports/20240305_134535/SOW2/RETAILFX-1699 - Stuff (1)/20240305_134535/1709618071646.png]]

2024-03-05 13:54:32 - [TEST_STEP][PASSED] - tap(findTestObject("Global Account Page/dynamicText", ["text":"Done"]), 5, CONTINUE_ON_FAILURE): Tapped on element 'Object Repository/Global Account Page/dynamicText'

2024-03-05 13:54:32 - [MESSAGE][PASSED] - Tapped on element 'Object Repository/Global Account Page/dynamicText']]></system-out>
         <system-err><![CDATA[2024-03-05 13:51:03 - [TEST_CASE][FAILED] - Test Cases/RETAILFX-SOW2 Market Order/SOW2- RETAILFX-1699 Stuff/SOW2 Staff- Dealt Amount 2 Less Than 10k: Test Cases/RETAILFX-SOW2 Market Order/SOW2- RETAILFX-1699 Stuff/SOW2 Staff- Dealt Amount 2 Less Than 10k FAILED.
Reason:
com.kms.katalon.core.exception.StepFailedException: Element 'Object Repository/General/android.widget.EditText _AmountReceived' not found
	at com.kms.katalon.core.keyword.internal.KeywordMain.stepFailed(KeywordMain.groovy:39)
	at com.kms.katalon.core.mobile.keyword.internal.MobileKeywordMain.stepFailed(MobileKeywordMain.groovy:40)
	at com.kms.katalon.core.mobile.keyword.builtin.VerifyElementExistKeyword$_verifyElementExist_closure1.doCall(VerifyElementExistKeyword.groovy:77)
	at com.kms.katalon.core.mobile.keyword.builtin.VerifyElementExistKeyword$_verifyElementExist_closure1.call(VerifyElementExistKeyword.groovy)
	at com.kms.katalon.core.mobile.keyword.internal.MobileKeywordMain.runKeyword(MobileKeywordMain.groovy:21)
	at com.kms.katalon.core.mobile.keyword.builtin.VerifyElementExistKeyword.verifyElementExist(VerifyElementExistKeyword.groovy:80)
	at com.kms.katalon.core.mobile.keyword.builtin.VerifyElementExistKeyword.execute(VerifyElementExistKeyword.groovy:64)
	at com.kms.katalon.core.keyword.internal.KeywordExecutor.executeKeywordForPlatform(KeywordExecutor.groovy:74)
	at com.kms.katalon.core.mobile.keyword.MobileBuiltInKeywords.verifyElementExist(MobileBuiltInKeywords.groovy:1739)
	at com.kms.katalon.core.mobile.keyword.MobileBuiltInKeywords$verifyElementExist$4.call(Unknown Source)
	at SOW2 Staff- Dealt Amount 2 Less Than 10k.run(SOW2 Staff- Dealt Amount 2 Less Than 10k:98)
	at com.kms.katalon.core.main.ScriptEngine.run(ScriptEngine.java:194)
	at com.kms.katalon.core.main.ScriptEngine.runScriptAsRawText(ScriptEngine.java:119)
	at com.kms.katalon.core.main.TestCaseExecutor.runScript(TestCaseExecutor.java:448)
	at com.kms.katalon.core.main.TestCaseExecutor.doExecute(TestCaseExecutor.java:439)
	at com.kms.katalon.core.main.TestCaseExecutor.processExecutionPhase(TestCaseExecutor.java:418)
	at com.kms.katalon.core.main.TestCaseExecutor.accessMainPhase(TestCaseExecutor.java:410)
	at com.kms.katalon.core.main.TestCaseExecutor.execute(TestCaseExecutor.java:285)
	at com.kms.katalon.core.common.CommonExecutor.accessTestCaseMainPhase(CommonExecutor.java:65)
	at com.kms.katalon.core.main.TestSuiteExecutor.accessTestSuiteMainPhase(TestSuiteExecutor.java:148)
	at com.kms.katalon.core.main.TestSuiteExecutor.execute(TestSuiteExecutor.java:106)
	at com.kms.katalon.core.main.TestCaseMain.startTestSuite(TestCaseMain.java:187)
	at com.kms.katalon.core.main.TestCaseMain$startTestSuite$0.call(Unknown Source)
	at TempTestSuite1709617535782.run(TempTestSuite1709617535782.groovy:36)]]></system-err>
      </testcase>
      <testcase name="Test Cases/RETAILFX-SOW2 Market Order/SOW2- RETAILFX-1699 Stuff/SOW2 Staff - Dealt Amount 2 More Than 10K" time="218.874" classname="Test Cases/RETAILFX-SOW2 Market Order/SOW2- RETAILFX-1699 Stuff/SOW2 Staff - Dealt Amount 2 More Than 10K" status="FAILED">
         <failure type="FAILED" message="Test Cases/RETAILFX-SOW2 Market Order/SOW2- RETAILFX-1699 Stuff/SOW2 Staff - Dealt Amount 2 More Than 10K FAILED.
Reason:
com.kms.katalon.core.exception.StepFailedException: Element 'Object Repository/General/android.widget.EditText _AmountReceived' not found
	at com.kms.katalon.core.keyword.internal.KeywordMain.stepFailed(KeywordMain.groovy:39)
	at com.kms.katalon.core.mobile.keyword.internal.MobileKeywordMain.stepFailed(MobileKeywordMain.groovy:40)
	at com.kms.katalon.core.mobile.keyword.builtin.VerifyElementExistKeyword$_verifyElementExist_closure1.doCall(VerifyElementExistKeyword.groovy:77)
	at com.kms.katalon.core.mobile.keyword.builtin.VerifyElementExistKeyword$_verifyElementExist_closure1.call(VerifyElementExistKeyword.groovy)
	at com.kms.katalon.core.mobile.keyword.internal.MobileKeywordMain.runKeyword(MobileKeywordMain.groovy:21)
	at com.kms.katalon.core.mobile.keyword.builtin.VerifyElementExistKeyword.verifyElementExist(VerifyElementExistKeyword.groovy:80)
	at com.kms.katalon.core.mobile.keyword.builtin.VerifyElementExistKeyword.execute(VerifyElementExistKeyword.groovy:64)
	at com.kms.katalon.core.keyword.internal.KeywordExecutor.executeKeywordForPlatform(KeywordExecutor.groovy:74)
	at com.kms.katalon.core.mobile.keyword.MobileBuiltInKeywords.verifyElementExist(MobileBuiltInKeywords.groovy:1739)
	at com.kms.katalon.core.mobile.keyword.MobileBuiltInKeywords$verifyElementExist$4.call(Unknown Source)
	at SOW2 Staff - Dealt Amount 2 More Than 10K.run(SOW2 Staff - Dealt Amount 2 More Than 10K:95)
	at com.kms.katalon.core.main.ScriptEngine.run(ScriptEngine.java:194)
	at com.kms.katalon.core.main.ScriptEngine.runScriptAsRawText(ScriptEngine.java:119)
	at com.kms.katalon.core.main.TestCaseExecutor.runScript(TestCaseExecutor.java:448)
	at com.kms.katalon.core.main.TestCaseExecutor.doExecute(TestCaseExecutor.java:439)
	at com.kms.katalon.core.main.TestCaseExecutor.processExecutionPhase(TestCaseExecutor.java:418)
	at com.kms.katalon.core.main.TestCaseExecutor.accessMainPhase(TestCaseExecutor.java:410)
	at com.kms.katalon.core.main.TestCaseExecutor.execute(TestCaseExecutor.java:285)
	at com.kms.katalon.core.common.CommonExecutor.accessTestCaseMainPhase(CommonExecutor.java:65)
	at com.kms.katalon.core.main.TestSuiteExecutor.accessTestSuiteMainPhase(TestSuiteExecutor.java:148)
	at com.kms.katalon.core.main.TestSuiteExecutor.execute(TestSuiteExecutor.java:106)
	at com.kms.katalon.core.main.TestCaseMain.startTestSuite(TestCaseMain.java:187)
	at com.kms.katalon.core.main.TestCaseMain$startTestSuite$0.call(Unknown Source)
	at TempTestSuite1709617535782.run(TempTestSuite1709617535782.groovy:36)
"/>
         <system-out><![CDATA[2024-03-05 13:54:32 - [TEST_CASE][FAILED] - Test Cases/RETAILFX-SOW2 Market Order/SOW2- RETAILFX-1699 Stuff/SOW2 Staff - Dealt Amount 2 More Than 10K: Test Cases/RETAILFX-SOW2 Market Order/SOW2- RETAILFX-1699 Stuff/SOW2 Staff - Dealt Amount 2 More Than 10K FAILED.
Reason:
com.kms.katalon.core.exception.StepFailedException: Element 'Object Repository/General/android.widget.EditText _AmountReceived' not found
	at com.kms.katalon.core.keyword.internal.KeywordMain.stepFailed(KeywordMain.groovy:39)
	at com.kms.katalon.core.mobile.keyword.internal.MobileKeywordMain.stepFailed(MobileKeywordMain.groovy:40)
	at com.kms.katalon.core.mobile.keyword.builtin.VerifyElementExistKeyword$_verifyElementExist_closure1.doCall(VerifyElementExistKeyword.groovy:77)
	at com.kms.katalon.core.mobile.keyword.builtin.VerifyElementExistKeyword$_verifyElementExist_closure1.call(VerifyElementExistKeyword.groovy)
	at com.kms.katalon.core.mobile.keyword.internal.MobileKeywordMain.runKeyword(MobileKeywordMain.groovy:21)
	at com.kms.katalon.core.mobile.keyword.builtin.VerifyElementExistKeyword.verifyElementExist(VerifyElementExistKeyword.groovy:80)
	at com.kms.katalon.core.mobile.keyword.builtin.VerifyElementExistKeyword.execute(VerifyElementExistKeyword.groovy:64)
	at com.kms.katalon.core.keyword.internal.KeywordExecutor.executeKeywordForPlatform(KeywordExecutor.groovy:74)
	at com.kms.katalon.core.mobile.keyword.MobileBuiltInKeywords.verifyElementExist(MobileBuiltInKeywords.groovy:1739)
	at com.kms.katalon.core.mobile.keyword.MobileBuiltInKeywords$verifyElementExist$4.call(Unknown Source)
	at SOW2 Staff - Dealt Amount 2 More Than 10K.run(SOW2 Staff - Dealt Amount 2 More Than 10K:95)
	at com.kms.katalon.core.main.ScriptEngine.run(ScriptEngine.java:194)
	at com.kms.katalon.core.main.ScriptEngine.runScriptAsRawText(ScriptEngine.java:119)
	at com.kms.katalon.core.main.TestCaseExecutor.runScript(TestCaseExecutor.java:448)
	at com.kms.katalon.core.main.TestCaseExecutor.doExecute(TestCaseExecutor.java:439)
	at com.kms.katalon.core.main.TestCaseExecutor.processExecutionPhase(TestCaseExecutor.java:418)
	at com.kms.katalon.core.main.TestCaseExecutor.accessMainPhase(TestCaseExecutor.java:410)
	at com.kms.katalon.core.main.TestCaseExecutor.execute(TestCaseExecutor.java:285)
	at com.kms.katalon.core.common.CommonExecutor.accessTestCaseMainPhase(CommonExecutor.java:65)
	at com.kms.katalon.core.main.TestSuiteExecutor.accessTestSuiteMainPhase(TestSuiteExecutor.java:148)
	at com.kms.katalon.core.main.TestSuiteExecutor.execute(TestSuiteExecutor.java:106)
	at com.kms.katalon.core.main.TestCaseMain.startTestSuite(TestCaseMain.java:187)
	at com.kms.katalon.core.main.TestCaseMain$startTestSuite$0.call(Unknown Source)
	at TempTestSuite1709617535782.run(TempTestSuite1709617535782.groovy:36)


2024-03-05 13:54:32 - [TEST_STEP][PASSED] - startExistingApplication("com.maybank2u.life.uat"): Starting app with application ID: 'com.maybank2u.life.uat'

2024-03-05 13:54:32 - [MESSAGE][INFO] - User set preference: ['appWaitActivity', '']

2024-03-05 13:54:32 - [MESSAGE][INFO] - User set preference: ['autoGrantPermission', 'true']

2024-03-05 13:54:32 - [MESSAGE][INFO] - User set preference: ['noReset', 'true']

2024-03-05 13:54:32 - [MESSAGE][INFO] - User set preference: ['deviceId', '']

2024-03-05 13:54:32 - [MESSAGE][INFO] - User set preference: ['newCommandTimeout', '10000']

2024-03-05 13:54:39 - [MESSAGE][PASSED] - Starting app with application ID: 'com.maybank2u.life.uat'

2024-03-05 13:54:39 - [TEST_STEP][PASSED] - a = 5: null

2024-03-05 13:54:39 - [TEST_STEP][PASSED] - tap(findTestObject("Global Account Page/dynamicText", ["text":"Convert Currency"]), 0, CONTINUE_ON_FAILURE): Tapped on element 'Object Repository/Global Account Page/dynamicText'

2024-03-05 13:54:39 - [MESSAGE][WARNING] - Timeout '0' is invalid. Using default page load timeout: '30'

2024-03-05 13:54:40 - [MESSAGE][PASSED] - Tapped on element 'Object Repository/Global Account Page/dynamicText'

2024-03-05 13:54:40 - [TEST_STEP][PASSED] - checkLinkedDevice = Validation.checkElementExists("Object Repository/Market Order Page/android.widget.TextView - Enter your password"): Element 'Object Repository/Market Order Page/android.widget.TextView - Enter your password' not found

2024-03-05 13:55:10 - [MESSAGE][WARNING] - Element 'Object Repository/Market Order Page/android.widget.TextView - Enter your password' not found

2024-03-05 13:55:10 - [TEST_STEP][PASSED] - if (checkLinkedDevice == true): null

2024-03-05 13:55:10 - [TEST_STEP][PASSED] - else: null

2024-03-05 13:55:10 - [TEST_STEP][PASSED] - CONTINUE_ON_FAILURE: null

2024-03-05 13:55:10 - [TEST_STEP][PASSED] - delay(10): Delayed 10 second(s)

2024-03-05 13:55:20 - [MESSAGE][PASSED] - Delayed 10 second(s)

2024-03-05 13:55:20 - [TEST_STEP][PASSED] - tap(findTestObject("SOW2-Market Order/android.widget.TextView _EditText"), 0, CONTINUE_ON_FAILURE): Tapped on element 'Object Repository/SOW2-Market Order/android.widget.TextView _EditText'

2024-03-05 13:55:20 - [MESSAGE][WARNING] - Timeout '0' is invalid. Using default page load timeout: '30'

2024-03-05 13:55:20 - [MESSAGE][PASSED] - Tapped on element 'Object Repository/SOW2-Market Order/android.widget.TextView _EditText'

2024-03-05 13:55:20 - [TEST_STEP][PASSED] - digits = "1100000": null

2024-03-05 13:55:20 - [TEST_STEP][PASSED] - Currency_Calculator.Currency_Numpad(digits): Tapped on element 'Object Repository/Calc_Pad/android.widget.Image'

2024-03-05 13:55:22 - [MESSAGE][PASSED] - Tapped on element 'Object Repository/Calc_Pad/android.widget.TextView - 1'

2024-03-05 13:55:23 - [MESSAGE][PASSED] - Tapped on element 'Object Repository/Calc_Pad/android.widget.TextView - 1'

2024-03-05 13:55:24 - [MESSAGE][PASSED] - Tapped on element 'Object Repository/Calc_Pad/android.widget.TextView - 0'

2024-03-05 13:55:25 - [MESSAGE][PASSED] - Tapped on element 'Object Repository/Calc_Pad/android.widget.TextView - 0'

2024-03-05 13:55:25 - [MESSAGE][PASSED] - Tapped on element 'Object Repository/Calc_Pad/android.widget.TextView - 0'

2024-03-05 13:55:26 - [MESSAGE][PASSED] - Tapped on element 'Object Repository/Calc_Pad/android.widget.TextView - 0'

2024-03-05 13:55:27 - [MESSAGE][PASSED] - Tapped on element 'Object Repository/Calc_Pad/android.widget.TextView - 0'

2024-03-05 13:55:27 - [MESSAGE][PASSED] - Tapped on element 'Object Repository/Calc_Pad/android.widget.Image'

2024-03-05 13:55:27 - [TEST_STEP][PASSED] - utilities.Mobile_Keywords.sow2market_orderdropdown("USD", "USD - US Dollar"): utilities.Mobile_Keywords.sow2market_orderdropdown is PASSED

2024-03-05 13:55:27 - [MESSAGE][WARNING] - Timeout '0' is invalid. Using default page load timeout: '30'

2024-03-05 13:55:28 - [MESSAGE][PASSED] - Tapped on element 'Object Repository/SOW2-Market Order/Select_Currency Dropdown'

2024-03-05 13:55:29 - [MESSAGE][PASSED] - Element 'Object Repository/SOW2-Market Order/android.view.View - Select Currency' is present

2024-03-05 13:55:29 - [MESSAGE][PASSED] - Element 'Object Repository/SOW2-Market Order/android.view.View - Select Currency' is exist

2024-03-05 13:55:29 - [MESSAGE][PASSED] - Tapped on element 'Object Repository/SOW2-Market Order/android.widget.EditText_SearchCurrency'

2024-03-05 13:55:30 - [MESSAGE][PASSED] - Text 'USD' has been set to element 'Object Repository/SOW2-Market Order/android.widget.EditText_SearchCurrency'

2024-03-05 13:55:31 - [MESSAGE][PASSED] - Keyboard is hidden

2024-03-05 13:55:32 - [MESSAGE][PASSED] - Element 'Object Repository/Global Account Page/dynamicText' is exist

2024-03-05 13:55:32 - [MESSAGE][PASSED] - Tapped on element 'Object Repository/Global Account Page/dynamicText'

2024-03-05 13:55:32 - [MESSAGE][PASSED] - utilities.Mobile_Keywords.sow2market_orderdropdown is PASSED

2024-03-05 13:55:32 - [TEST_STEP][PASSED] - verifyElementExist(findTestObject("Global Account Page/dynamicText", ["text":"Exchange rate"]), 5, CONTINUE_ON_FAILURE): Element 'Object Repository/Global Account Page/dynamicText' is exist

2024-03-05 13:55:33 - [MESSAGE][PASSED] - Element 'Object Repository/Global Account Page/dynamicText' is exist

2024-03-05 13:55:33 - [TEST_STEP][PASSED] - currency_TextMsg = getText(findTestObject("General/android.widget.TextView _Conversion"), 5, CONTINUE_ON_FAILURE): Text of element 'Object Repository/General/android.widget.TextView _Conversion' is: 'USD 1 = MYR 4.7405'

2024-03-05 13:55:33 - [MESSAGE][PASSED] - Text of element 'Object Repository/General/android.widget.TextView _Conversion' is: 'USD 1 = MYR 4.7405'

2024-03-05 13:55:33 - [TEST_STEP][PASSED] - roundedNumber = Validation.staffConvertUSDToMYR(currency_TextMsg, 5000.00): null

2024-03-05 13:55:33 - [TEST_STEP][PASSED] - comment(roundedNumber): 1,054.74

2024-03-05 13:55:33 - [MESSAGE][INFO] - 1,054.74

2024-03-05 13:55:33 - [TEST_STEP][PASSED] - get_amount = getText(findTestObject("SOW2-Market Order/Amount_To_Received"), 0, CONTINUE_ON_FAILURE): Text of element 'Object Repository/SOW2-Market Order/Amount_To_Received' is: '2,320.43'

2024-03-05 13:55:33 - [MESSAGE][WARNING] - Timeout '0' is invalid. Using default page load timeout: '30'

2024-03-05 13:55:33 - [MESSAGE][PASSED] - Text of element 'Object Repository/SOW2-Market Order/Amount_To_Received' is: '2,320.43'

2024-03-05 13:55:33 - [TEST_STEP][PASSED] - takeScreenshot(): Screenshot is taken

2024-03-05 13:55:34 - [MESSAGE][PASSED] - Screenshot is taken
[[ATTACHMENT|/Users/00145409nuralianatasha/Desktop/automation_Retail_FX(public_git)/Reports/20240305_134535/SOW2/RETAILFX-1699 - Stuff (1)/20240305_134535/1709618133707.png]]

2024-03-05 13:55:34 - [TEST_STEP][PASSED] - tap(findTestObject("SOW2-Market Order/android.widget.EditText _Amount to Received"), 0, CONTINUE_ON_FAILURE): Tapped on element 'Object Repository/SOW2-Market Order/android.widget.EditText _Amount to Received'

2024-03-05 13:55:34 - [MESSAGE][WARNING] - Timeout '0' is invalid. Using default page load timeout: '30'

2024-03-05 13:55:34 - [MESSAGE][PASSED] - Tapped on element 'Object Repository/SOW2-Market Order/android.widget.EditText _Amount to Received'

2024-03-05 13:55:34 - [TEST_STEP][PASSED] - delay(10): Delayed 10 second(s)

2024-03-05 13:55:44 - [MESSAGE][PASSED] - Delayed 10 second(s)

2024-03-05 13:55:44 - [TEST_STEP][PASSED] - digits2 = "1100000": null

2024-03-05 13:55:44 - [TEST_STEP][PASSED] - Currency_Calculator.remove_Amount(get_amount): Delayed 1 second(s)

2024-03-05 13:55:49 - [MESSAGE][WARNING] - Object Object Repository/SOW2-Market Order/Remove_amount not found

2024-03-05 13:55:50 - [MESSAGE][PASSED] - Delayed 1 second(s)

2024-03-05 13:55:55 - [MESSAGE][WARNING] - Object Object Repository/SOW2-Market Order/Remove_amount not found

2024-03-05 13:55:56 - [MESSAGE][PASSED] - Delayed 1 second(s)

2024-03-05 13:56:01 - [MESSAGE][WARNING] - Object Object Repository/SOW2-Market Order/Remove_amount not found

2024-03-05 13:56:02 - [MESSAGE][PASSED] - Delayed 1 second(s)

2024-03-05 13:56:07 - [MESSAGE][WARNING] - Object Object Repository/SOW2-Market Order/Remove_amount not found

2024-03-05 13:56:08 - [MESSAGE][PASSED] - Delayed 1 second(s)

2024-03-05 13:56:13 - [MESSAGE][WARNING] - Object Object Repository/SOW2-Market Order/Remove_amount not found

2024-03-05 13:56:14 - [MESSAGE][PASSED] - Delayed 1 second(s)

2024-03-05 13:56:20 - [MESSAGE][WARNING] - Object Object Repository/SOW2-Market Order/Remove_amount not found

2024-03-05 13:56:21 - [MESSAGE][PASSED] - Delayed 1 second(s)

2024-03-05 13:56:26 - [MESSAGE][WARNING] - Object Object Repository/SOW2-Market Order/Remove_amount not found

2024-03-05 13:56:27 - [MESSAGE][PASSED] - Delayed 1 second(s)

2024-03-05 13:56:32 - [MESSAGE][WARNING] - Object Object Repository/SOW2-Market Order/Remove_amount not found

2024-03-05 13:56:33 - [MESSAGE][PASSED] - Delayed 1 second(s)

2024-03-05 13:56:33 - [TEST_STEP][PASSED] - delay(10): Delayed 10 second(s)

2024-03-05 13:56:43 - [MESSAGE][PASSED] - Delayed 10 second(s)

2024-03-05 13:56:43 - [TEST_STEP][PASSED] - Currency_Calculator.Currency_Numpad(digits2): Object Object Repository/Calc_Pad/android.widget.Image not found

2024-03-05 13:56:48 - [MESSAGE][WARNING] - Object Object Repository/Calc_Pad/android.widget.TextView - 1 not found

2024-03-05 13:56:53 - [MESSAGE][WARNING] - Object Object Repository/Calc_Pad/android.widget.TextView - 1 not found

2024-03-05 13:56:59 - [MESSAGE][WARNING] - Object Object Repository/Calc_Pad/android.widget.TextView - 0 not found

2024-03-05 13:57:04 - [MESSAGE][WARNING] - Object Object Repository/Calc_Pad/android.widget.TextView - 0 not found

2024-03-05 13:57:09 - [MESSAGE][WARNING] - Object Object Repository/Calc_Pad/android.widget.TextView - 0 not found

2024-03-05 13:57:14 - [MESSAGE][WARNING] - Object Object Repository/Calc_Pad/android.widget.TextView - 0 not found

2024-03-05 13:57:19 - [MESSAGE][WARNING] - Object Object Repository/Calc_Pad/android.widget.TextView - 0 not found

2024-03-05 13:57:24 - [MESSAGE][WARNING] - Object Object Repository/Calc_Pad/android.widget.Image not found

2024-03-05 13:57:24 - [TEST_STEP][PASSED] - currency_TextMsg2 = getText(findTestObject("General/android.widget.TextView _Conversion"), 5, CONTINUE_ON_FAILURE): Text of element 'Object Repository/General/android.widget.TextView _Conversion' is: 'USD 1 = MYR 4.7405'

2024-03-05 13:57:24 - [MESSAGE][PASSED] - Text of element 'Object Repository/General/android.widget.TextView _Conversion' is: 'USD 1 = MYR 4.7405'

2024-03-05 13:57:24 - [TEST_STEP][PASSED] - roundedNumber2 = Validation.staffConvertMYRtoUSD(currency_TextMsg2, 10.00): null

2024-03-05 13:57:24 - [TEST_STEP][PASSED] - println("Print out roundedNumber2" + roundedNumber2): null

2024-03-05 13:57:24 - [TEST_STEP][FAILED] - verifyElementExist(findTestObject("General/android.widget.EditText _AmountReceived", ["text":roundedNumber2]), 5, CONTINUE_ON_FAILURE): Element 'Object Repository/General/android.widget.EditText _AmountReceived' not found

2024-03-05 13:57:29 - [MESSAGE][FAILED] - Element 'Object Repository/General/android.widget.EditText _AmountReceived' not found

2024-03-05 13:57:29 - [TEST_STEP][PASSED] - takeScreenshot(): Screenshot is taken

2024-03-05 13:57:30 - [MESSAGE][PASSED] - Screenshot is taken
[[ATTACHMENT|/Users/00145409nuralianatasha/Desktop/automation_Retail_FX(public_git)/Reports/20240305_134535/SOW2/RETAILFX-1699 - Stuff (1)/20240305_134535/1709618249950.png]]

2024-03-05 13:57:30 - [TEST_STEP][PASSED] - tap(findTestObject("SOW2-Market Order/android.widget.Dynamic_Button", ["text":"Next"]), 5, CONTINUE_ON_FAILURE): Tapped on element 'Object Repository/SOW2-Market Order/android.widget.Dynamic_Button'

2024-03-05 13:57:30 - [MESSAGE][PASSED] - Tapped on element 'Object Repository/SOW2-Market Order/android.widget.Dynamic_Button'

2024-03-05 13:57:30 - [TEST_STEP][PASSED] - waitForElementPresent(findTestObject("Global Account Page/dynamicText", ["text":"Step 2 of 2"]), 5, CONTINUE_ON_FAILURE): Element 'Object Repository/Global Account Page/dynamicText' is present

2024-03-05 13:57:32 - [MESSAGE][PASSED] - Element 'Object Repository/Global Account Page/dynamicText' is present

2024-03-05 13:57:32 - [TEST_STEP][PASSED] - takeScreenshot(): Screenshot is taken

2024-03-05 13:57:32 - [MESSAGE][PASSED] - Screenshot is taken
[[ATTACHMENT|/Users/00145409nuralianatasha/Desktop/automation_Retail_FX(public_git)/Reports/20240305_134535/SOW2/RETAILFX-1699 - Stuff (1)/20240305_134535/1709618252115.png]]

2024-03-05 13:57:32 - [TEST_STEP][PASSED] - tap(findTestObject("SOW2-Market Order/android.widget.Dynamic_Button", ["text":"Get Quote"]), 5, CONTINUE_ON_FAILURE): Tapped on element 'Object Repository/SOW2-Market Order/android.widget.Dynamic_Button'

2024-03-05 13:57:32 - [MESSAGE][PASSED] - Tapped on element 'Object Repository/SOW2-Market Order/android.widget.Dynamic_Button'

2024-03-05 13:57:32 - [TEST_STEP][PASSED] - waitForElementPresent(findTestObject("Global Account Page/dynamicText", ["text":"Confirmation"]), 5, CONTINUE_ON_FAILURE): Element 'Object Repository/Global Account Page/dynamicText' is present

2024-03-05 13:57:34 - [MESSAGE][PASSED] - Element 'Object Repository/Global Account Page/dynamicText' is present

2024-03-05 13:57:34 - [TEST_STEP][PASSED] - currency_TextMsg3 = getText(findTestObject("General/android.widget.TextView _Conversion"), 0, CONTINUE_ON_FAILURE): Text of element 'Object Repository/General/android.widget.TextView _Conversion' is: 'USD 1 = MYR 4.7405'

2024-03-05 13:57:34 - [MESSAGE][WARNING] - Timeout '0' is invalid. Using default page load timeout: '30'

2024-03-05 13:57:34 - [MESSAGE][PASSED] - Text of element 'Object Repository/General/android.widget.TextView _Conversion' is: 'USD 1 = MYR 4.7405'

2024-03-05 13:57:34 - [TEST_STEP][PASSED] - roundedNumber3 = Validation.staffConvertMYRtoUSD(currency_TextMsg3, 10.00): null

2024-03-05 13:57:34 - [TEST_STEP][PASSED] - comment(roundedNumber3): 47.41

2024-03-05 13:57:34 - [MESSAGE][INFO] - 47.41

2024-03-05 13:57:34 - [TEST_STEP][FAILED] - verifyElementExist(findTestObject("Global Account Page/dynamicText", ["text":"I have read and agree to the BNM Foreign Exchange Rules, I accept the declaration as well as the Terms & Conditions for this transfer."]), 5, CONTINUE_ON_FAILURE): Element 'Object Repository/Global Account Page/dynamicText' not found

2024-03-05 13:57:39 - [MESSAGE][FAILED] - Element 'Object Repository/Global Account Page/dynamicText' not found

2024-03-05 13:57:39 - [TEST_STEP][PASSED] - takeScreenshot(CONTINUE_ON_FAILURE): Screenshot is taken

2024-03-05 13:57:39 - [MESSAGE][PASSED] - Screenshot is taken
[[ATTACHMENT|/Users/00145409nuralianatasha/Desktop/automation_Retail_FX(public_git)/Reports/20240305_134535/SOW2/RETAILFX-1699 - Stuff (1)/20240305_134535/1709618259268.png]]

2024-03-05 13:57:39 - [TEST_STEP][PASSED] - tap(findTestObject("SOW2-Market Order/android.view.View - I have read and agree to the BNM Foreign Exchange Rules, I accept the declaration as well as the Terms  Conditions for this transfer"), 0, CONTINUE_ON_FAILURE): Tapped on element 'Object Repository/SOW2-Market Order/android.view.View - I have read and agree to the BNM Foreign Exchange Rules, I accept the declaration as well as the Terms  Conditions for this transfer'

2024-03-05 13:57:39 - [MESSAGE][WARNING] - Timeout '0' is invalid. Using default page load timeout: '30'

2024-03-05 13:57:40 - [MESSAGE][PASSED] - Tapped on element 'Object Repository/SOW2-Market Order/android.view.View - I have read and agree to the BNM Foreign Exchange Rules, I accept the declaration as well as the Terms  Conditions for this transfer'

2024-03-05 13:57:40 - [TEST_STEP][PASSED] - utilities.Mobile_Keywords.scrollFromTopToBottom(): utilities.Mobile_Keywords.scrollFromTopToBottom is PASSED

2024-03-05 13:57:40 - [MESSAGE][PASSED] - Current device physical height is 2138

2024-03-05 13:57:40 - [MESSAGE][PASSED] - Current device physical width is 1080

2024-03-05 13:57:41 - [MESSAGE][PASSED] - Swiped from 540,1,496 to 540,641

2024-03-05 13:57:46 - [MESSAGE][PASSED] - Delayed 5 second(s)

2024-03-05 13:57:46 - [MESSAGE][PASSED] - utilities.Mobile_Keywords.scrollFromTopToBottom is PASSED

2024-03-05 13:57:46 - [TEST_STEP][PASSED] - tap(findTestObject("SOW2-Market Order/android.widget.Dynamic_Button", ["text":"Confirm"]), 0, CONTINUE_ON_FAILURE): Tapped on element 'Object Repository/SOW2-Market Order/android.widget.Dynamic_Button'

2024-03-05 13:57:46 - [MESSAGE][WARNING] - Timeout '0' is invalid. Using default page load timeout: '30'

2024-03-05 13:57:47 - [MESSAGE][PASSED] - Tapped on element 'Object Repository/SOW2-Market Order/android.widget.Dynamic_Button'

2024-03-05 13:57:47 - [TEST_STEP][PASSED] - waitForElementPresent(findTestObject("Global Account Page/dynamicText", ["text":"Transaction Successful"]), 5, CONTINUE_ON_FAILURE): Element 'Object Repository/Global Account Page/dynamicText' is present

2024-03-05 13:57:52 - [MESSAGE][PASSED] - Element 'Object Repository/Global Account Page/dynamicText' is present

2024-03-05 13:57:52 - [TEST_STEP][PASSED] - verifyElementExist(findTestObject("Global Account Page/dynamicText", ["text":"Transaction Successful"]), 5, CONTINUE_ON_FAILURE): Element 'Object Repository/Global Account Page/dynamicText' is exist

2024-03-05 13:57:52 - [MESSAGE][PASSED] - Element 'Object Repository/Global Account Page/dynamicText' is exist

2024-03-05 13:57:52 - [TEST_STEP][PASSED] - reference_id = getText(findTestObject("Market Order Page/android.widget.TextView - Reference ID"), 5, CONTINUE_ON_FAILURE): Text of element 'Object Repository/Market Order Page/android.widget.TextView - Reference ID' is: '004137255M'

2024-03-05 13:57:53 - [MESSAGE][PASSED] - Text of element 'Object Repository/Market Order Page/android.widget.TextView - Reference ID' is: '004137255M'

2024-03-05 13:57:53 - [TEST_STEP][PASSED] - verifyElementExist(findTestObject("Global Account Page/dynamicText", ["text":"Order ID"]), 5, CONTINUE_ON_FAILURE): Element 'Object Repository/Global Account Page/dynamicText' is exist

2024-03-05 13:57:53 - [MESSAGE][PASSED] - Element 'Object Repository/Global Account Page/dynamicText' is exist

2024-03-05 13:57:53 - [TEST_STEP][PASSED] - comment(reference_id): 004137255M

2024-03-05 13:57:53 - [MESSAGE][INFO] - 004137255M

2024-03-05 13:57:53 - [TEST_STEP][PASSED] - takeScreenshot(CONTINUE_ON_FAILURE): Screenshot is taken

2024-03-05 13:57:53 - [MESSAGE][PASSED] - Screenshot is taken
[[ATTACHMENT|/Users/00145409nuralianatasha/Desktop/automation_Retail_FX(public_git)/Reports/20240305_134535/SOW2/RETAILFX-1699 - Stuff (1)/20240305_134535/1709618273144.png]]

2024-03-05 13:57:53 - [TEST_STEP][PASSED] - tap(findTestObject("Global Account Page/dynamicText", ["text":"Share Receipt"]), 0, CONTINUE_ON_FAILURE): Tapped on element 'Object Repository/Global Account Page/dynamicText'

2024-03-05 13:57:53 - [MESSAGE][WARNING] - Timeout '0' is invalid. Using default page load timeout: '30'

2024-03-05 13:57:53 - [MESSAGE][PASSED] - Tapped on element 'Object Repository/Global Account Page/dynamicText'

2024-03-05 13:57:53 - [TEST_STEP][PASSED] - delay(5): Delayed 5 second(s)

2024-03-05 13:57:58 - [MESSAGE][PASSED] - Delayed 5 second(s)

2024-03-05 13:57:58 - [TEST_STEP][PASSED] - waitForElementPresent(findTestObject("Global Account Page/dynamicText", ["text":"Currency Exchange"]), 10, CONTINUE_ON_FAILURE): Element 'Object Repository/Global Account Page/dynamicText' is present

2024-03-05 13:58:03 - [MESSAGE][PASSED] - Element 'Object Repository/Global Account Page/dynamicText' is present

2024-03-05 13:58:03 - [TEST_STEP][PASSED] - delay(5): Delayed 5 second(s)

2024-03-05 13:58:08 - [MESSAGE][PASSED] - Delayed 5 second(s)

2024-03-05 13:58:08 - [TEST_STEP][PASSED] - verifyElementExist(findTestObject("Global Account Page/dynamicText", ["text":"Completed"]), 5, CONTINUE_ON_FAILURE): Element 'Object Repository/Global Account Page/dynamicText' is exist

2024-03-05 13:58:08 - [MESSAGE][PASSED] - Element 'Object Repository/Global Account Page/dynamicText' is exist

2024-03-05 13:58:08 - [TEST_STEP][PASSED] - takeScreenshot(): Screenshot is taken

2024-03-05 13:58:09 - [MESSAGE][PASSED] - Screenshot is taken
[[ATTACHMENT|/Users/00145409nuralianatasha/Desktop/automation_Retail_FX(public_git)/Reports/20240305_134535/SOW2/RETAILFX-1699 - Stuff (1)/20240305_134535/1709618288670.png]]

2024-03-05 13:58:09 - [TEST_STEP][PASSED] - tap(findTestObject("Market Order Page/android.widget.ImageViewBack_Button"), 0, CONTINUE_ON_FAILURE): Tapped on element 'Object Repository/Market Order Page/android.widget.ImageViewBack_Button'

2024-03-05 13:58:09 - [MESSAGE][WARNING] - Timeout '0' is invalid. Using default page load timeout: '30'

2024-03-05 13:58:09 - [MESSAGE][PASSED] - Tapped on element 'Object Repository/Market Order Page/android.widget.ImageViewBack_Button'

2024-03-05 13:58:09 - [TEST_STEP][PASSED] - waitForElementPresent(findTestObject("Global Account Page/dynamicText", ["text":"Transaction Successful"]), 5, CONTINUE_ON_FAILURE): Element 'Object Repository/Global Account Page/dynamicText' is present

2024-03-05 13:58:10 - [MESSAGE][PASSED] - Element 'Object Repository/Global Account Page/dynamicText' is present

2024-03-05 13:58:10 - [TEST_STEP][PASSED] - verifyElementExist(findTestObject("Global Account Page/dynamicText", ["text":"Transaction Successful"]), 5, CONTINUE_ON_FAILURE): Element 'Object Repository/Global Account Page/dynamicText' is exist

2024-03-05 13:58:10 - [MESSAGE][PASSED] - Element 'Object Repository/Global Account Page/dynamicText' is exist

2024-03-05 13:58:10 - [TEST_STEP][PASSED] - takeScreenshot(): Screenshot is taken

2024-03-05 13:58:10 - [MESSAGE][PASSED] - Screenshot is taken
[[ATTACHMENT|/Users/00145409nuralianatasha/Desktop/automation_Retail_FX(public_git)/Reports/20240305_134535/SOW2/RETAILFX-1699 - Stuff (1)/20240305_134535/1709618290461.png]]

2024-03-05 13:58:10 - [TEST_STEP][PASSED] - tap(findTestObject("Global Account Page/dynamicText", ["text":"Done"]), 5, CONTINUE_ON_FAILURE): Tapped on element 'Object Repository/Global Account Page/dynamicText'

2024-03-05 13:58:11 - [MESSAGE][PASSED] - Tapped on element 'Object Repository/Global Account Page/dynamicText']]></system-out>
         <system-err><![CDATA[2024-03-05 13:54:32 - [TEST_CASE][FAILED] - Test Cases/RETAILFX-SOW2 Market Order/SOW2- RETAILFX-1699 Stuff/SOW2 Staff - Dealt Amount 2 More Than 10K: Test Cases/RETAILFX-SOW2 Market Order/SOW2- RETAILFX-1699 Stuff/SOW2 Staff - Dealt Amount 2 More Than 10K FAILED.
Reason:
com.kms.katalon.core.exception.StepFailedException: Element 'Object Repository/General/android.widget.EditText _AmountReceived' not found
	at com.kms.katalon.core.keyword.internal.KeywordMain.stepFailed(KeywordMain.groovy:39)
	at com.kms.katalon.core.mobile.keyword.internal.MobileKeywordMain.stepFailed(MobileKeywordMain.groovy:40)
	at com.kms.katalon.core.mobile.keyword.builtin.VerifyElementExistKeyword$_verifyElementExist_closure1.doCall(VerifyElementExistKeyword.groovy:77)
	at com.kms.katalon.core.mobile.keyword.builtin.VerifyElementExistKeyword$_verifyElementExist_closure1.call(VerifyElementExistKeyword.groovy)
	at com.kms.katalon.core.mobile.keyword.internal.MobileKeywordMain.runKeyword(MobileKeywordMain.groovy:21)
	at com.kms.katalon.core.mobile.keyword.builtin.VerifyElementExistKeyword.verifyElementExist(VerifyElementExistKeyword.groovy:80)
	at com.kms.katalon.core.mobile.keyword.builtin.VerifyElementExistKeyword.execute(VerifyElementExistKeyword.groovy:64)
	at com.kms.katalon.core.keyword.internal.KeywordExecutor.executeKeywordForPlatform(KeywordExecutor.groovy:74)
	at com.kms.katalon.core.mobile.keyword.MobileBuiltInKeywords.verifyElementExist(MobileBuiltInKeywords.groovy:1739)
	at com.kms.katalon.core.mobile.keyword.MobileBuiltInKeywords$verifyElementExist$4.call(Unknown Source)
	at SOW2 Staff - Dealt Amount 2 More Than 10K.run(SOW2 Staff - Dealt Amount 2 More Than 10K:95)
	at com.kms.katalon.core.main.ScriptEngine.run(ScriptEngine.java:194)
	at com.kms.katalon.core.main.ScriptEngine.runScriptAsRawText(ScriptEngine.java:119)
	at com.kms.katalon.core.main.TestCaseExecutor.runScript(TestCaseExecutor.java:448)
	at com.kms.katalon.core.main.TestCaseExecutor.doExecute(TestCaseExecutor.java:439)
	at com.kms.katalon.core.main.TestCaseExecutor.processExecutionPhase(TestCaseExecutor.java:418)
	at com.kms.katalon.core.main.TestCaseExecutor.accessMainPhase(TestCaseExecutor.java:410)
	at com.kms.katalon.core.main.TestCaseExecutor.execute(TestCaseExecutor.java:285)
	at com.kms.katalon.core.common.CommonExecutor.accessTestCaseMainPhase(CommonExecutor.java:65)
	at com.kms.katalon.core.main.TestSuiteExecutor.accessTestSuiteMainPhase(TestSuiteExecutor.java:148)
	at com.kms.katalon.core.main.TestSuiteExecutor.execute(TestSuiteExecutor.java:106)
	at com.kms.katalon.core.main.TestCaseMain.startTestSuite(TestCaseMain.java:187)
	at com.kms.katalon.core.main.TestCaseMain$startTestSuite$0.call(Unknown Source)
	at TempTestSuite1709617535782.run(TempTestSuite1709617535782.groovy:36)]]></system-err>
      </testcase>
      <system-out><![CDATA[2024-03-05 13:45:44 - [TEST_SUITE][FAILED] - RETAILFX-1699 - Stuff (1): Test Cases/RETAILFX-SOW2 Market Order/SOW2- RETAILFX-1699 Stuff/SOW2 Staff - Less than 10k MYR to USD FAILED.
Reason:
com.kms.katalon.core.exception.StepFailedException: Object Object Repository/Global Account Page/dynamicText not found
	at com.kms.katalon.core.keyword.internal.KeywordMain.stepFailed(KeywordMain.groovy:39)
	at com.kms.katalon.core.mobile.keyword.internal.MobileKeywordMain.stepFailed(MobileKeywordMain.groovy:40)
	at com.kms.katalon.core.mobile.keyword.builtin.TapKeyword$_tap_closure1.doCall(TapKeyword.groovy:79)
	at com.kms.katalon.core.mobile.keyword.builtin.TapKeyword$_tap_closure1.call(TapKeyword.groovy)
	at com.kms.katalon.core.mobile.keyword.internal.MobileKeywordMain.runKeyword(MobileKeywordMain.groovy:21)
	at com.kms.katalon.core.mobile.keyword.builtin.TapKeyword.tap(TapKeyword.groovy:84)
	at com.kms.katalon.core.mobile.keyword.builtin.TapKeyword.execute(TapKeyword.groovy:68)
	at com.kms.katalon.core.keyword.internal.KeywordExecutor.executeKeywordForPlatform(KeywordExecutor.groovy:74)
	at com.kms.katalon.core.mobile.keyword.MobileBuiltInKeywords.tap(MobileBuiltInKeywords.groovy:1476)
	at com.kms.katalon.core.mobile.keyword.MobileBuiltInKeywords$tap$2.call(Unknown Source)
	at utilities.Entry_Point.Quick_Action(Entry_Point.groovy:135)
	at utilities.Entry_Point.invokeMethod(Entry_Point.groovy)
	at com.kms.katalon.core.main.CustomKeywordDelegatingMetaClass.invokeStaticMethod(CustomKeywordDelegatingMetaClass.java:55)
	at SOW2 Staff - Less than 10k MYR to USD.run(SOW2 Staff - Less than 10k MYR to USD:30)
	at com.kms.katalon.core.main.ScriptEngine.run(ScriptEngine.java:194)
	at com.kms.katalon.core.main.ScriptEngine.runScriptAsRawText(ScriptEngine.java:119)
	at com.kms.katalon.core.main.TestCaseExecutor.runScript(TestCaseExecutor.java:448)
	at com.kms.katalon.core.main.TestCaseExecutor.doExecute(TestCaseExecutor.java:439)
	at com.kms.katalon.core.main.TestCaseExecutor.processExecutionPhase(TestCaseExecutor.java:418)
	at com.kms.katalon.core.main.TestCaseExecutor.accessMainPhase(TestCaseExecutor.java:410)
	at com.kms.katalon.core.main.TestCaseExecutor.execute(TestCaseExecutor.java:285)
	at com.kms.katalon.core.common.CommonExecutor.accessTestCaseMainPhase(CommonExecutor.java:65)
	at com.kms.katalon.core.main.TestSuiteExecutor.accessTestSuiteMainPhase(TestSuiteExecutor.java:148)
	at com.kms.katalon.core.main.TestSuiteExecutor.execute(TestSuiteExecutor.java:106)
	at com.kms.katalon.core.main.TestCaseMain.startTestSuite(TestCaseMain.java:187)
	at com.kms.katalon.core.main.TestCaseMain$startTestSuite$0.call(Unknown Source)
	at TempTestSuite1709617535782.run(TempTestSuite1709617535782.groovy:36)]]></system-out>
      <system-err><![CDATA[2024-03-05 13:45:44 - [TEST_SUITE][FAILED] - RETAILFX-1699 - Stuff (1): Test Cases/RETAILFX-SOW2 Market Order/SOW2- RETAILFX-1699 Stuff/SOW2 Staff - Less than 10k MYR to USD FAILED.
Reason:
com.kms.katalon.core.exception.StepFailedException: Object Object Repository/Global Account Page/dynamicText not found
	at com.kms.katalon.core.keyword.internal.KeywordMain.stepFailed(KeywordMain.groovy:39)
	at com.kms.katalon.core.mobile.keyword.internal.MobileKeywordMain.stepFailed(MobileKeywordMain.groovy:40)
	at com.kms.katalon.core.mobile.keyword.builtin.TapKeyword$_tap_closure1.doCall(TapKeyword.groovy:79)
	at com.kms.katalon.core.mobile.keyword.builtin.TapKeyword$_tap_closure1.call(TapKeyword.groovy)
	at com.kms.katalon.core.mobile.keyword.internal.MobileKeywordMain.runKeyword(MobileKeywordMain.groovy:21)
	at com.kms.katalon.core.mobile.keyword.builtin.TapKeyword.tap(TapKeyword.groovy:84)
	at com.kms.katalon.core.mobile.keyword.builtin.TapKeyword.execute(TapKeyword.groovy:68)
	at com.kms.katalon.core.keyword.internal.KeywordExecutor.executeKeywordForPlatform(KeywordExecutor.groovy:74)
	at com.kms.katalon.core.mobile.keyword.MobileBuiltInKeywords.tap(MobileBuiltInKeywords.groovy:1476)
	at com.kms.katalon.core.mobile.keyword.MobileBuiltInKeywords$tap$2.call(Unknown Source)
	at utilities.Entry_Point.Quick_Action(Entry_Point.groovy:135)
	at utilities.Entry_Point.invokeMethod(Entry_Point.groovy)
	at com.kms.katalon.core.main.CustomKeywordDelegatingMetaClass.invokeStaticMethod(CustomKeywordDelegatingMetaClass.java:55)
	at SOW2 Staff - Less than 10k MYR to USD.run(SOW2 Staff - Less than 10k MYR to USD:30)
	at com.kms.katalon.core.main.ScriptEngine.run(ScriptEngine.java:194)
	at com.kms.katalon.core.main.ScriptEngine.runScriptAsRawText(ScriptEngine.java:119)
	at com.kms.katalon.core.main.TestCaseExecutor.runScript(TestCaseExecutor.java:448)
	at com.kms.katalon.core.main.TestCaseExecutor.doExecute(TestCaseExecutor.java:439)
	at com.kms.katalon.core.main.TestCaseExecutor.processExecutionPhase(TestCaseExecutor.java:418)
	at com.kms.katalon.core.main.TestCaseExecutor.accessMainPhase(TestCaseExecutor.java:410)
	at com.kms.katalon.core.main.TestCaseExecutor.execute(TestCaseExecutor.java:285)
	at com.kms.katalon.core.common.CommonExecutor.accessTestCaseMainPhase(CommonExecutor.java:65)
	at com.kms.katalon.core.main.TestSuiteExecutor.accessTestSuiteMainPhase(TestSuiteExecutor.java:148)
	at com.kms.katalon.core.main.TestSuiteExecutor.execute(TestSuiteExecutor.java:106)
	at com.kms.katalon.core.main.TestCaseMain.startTestSuite(TestCaseMain.java:187)
	at com.kms.katalon.core.main.TestCaseMain$startTestSuite$0.call(Unknown Source)
	at TempTestSuite1709617535782.run(TempTestSuite1709617535782.groovy:36)]]></system-err>
   </testsuite>
</testsuites>
